  *******************************************
  *                                         *
  *        W E L C O M E  to  R O O T       *
  *                                         *
  *   Version   5.32/00   2 December 2011   *
  *                                         *
  *  You are welcome to visit our Web site  *
  *          http://root.cern.ch            *
  *                                         *
  *******************************************

ROOT 5.32/00 (branches/v5-32-00-patches@42372, Nov 19 2012, 10:56:00 on linuxx8664gcc)

CINT/ROOT C/C++ Interpreter version 5.18.00, July 2, 2010
Type ? for help. Commands must be C++ statements.
Enclose multiple statements between { }.
Loading FW Lite setup.

 Using the pi0 mass window for the observed v2 region

 The use of the pi0 efficiency table was not requested

 The use of the track efficiency table was requested

 Found the charged particle efficiency table ROOT file

 Minimum Bias data sets are used

 Number of events in EcalFlowNtpMult100/NeutralPions/hTree = 1439285

 Normalization factor for pT from 4 to 5 GeV/c = 0.536128, with second normalization at 0.285944 FCN=220.153 FROM MIGRAD    STATUS=CONVERGED     102 CALLS         103 TOTAL
                     EDM=3.94281e-08    STRATEGY= 1  ERROR MATRIX UNCERTAINTY   1.6 per cent
  EXT PARAMETER                                   STEP         FIRST   
  NO.   NAME      VALUE            ERROR          SIZE      DERIVATIVE 
   1  Ampl         4.14162e+03   3.30283e+01  -5.58470e-02   7.56498e-06
   2  Cent         1.35838e-01   1.33522e-04  -5.99513e-07  -2.54921e+00
   3  Sigma        1.79294e-02   1.51614e-04   1.08237e-07   1.64676e+00

  EDFit:  Centroid = 0.135838,  Width = 0.0179294
  EDM fit:  Signal yield = 44916 +/- 268
  EDM fit:  S/(S+B)= 0.699323 +/- 0.00417573
Info in <TCanvas::Print>: pdf file pi0MassHighPt_PtBin7_327Files_Multiplicity120-150_20140617.pdf has been created
Info in <TCanvas::SaveAs>: ROOT file pi0MassHighPt_PtBin7_327Files_Multiplicity120-150_20140617.root has been created
