  *******************************************
  *                                         *
  *        W E L C O M E  to  R O O T       *
  *                                         *
  *   Version   5.32/00   2 December 2011   *
  *                                         *
  *  You are welcome to visit our Web site  *
  *          http://root.cern.ch            *
  *                                         *
  *******************************************

ROOT 5.32/00 (branches/v5-32-00-patches@42372, Nov 19 2012, 10:56:00 on linuxx8664gcc)

CINT/ROOT C/C++ Interpreter version 5.18.00, July 2, 2010
Type ? for help. Commands must be C++ statements.
Enclose multiple statements between { }.
Loading FW Lite setup.

 Using the pi0 mass window for the observed v2 region

 The use of the pi0 efficiency table was not requested

 The use of the track efficiency table was requested

 Found the charged particle efficiency table ROOT file

 Minimum Bias data sets are used

 Number of events in EcalFlowNtpMult100/NeutralPions/hTree = 1439285

 Normalization factor for pT from 2 to 2.5 GeV/c = 0.329122, with second normalization at 0.420276 FCN=129.387 FROM MIGRAD    STATUS=CONVERGED     107 CALLS         108 TOTAL
                     EDM=5.53637e-09    STRATEGY= 1  ERROR MATRIX UNCERTAINTY   2.0 per cent
  EXT PARAMETER                                   STEP         FIRST   
  NO.   NAME      VALUE            ERROR          SIZE      DERIVATIVE 
   1  Ampl         2.88925e+04   1.35735e+02  -5.14674e-01  -5.97432e-07
   2  Cent         1.35075e-01   6.95203e-05   1.20214e-07   1.57259e+00
   3  Sigma        1.38322e-02   6.97285e-05   2.21886e-07   8.30504e-02

  EDFit:  Centroid = 0.135075,  Width = 0.0138322
  EDM fit:  Signal yield = 239720 +/- 956
  EDM fit:  S/(S+B)= 0.32878 +/- 0.00131223
Info in <TCanvas::Print>: pdf file pi0MassHighPt_PtBin3_327Files_Multiplicity120-150_20140617.pdf has been created
Info in <TCanvas::SaveAs>: ROOT file pi0MassHighPt_PtBin3_327Files_Multiplicity120-150_20140617.root has been created
