  *******************************************
  *                                         *
  *        W E L C O M E  to  R O O T       *
  *                                         *
  *   Version   5.32/00   2 December 2011   *
  *                                         *
  *  You are welcome to visit our Web site  *
  *          http://root.cern.ch            *
  *                                         *
  *******************************************

ROOT 5.32/00 (branches/v5-32-00-patches@42372, Nov 19 2012, 10:56:00 on linuxx8664gcc)

CINT/ROOT C/C++ Interpreter version 5.18.00, July 2, 2010
Type ? for help. Commands must be C++ statements.
Enclose multiple statements between { }.
Loading FW Lite setup.

 Using the pi0 mass window for the observed v2 region

 The use of the pi0 efficiency table was not requested

 The use of the track efficiency table was requested

 Found the charged particle efficiency table ROOT file

 Minimum Bias data sets are used

 Number of events in EcalFlowNtpMult100/NeutralPions/hTree = 1439285

 Normalization factor for pT from 3 to 3.5 GeV/c = 0.408456, with second normalization at 0.460187 FCN=208.909 FROM MIGRAD    STATUS=CONVERGED     130 CALLS         131 TOTAL
                     EDM=4.11363e-08    STRATEGY= 1      ERROR MATRIX ACCURATE 
  EXT PARAMETER                                   STEP         FIRST   
  NO.   NAME      VALUE            ERROR          SIZE      DERIVATIVE 
   1  Ampl         7.78156e+03   5.40863e+01   2.92625e-01   6.72411e-06
   2  Cent         1.33763e-01   1.12241e-04   7.91547e-07  -5.28759e-01
   3  Sigma        1.63424e-02   1.21657e-04   6.56886e-07   1.51003e+00

  EDFit:  Centroid = 0.133763,  Width = 0.0163424
  EDM fit:  Signal yield = 77177 +/- 427
  EDM fit:  S/(S+B)= 0.511462 +/- 0.00283635
Info in <TCanvas::Print>: pdf file pi0MassHighPt_PtBin5_327Files_Multiplicity120-150_20140617.pdf has been created
Info in <TCanvas::SaveAs>: ROOT file pi0MassHighPt_PtBin5_327Files_Multiplicity120-150_20140617.root has been created
