16-Jan-2014 21:36:22 CST  Initiating request to open file /store//data/Run2013A/PPMinBias/RECO/PromptReco-v1/000/211/792/00000/C810EC35-4077-E211-B710-E0CB4E553651.root
16-Jan-2014 21:36:24 CST  Successfully opened file /store//data/Run2013A/PPMinBias/RECO/PromptReco-v1/000/211/792/00000/C810EC35-4077-E211-B710-E0CB4E553651.root
The pT bin width used are: 16	1.6	12
pT bins used for the histogram: 8	1	6

 Using a pT dependent separation cut parameterization 35.657/pT - 4.1995/pT^2,  with a rescale factor 0.7

 The goodAngleMatch opening angle criterion for reco track-cluster matching is 0.03 radians

 The goodPhiMatch residual angle criterion for reco track-cluster matching is 0.03 radians

 The goodThetaMatch residual angle criterion for reco track-cluster matching is 0.03 radians

 Cluster energy value will be recalibrated according to number of crystals in the cluster

 There is no check on the number of crystals in a cluster

 Cluster with a charged particle tracking match will not be used

 No output tree will be generated
Begin processing the 1st record. Run 211792, Event 915344505, LumiSection 793 at 16-Jan-2014 21:37:06.382 CST

 First pass: zVertexEventSelected = -0.113045, zAtECal = 1.91459, zCorrected = 2.02763, thetaForZEqualsZero = 0.592908, thetaCorrected = 0.56662, zCorrectedEta = 1.23395, uncorrected Eta = 1.18595
 First pass: zVertexEventSelected = -0.113045, zAtECal = 0.208581, zCorrected = 0.321625, thetaForZEqualsZero = 1.41049, thetaCorrected = 1.32646, zCorrectedEta = 0.246809, uncorrected Eta = 0.160994
 First pass: zVertexEventSelected = -0.113045, zAtECal = -0.0624443, zCorrected = 0.0506002, thetaForZEqualsZero = 1.61917, thetaCorrected = 1.53159, zCorrectedEta = 0.0392149, uncorrected Eta = -0.0483876
 First pass: zVertexEventSelected = -0.113045, zAtECal = -2.20337, zCorrected = -2.09033, thetaForZEqualsZero = 2.61193, thetaCorrected = 2.58867, zCorrectedEta = -1.25975, uncorrected Eta = -1.30489
 First pass: zVertexEventSelected = -0.113045, zAtECal = -2.11878, zCorrected = -2.00573, thetaForZEqualsZero = 2.5947, thetaCorrected = 2.57004, zCorrectedEta = -1.2248, uncorrected Eta = -1.27128
 First pass: zVertexEventSelected = -0.113045, zAtECal = 2.12185, zCorrected = 2.2349, thetaForZEqualsZero = 0.546252, thetaCorrected = 0.523492, zCorrectedEta = 1.31717, uncorrected Eta = 1.27251
 First pass: zVertexEventSelected = -0.113045, zAtECal = 0.678476, zCorrected = 0.791521, thetaForZEqualsZero = 1.0866, thetaCorrected = 1.02045, zCorrectedEta = 0.580436, uncorrected Eta = 0.504302
 First pass: zVertexEventSelected = -0.113045, zAtECal = 2.34327, zCorrected = 2.45631, thetaForZEqualsZero = 0.503237, thetaCorrected = 0.483586, zCorrectedEta = 1.39991, uncorrected Eta = 1.35842
 First pass: zVertexEventSelected = -0.113045, zAtECal = 2.42693, zCorrected = 2.53998, thetaForZEqualsZero = 0.488556, thetaCorrected = 0.46993, zCorrectedEta = 1.42967, uncorrected Eta = 1.38928
 First pass: zVertexEventSelected = -0.113045, zAtECal = -1.95441, zCorrected = -1.84137, thetaForZEqualsZero = 2.55819, thetaCorrected = 2.53049, zCorrectedEta = -1.15382, uncorrected Eta = -1.20308
Begin processing the 101st record. Run 211792, Event 915560409, LumiSection 793 at 16-Jan-2014 21:37:12.021 CST
Begin processing the 201st record. Run 211792, Event 915732953, LumiSection 793 at 16-Jan-2014 21:37:12.354 CST
Begin processing the 301st record. Run 211792, Event 915953105, LumiSection 793 at 16-Jan-2014 21:37:12.596 CST
Begin processing the 401st record. Run 211792, Event 915355132, LumiSection 793 at 16-Jan-2014 21:37:12.845 CST
Begin processing the 501st record. Run 211792, Event 915556196, LumiSection 793 at 16-Jan-2014 21:37:13.038 CST
Begin processing the 601st record. Run 211792, Event 915774116, LumiSection 793 at 16-Jan-2014 21:37:14.243 CST
Begin processing the 701st record. Run 211792, Event 916013244, LumiSection 793 at 16-Jan-2014 21:37:14.602 CST
Begin processing the 801st record. Run 211792, Event 915409482, LumiSection 793 at 16-Jan-2014 21:37:14.914 CST
Begin processing the 901st record. Run 211792, Event 915635394, LumiSection 793 at 16-Jan-2014 21:37:15.152 CST
Begin processing the 1001st record. Run 211792, Event 915845266, LumiSection 793 at 16-Jan-2014 21:37:15.385 CST
Begin processing the 1101st record. Run 211792, Event 916054154, LumiSection 793 at 16-Jan-2014 21:37:17.127 CST
Begin processing the 1201st record. Run 211792, Event 915481757, LumiSection 793 at 16-Jan-2014 21:37:17.403 CST
Begin processing the 1301st record. Run 211792, Event 915717477, LumiSection 793 at 16-Jan-2014 21:37:17.793 CST
Begin processing the 1401st record. Run 211792, Event 915920029, LumiSection 793 at 16-Jan-2014 21:37:18.017 CST
Begin processing the 1501st record. Run 211792, Event 916125757, LumiSection 793 at 16-Jan-2014 21:37:18.258 CST
Begin processing the 1601st record. Run 211792, Event 915535584, LumiSection 793 at 16-Jan-2014 21:37:20.453 CST
Begin processing the 1701st record. Run 211792, Event 915715376, LumiSection 793 at 16-Jan-2014 21:37:20.819 CST
Begin processing the 1801st record. Run 211792, Event 915933696, LumiSection 793 at 16-Jan-2014 21:37:21.115 CST
Begin processing the 1901st record. Run 211792, Event 915340061, LumiSection 793 at 16-Jan-2014 21:37:21.419 CST
Begin processing the 2001st record. Run 211792, Event 915571053, LumiSection 793 at 16-Jan-2014 21:37:21.639 CST
Begin processing the 2101st record. Run 211792, Event 915779453, LumiSection 793 at 16-Jan-2014 21:37:24.436 CST
Begin processing the 2201st record. Run 211792, Event 915983549, LumiSection 793 at 16-Jan-2014 21:37:24.835 CST
Begin processing the 2301st record. Run 211792, Event 915402835, LumiSection 793 at 16-Jan-2014 21:37:25.043 CST
Begin processing the 2401st record. Run 211792, Event 915597083, LumiSection 793 at 16-Jan-2014 21:37:25.297 CST
Begin processing the 2501st record. Run 211792, Event 915838899, LumiSection 793 at 16-Jan-2014 21:37:25.523 CST
Begin processing the 2601st record. Run 211792, Event 916035587, LumiSection 793 at 16-Jan-2014 21:37:26.495 CST
Begin processing the 2701st record. Run 211792, Event 915459179, LumiSection 793 at 16-Jan-2014 21:37:26.831 CST
Begin processing the 2801st record. Run 211792, Event 915643443, LumiSection 793 at 16-Jan-2014 21:37:27.265 CST
Begin processing the 2901st record. Run 211792, Event 915858443, LumiSection 793 at 16-Jan-2014 21:37:27.507 CST
Begin processing the 3001st record. Run 211792, Event 916040371, LumiSection 793 at 16-Jan-2014 21:37:27.759 CST
Begin processing the 3101st record. Run 211792, Event 915454274, LumiSection 793 at 16-Jan-2014 21:37:28.644 CST
Begin processing the 3201st record. Run 211792, Event 915690610, LumiSection 793 at 16-Jan-2014 21:37:29.027 CST
Begin processing the 3301st record. Run 211792, Event 915929786, LumiSection 793 at 16-Jan-2014 21:37:29.345 CST
Begin processing the 3401st record. Run 211792, Event 915378392, LumiSection 793 at 16-Jan-2014 21:37:29.558 CST
Begin processing the 3501st record. Run 211792, Event 915584112, LumiSection 793 at 16-Jan-2014 21:37:29.793 CST
Begin processing the 3601st record. Run 211792, Event 915787216, LumiSection 793 at 16-Jan-2014 21:37:30.768 CST
Begin processing the 3701st record. Run 211792, Event 915994792, LumiSection 793 at 16-Jan-2014 21:37:31.091 CST
Begin processing the 3801st record. Run 211792, Event 915375614, LumiSection 793 at 16-Jan-2014 21:37:31.381 CST
Begin processing the 3901st record. Run 211792, Event 915576926, LumiSection 793 at 16-Jan-2014 21:37:31.585 CST
Begin processing the 4001st record. Run 211792, Event 915787694, LumiSection 793 at 16-Jan-2014 21:37:31.884 CST
Begin processing the 4101st record. Run 211792, Event 915989366, LumiSection 793 at 16-Jan-2014 21:37:34.632 CST
Begin processing the 4201st record. Run 211792, Event 915420230, LumiSection 793 at 16-Jan-2014 21:37:35.009 CST
Begin processing the 4301st record. Run 211792, Event 915632534, LumiSection 793 at 16-Jan-2014 21:37:35.272 CST
Begin processing the 4401st record. Run 211792, Event 915877038, LumiSection 793 at 16-Jan-2014 21:37:35.484 CST
Begin processing the 4501st record. Run 211792, Event 916072678, LumiSection 793 at 16-Jan-2014 21:37:35.676 CST
Begin processing the 4601st record. Run 211792, Event 915445703, LumiSection 793 at 16-Jan-2014 21:37:35.944 CST
Begin processing the 4701st record. Run 211792, Event 915652895, LumiSection 793 at 16-Jan-2014 21:37:37.623 CST
Begin processing the 4801st record. Run 211792, Event 915863647, LumiSection 793 at 16-Jan-2014 21:37:37.980 CST
Begin processing the 4901st record. Run 211792, Event 916071815, LumiSection 793 at 16-Jan-2014 21:37:38.372 CST
Begin processing the 5001st record. Run 211792, Event 915467964, LumiSection 793 at 16-Jan-2014 21:37:38.637 CST
Begin processing the 5101st record. Run 211792, Event 915654100, LumiSection 793 at 16-Jan-2014 21:37:38.858 CST
Begin processing the 5201st record. Run 211792, Event 915879060, LumiSection 793 at 16-Jan-2014 21:37:40.468 CST
Begin processing the 5301st record. Run 211792, Event 916083900, LumiSection 793 at 16-Jan-2014 21:37:40.786 CST
Begin processing the 5401st record. Run 211792, Event 915479343, LumiSection 793 at 16-Jan-2014 21:37:41.060 CST
Begin processing the 5501st record. Run 211792, Event 915699159, LumiSection 793 at 16-Jan-2014 21:37:41.321 CST
Begin processing the 5601st record. Run 211792, Event 915907839, LumiSection 793 at 16-Jan-2014 21:37:41.561 CST
Begin processing the 5701st record. Run 211792, Event 915337569, LumiSection 793 at 16-Jan-2014 21:37:42.961 CST
Begin processing the 5801st record. Run 211792, Event 915577249, LumiSection 793 at 16-Jan-2014 21:37:43.267 CST
Begin processing the 5901st record. Run 211792, Event 915768417, LumiSection 793 at 16-Jan-2014 21:37:43.548 CST
Begin processing the 6001st record. Run 211792, Event 915980225, LumiSection 793 at 16-Jan-2014 21:37:43.759 CST
Begin processing the 6101st record. Run 211792, Event 916180099, LumiSection 794 at 16-Jan-2014 21:37:43.943 CST
Begin processing the 6201st record. Run 211792, Event 916397283, LumiSection 794 at 16-Jan-2014 21:37:44.163 CST
Begin processing the 6301st record. Run 211792, Event 916611155, LumiSection 794 at 16-Jan-2014 21:37:45.201 CST
Begin processing the 6401st record. Run 211792, Event 916799259, LumiSection 794 at 16-Jan-2014 21:37:45.538 CST
Begin processing the 6501st record. Run 211792, Event 916217634, LumiSection 794 at 16-Jan-2014 21:37:45.868 CST
Begin processing the 6601st record. Run 211792, Event 916460874, LumiSection 794 at 16-Jan-2014 21:37:46.104 CST
Begin processing the 6701st record. Run 211792, Event 916639362, LumiSection 794 at 16-Jan-2014 21:37:46.266 CST
Begin processing the 6801st record. Run 211792, Event 916848722, LumiSection 794 at 16-Jan-2014 21:37:47.761 CST
Begin processing the 6901st record. Run 211792, Event 916270726, LumiSection 794 at 16-Jan-2014 21:37:48.064 CST
Begin processing the 7001st record. Run 211792, Event 916502926, LumiSection 794 at 16-Jan-2014 21:37:48.398 CST
Begin processing the 7101st record. Run 211792, Event 916690782, LumiSection 794 at 16-Jan-2014 21:37:48.581 CST
Begin processing the 7201st record. Run 211792, Event 916144819, LumiSection 794 at 16-Jan-2014 21:37:48.756 CST
Begin processing the 7301st record. Run 211792, Event 916341099, LumiSection 794 at 16-Jan-2014 21:37:50.014 CST
Begin processing the 7401st record. Run 211792, Event 916567003, LumiSection 794 at 16-Jan-2014 21:37:50.298 CST
Begin processing the 7501st record. Run 211792, Event 916772803, LumiSection 794 at 16-Jan-2014 21:37:50.507 CST
Begin processing the 7601st record. Run 211792, Event 916196085, LumiSection 794 at 16-Jan-2014 21:37:50.718 CST
Begin processing the 7701st record. Run 211792, Event 916416053, LumiSection 794 at 16-Jan-2014 21:37:50.915 CST
Begin processing the 7801st record. Run 211792, Event 916617373, LumiSection 794 at 16-Jan-2014 21:37:52.020 CST
Begin processing the 7901st record. Run 211792, Event 916842381, LumiSection 794 at 16-Jan-2014 21:37:52.389 CST
Begin processing the 8001st record. Run 211792, Event 916234056, LumiSection 794 at 16-Jan-2014 21:37:52.755 CST
Begin processing the 8101st record. Run 211792, Event 916416920, LumiSection 794 at 16-Jan-2014 21:37:52.979 CST
Begin processing the 8201st record. Run 211792, Event 916635208, LumiSection 794 at 16-Jan-2014 21:37:53.206 CST
Begin processing the 8301st record. Run 211792, Event 916834312, LumiSection 794 at 16-Jan-2014 21:37:54.253 CST
Begin processing the 8401st record. Run 211792, Event 916269711, LumiSection 794 at 16-Jan-2014 21:37:54.556 CST
Begin processing the 8501st record. Run 211792, Event 916473151, LumiSection 794 at 16-Jan-2014 21:37:54.881 CST
Begin processing the 8601st record. Run 211792, Event 916684175, LumiSection 794 at 16-Jan-2014 21:37:55.153 CST
Begin processing the 8701st record. Run 211792, Event 916899855, LumiSection 794 at 16-Jan-2014 21:37:55.433 CST
Begin processing the 8801st record. Run 211792, Event 916329964, LumiSection 794 at 16-Jan-2014 21:37:56.275 CST
Begin processing the 8901st record. Run 211792, Event 916524836, LumiSection 794 at 16-Jan-2014 21:37:56.638 CST
Begin processing the 9001st record. Run 211792, Event 916714676, LumiSection 794 at 16-Jan-2014 21:37:56.901 CST
Begin processing the 9101st record. Run 211792, Event 916872596, LumiSection 794 at 16-Jan-2014 21:37:57.176 CST
Begin processing the 9201st record. Run 211792, Event 916278143, LumiSection 794 at 16-Jan-2014 21:37:57.371 CST
Begin processing the 9301st record. Run 211792, Event 916463487, LumiSection 794 at 16-Jan-2014 21:37:58.286 CST
Begin processing the 9401st record. Run 211792, Event 916688375, LumiSection 794 at 16-Jan-2014 21:37:58.621 CST
Begin processing the 9501st record. Run 211792, Event 916912119, LumiSection 794 at 16-Jan-2014 21:37:58.923 CST
Begin processing the 9601st record. Run 211792, Event 916320601, LumiSection 794 at 16-Jan-2014 21:37:59.133 CST
Begin processing the 9701st record. Run 211792, Event 916529001, LumiSection 794 at 16-Jan-2014 21:37:59.357 CST
Begin processing the 9801st record. Run 211792, Event 916730881, LumiSection 794 at 16-Jan-2014 21:37:59.503 CST
Begin processing the 9901st record. Run 211792, Event 916170054, LumiSection 794 at 16-Jan-2014 21:38:00.519 CST
Begin processing the 10001st record. Run 211792, Event 916374590, LumiSection 794 at 16-Jan-2014 21:38:00.849 CST
Begin processing the 10101st record. Run 211792, Event 916557358, LumiSection 794 at 16-Jan-2014 21:38:01.037 CST
Begin processing the 10201st record. Run 211792, Event 916780750, LumiSection 794 at 16-Jan-2014 21:38:01.236 CST
Begin processing the 10301st record. Run 211792, Event 916185980, LumiSection 794 at 16-Jan-2014 21:38:01.928 CST
Begin processing the 10401st record. Run 211792, Event 916387708, LumiSection 794 at 16-Jan-2014 21:38:02.298 CST
Begin processing the 10501st record. Run 211792, Event 916644772, LumiSection 794 at 16-Jan-2014 21:38:02.520 CST
Begin processing the 10601st record. Run 211792, Event 916864812, LumiSection 794 at 16-Jan-2014 21:38:02.730 CST
Begin processing the 10701st record. Run 211792, Event 916273880, LumiSection 794 at 16-Jan-2014 21:38:02.918 CST
Begin processing the 10801st record. Run 211792, Event 916496728, LumiSection 794 at 16-Jan-2014 21:38:03.833 CST
Begin processing the 10901st record. Run 211792, Event 916727984, LumiSection 794 at 16-Jan-2014 21:38:04.200 CST
Begin processing the 11001st record. Run 211792, Event 916149458, LumiSection 794 at 16-Jan-2014 21:38:04.460 CST
Begin processing the 11101st record. Run 211792, Event 916347682, LumiSection 794 at 16-Jan-2014 21:38:04.745 CST
Begin processing the 11201st record. Run 211792, Event 916577058, LumiSection 794 at 16-Jan-2014 21:38:05.005 CST
Begin processing the 11301st record. Run 211792, Event 916762762, LumiSection 794 at 16-Jan-2014 21:38:05.880 CST
Begin processing the 11401st record. Run 211792, Event 916215949, LumiSection 794 at 16-Jan-2014 21:38:06.227 CST
Begin processing the 11501st record. Run 211792, Event 916469309, LumiSection 794 at 16-Jan-2014 21:38:06.466 CST
Begin processing the 11601st record. Run 211792, Event 916655029, LumiSection 794 at 16-Jan-2014 21:38:06.657 CST
Begin processing the 11701st record. Run 211792, Event 916844405, LumiSection 794 at 16-Jan-2014 21:38:06.839 CST
Begin processing the 11801st record. Run 211792, Event 916286761, LumiSection 794 at 16-Jan-2014 21:38:07.822 CST
Begin processing the 11901st record. Run 211792, Event 916462097, LumiSection 794 at 16-Jan-2014 21:38:08.188 CST
Begin processing the 12001st record. Run 211792, Event 916707313, LumiSection 794 at 16-Jan-2014 21:38:08.478 CST
Begin processing the 12101st record. Run 211792, Event 916883201, LumiSection 794 at 16-Jan-2014 21:38:08.657 CST
Begin processing the 12201st record. Run 211792, Event 917083434, LumiSection 795 at 16-Jan-2014 21:38:08.843 CST
Begin processing the 12301st record. Run 211792, Event 917270210, LumiSection 795 at 16-Jan-2014 21:38:09.036 CST
Begin processing the 12401st record. Run 211792, Event 917476650, LumiSection 795 at 16-Jan-2014 21:38:09.967 CST
Begin processing the 12501st record. Run 211792, Event 917623274, LumiSection 795 at 16-Jan-2014 21:38:10.289 CST
Begin processing the 12601st record. Run 211792, Event 917067057, LumiSection 795 at 16-Jan-2014 21:38:10.542 CST
Begin processing the 12701st record. Run 211792, Event 917275089, LumiSection 795 at 16-Jan-2014 21:38:10.790 CST
Begin processing the 12801st record. Run 211792, Event 917488673, LumiSection 795 at 16-Jan-2014 21:38:11.086 CST
Begin processing the 12901st record. Run 211792, Event 917662193, LumiSection 795 at 16-Jan-2014 21:38:12.001 CST
Begin processing the 13001st record. Run 211792, Event 917098252, LumiSection 795 at 16-Jan-2014 21:38:12.375 CST
Begin processing the 13101st record. Run 211792, Event 917326084, LumiSection 795 at 16-Jan-2014 21:38:12.707 CST
Begin processing the 13201st record. Run 211792, Event 917528844, LumiSection 795 at 16-Jan-2014 21:38:12.940 CST
Begin processing the 13301st record. Run 211792, Event 916939534, LumiSection 795 at 16-Jan-2014 21:38:13.152 CST
Begin processing the 13401st record. Run 211792, Event 917187046, LumiSection 795 at 16-Jan-2014 21:38:14.515 CST
Begin processing the 13501st record. Run 211792, Event 917375062, LumiSection 795 at 16-Jan-2014 21:38:14.866 CST
Begin processing the 13601st record. Run 211792, Event 917592742, LumiSection 795 at 16-Jan-2014 21:38:15.257 CST
Begin processing the 13701st record. Run 211792, Event 917033322, LumiSection 795 at 16-Jan-2014 21:38:15.518 CST
Begin processing the 13801st record. Run 211792, Event 917248834, LumiSection 795 at 16-Jan-2014 21:38:15.740 CST
Begin processing the 13901st record. Run 211792, Event 917414346, LumiSection 795 at 16-Jan-2014 21:38:17.103 CST
Begin processing the 14001st record. Run 211792, Event 917643882, LumiSection 795 at 16-Jan-2014 21:38:17.506 CST
Begin processing the 14101st record. Run 211792, Event 917028528, LumiSection 795 at 16-Jan-2014 21:38:17.823 CST
Begin processing the 14201st record. Run 211792, Event 917230328, LumiSection 795 at 16-Jan-2014 21:38:18.089 CST
Begin processing the 14301st record. Run 211792, Event 917476504, LumiSection 795 at 16-Jan-2014 21:38:18.317 CST
Begin processing the 14401st record. Run 211792, Event 917711504, LumiSection 795 at 16-Jan-2014 21:38:19.889 CST
Begin processing the 14501st record. Run 211792, Event 917097224, LumiSection 795 at 16-Jan-2014 21:38:20.252 CST
Begin processing the 14601st record. Run 211792, Event 917278320, LumiSection 795 at 16-Jan-2014 21:38:20.600 CST
Begin processing the 14701st record. Run 211792, Event 917497120, LumiSection 795 at 16-Jan-2014 21:38:20.896 CST
Begin processing the 14801st record. Run 211792, Event 916937741, LumiSection 795 at 16-Jan-2014 21:38:21.112 CST
Begin processing the 14901st record. Run 211792, Event 917195189, LumiSection 795 at 16-Jan-2014 21:38:22.120 CST
Begin processing the 15001st record. Run 211792, Event 917374013, LumiSection 795 at 16-Jan-2014 21:38:22.472 CST
Begin processing the 15101st record. Run 211792, Event 917597141, LumiSection 795 at 16-Jan-2014 21:38:22.783 CST
Begin processing the 15201st record. Run 211792, Event 917005491, LumiSection 795 at 16-Jan-2014 21:38:23.060 CST
Begin processing the 15301st record. Run 211792, Event 917189931, LumiSection 795 at 16-Jan-2014 21:38:23.327 CST
Begin processing the 15401st record. Run 211792, Event 917418003, LumiSection 795 at 16-Jan-2014 21:38:23.546 CST
Begin processing the 15501st record. Run 211792, Event 917643155, LumiSection 795 at 16-Jan-2014 21:38:24.657 CST
Begin processing the 15601st record. Run 211792, Event 917040206, LumiSection 795 at 16-Jan-2014 21:38:24.881 CST
Begin processing the 15701st record. Run 211792, Event 917253078, LumiSection 795 at 16-Jan-2014 21:38:25.108 CST
Begin processing the 15801st record. Run 211792, Event 917483998, LumiSection 795 at 16-Jan-2014 21:38:25.302 CST
Begin processing the 15901st record. Run 211792, Event 917699870, LumiSection 795 at 16-Jan-2014 21:38:25.591 CST
Begin processing the 16001st record. Run 211792, Event 917121251, LumiSection 795 at 16-Jan-2014 21:38:27.081 CST
Begin processing the 16101st record. Run 211792, Event 917319403, LumiSection 795 at 16-Jan-2014 21:38:27.400 CST
Begin processing the 16201st record. Run 211792, Event 917491707, LumiSection 795 at 16-Jan-2014 21:38:27.695 CST
Begin processing the 16301st record. Run 211792, Event 917703347, LumiSection 795 at 16-Jan-2014 21:38:27.840 CST
Begin processing the 16401st record. Run 211792, Event 917131111, LumiSection 795 at 16-Jan-2014 21:38:28.051 CST
Begin processing the 16501st record. Run 211792, Event 917339167, LumiSection 795 at 16-Jan-2014 21:38:29.227 CST
Begin processing the 16601st record. Run 211792, Event 917566135, LumiSection 795 at 16-Jan-2014 21:38:29.518 CST
Begin processing the 16701st record. Run 211792, Event 916980137, LumiSection 795 at 16-Jan-2014 21:38:29.769 CST
Begin processing the 16801st record. Run 211792, Event 917167729, LumiSection 795 at 16-Jan-2014 21:38:29.972 CST
Begin processing the 16901st record. Run 211792, Event 917345489, LumiSection 795 at 16-Jan-2014 21:38:30.207 CST
Begin processing the 17001st record. Run 211792, Event 917556041, LumiSection 795 at 16-Jan-2014 21:38:31.512 CST
Begin processing the 17101st record. Run 211792, Event 917010436, LumiSection 795 at 16-Jan-2014 21:38:31.815 CST
Begin processing the 17201st record. Run 211792, Event 917232172, LumiSection 795 at 16-Jan-2014 21:38:32.126 CST
Begin processing the 17301st record. Run 211792, Event 917464660, LumiSection 795 at 16-Jan-2014 21:38:32.457 CST
Begin processing the 17401st record. Run 211792, Event 917671036, LumiSection 795 at 16-Jan-2014 21:38:32.644 CST
Begin processing the 17501st record. Run 211792, Event 917083357, LumiSection 795 at 16-Jan-2014 21:38:33.476 CST
Begin processing the 17601st record. Run 211792, Event 917302517, LumiSection 795 at 16-Jan-2014 21:38:33.890 CST
Begin processing the 17701st record. Run 211792, Event 917432045, LumiSection 795 at 16-Jan-2014 21:38:34.246 CST
Begin processing the 17801st record. Run 211792, Event 917708333, LumiSection 795 at 16-Jan-2014 21:38:34.513 CST
Begin processing the 17901st record. Run 211792, Event 917076063, LumiSection 795 at 16-Jan-2014 21:38:34.731 CST
Begin processing the 18001st record. Run 211792, Event 917281783, LumiSection 795 at 16-Jan-2014 21:38:35.896 CST
Begin processing the 18101st record. Run 211792, Event 917489559, LumiSection 795 at 16-Jan-2014 21:38:36.370 CST
Begin processing the 18201st record. Run 211792, Event 917689159, LumiSection 795 at 16-Jan-2014 21:38:36.716 CST
Begin processing the 18301st record. Run 211792, Event 917893716, LumiSection 796 at 16-Jan-2014 21:38:37.018 CST
Begin processing the 18401st record. Run 211792, Event 918149972, LumiSection 796 at 16-Jan-2014 21:38:37.274 CST
Begin processing the 18501st record. Run 211792, Event 918351020, LumiSection 796 at 16-Jan-2014 21:38:38.035 CST
Begin processing the 18601st record. Run 211792, Event 917739607, LumiSection 796 at 16-Jan-2014 21:38:38.459 CST
Begin processing the 18701st record. Run 211792, Event 917943319, LumiSection 796 at 16-Jan-2014 21:38:38.837 CST
Begin processing the 18801st record. Run 211792, Event 918144223, LumiSection 796 at 16-Jan-2014 21:38:39.002 CST
Begin processing the 18901st record. Run 211792, Event 918390295, LumiSection 796 at 16-Jan-2014 21:38:39.232 CST
Begin processing the 19001st record. Run 211792, Event 917814478, LumiSection 796 at 16-Jan-2014 21:38:40.045 CST
Begin processing the 19101st record. Run 211792, Event 918015894, LumiSection 796 at 16-Jan-2014 21:38:40.447 CST
Begin processing the 19201st record. Run 211792, Event 918255558, LumiSection 796 at 16-Jan-2014 21:38:40.762 CST
Begin processing the 19301st record. Run 211792, Event 918442294, LumiSection 796 at 16-Jan-2014 21:38:41.028 CST
Begin processing the 19401st record. Run 211792, Event 917879599, LumiSection 796 at 16-Jan-2014 21:38:41.212 CST
Begin processing the 19501st record. Run 211792, Event 918078071, LumiSection 796 at 16-Jan-2014 21:38:42.151 CST
Begin processing the 19601st record. Run 211792, Event 918295303, LumiSection 796 at 16-Jan-2014 21:38:42.459 CST
Begin processing the 19701st record. Run 211792, Event 918481775, LumiSection 796 at 16-Jan-2014 21:38:42.812 CST
Begin processing the 19801st record. Run 211792, Event 917902921, LumiSection 796 at 16-Jan-2014 21:38:43.046 CST
Begin processing the 19901st record. Run 211792, Event 918115865, LumiSection 796 at 16-Jan-2014 21:38:43.246 CST
Begin processing the 20001st record. Run 211792, Event 918352953, LumiSection 796 at 16-Jan-2014 21:38:43.412 CST
Begin processing the 20101st record. Run 211792, Event 917747137, LumiSection 796 at 16-Jan-2014 21:38:45.144 CST
Begin processing the 20201st record. Run 211792, Event 917959969, LumiSection 796 at 16-Jan-2014 21:38:45.422 CST
Begin processing the 20301st record. Run 211792, Event 918180961, LumiSection 796 at 16-Jan-2014 21:38:45.779 CST
Begin processing the 20401st record. Run 211792, Event 918402649, LumiSection 796 at 16-Jan-2014 21:38:46.033 CST
Begin processing the 20501st record. Run 211792, Event 917827478, LumiSection 796 at 16-Jan-2014 21:38:46.264 CST
Begin processing the 20601st record. Run 211792, Event 918032166, LumiSection 796 at 16-Jan-2014 21:38:47.724 CST
Begin processing the 20701st record. Run 211792, Event 918233126, LumiSection 796 at 16-Jan-2014 21:38:48.051 CST
Begin processing the 20801st record. Run 211792, Event 918449246, LumiSection 796 at 16-Jan-2014 21:38:48.316 CST
Begin processing the 20901st record. Run 211792, Event 917833955, LumiSection 796 at 16-Jan-2014 21:38:48.542 CST
Begin processing the 21001st record. Run 211792, Event 918067755, LumiSection 796 at 16-Jan-2014 21:38:48.776 CST
Begin processing the 21101st record. Run 211792, Event 918269947, LumiSection 796 at 16-Jan-2014 21:38:48.981 CST
Begin processing the 21201st record. Run 211792, Event 918492539, LumiSection 796 at 16-Jan-2014 21:38:51.547 CST
Begin processing the 21301st record. Run 211792, Event 917904472, LumiSection 796 at 16-Jan-2014 21:38:51.853 CST
Begin processing the 21401st record. Run 211792, Event 918117440, LumiSection 796 at 16-Jan-2014 21:38:52.083 CST
Begin processing the 21501st record. Run 211792, Event 918321208, LumiSection 796 at 16-Jan-2014 21:38:52.309 CST
Begin processing the 21601st record. Run 211792, Event 918505880, LumiSection 796 at 16-Jan-2014 21:38:52.525 CST
Begin processing the 21701st record. Run 211792, Event 917914939, LumiSection 796 at 16-Jan-2014 21:38:54.015 CST
Begin processing the 21801st record. Run 211792, Event 918140699, LumiSection 796 at 16-Jan-2014 21:38:54.443 CST
Begin processing the 21901st record. Run 211792, Event 918353907, LumiSection 796 at 16-Jan-2014 21:38:54.794 CST
Begin processing the 22001st record. Run 211792, Event 917758957, LumiSection 796 at 16-Jan-2014 21:38:55.130 CST
Begin processing the 22101st record. Run 211792, Event 917982429, LumiSection 796 at 16-Jan-2014 21:38:55.401 CST
Begin processing the 22201st record. Run 211792, Event 918190541, LumiSection 796 at 16-Jan-2014 21:38:57.056 CST
Begin processing the 22301st record. Run 211792, Event 918384677, LumiSection 796 at 16-Jan-2014 21:38:57.470 CST
Begin processing the 22401st record. Run 211792, Event 917827442, LumiSection 796 at 16-Jan-2014 21:38:57.782 CST
Begin processing the 22501st record. Run 211792, Event 917999538, LumiSection 796 at 16-Jan-2014 21:38:57.961 CST
Begin processing the 22601st record. Run 211792, Event 918219138, LumiSection 796 at 16-Jan-2014 21:38:58.217 CST
Begin processing the 22701st record. Run 211792, Event 918492178, LumiSection 796 at 16-Jan-2014 21:38:58.396 CST
Begin processing the 22801st record. Run 211792, Event 917906373, LumiSection 796 at 16-Jan-2014 21:38:59.627 CST
Begin processing the 22901st record. Run 211792, Event 918110229, LumiSection 796 at 16-Jan-2014 21:38:59.977 CST
Begin processing the 23001st record. Run 211792, Event 918312685, LumiSection 796 at 16-Jan-2014 21:39:00.309 CST
Begin processing the 23101st record. Run 211792, Event 918502029, LumiSection 796 at 16-Jan-2014 21:39:00.526 CST
Begin processing the 23201st record. Run 211792, Event 917895690, LumiSection 796 at 16-Jan-2014 21:39:00.740 CST
Begin processing the 23301st record. Run 211792, Event 918111906, LumiSection 796 at 16-Jan-2014 21:39:02.050 CST
Begin processing the 23401st record. Run 211792, Event 918340386, LumiSection 796 at 16-Jan-2014 21:39:02.343 CST
Begin processing the 23501st record. Run 211792, Event 917743912, LumiSection 796 at 16-Jan-2014 21:39:02.557 CST
Begin processing the 23601st record. Run 211792, Event 917943944, LumiSection 796 at 16-Jan-2014 21:39:02.692 CST
Begin processing the 23701st record. Run 211792, Event 918141664, LumiSection 796 at 16-Jan-2014 21:39:02.890 CST
Begin processing the 23801st record. Run 211792, Event 918386296, LumiSection 796 at 16-Jan-2014 21:39:04.181 CST
Begin processing the 23901st record. Run 211792, Event 917788044, LumiSection 796 at 16-Jan-2014 21:39:04.534 CST
Begin processing the 24001st record. Run 211792, Event 917964380, LumiSection 796 at 16-Jan-2014 21:39:04.836 CST
Begin processing the 24101st record. Run 211792, Event 918166116, LumiSection 796 at 16-Jan-2014 21:39:05.039 CST
Begin processing the 24201st record. Run 211792, Event 918413620, LumiSection 796 at 16-Jan-2014 21:39:05.233 CST
Begin processing the 24301st record. Run 211792, Event 918606512, LumiSection 797 at 16-Jan-2014 21:39:05.499 CST
Begin processing the 24401st record. Run 211792, Event 918812736, LumiSection 797 at 16-Jan-2014 21:39:06.928 CST
Begin processing the 24501st record. Run 211792, Event 919002488, LumiSection 797 at 16-Jan-2014 21:39:07.277 CST
Begin processing the 24601st record. Run 211792, Event 919208264, LumiSection 797 at 16-Jan-2014 21:39:07.559 CST
Begin processing the 24701st record. Run 211792, Event 918604818, LumiSection 797 at 16-Jan-2014 21:39:07.714 CST
Begin processing the 24801st record. Run 211792, Event 918832730, LumiSection 797 at 16-Jan-2014 21:39:07.912 CST
Begin processing the 24901st record. Run 211792, Event 919036122, LumiSection 797 at 16-Jan-2014 21:39:09.201 CST
Begin processing the 25001st record. Run 211792, Event 919240146, LumiSection 797 at 16-Jan-2014 21:39:09.563 CST
Begin processing the 25101st record. Run 211792, Event 918650269, LumiSection 797 at 16-Jan-2014 21:39:09.820 CST
Begin processing the 25201st record. Run 211792, Event 918870093, LumiSection 797 at 16-Jan-2014 21:39:10.031 CST
Begin processing the 25301st record. Run 211792, Event 919069381, LumiSection 797 at 16-Jan-2014 21:39:10.227 CST
Begin processing the 25401st record. Run 211792, Event 919268701, LumiSection 797 at 16-Jan-2014 21:39:11.817 CST
Begin processing the 25501st record. Run 211792, Event 918689666, LumiSection 797 at 16-Jan-2014 21:39:12.217 CST
Begin processing the 25601st record. Run 211792, Event 918894466, LumiSection 797 at 16-Jan-2014 21:39:12.443 CST
Begin processing the 25701st record. Run 211792, Event 919104330, LumiSection 797 at 16-Jan-2014 21:39:12.609 CST
Begin processing the 25801st record. Run 211792, Event 918535596, LumiSection 797 at 16-Jan-2014 21:39:12.838 CST
Begin processing the 25901st record. Run 211792, Event 918709572, LumiSection 797 at 16-Jan-2014 21:39:14.581 CST
Begin processing the 26001st record. Run 211792, Event 918895972, LumiSection 797 at 16-Jan-2014 21:39:14.971 CST
Begin processing the 26101st record. Run 211792, Event 919120772, LumiSection 797 at 16-Jan-2014 21:39:15.299 CST
Begin processing the 26201st record. Run 211792, Event 918543780, LumiSection 797 at 16-Jan-2014 21:39:15.472 CST
Begin processing the 26301st record. Run 211792, Event 918761468, LumiSection 797 at 16-Jan-2014 21:39:15.721 CST
Begin processing the 26401st record. Run 211792, Event 918962860, LumiSection 797 at 16-Jan-2014 21:39:16.565 CST
Begin processing the 26501st record. Run 211792, Event 919189164, LumiSection 797 at 16-Jan-2014 21:39:16.994 CST
Begin processing the 26601st record. Run 211792, Event 918608774, LumiSection 797 at 16-Jan-2014 21:39:17.272 CST
Begin processing the 26701st record. Run 211792, Event 918812174, LumiSection 797 at 16-Jan-2014 21:39:17.516 CST
Begin processing the 26801st record. Run 211792, Event 919043846, LumiSection 797 at 16-Jan-2014 21:39:17.686 CST
Begin processing the 26901st record. Run 211792, Event 919240366, LumiSection 797 at 16-Jan-2014 21:39:18.360 CST
Begin processing the 27001st record. Run 211792, Event 918659121, LumiSection 797 at 16-Jan-2014 21:39:18.681 CST
Begin processing the 27101st record. Run 211792, Event 918873953, LumiSection 797 at 16-Jan-2014 21:39:19.019 CST
Begin processing the 27201st record. Run 211792, Event 919105193, LumiSection 797 at 16-Jan-2014 21:39:19.311 CST
Begin processing the 27301st record. Run 211792, Event 919275657, LumiSection 797 at 16-Jan-2014 21:39:19.522 CST
Begin processing the 27401st record. Run 211792, Event 918679568, LumiSection 797 at 16-Jan-2014 21:39:21.293 CST
Begin processing the 27501st record. Run 211792, Event 918881368, LumiSection 797 at 16-Jan-2014 21:39:21.601 CST
Begin processing the 27601st record. Run 211792, Event 919082720, LumiSection 797 at 16-Jan-2014 21:39:21.913 CST
Begin processing the 27701st record. Run 211792, Event 919311840, LumiSection 797 at 16-Jan-2014 21:39:22.134 CST
Begin processing the 27801st record. Run 211792, Event 918711254, LumiSection 797 at 16-Jan-2014 21:39:22.407 CST
Begin processing the 27901st record. Run 211792, Event 918899350, LumiSection 797 at 16-Jan-2014 21:39:22.614 CST
Begin processing the 28001st record. Run 211792, Event 919135670, LumiSection 797 at 16-Jan-2014 21:39:23.561 CST
Begin processing the 28101st record. Run 211792, Event 919316270, LumiSection 797 at 16-Jan-2014 21:39:23.975 CST
Begin processing the 28201st record. Run 211792, Event 918707047, LumiSection 797 at 16-Jan-2014 21:39:24.283 CST
Begin processing the 28301st record. Run 211792, Event 918927055, LumiSection 797 at 16-Jan-2014 21:39:24.513 CST
Begin processing the 28401st record. Run 211792, Event 919129167, LumiSection 797 at 16-Jan-2014 21:39:24.727 CST
Begin processing the 28501st record. Run 211792, Event 918549019, LumiSection 797 at 16-Jan-2014 21:39:25.680 CST
Begin processing the 28601st record. Run 211792, Event 918750179, LumiSection 797 at 16-Jan-2014 21:39:26.060 CST
Begin processing the 28701st record. Run 211792, Event 918978035, LumiSection 797 at 16-Jan-2014 21:39:26.351 CST
Begin processing the 28801st record. Run 211792, Event 919195171, LumiSection 797 at 16-Jan-2014 21:39:26.572 CST
Begin processing the 28901st record. Run 211792, Event 918678241, LumiSection 797 at 16-Jan-2014 21:39:26.734 CST
Begin processing the 29001st record. Run 211792, Event 918890881, LumiSection 797 at 16-Jan-2014 21:39:28.173 CST
Begin processing the 29101st record. Run 211792, Event 919102185, LumiSection 797 at 16-Jan-2014 21:39:28.501 CST
Begin processing the 29201st record. Run 211792, Event 918535335, LumiSection 797 at 16-Jan-2014 21:39:28.858 CST
Begin processing the 29301st record. Run 211792, Event 918764647, LumiSection 797 at 16-Jan-2014 21:39:29.143 CST
Begin processing the 29401st record. Run 211792, Event 918982639, LumiSection 797 at 16-Jan-2014 21:39:29.362 CST
Begin processing the 29501st record. Run 211792, Event 919151695, LumiSection 797 at 16-Jan-2014 21:39:29.650 CST
Begin processing the 29601st record. Run 211792, Event 918606083, LumiSection 797 at 16-Jan-2014 21:39:31.056 CST
Begin processing the 29701st record. Run 211792, Event 918817651, LumiSection 797 at 16-Jan-2014 21:39:31.359 CST
Begin processing the 29801st record. Run 211792, Event 919036283, LumiSection 797 at 16-Jan-2014 21:39:31.590 CST
Begin processing the 29901st record. Run 211792, Event 919228283, LumiSection 797 at 16-Jan-2014 21:39:31.809 CST
Begin processing the 30001st record. Run 211792, Event 918616693, LumiSection 797 at 16-Jan-2014 21:39:31.995 CST
Begin processing the 30101st record. Run 211792, Event 918874949, LumiSection 797 at 16-Jan-2014 21:39:33.287 CST
Begin processing the 30201st record. Run 211792, Event 919090773, LumiSection 797 at 16-Jan-2014 21:39:33.614 CST
Begin processing the 30301st record. Run 211792, Event 919298461, LumiSection 797 at 16-Jan-2014 21:39:33.893 CST
Begin processing the 30401st record. Run 211792, Event 919499646, LumiSection 798 at 16-Jan-2014 21:39:34.081 CST
Begin processing the 30501st record. Run 211792, Event 919702518, LumiSection 798 at 16-Jan-2014 21:39:34.318 CST
Begin processing the 30601st record. Run 211792, Event 919921902, LumiSection 798 at 16-Jan-2014 21:39:35.590 CST
Begin processing the 30701st record. Run 211792, Event 919320802, LumiSection 798 at 16-Jan-2014 21:39:36.018 CST
Begin processing the 30801st record. Run 211792, Event 919528226, LumiSection 798 at 16-Jan-2014 21:39:36.373 CST
Begin processing the 30901st record. Run 211792, Event 919746066, LumiSection 798 at 16-Jan-2014 21:39:36.605 CST
Begin processing the 31001st record. Run 211792, Event 919943874, LumiSection 798 at 16-Jan-2014 21:39:36.851 CST
Begin processing the 31101st record. Run 211792, Event 919332228, LumiSection 798 at 16-Jan-2014 21:39:38.182 CST
Begin processing the 31201st record. Run 211792, Event 919550484, LumiSection 798 at 16-Jan-2014 21:39:38.494 CST
Begin processing the 31301st record. Run 211792, Event 919779948, LumiSection 798 at 16-Jan-2014 21:39:38.836 CST
Begin processing the 31401st record. Run 211792, Event 919982132, LumiSection 798 at 16-Jan-2014 21:39:39.050 CST
Begin processing the 31501st record. Run 211792, Event 919421838, LumiSection 798 at 16-Jan-2014 21:39:39.260 CST
Begin processing the 31601st record. Run 211792, Event 919621894, LumiSection 798 at 16-Jan-2014 21:39:40.512 CST
Begin processing the 31701st record. Run 211792, Event 919849750, LumiSection 798 at 16-Jan-2014 21:39:40.932 CST
Begin processing the 31801st record. Run 211792, Event 920075238, LumiSection 798 at 16-Jan-2014 21:39:41.207 CST
Begin processing the 31901st record. Run 211792, Event 919458599, LumiSection 798 at 16-Jan-2014 21:39:41.433 CST
Begin processing the 32001st record. Run 211792, Event 919672423, LumiSection 798 at 16-Jan-2014 21:39:41.672 CST
Begin processing the 32101st record. Run 211792, Event 919869535, LumiSection 798 at 16-Jan-2014 21:39:42.545 CST
Begin processing the 32201st record. Run 211792, Event 920094847, LumiSection 798 at 16-Jan-2014 21:39:42.942 CST
Begin processing the 32301st record. Run 211792, Event 919506936, LumiSection 798 at 16-Jan-2014 21:39:43.353 CST
Begin processing the 32401st record. Run 211792, Event 919701680, LumiSection 798 at 16-Jan-2014 21:39:43.623 CST
Begin processing the 32501st record. Run 211792, Event 919898968, LumiSection 798 at 16-Jan-2014 21:39:43.877 CST
Begin processing the 32601st record. Run 211792, Event 920104280, LumiSection 798 at 16-Jan-2014 21:39:44.806 CST
Begin processing the 32701st record. Run 211792, Event 919515543, LumiSection 798 at 16-Jan-2014 21:39:45.133 CST
Begin processing the 32801st record. Run 211792, Event 919703383, LumiSection 798 at 16-Jan-2014 21:39:45.390 CST
Begin processing the 32901st record. Run 211792, Event 919915871, LumiSection 798 at 16-Jan-2014 21:39:45.602 CST
Begin processing the 33001st record. Run 211792, Event 920101279, LumiSection 798 at 16-Jan-2014 21:39:45.839 CST
Begin processing the 33101st record. Run 211792, Event 919504395, LumiSection 798 at 16-Jan-2014 21:39:46.950 CST
Begin processing the 33201st record. Run 211792, Event 919716587, LumiSection 798 at 16-Jan-2014 21:39:47.309 CST
Begin processing the 33301st record. Run 211792, Event 919899099, LumiSection 798 at 16-Jan-2014 21:39:47.727 CST
Begin processing the 33401st record. Run 211792, Event 920109395, LumiSection 798 at 16-Jan-2014 21:39:47.981 CST
Begin processing the 33501st record. Run 211792, Event 919539825, LumiSection 798 at 16-Jan-2014 21:39:48.176 CST
Begin processing the 33601st record. Run 211792, Event 919723961, LumiSection 798 at 16-Jan-2014 21:39:49.140 CST
Begin processing the 33701st record. Run 211792, Event 919973017, LumiSection 798 at 16-Jan-2014 21:39:49.505 CST
Begin processing the 33801st record. Run 211792, Event 919397440, LumiSection 798 at 16-Jan-2014 21:39:49.821 CST
Begin processing the 33901st record. Run 211792, Event 919629976, LumiSection 798 at 16-Jan-2014 21:39:50.003 CST
Begin processing the 34001st record. Run 211792, Event 919849712, LumiSection 798 at 16-Jan-2014 21:39:50.217 CST
Begin processing the 34101st record. Run 211792, Event 920072360, LumiSection 798 at 16-Jan-2014 21:39:50.421 CST
Begin processing the 34201st record. Run 211792, Event 919487893, LumiSection 798 at 16-Jan-2014 21:39:51.415 CST
Begin processing the 34301st record. Run 211792, Event 919687749, LumiSection 798 at 16-Jan-2014 21:39:51.799 CST
Begin processing the 34401st record. Run 211792, Event 919891253, LumiSection 798 at 16-Jan-2014 21:39:51.943 CST
Begin processing the 34501st record. Run 211792, Event 920107013, LumiSection 798 at 16-Jan-2014 21:39:52.163 CST
Begin processing the 34601st record. Run 211792, Event 919548330, LumiSection 798 at 16-Jan-2014 21:39:52.411 CST
Begin processing the 34701st record. Run 211792, Event 919725986, LumiSection 798 at 16-Jan-2014 21:39:53.640 CST
Begin processing the 34801st record. Run 211792, Event 919908322, LumiSection 798 at 16-Jan-2014 21:39:53.927 CST
Begin processing the 34901st record. Run 211792, Event 920096642, LumiSection 798 at 16-Jan-2014 21:39:54.119 CST
Begin processing the 35001st record. Run 211792, Event 919541868, LumiSection 798 at 16-Jan-2014 21:39:54.350 CST
Begin processing the 35101st record. Run 211792, Event 919728900, LumiSection 798 at 16-Jan-2014 21:39:54.552 CST
Begin processing the 35201st record. Run 211792, Event 919912764, LumiSection 798 at 16-Jan-2014 21:39:54.750 CST
Begin processing the 35301st record. Run 211792, Event 919332125, LumiSection 798 at 16-Jan-2014 21:39:55.825 CST
Begin processing the 35401st record. Run 211792, Event 919524573, LumiSection 798 at 16-Jan-2014 21:39:56.245 CST
Begin processing the 35501st record. Run 211792, Event 919757653, LumiSection 798 at 16-Jan-2014 21:39:56.441 CST
Begin processing the 35601st record. Run 211792, Event 919959469, LumiSection 798 at 16-Jan-2014 21:39:56.678 CST
Begin processing the 35701st record. Run 211792, Event 919359513, LumiSection 798 at 16-Jan-2014 21:39:56.928 CST
Begin processing the 35801st record. Run 211792, Event 919570121, LumiSection 798 at 16-Jan-2014 21:39:58.045 CST
Begin processing the 35901st record. Run 211792, Event 919782665, LumiSection 798 at 16-Jan-2014 21:39:58.404 CST
Begin processing the 36001st record. Run 211792, Event 919965481, LumiSection 798 at 16-Jan-2014 21:39:58.618 CST
Begin processing the 36101st record. Run 211792, Event 919388643, LumiSection 798 at 16-Jan-2014 21:39:58.808 CST
Begin processing the 36201st record. Run 211792, Event 919612907, LumiSection 798 at 16-Jan-2014 21:39:59.016 CST
Begin processing the 36301st record. Run 211792, Event 919821203, LumiSection 798 at 16-Jan-2014 21:39:59.997 CST
Begin processing the 36401st record. Run 211792, Event 920037843, LumiSection 798 at 16-Jan-2014 21:40:00.380 CST
Begin processing the 36501st record. Run 211792, Event 920246795, LumiSection 799 at 16-Jan-2014 21:40:00.690 CST
Begin processing the 36601st record. Run 211792, Event 920457891, LumiSection 799 at 16-Jan-2014 21:40:00.880 CST
Begin processing the 36701st record. Run 211792, Event 920629195, LumiSection 799 at 16-Jan-2014 21:40:01.157 CST
Begin processing the 36801st record. Run 211792, Event 920810667, LumiSection 799 at 16-Jan-2014 21:40:01.415 CST
Begin processing the 36901st record. Run 211792, Event 920223752, LumiSection 799 at 16-Jan-2014 21:40:02.466 CST
Begin processing the 37001st record. Run 211792, Event 920414856, LumiSection 799 at 16-Jan-2014 21:40:02.877 CST
Begin processing the 37101st record. Run 211792, Event 920639120, LumiSection 799 at 16-Jan-2014 21:40:03.314 CST
Begin processing the 37201st record. Run 211792, Event 920841368, LumiSection 799 at 16-Jan-2014 21:40:03.489 CST
Begin processing the 37301st record. Run 211792, Event 920260186, LumiSection 799 at 16-Jan-2014 21:40:03.722 CST
Begin processing the 37401st record. Run 211792, Event 920466642, LumiSection 799 at 16-Jan-2014 21:40:04.850 CST
Begin processing the 37501st record. Run 211792, Event 920699738, LumiSection 799 at 16-Jan-2014 21:40:05.262 CST
Begin processing the 37601st record. Run 211792, Event 920159784, LumiSection 799 at 16-Jan-2014 21:40:05.478 CST
Begin processing the 37701st record. Run 211792, Event 920392888, LumiSection 799 at 16-Jan-2014 21:40:05.748 CST
Begin processing the 37801st record. Run 211792, Event 920583272, LumiSection 799 at 16-Jan-2014 21:40:05.932 CST
Begin processing the 37901st record. Run 211792, Event 920815952, LumiSection 799 at 16-Jan-2014 21:40:07.140 CST
Begin processing the 38001st record. Run 211792, Event 920223893, LumiSection 799 at 16-Jan-2014 21:40:07.594 CST
Begin processing the 38101st record. Run 211792, Event 920415029, LumiSection 799 at 16-Jan-2014 21:40:07.843 CST
Begin processing the 38201st record. Run 211792, Event 920618045, LumiSection 799 at 16-Jan-2014 21:40:08.073 CST
Begin processing the 38301st record. Run 211792, Event 920840389, LumiSection 799 at 16-Jan-2014 21:40:08.250 CST
Begin processing the 38401st record. Run 211792, Event 920254306, LumiSection 799 at 16-Jan-2014 21:40:09.713 CST
Begin processing the 38501st record. Run 211792, Event 920456882, LumiSection 799 at 16-Jan-2014 21:40:10.013 CST
Begin processing the 38601st record. Run 211792, Event 920653042, LumiSection 799 at 16-Jan-2014 21:40:10.346 CST
Begin processing the 38701st record. Run 211792, Event 920865202, LumiSection 799 at 16-Jan-2014 21:40:10.542 CST
Begin processing the 38801st record. Run 211792, Event 920297300, LumiSection 799 at 16-Jan-2014 21:40:10.767 CST
Begin processing the 38901st record. Run 211792, Event 920495100, LumiSection 799 at 16-Jan-2014 21:40:11.725 CST
Begin processing the 39001st record. Run 211792, Event 920715620, LumiSection 799 at 16-Jan-2014 21:40:12.093 CST
Begin processing the 39101st record. Run 211792, Event 920166421, LumiSection 799 at 16-Jan-2014 21:40:12.359 CST
Begin processing the 39201st record. Run 211792, Event 920453501, LumiSection 799 at 16-Jan-2014 21:40:12.541 CST
Begin processing the 39301st record. Run 211792, Event 920659141, LumiSection 799 at 16-Jan-2014 21:40:12.793 CST
Begin processing the 39401st record. Run 211792, Event 920850317, LumiSection 799 at 16-Jan-2014 21:40:14.226 CST
Begin processing the 39501st record. Run 211792, Event 920231955, LumiSection 799 at 16-Jan-2014 21:40:14.707 CST
Begin processing the 39601st record. Run 211792, Event 920436699, LumiSection 799 at 16-Jan-2014 21:40:14.925 CST
Begin processing the 39701st record. Run 211792, Event 920616099, LumiSection 799 at 16-Jan-2014 21:40:15.086 CST
Begin processing the 39801st record. Run 211792, Event 920849715, LumiSection 799 at 16-Jan-2014 21:40:15.308 CST
Begin processing the 39901st record. Run 211792, Event 920294175, LumiSection 799 at 16-Jan-2014 21:40:16.757 CST
Begin processing the 40001st record. Run 211792, Event 920527671, LumiSection 799 at 16-Jan-2014 21:40:17.116 CST
Begin processing the 40101st record. Run 211792, Event 920707799, LumiSection 799 at 16-Jan-2014 21:40:17.420 CST
Begin processing the 40201st record. Run 211792, Event 920124022, LumiSection 799 at 16-Jan-2014 21:40:17.641 CST
Begin processing the 40301st record. Run 211792, Event 920307862, LumiSection 799 at 16-Jan-2014 21:40:17.834 CST
Begin processing the 40401st record. Run 211792, Event 920521830, LumiSection 799 at 16-Jan-2014 21:40:18.754 CST
Begin processing the 40501st record. Run 211792, Event 920723046, LumiSection 799 at 16-Jan-2014 21:40:19.068 CST
Begin processing the 40601st record. Run 211792, Event 920881302, LumiSection 799 at 16-Jan-2014 21:40:19.381 CST
Begin processing the 40701st record. Run 211792, Event 920304524, LumiSection 799 at 16-Jan-2014 21:40:19.546 CST
Begin processing the 40801st record. Run 211792, Event 920518452, LumiSection 799 at 16-Jan-2014 21:40:19.749 CST
Begin processing the 40901st record. Run 211792, Event 920716444, LumiSection 799 at 16-Jan-2014 21:40:19.954 CST
Begin processing the 41001st record. Run 211792, Event 920154046, LumiSection 799 at 16-Jan-2014 21:40:21.089 CST
Begin processing the 41101st record. Run 211792, Event 920323414, LumiSection 799 at 16-Jan-2014 21:40:21.438 CST
Begin processing the 41201st record. Run 211792, Event 920508614, LumiSection 799 at 16-Jan-2014 21:40:21.771 CST
Begin processing the 41301st record. Run 211792, Event 920712718, LumiSection 799 at 16-Jan-2014 21:40:22.046 CST
Begin processing the 41401st record. Run 211792, Event 920166457, LumiSection 799 at 16-Jan-2014 21:40:22.288 CST
Begin processing the 41501st record. Run 211792, Event 920394201, LumiSection 799 at 16-Jan-2014 21:40:22.585 CST
Begin processing the 41601st record. Run 211792, Event 920591233, LumiSection 799 at 16-Jan-2014 21:40:23.652 CST
Begin processing the 41701st record. Run 211792, Event 920823457, LumiSection 799 at 16-Jan-2014 21:40:23.984 CST
Begin processing the 41801st record. Run 211792, Event 920238729, LumiSection 799 at 16-Jan-2014 21:40:24.295 CST
Begin processing the 41901st record. Run 211792, Event 920475073, LumiSection 799 at 16-Jan-2014 21:40:24.465 CST
Begin processing the 42001st record. Run 211792, Event 920666225, LumiSection 799 at 16-Jan-2014 21:40:24.683 CST
Begin processing the 42101st record. Run 211792, Event 920824305, LumiSection 799 at 16-Jan-2014 21:40:25.443 CST
Begin processing the 42201st record. Run 211792, Event 920260319, LumiSection 799 at 16-Jan-2014 21:40:25.725 CST
Begin processing the 42301st record. Run 211792, Event 920462031, LumiSection 799 at 16-Jan-2014 21:40:26.063 CST
Begin processing the 42401st record. Run 211792, Event 920695191, LumiSection 799 at 16-Jan-2014 21:40:26.370 CST
16-Jan-2014 21:40:26 CST  Closed file /store//data/Run2013A/PPMinBias/RECO/PromptReco-v1/000/211/792/00000/C810EC35-4077-E211-B710-E0CB4E553651.root


 EcalFlowNTP::endJob() <I>  nevttotal_trg = 5363,  nevttotal_ass = 5363
 Will check the Z-vertex differences

 Number of trigger events with at least one partner event = 5363

--- RESULTS ---

  Currently with pi0 mixed event entries = 46227,  mixed clusters examined 367294,  events containing at least one cluster 5363
 Number of hot channel seed crystals that were discarded 1928
 Number of hot channel satellite crystals that were discarded 19
 Maximum number of HI tracks for run 211792 is 116 at event 920121752
 Maximum number clusters found for run 211792 is 318 at event 920121752
 Maximum number crystals found for run 211792 is 431 at event 919622031
 Total events this run = 5462 with accumulated events for all runs = 5462
 Number of events with trigger particle (nevttotal_trg) = 5363
 Number of events with associated particle (nevttotal_ass) = 5363
 Number of background fills = 2273992

=============================================

MessageLogger Summary

 type     category        sev    module        subroutine        count    total
 ---- -------------------- -- ---------------- ----------------  -----    -----
    1 fileAction           -s file_close                             1        1
    2 fileAction           -s file_open                              2        2

 type    category    Examples: run/evt        run/evt          run/evt
 ---- -------------------- ---------------- ---------------- ----------------
    1 fileAction           PostEndRun                        
    2 fileAction           pre-events       pre-events       

Severity    # Occurrences   Total Occurrences
--------    -------------   -----------------
System                  3                   3
