  *******************************************
  *                                         *
  *        W E L C O M E  to  R O O T       *
  *                                         *
  *   Version   5.32/00   2 December 2011   *
  *                                         *
  *  You are welcome to visit our Web site  *
  *          http://root.cern.ch            *
  *                                         *
  *******************************************

ROOT 5.32/00 (branches/v5-32-00-patches@42372, Nov 19 2012, 10:56:00 on linuxx8664gcc)

CINT/ROOT C/C++ Interpreter version 5.18.00, July 2, 2010
Type ? for help. Commands must be C++ statements.
Enclose multiple statements between { }.
Loading FW Lite setup.
Info in <TUnixSystem::ACLiC>: creating shared library /gpfs22/home/maguirc/CMSSW_5_3_8_HI_patch2/src/Pi0Analysis/EcalFlowNtp/generateEfficiencyFiles/s25s9_100/./plotPi0_pPb2013_C.so

 Date Wed Jun 25 16:05:17 2014

 Using the pi0 mass window for the observed v2 region


 Conversion checking requested, truth information from simTracks

 Only same parent clusters will be combined for reco

 The use of the pi0 efficiency table was not requested

 The use of the charged particle efficiency table was not requested

 Minimum Bias data sets are used


 Found hTree in input file first.root
 The tree contains 1328503 entries
 The tree will be processed for 1328503 entries


 using first pair of pT bins

 Being hTree scan for iOption = 33 with first entry number 0, mixed-event background method will be used

 The entry 0 with event 846643 has nClu = 28
 The entry 1 with event 846644 has nClu = 52
 The entry 2 with event 846645 has nClu = 28
 The entry 3 with event 846653 has nClu = 35
 The entry 4 with event 846654 has nClu = 46
 The entry 5 with event 846656 has nClu = 30
 The entry 6 with event 846657 has nClu = 38
 The entry 7 with event 846659 has nClu = 26
 The entry 8 with event 846660 has nClu = 25
 The entry 9 with event 846666 has nClu = 63
 The entry 132850 with event 4954053 has nClu = 33
 The entry 265700 with event 3498441 has nClu = 53
 The entry 398550 with event 3105767 has nClu = 25
 The entry 531400 with event 2589538 has nClu = 42
 The entry 664250 with event 626481 has nClu = 33
 The entry 797100 with event 4848214 has nClu = 47
 The entry 929950 with event 4512195 has nClu = 34
 The entry 1062800 with event 1856637 has nClu = 28
 The entry 1195650 with event 1052021 has nClu = 29
 The entry 1328500 with event 1803583 has nClu = 59

 max array size = 126
 events failing Z-Vertex cut = 0
 number of clusters = 11757629
 number of clusters failing isolation cut = 0
 number of same-event asymmetry cut = 0
 number of mixed-event asymmetry cut = 0
 number of unconverted photons from parent mesons not produced by resonance decays = 677205
 number of unconverted photons from parent mesons produced by resonance decays = 3583215
 number of converted photons = 7497209
 number of track-matched clusters = 0
 minimum separation same events = 0.0504405
 minimum separation mixed events = 0.0500029
 number of same event pairs failing separation cut = 1
 number of mixed event pairs failing separation cut = 811
 number of pair masses within the pi0 mass window = 146469
 number of pair masses within resonance decay window = 0
 number of true decay mesons = 0
 number of tagged clusters 0
 number of true decay photons 0
 number of photons examined for shape cuts 3171647
 number of photons failing shape cuts 0

 FCN=86.8729 FROM MIGRAD    STATUS=CONVERGED      62 CALLS          63 TOTAL
                     EDM=3.8886e-08    STRATEGY= 1      ERROR MATRIX ACCURATE 
  EXT PARAMETER                                   STEP         FIRST   
  NO.   NAME      VALUE            ERROR          SIZE      DERIVATIVE 
   1  Constant     2.13647e+03   2.00746e+01   7.02347e-02  -6.60050e-06
   2  Mean         1.35612e-01   1.16378e-04   5.23367e-07  -1.54635e+00
   3  Sigma        1.48069e-02   1.04055e-04   8.41962e-06  -9.89556e-02

  Centroid = 0.135612,  Width = 0.0148069
 Signal yield = 18956 +/- 138
 FCN=61.3626 FROM MIGRAD    STATUS=CONVERGED      58 CALLS          59 TOTAL
                     EDM=1.80921e-11    STRATEGY= 1      ERROR MATRIX ACCURATE 
  EXT PARAMETER                                   STEP         FIRST   
  NO.   NAME      VALUE            ERROR          SIZE      DERIVATIVE 
   1  Constant     2.56727e+03   2.28402e+01   6.82904e-02  -2.94995e-07
   2  Mean         1.35087e-01   9.52044e-05   3.64832e-07   3.08884e-02
   3  Sigma        1.31920e-02   8.01705e-05   6.15106e-06  -2.57277e-03

  Centroid = 0.135087,  Width = 0.013192
 Signal yield = 20112 +/- 142
 FCN=527.109 FROM MIGRAD    STATUS=CONVERGED      57 CALLS          58 TOTAL
                     EDM=4.7517e-07    STRATEGY= 1      ERROR MATRIX ACCURATE 
  EXT PARAMETER                                   STEP         FIRST   
  NO.   NAME      VALUE            ERROR          SIZE      DERIVATIVE 
   1  Constant     6.97685e+03   3.97219e+01   3.37514e-01   2.30135e-05
   2  Mean         1.34626e-01   5.54069e-05   6.14656e-07   1.25026e+01
   3  Sigma        1.23810e-02   4.84890e-05   1.10864e-05   3.66010e-01

  Centroid = 0.134626,  Width = 0.012381
 Signal yield = 52060 +/- 229
 FCN=366.04 FROM MIGRAD    STATUS=CONVERGED      55 CALLS          56 TOTAL
                     EDM=5.40653e-07    STRATEGY= 1      ERROR MATRIX ACCURATE 
  EXT PARAMETER                                   STEP         FIRST   
  NO.   NAME      VALUE            ERROR          SIZE      DERIVATIVE 
   1  Constant     3.32590e+03   2.83950e+01   1.97709e-01  -4.30999e-05
   2  Mean         1.34860e-01   7.83186e-05   7.23783e-07   3.38852e+00
   3  Sigma        1.19341e-02   7.08339e-05   1.36830e-05  -6.50889e-01

  Centroid = 0.13486,  Width = 0.0119341
 Signal yield = 23786 +/- 155
Info in <TCanvas::Print>: pdf file pi0MassSameParentPt_Q1_489Files_Multiplicity120-260_S4To9_0.74_S25To9-1.0_Date20140625.pdf has been created
Info in <TCanvas::SaveAs>: ROOT file pi0MassSameParentPt_Q1_489Files_Multiplicity120-260_S4To9_0.74_S25To9-1.0_Date20140625.root has been created

 Date Wed Jun 25 16:16:56 2014

 Using the pi0 mass window for the observed v2 region


 Conversion checking requested, truth information from simTracks

 Only same parent clusters will be combined for reco

 The use of the pi0 efficiency table was not requested

 The use of the charged particle efficiency table was not requested

 Minimum Bias data sets are used
Warning in <TCanvas::Constructor>: Deleting canvas with same name: c1


 Found hTree in input file first.root
 The tree contains 1328503 entries
 The tree will be processed for 1328503 entries


 using third pair of pT bins

 Being hTree scan for iOption = 33 with first entry number 0, mixed-event background method will be used

 The entry 0 with event 846643 has nClu = 28
 The entry 1 with event 846644 has nClu = 52
 The entry 2 with event 846645 has nClu = 28
 The entry 3 with event 846653 has nClu = 35
 The entry 4 with event 846654 has nClu = 46
 The entry 5 with event 846656 has nClu = 30
 The entry 6 with event 846657 has nClu = 38
 The entry 7 with event 846659 has nClu = 26
 The entry 8 with event 846660 has nClu = 25
 The entry 9 with event 846666 has nClu = 63
 The entry 132850 with event 4954053 has nClu = 33
 The entry 265700 with event 3498441 has nClu = 53
 The entry 398550 with event 3105767 has nClu = 25
 The entry 531400 with event 2589538 has nClu = 42
 The entry 664250 with event 626481 has nClu = 33
 The entry 797100 with event 4848214 has nClu = 47
 The entry 929950 with event 4512195 has nClu = 34
 The entry 1062800 with event 1856637 has nClu = 28
 The entry 1195650 with event 1052021 has nClu = 29
 The entry 1328500 with event 1803583 has nClu = 59

 max array size = 126
 events failing Z-Vertex cut = 0
 number of clusters = 11757629
 number of clusters failing isolation cut = 0
 number of same-event asymmetry cut = 0
 number of mixed-event asymmetry cut = 0
 number of unconverted photons from parent mesons not produced by resonance decays = 677205
 number of unconverted photons from parent mesons produced by resonance decays = 3583215
 number of converted photons = 7497209
 number of track-matched clusters = 0
 minimum separation same events = 0.0504405
 minimum separation mixed events = 0.0500029
 number of same event pairs failing separation cut = 1
 number of mixed event pairs failing separation cut = 811
 number of pair masses within the pi0 mass window = 146469
 number of pair masses within resonance decay window = 0
 number of true decay mesons = 0
 number of tagged clusters 0
 number of true decay photons 0
 number of photons examined for shape cuts 3171647
 number of photons failing shape cuts 0

 FCN=159.295 FROM MIGRAD    STATUS=CONVERGED      57 CALLS          58 TOTAL
                     EDM=6.15275e-08    STRATEGY= 1      ERROR MATRIX ACCURATE 
  EXT PARAMETER                                   STEP         FIRST   
  NO.   NAME      VALUE            ERROR          SIZE      DERIVATIVE 
   1  Constant     1.55384e+03   1.91489e+01   8.78769e-02   2.00369e-06
   2  Mean         1.34348e-01   1.16078e-04   7.15790e-07   2.56907e+00
   3  Sigma        1.23422e-02   1.07143e-04   1.33200e-05  -6.18863e-02

  Centroid = 0.134348,  Width = 0.0123422
 Signal yield = 11579 +/- 108
 FCN=80.3367 FROM MIGRAD    STATUS=CONVERGED      57 CALLS          58 TOTAL
                     EDM=1.87024e-08    STRATEGY= 1      ERROR MATRIX ACCURATE 
  EXT PARAMETER                                   STEP         FIRST   
  NO.   NAME      VALUE            ERROR          SIZE      DERIVATIVE 
   1  Constant     7.47511e+02   1.31040e+01   4.30369e-02   1.47431e-05
   2  Mean         1.34153e-01   1.70026e-04   7.44761e-07   7.44081e-01
   3  Sigma        1.25731e-02   1.55386e-04   1.35575e-05   2.11093e-02

  Centroid = 0.134153,  Width = 0.0125731
 Signal yield = 5649 +/- 76
 FCN=44.8276 FROM MIGRAD    STATUS=CONVERGED      59 CALLS          60 TOTAL
                     EDM=1.19235e-09    STRATEGY= 1      ERROR MATRIX ACCURATE 
  EXT PARAMETER                                   STEP         FIRST   
  NO.   NAME      VALUE            ERROR          SIZE      DERIVATIVE 
   1  Constant     3.87913e+02   9.48397e+00   2.35236e-02   2.40142e-06
   2  Mean         1.35279e-01   2.34627e-04   7.64325e-07   1.88364e-01
   3  Sigma        1.22930e-02   2.08995e-04   1.39828e-05  -1.08389e-03

  Centroid = 0.135279,  Width = 0.012293
 Signal yield = 2850 +/- 54
 FCN=61.6264 FROM MIGRAD    STATUS=CONVERGED      59 CALLS          60 TOTAL
                     EDM=5.8605e-07    STRATEGY= 1      ERROR MATRIX ACCURATE 
  EXT PARAMETER                                   STEP         FIRST   
  NO.   NAME      VALUE            ERROR          SIZE      DERIVATIVE 
   1  Constant     2.93063e+02   8.49219e+00   2.39127e-02  -1.52300e-04
   2  Mean         1.35514e-01   2.72958e-04   1.02833e-06   1.84687e-01
   3  Sigma        1.22867e-02   2.56740e-04   1.93629e-05  -2.04804e-01

  Centroid = 0.135514,  Width = 0.0122867
 Signal yield = 2161 +/- 47
Info in <TCanvas::Print>: pdf file pi0MassSameParentPt_Q3_489Files_Multiplicity120-260_S4To9_0.74_S25To9-1.0_Date20140625.pdf has been created
Info in <TCanvas::SaveAs>: ROOT file pi0MassSameParentPt_Q3_489Files_Multiplicity120-260_S4To9_0.74_S25To9-1.0_Date20140625.root has been created
