17-Jan-2014 16:50:09 CST  Initiating request to open file /store//hidata/HIRun2013/PAMinBiasUPC/RECO/PromptReco-v1/000/210/676/00000/5C2D1704-DD67-E211-AEE2-0025901D5D9A.root
17-Jan-2014 16:50:13 CST  Successfully opened file /store//hidata/HIRun2013/PAMinBiasUPC/RECO/PromptReco-v1/000/210/676/00000/5C2D1704-DD67-E211-AEE2-0025901D5D9A.root
The pT bin width used are: 16	1.6	12
pT bins used for the histogram: 8	1	6

 Using a pT dependent separation cut parameterization 35.657/pT - 4.1995/pT^2,  with a rescale factor 0.7

 The goodAngleMatch opening angle criterion for reco track-cluster matching is 0.03 radians

 The goodPhiMatch residual angle criterion for reco track-cluster matching is 0.03 radians

 The goodThetaMatch residual angle criterion for reco track-cluster matching is 0.03 radians

 Cluster energy value will be recalibrated according to number of crystals in the cluster

 Only a cluster having crystal number from 1 to 1 will be accepted

 Cluster with a charged particle tracking match will not be used

 No output tree will be generated
Begin processing the 1st record. Run 210676, Event 4490356, LumiSection 59 at 17-Jan-2014 16:54:34.881 CST
Begin processing the 101st record. Run 210676, Event 4807588, LumiSection 59 at 17-Jan-2014 16:58:59.493 CST
Begin processing the 201st record. Run 210676, Event 5412188, LumiSection 59 at 17-Jan-2014 16:58:59.614 CST
Begin processing the 301st record. Run 210676, Event 4592039, LumiSection 59 at 17-Jan-2014 16:58:59.735 CST
Begin processing the 401st record. Run 210676, Event 4947783, LumiSection 59 at 17-Jan-2014 16:58:59.855 CST
Begin processing the 501st record. Run 210676, Event 5249711, LumiSection 59 at 17-Jan-2014 16:58:59.976 CST
Begin processing the 601st record. Run 210676, Event 5605535, LumiSection 59 at 17-Jan-2014 16:59:00.085 CST
Begin processing the 701st record. Run 210676, Event 4709811, LumiSection 59 at 17-Jan-2014 16:59:00.161 CST
Begin processing the 801st record. Run 210676, Event 5168371, LumiSection 59 at 17-Jan-2014 16:59:00.237 CST
Begin processing the 901st record. Run 210676, Event 5618299, LumiSection 59 at 17-Jan-2014 16:59:00.314 CST
Begin processing the 1001st record. Run 210676, Event 4772884, LumiSection 59 at 17-Jan-2014 16:59:00.390 CST
Begin processing the 1101st record. Run 210676, Event 5213492, LumiSection 59 at 17-Jan-2014 16:59:00.466 CST
Begin processing the 1201st record. Run 210676, Event 5587764, LumiSection 59 at 17-Jan-2014 16:59:00.543 CST
Begin processing the 1301st record. Run 210676, Event 4793681, LumiSection 59 at 17-Jan-2014 16:59:00.619 CST
Begin processing the 1401st record. Run 210676, Event 5154865, LumiSection 59 at 17-Jan-2014 16:59:00.695 CST
Begin processing the 1501st record. Run 210676, Event 5592681, LumiSection 59 at 17-Jan-2014 16:59:00.772 CST
Begin processing the 1601st record. Run 210676, Event 4712504, LumiSection 59 at 17-Jan-2014 16:59:00.848 CST
Begin processing the 1701st record. Run 210676, Event 5122968, LumiSection 59 at 17-Jan-2014 16:59:00.925 CST
Begin processing the 1801st record. Run 210676, Event 5493576, LumiSection 59 at 17-Jan-2014 16:59:01.001 CST
Begin processing the 1901st record. Run 210676, Event 4679962, LumiSection 59 at 17-Jan-2014 16:59:01.077 CST
Begin processing the 2001st record. Run 210676, Event 5164618, LumiSection 59 at 17-Jan-2014 16:59:01.154 CST
Begin processing the 2101st record. Run 210676, Event 5590042, LumiSection 59 at 17-Jan-2014 16:59:01.230 CST
Begin processing the 2201st record. Run 210676, Event 4814181, LumiSection 59 at 17-Jan-2014 16:59:01.306 CST
Begin processing the 2301st record. Run 210676, Event 5265253, LumiSection 59 at 17-Jan-2014 16:59:01.383 CST
Begin processing the 2401st record. Run 210676, Event 5719109, LumiSection 59 at 17-Jan-2014 16:59:01.459 CST
Begin processing the 2501st record. Run 210676, Event 4946010, LumiSection 59 at 17-Jan-2014 16:59:01.535 CST
Begin processing the 2601st record. Run 210676, Event 5283594, LumiSection 59 at 17-Jan-2014 16:59:01.612 CST
Begin processing the 2701st record. Run 210676, Event 4512454, LumiSection 59 at 17-Jan-2014 16:59:01.689 CST
Begin processing the 2801st record. Run 210676, Event 4873582, LumiSection 59 at 17-Jan-2014 16:59:01.766 CST
Begin processing the 2901st record. Run 210676, Event 5275390, LumiSection 59 at 17-Jan-2014 16:59:01.843 CST
Begin processing the 3001st record. Run 210676, Event 5666950, LumiSection 59 at 17-Jan-2014 16:59:01.919 CST
Begin processing the 3101st record. Run 210676, Event 4770027, LumiSection 59 at 17-Jan-2014 16:59:01.996 CST
Begin processing the 3201st record. Run 210676, Event 5147691, LumiSection 59 at 17-Jan-2014 16:59:02.072 CST
Begin processing the 3301st record. Run 210676, Event 5557659, LumiSection 59 at 17-Jan-2014 16:59:02.149 CST
Begin processing the 3401st record. Run 210676, Event 4664784, LumiSection 59 at 17-Jan-2014 16:59:02.225 CST
Begin processing the 3501st record. Run 210676, Event 4959848, LumiSection 59 at 17-Jan-2014 16:59:02.301 CST
Begin processing the 3601st record. Run 210676, Event 5424008, LumiSection 59 at 17-Jan-2014 16:59:02.378 CST
Begin processing the 3701st record. Run 210676, Event 4609397, LumiSection 59 at 17-Jan-2014 16:59:02.454 CST
Begin processing the 3801st record. Run 210676, Event 5073509, LumiSection 59 at 17-Jan-2014 16:59:02.531 CST
Begin processing the 3901st record. Run 210676, Event 5494045, LumiSection 59 at 17-Jan-2014 16:59:02.607 CST
Begin processing the 4001st record. Run 210676, Event 4661174, LumiSection 59 at 17-Jan-2014 16:59:02.683 CST
Begin processing the 4101st record. Run 210676, Event 5047686, LumiSection 59 at 17-Jan-2014 16:59:02.760 CST
Begin processing the 4201st record. Run 210676, Event 5458910, LumiSection 59 at 17-Jan-2014 16:59:02.836 CST
Begin processing the 4301st record. Run 210676, Event 4623313, LumiSection 59 at 17-Jan-2014 16:59:02.912 CST
Begin processing the 4401st record. Run 210676, Event 5010873, LumiSection 59 at 17-Jan-2014 16:59:02.989 CST
Begin processing the 4501st record. Run 210676, Event 5460609, LumiSection 59 at 17-Jan-2014 16:59:03.065 CST
Begin processing the 4601st record. Run 210676, Event 4643223, LumiSection 59 at 17-Jan-2014 16:59:03.142 CST
Begin processing the 4701st record. Run 210676, Event 5082175, LumiSection 59 at 17-Jan-2014 16:59:03.218 CST
Begin processing the 4801st record. Run 210676, Event 5506231, LumiSection 59 at 17-Jan-2014 16:59:03.294 CST
Begin processing the 4901st record. Run 210676, Event 5843798, LumiSection 60 at 17-Jan-2014 16:59:03.375 CST
Begin processing the 5001st record. Run 210676, Event 6290814, LumiSection 60 at 17-Jan-2014 16:59:03.451 CST
Begin processing the 5101st record. Run 210676, Event 6804242, LumiSection 60 at 17-Jan-2014 16:59:03.527 CST
Begin processing the 5201st record. Run 210676, Event 6093576, LumiSection 60 at 17-Jan-2014 16:59:03.603 CST
Begin processing the 5301st record. Run 210676, Event 6492596, LumiSection 60 at 17-Jan-2014 16:59:03.679 CST
Begin processing the 5401st record. Run 210676, Event 5862892, LumiSection 60 at 17-Jan-2014 16:59:03.756 CST
Begin processing the 5501st record. Run 210676, Event 6219812, LumiSection 60 at 17-Jan-2014 16:59:03.832 CST
Begin processing the 5601st record. Run 210676, Event 6610888, LumiSection 60 at 17-Jan-2014 16:59:03.908 CST
Begin processing the 5701st record. Run 210676, Event 5923207, LumiSection 60 at 17-Jan-2014 16:59:03.984 CST
Begin processing the 5801st record. Run 210676, Event 6504435, LumiSection 60 at 17-Jan-2014 16:59:04.060 CST
Begin processing the 5901st record. Run 210676, Event 5793921, LumiSection 60 at 17-Jan-2014 16:59:04.136 CST
Begin processing the 6001st record. Run 210676, Event 6227201, LumiSection 60 at 17-Jan-2014 16:59:04.212 CST
Begin processing the 6101st record. Run 210676, Event 6674789, LumiSection 60 at 17-Jan-2014 16:59:04.288 CST
Begin processing the 6201st record. Run 210676, Event 5983193, LumiSection 60 at 17-Jan-2014 16:59:04.365 CST
Begin processing the 6301st record. Run 210676, Event 6342305, LumiSection 60 at 17-Jan-2014 16:59:04.441 CST
Begin processing the 6401st record. Run 210676, Event 6803197, LumiSection 60 at 17-Jan-2014 16:59:04.517 CST
Begin processing the 6501st record. Run 210676, Event 6055934, LumiSection 60 at 17-Jan-2014 16:59:04.593 CST
Begin processing the 6601st record. Run 210676, Event 6494034, LumiSection 60 at 17-Jan-2014 16:59:04.669 CST
Begin processing the 6701st record. Run 210676, Event 5765172, LumiSection 60 at 17-Jan-2014 16:59:04.746 CST
Begin processing the 6801st record. Run 210676, Event 6116604, LumiSection 60 at 17-Jan-2014 16:59:04.822 CST
Begin processing the 6901st record. Run 210676, Event 6491760, LumiSection 60 at 17-Jan-2014 16:59:04.898 CST
Begin processing the 7001st record. Run 210676, Event 5754514, LumiSection 60 at 17-Jan-2014 16:59:04.974 CST
Begin processing the 7101st record. Run 210676, Event 6168138, LumiSection 60 at 17-Jan-2014 16:59:05.050 CST
Begin processing the 7201st record. Run 210676, Event 6583222, LumiSection 60 at 17-Jan-2014 16:59:05.126 CST
Begin processing the 7301st record. Run 210676, Event 5866123, LumiSection 60 at 17-Jan-2014 16:59:05.202 CST
Begin processing the 7401st record. Run 210676, Event 6294963, LumiSection 60 at 17-Jan-2014 16:59:05.279 CST
Begin processing the 7501st record. Run 210676, Event 6632207, LumiSection 60 at 17-Jan-2014 16:59:05.355 CST
Begin processing the 7601st record. Run 210676, Event 5879352, LumiSection 60 at 17-Jan-2014 16:59:05.431 CST
Begin processing the 7701st record. Run 210676, Event 6318912, LumiSection 60 at 17-Jan-2014 16:59:05.507 CST
Begin processing the 7801st record. Run 210676, Event 6761892, LumiSection 60 at 17-Jan-2014 16:59:05.584 CST
Begin processing the 7901st record. Run 210676, Event 6003653, LumiSection 60 at 17-Jan-2014 16:59:05.660 CST
Begin processing the 8001st record. Run 210676, Event 6415005, LumiSection 60 at 17-Jan-2014 16:59:05.736 CST
Begin processing the 8101st record. Run 210676, Event 5744927, LumiSection 60 at 17-Jan-2014 16:59:05.812 CST
Begin processing the 8201st record. Run 210676, Event 6078487, LumiSection 60 at 17-Jan-2014 16:59:05.888 CST
Begin processing the 8301st record. Run 210676, Event 6424455, LumiSection 60 at 17-Jan-2014 16:59:05.964 CST
Begin processing the 8401st record. Run 210676, Event 5768346, LumiSection 60 at 17-Jan-2014 16:59:06.041 CST
Begin processing the 8501st record. Run 210676, Event 6184754, LumiSection 60 at 17-Jan-2014 16:59:06.117 CST
Begin processing the 8601st record. Run 210676, Event 6488326, LumiSection 60 at 17-Jan-2014 16:59:06.193 CST
Begin processing the 8701st record. Run 210676, Event 5752509, LumiSection 60 at 17-Jan-2014 16:59:06.269 CST
Begin processing the 8801st record. Run 210676, Event 6218037, LumiSection 60 at 17-Jan-2014 16:59:06.345 CST
Begin processing the 8901st record. Run 210676, Event 6572513, LumiSection 60 at 17-Jan-2014 16:59:06.421 CST
Begin processing the 9001st record. Run 210676, Event 5866907, LumiSection 60 at 17-Jan-2014 16:59:06.497 CST
Begin processing the 9101st record. Run 210676, Event 6400347, LumiSection 60 at 17-Jan-2014 16:59:06.574 CST
Begin processing the 9201st record. Run 210676, Event 6760191, LumiSection 60 at 17-Jan-2014 16:59:06.650 CST
Begin processing the 9301st record. Run 210676, Event 7106163, LumiSection 61 at 17-Jan-2014 16:59:06.730 CST
Begin processing the 9401st record. Run 210676, Event 7496355, LumiSection 61 at 17-Jan-2014 16:59:06.807 CST
Begin processing the 9501st record. Run 210676, Event 7887059, LumiSection 61 at 17-Jan-2014 16:59:06.883 CST
Begin processing the 9601st record. Run 210676, Event 7097658, LumiSection 61 at 17-Jan-2014 16:59:06.960 CST
Begin processing the 9701st record. Run 210676, Event 7553354, LumiSection 61 at 17-Jan-2014 16:59:07.036 CST
Begin processing the 9801st record. Run 210676, Event 7875946, LumiSection 61 at 17-Jan-2014 16:59:07.113 CST
Begin processing the 9901st record. Run 210676, Event 7114908, LumiSection 61 at 17-Jan-2014 16:59:07.189 CST
Begin processing the 10001st record. Run 210676, Event 7448060, LumiSection 61 at 17-Jan-2014 16:59:07.266 CST
Begin processing the 10101st record. Run 210676, Event 7882676, LumiSection 61 at 17-Jan-2014 16:59:07.342 CST
Begin processing the 10201st record. Run 210676, Event 7125580, LumiSection 61 at 17-Jan-2014 16:59:07.418 CST
Begin processing the 10301st record. Run 210676, Event 7546924, LumiSection 61 at 17-Jan-2014 16:59:07.495 CST
Begin processing the 10401st record. Run 210676, Event 6847096, LumiSection 61 at 17-Jan-2014 16:59:07.571 CST
Begin processing the 10501st record. Run 210676, Event 7286864, LumiSection 61 at 17-Jan-2014 16:59:07.648 CST
Begin processing the 10601st record. Run 210676, Event 7728400, LumiSection 61 at 17-Jan-2014 16:59:07.724 CST
Begin processing the 10701st record. Run 210676, Event 6910967, LumiSection 61 at 17-Jan-2014 16:59:07.801 CST
Begin processing the 10801st record. Run 210676, Event 7266599, LumiSection 61 at 17-Jan-2014 16:59:07.877 CST
Begin processing the 10901st record. Run 210676, Event 7649791, LumiSection 61 at 17-Jan-2014 16:59:07.953 CST
Begin processing the 11001st record. Run 210676, Event 7992943, LumiSection 61 at 17-Jan-2014 16:59:08.030 CST
Begin processing the 11101st record. Run 210676, Event 7243829, LumiSection 61 at 17-Jan-2014 16:59:08.107 CST
Begin processing the 11201st record. Run 210676, Event 7726949, LumiSection 61 at 17-Jan-2014 16:59:08.183 CST
Begin processing the 11301st record. Run 210676, Event 6971162, LumiSection 61 at 17-Jan-2014 16:59:08.259 CST
Begin processing the 11401st record. Run 210676, Event 7383098, LumiSection 61 at 17-Jan-2014 16:59:08.336 CST
Begin processing the 11501st record. Run 210676, Event 7715978, LumiSection 61 at 17-Jan-2014 16:59:08.412 CST
Begin processing the 11601st record. Run 210676, Event 6905813, LumiSection 61 at 17-Jan-2014 16:59:08.489 CST
Begin processing the 11701st record. Run 210676, Event 7383613, LumiSection 61 at 17-Jan-2014 16:59:08.565 CST
Begin processing the 11801st record. Run 210676, Event 7756197, LumiSection 61 at 17-Jan-2014 16:59:08.642 CST
Begin processing the 11901st record. Run 210676, Event 6979603, LumiSection 61 at 17-Jan-2014 16:59:08.718 CST
Begin processing the 12001st record. Run 210676, Event 7346931, LumiSection 61 at 17-Jan-2014 16:59:08.794 CST
Begin processing the 12101st record. Run 210676, Event 7809907, LumiSection 61 at 17-Jan-2014 16:59:08.871 CST
Begin processing the 12201st record. Run 210676, Event 7014569, LumiSection 61 at 17-Jan-2014 16:59:08.947 CST
Begin processing the 12301st record. Run 210676, Event 7376529, LumiSection 61 at 17-Jan-2014 16:59:09.024 CST
Begin processing the 12401st record. Run 210676, Event 7814657, LumiSection 61 at 17-Jan-2014 16:59:09.101 CST
Begin processing the 12501st record. Run 210676, Event 7084438, LumiSection 61 at 17-Jan-2014 16:59:09.177 CST
Begin processing the 12601st record. Run 210676, Event 7519782, LumiSection 61 at 17-Jan-2014 16:59:09.253 CST
Begin processing the 12701st record. Run 210676, Event 7924238, LumiSection 61 at 17-Jan-2014 16:59:09.330 CST
Begin processing the 12801st record. Run 210676, Event 7195537, LumiSection 61 at 17-Jan-2014 16:59:09.406 CST
Begin processing the 12901st record. Run 210676, Event 7522137, LumiSection 61 at 17-Jan-2014 16:59:09.483 CST
Begin processing the 13001st record. Run 210676, Event 7872801, LumiSection 61 at 17-Jan-2014 16:59:09.559 CST
Begin processing the 13101st record. Run 210676, Event 6951936, LumiSection 61 at 17-Jan-2014 16:59:09.636 CST
Begin processing the 13201st record. Run 210676, Event 7376104, LumiSection 61 at 17-Jan-2014 16:59:09.712 CST
Begin processing the 13301st record. Run 210676, Event 7718760, LumiSection 61 at 17-Jan-2014 16:59:09.789 CST
Begin processing the 13401st record. Run 210676, Event 6955134, LumiSection 61 at 17-Jan-2014 16:59:09.865 CST
Begin processing the 13501st record. Run 210676, Event 7305078, LumiSection 61 at 17-Jan-2014 16:59:09.942 CST
Begin processing the 13601st record. Run 210676, Event 7643806, LumiSection 61 at 17-Jan-2014 16:59:10.018 CST
Begin processing the 13701st record. Run 210676, Event 6854871, LumiSection 61 at 17-Jan-2014 16:59:10.095 CST
Begin processing the 13801st record. Run 210676, Event 7294143, LumiSection 61 at 17-Jan-2014 16:59:10.171 CST
Begin processing the 13901st record. Run 210676, Event 7750183, LumiSection 61 at 17-Jan-2014 16:59:10.247 CST
Begin processing the 14001st record. Run 210676, Event 8065252, LumiSection 62 at 17-Jan-2014 16:59:10.328 CST
Begin processing the 14101st record. Run 210676, Event 8558964, LumiSection 62 at 17-Jan-2014 16:59:10.404 CST
Begin processing the 14201st record. Run 210676, Event 8889252, LumiSection 62 at 17-Jan-2014 16:59:10.480 CST
Begin processing the 14301st record. Run 210676, Event 8130059, LumiSection 62 at 17-Jan-2014 16:59:10.556 CST
Begin processing the 14401st record. Run 210676, Event 8536755, LumiSection 62 at 17-Jan-2014 16:59:10.632 CST
Begin processing the 14501st record. Run 210676, Event 9017611, LumiSection 62 at 17-Jan-2014 16:59:10.708 CST
Begin processing the 14601st record. Run 210676, Event 8223479, LumiSection 62 at 17-Jan-2014 16:59:10.784 CST
Begin processing the 14701st record. Run 210676, Event 8690711, LumiSection 62 at 17-Jan-2014 16:59:10.860 CST
Begin processing the 14801st record. Run 210676, Event 9085479, LumiSection 62 at 17-Jan-2014 16:59:10.936 CST
Begin processing the 14901st record. Run 210676, Event 8277753, LumiSection 62 at 17-Jan-2014 16:59:11.013 CST
Begin processing the 15001st record. Run 210676, Event 8612857, LumiSection 62 at 17-Jan-2014 16:59:11.089 CST
Begin processing the 15101st record. Run 210676, Event 8968545, LumiSection 62 at 17-Jan-2014 16:59:11.165 CST
Begin processing the 15201st record. Run 210676, Event 8150584, LumiSection 62 at 17-Jan-2014 16:59:11.241 CST
Begin processing the 15301st record. Run 210676, Event 8572320, LumiSection 62 at 17-Jan-2014 16:59:11.317 CST
Begin processing the 15401st record. Run 210676, Event 8972488, LumiSection 62 at 17-Jan-2014 16:59:11.393 CST
Begin processing the 15501st record. Run 210676, Event 8229990, LumiSection 62 at 17-Jan-2014 16:59:11.470 CST
Begin processing the 15601st record. Run 210676, Event 8578254, LumiSection 62 at 17-Jan-2014 16:59:11.546 CST
Begin processing the 15701st record. Run 210676, Event 9019262, LumiSection 62 at 17-Jan-2014 16:59:11.622 CST
Begin processing the 15801st record. Run 210676, Event 8166770, LumiSection 62 at 17-Jan-2014 16:59:11.698 CST
Begin processing the 15901st record. Run 210676, Event 8587074, LumiSection 62 at 17-Jan-2014 16:59:11.774 CST
Begin processing the 16001st record. Run 210676, Event 9038618, LumiSection 62 at 17-Jan-2014 16:59:11.852 CST
Begin processing the 16101st record. Run 210676, Event 8235182, LumiSection 62 at 17-Jan-2014 16:59:11.928 CST
Begin processing the 16201st record. Run 210676, Event 8655318, LumiSection 62 at 17-Jan-2014 16:59:12.004 CST
Begin processing the 16301st record. Run 210676, Event 9057046, LumiSection 62 at 17-Jan-2014 16:59:12.080 CST
Begin processing the 16401st record. Run 210676, Event 8320292, LumiSection 62 at 17-Jan-2014 16:59:12.156 CST
Begin processing the 16501st record. Run 210676, Event 8741428, LumiSection 62 at 17-Jan-2014 16:59:12.233 CST
Begin processing the 16601st record. Run 210676, Event 9133452, LumiSection 62 at 17-Jan-2014 16:59:12.309 CST
Begin processing the 16701st record. Run 210676, Event 8289456, LumiSection 62 at 17-Jan-2014 16:59:12.385 CST
Begin processing the 16801st record. Run 210676, Event 8716392, LumiSection 62 at 17-Jan-2014 16:59:12.461 CST
Begin processing the 16901st record. Run 210676, Event 9057856, LumiSection 62 at 17-Jan-2014 16:59:12.537 CST
Begin processing the 17001st record. Run 210676, Event 8314989, LumiSection 62 at 17-Jan-2014 16:59:12.613 CST
Begin processing the 17101st record. Run 210676, Event 8696509, LumiSection 62 at 17-Jan-2014 16:59:12.689 CST
Begin processing the 17201st record. Run 210676, Event 9091653, LumiSection 62 at 17-Jan-2014 16:59:12.766 CST
Begin processing the 17301st record. Run 210676, Event 8267187, LumiSection 62 at 17-Jan-2014 16:59:12.842 CST
Begin processing the 17401st record. Run 210676, Event 8642347, LumiSection 62 at 17-Jan-2014 16:59:12.918 CST
Begin processing the 17501st record. Run 210676, Event 9020867, LumiSection 62 at 17-Jan-2014 16:59:12.994 CST
Begin processing the 17601st record. Run 210676, Event 8198837, LumiSection 62 at 17-Jan-2014 16:59:13.070 CST
Begin processing the 17701st record. Run 210676, Event 8520773, LumiSection 62 at 17-Jan-2014 16:59:13.146 CST
Begin processing the 17801st record. Run 210676, Event 9033213, LumiSection 62 at 17-Jan-2014 16:59:13.222 CST
Begin processing the 17901st record. Run 210676, Event 8240063, LumiSection 62 at 17-Jan-2014 16:59:13.298 CST
Begin processing the 18001st record. Run 210676, Event 8496647, LumiSection 62 at 17-Jan-2014 16:59:13.375 CST
Begin processing the 18101st record. Run 210676, Event 9083063, LumiSection 62 at 17-Jan-2014 16:59:13.451 CST
Begin processing the 18201st record. Run 210676, Event 8279914, LumiSection 62 at 17-Jan-2014 16:59:13.527 CST
Begin processing the 18301st record. Run 210676, Event 8691330, LumiSection 62 at 17-Jan-2014 16:59:13.603 CST
Begin processing the 18401st record. Run 210676, Event 8988378, LumiSection 62 at 17-Jan-2014 16:59:13.679 CST
Begin processing the 18501st record. Run 210676, Event 8120937, LumiSection 62 at 17-Jan-2014 16:59:13.756 CST
Begin processing the 18601st record. Run 210676, Event 8568937, LumiSection 62 at 17-Jan-2014 16:59:13.832 CST
Begin processing the 18701st record. Run 210676, Event 9089377, LumiSection 62 at 17-Jan-2014 16:59:13.908 CST
Begin processing the 18801st record. Run 210676, Event 9467287, LumiSection 63 at 17-Jan-2014 16:59:13.988 CST
Begin processing the 18901st record. Run 210676, Event 9764175, LumiSection 63 at 17-Jan-2014 16:59:14.065 CST
Begin processing the 19001st record. Run 210676, Event 10115239, LumiSection 63 at 17-Jan-2014 16:59:14.141 CST
Begin processing the 19101st record. Run 210676, Event 10406103, LumiSection 63 at 17-Jan-2014 16:59:14.217 CST
Begin processing the 19201st record. Run 210676, Event 9631578, LumiSection 63 at 17-Jan-2014 16:59:14.294 CST
Begin processing the 19301st record. Run 210676, Event 9970850, LumiSection 63 at 17-Jan-2014 16:59:14.370 CST
Begin processing the 19401st record. Run 210676, Event 9245920, LumiSection 63 at 17-Jan-2014 16:59:14.447 CST
Begin processing the 19501st record. Run 210676, Event 9610080, LumiSection 63 at 17-Jan-2014 16:59:14.523 CST
Begin processing the 19601st record. Run 210676, Event 10013304, LumiSection 63 at 17-Jan-2014 16:59:14.600 CST
Begin processing the 19701st record. Run 210676, Event 10425120, LumiSection 63 at 17-Jan-2014 16:59:14.676 CST
Begin processing the 19801st record. Run 210676, Event 9590814, LumiSection 63 at 17-Jan-2014 16:59:14.752 CST
Begin processing the 19901st record. Run 210676, Event 9989990, LumiSection 63 at 17-Jan-2014 16:59:14.829 CST
Begin processing the 20001st record. Run 210676, Event 10409910, LumiSection 63 at 17-Jan-2014 16:59:14.905 CST
Begin processing the 20101st record. Run 210676, Event 9524276, LumiSection 63 at 17-Jan-2014 16:59:14.982 CST
Begin processing the 20201st record. Run 210676, Event 9939084, LumiSection 63 at 17-Jan-2014 16:59:15.058 CST
Begin processing the 20301st record. Run 210676, Event 10422324, LumiSection 63 at 17-Jan-2014 16:59:15.135 CST
Begin processing the 20401st record. Run 210676, Event 9581587, LumiSection 63 at 17-Jan-2014 16:59:15.211 CST
Begin processing the 20501st record. Run 210676, Event 9998947, LumiSection 63 at 17-Jan-2014 16:59:15.288 CST
Begin processing the 20601st record. Run 210676, Event 10398555, LumiSection 63 at 17-Jan-2014 16:59:15.364 CST
Begin processing the 20701st record. Run 210676, Event 9685273, LumiSection 63 at 17-Jan-2014 16:59:15.440 CST
Begin processing the 20801st record. Run 210676, Event 10142529, LumiSection 63 at 17-Jan-2014 16:59:15.517 CST
Begin processing the 20901st record. Run 210676, Event 9356933, LumiSection 63 at 17-Jan-2014 16:59:15.593 CST
Begin processing the 21001st record. Run 210676, Event 9616797, LumiSection 63 at 17-Jan-2014 16:59:15.670 CST
Begin processing the 21101st record. Run 210676, Event 10086725, LumiSection 63 at 17-Jan-2014 16:59:15.746 CST
Begin processing the 21201st record. Run 210676, Event 9276713, LumiSection 63 at 17-Jan-2014 16:59:15.822 CST
Begin processing the 21301st record. Run 210676, Event 9608249, LumiSection 63 at 17-Jan-2014 16:59:15.899 CST
Begin processing the 21401st record. Run 210676, Event 9928193, LumiSection 63 at 17-Jan-2014 16:59:15.975 CST
Begin processing the 21501st record. Run 210676, Event 10396033, LumiSection 63 at 17-Jan-2014 16:59:16.052 CST
Begin processing the 21601st record. Run 210676, Event 9579541, LumiSection 63 at 17-Jan-2014 16:59:16.128 CST
Begin processing the 21701st record. Run 210676, Event 9994965, LumiSection 63 at 17-Jan-2014 16:59:16.205 CST
Begin processing the 21801st record. Run 210676, Event 10337197, LumiSection 63 at 17-Jan-2014 16:59:16.281 CST
Begin processing the 21901st record. Run 210676, Event 9536306, LumiSection 63 at 17-Jan-2014 16:59:16.358 CST
Begin processing the 22001st record. Run 210676, Event 9924666, LumiSection 63 at 17-Jan-2014 16:59:16.434 CST
Begin processing the 22101st record. Run 210676, Event 10287842, LumiSection 63 at 17-Jan-2014 16:59:16.510 CST
Begin processing the 22201st record. Run 210676, Event 9492451, LumiSection 63 at 17-Jan-2014 16:59:16.587 CST
Begin processing the 22301st record. Run 210676, Event 9956307, LumiSection 63 at 17-Jan-2014 16:59:16.663 CST
Begin processing the 22401st record. Run 210676, Event 10429003, LumiSection 63 at 17-Jan-2014 16:59:16.740 CST
Begin processing the 22501st record. Run 210676, Event 9650663, LumiSection 63 at 17-Jan-2014 16:59:16.816 CST
Begin processing the 22601st record. Run 210676, Event 10120183, LumiSection 63 at 17-Jan-2014 16:59:16.893 CST
Begin processing the 22701st record. Run 210676, Event 9291824, LumiSection 63 at 17-Jan-2014 16:59:16.970 CST
Begin processing the 22801st record. Run 210676, Event 9669816, LumiSection 63 at 17-Jan-2014 16:59:17.046 CST
Begin processing the 22901st record. Run 210676, Event 10045016, LumiSection 63 at 17-Jan-2014 16:59:17.123 CST
Begin processing the 23001st record. Run 210676, Event 10401272, LumiSection 63 at 17-Jan-2014 16:59:17.199 CST
Begin processing the 23101st record. Run 210676, Event 9518942, LumiSection 63 at 17-Jan-2014 16:59:17.276 CST
Begin processing the 23201st record. Run 210676, Event 9876814, LumiSection 63 at 17-Jan-2014 16:59:17.352 CST
Begin processing the 23301st record. Run 210676, Event 10269966, LumiSection 63 at 17-Jan-2014 16:59:17.429 CST
Begin processing the 23401st record. Run 210676, Event 9430012, LumiSection 63 at 17-Jan-2014 16:59:17.506 CST
Begin processing the 23501st record. Run 210676, Event 9873772, LumiSection 63 at 17-Jan-2014 16:59:17.582 CST
Begin processing the 23601st record. Run 210676, Event 10317108, LumiSection 63 at 17-Jan-2014 16:59:17.659 CST
Begin processing the 23701st record. Run 210676, Event 10654882, LumiSection 64 at 17-Jan-2014 16:59:17.739 CST
Begin processing the 23801st record. Run 210676, Event 11071930, LumiSection 64 at 17-Jan-2014 16:59:17.816 CST
Begin processing the 23901st record. Run 210676, Event 11526394, LumiSection 64 at 17-Jan-2014 16:59:17.892 CST
Begin processing the 24001st record. Run 210676, Event 10606415, LumiSection 64 at 17-Jan-2014 16:59:17.969 CST
Begin processing the 24101st record. Run 210676, Event 10965639, LumiSection 64 at 17-Jan-2014 16:59:18.045 CST
Begin processing the 24201st record. Run 210676, Event 11445511, LumiSection 64 at 17-Jan-2014 16:59:18.122 CST
Begin processing the 24301st record. Run 210676, Event 11798831, LumiSection 64 at 17-Jan-2014 16:59:18.199 CST
Begin processing the 24401st record. Run 210676, Event 10852110, LumiSection 64 at 17-Jan-2014 16:59:18.276 CST
Begin processing the 24501st record. Run 210676, Event 11235502, LumiSection 64 at 17-Jan-2014 16:59:18.352 CST
Begin processing the 24601st record. Run 210676, Event 11640774, LumiSection 64 at 17-Jan-2014 16:59:18.429 CST
Begin processing the 24701st record. Run 210676, Event 10692558, LumiSection 64 at 17-Jan-2014 16:59:18.505 CST
Begin processing the 24801st record. Run 210676, Event 11215110, LumiSection 64 at 17-Jan-2014 16:59:18.582 CST
Begin processing the 24901st record. Run 210676, Event 11599422, LumiSection 64 at 17-Jan-2014 16:59:18.660 CST
Begin processing the 25001st record. Run 210676, Event 10629231, LumiSection 64 at 17-Jan-2014 16:59:18.736 CST
Begin processing the 25101st record. Run 210676, Event 11124015, LumiSection 64 at 17-Jan-2014 16:59:18.813 CST
Begin processing the 25201st record. Run 210676, Event 11625079, LumiSection 64 at 17-Jan-2014 16:59:18.890 CST
Begin processing the 25301st record. Run 210676, Event 10753773, LumiSection 64 at 17-Jan-2014 16:59:18.966 CST
Begin processing the 25401st record. Run 210676, Event 11176821, LumiSection 64 at 17-Jan-2014 16:59:19.043 CST
Begin processing the 25501st record. Run 210676, Event 11603741, LumiSection 64 at 17-Jan-2014 16:59:19.121 CST
Begin processing the 25601st record. Run 210676, Event 10683120, LumiSection 64 at 17-Jan-2014 16:59:19.197 CST
Begin processing the 25701st record. Run 210676, Event 11088448, LumiSection 64 at 17-Jan-2014 16:59:19.274 CST
Begin processing the 25801st record. Run 210676, Event 11447376, LumiSection 64 at 17-Jan-2014 16:59:19.350 CST
Begin processing the 25901st record. Run 210676, Event 10517208, LumiSection 64 at 17-Jan-2014 16:59:19.426 CST
Begin processing the 26001st record. Run 210676, Event 10990480, LumiSection 64 at 17-Jan-2014 16:59:19.502 CST
Begin processing the 26101st record. Run 210676, Event 11289504, LumiSection 64 at 17-Jan-2014 16:59:19.578 CST
Begin processing the 26201st record. Run 210676, Event 10524297, LumiSection 64 at 17-Jan-2014 16:59:19.654 CST
Begin processing the 26301st record. Run 210676, Event 10921945, LumiSection 64 at 17-Jan-2014 16:59:19.731 CST
Begin processing the 26401st record. Run 210676, Event 11525153, LumiSection 64 at 17-Jan-2014 16:59:19.807 CST
Begin processing the 26501st record. Run 210676, Event 10551091, LumiSection 64 at 17-Jan-2014 16:59:19.883 CST
Begin processing the 26601st record. Run 210676, Event 10944491, LumiSection 64 at 17-Jan-2014 16:59:19.959 CST
Begin processing the 26701st record. Run 210676, Event 11358523, LumiSection 64 at 17-Jan-2014 16:59:20.035 CST
Begin processing the 26801st record. Run 210676, Event 11750355, LumiSection 64 at 17-Jan-2014 16:59:20.111 CST
Begin processing the 26901st record. Run 210676, Event 10796452, LumiSection 64 at 17-Jan-2014 16:59:20.187 CST
Begin processing the 27001st record. Run 210676, Event 11295316, LumiSection 64 at 17-Jan-2014 16:59:20.263 CST
Begin processing the 27101st record. Run 210676, Event 11693380, LumiSection 64 at 17-Jan-2014 16:59:20.340 CST
Begin processing the 27201st record. Run 210676, Event 10691587, LumiSection 64 at 17-Jan-2014 16:59:20.416 CST
Begin processing the 27301st record. Run 210676, Event 11164371, LumiSection 64 at 17-Jan-2014 16:59:20.492 CST
Begin processing the 27401st record. Run 210676, Event 11618171, LumiSection 64 at 17-Jan-2014 16:59:20.568 CST
Begin processing the 27501st record. Run 210676, Event 10659333, LumiSection 64 at 17-Jan-2014 16:59:20.644 CST
Begin processing the 27601st record. Run 210676, Event 11118733, LumiSection 64 at 17-Jan-2014 16:59:20.720 CST
Begin processing the 27701st record. Run 210676, Event 11522501, LumiSection 64 at 17-Jan-2014 16:59:20.796 CST
Begin processing the 27801st record. Run 210676, Event 10619444, LumiSection 64 at 17-Jan-2014 16:59:20.872 CST
Begin processing the 27901st record. Run 210676, Event 10966588, LumiSection 64 at 17-Jan-2014 16:59:20.949 CST
Begin processing the 28001st record. Run 210676, Event 11437724, LumiSection 64 at 17-Jan-2014 16:59:21.025 CST
Begin processing the 28101st record. Run 210676, Event 10554577, LumiSection 64 at 17-Jan-2014 16:59:21.101 CST
Begin processing the 28201st record. Run 210676, Event 10936137, LumiSection 64 at 17-Jan-2014 16:59:21.177 CST
Begin processing the 28301st record. Run 210676, Event 11284697, LumiSection 64 at 17-Jan-2014 16:59:21.253 CST
Begin processing the 28401st record. Run 210676, Event 11704985, LumiSection 64 at 17-Jan-2014 16:59:21.329 CST
Begin processing the 28501st record. Run 210676, Event 10623106, LumiSection 64 at 17-Jan-2014 16:59:21.405 CST
Begin processing the 28601st record. Run 210676, Event 11082930, LumiSection 64 at 17-Jan-2014 16:59:21.481 CST
Begin processing the 28701st record. Run 210676, Event 11492498, LumiSection 64 at 17-Jan-2014 16:59:21.558 CST
Begin processing the 28801st record. Run 210676, Event 11909841, LumiSection 65 at 17-Jan-2014 16:59:21.638 CST
Begin processing the 28901st record. Run 210676, Event 12364793, LumiSection 65 at 17-Jan-2014 16:59:21.714 CST
Begin processing the 29001st record. Run 210676, Event 12789311, LumiSection 65 at 17-Jan-2014 16:59:21.791 CST
Begin processing the 29101st record. Run 210676, Event 13182263, LumiSection 65 at 17-Jan-2014 16:59:21.870 CST
Begin processing the 29201st record. Run 210676, Event 12271057, LumiSection 65 at 17-Jan-2014 16:59:21.947 CST
Begin processing the 29301st record. Run 210676, Event 12795519, LumiSection 65 at 17-Jan-2014 16:59:22.023 CST
Begin processing the 29401st record. Run 210676, Event 13190783, LumiSection 65 at 17-Jan-2014 16:59:22.101 CST
Begin processing the 29501st record. Run 210676, Event 12236932, LumiSection 65 at 17-Jan-2014 16:59:22.177 CST
Begin processing the 29601st record. Run 210676, Event 12670266, LumiSection 65 at 17-Jan-2014 16:59:22.253 CST
Begin processing the 29701st record. Run 210676, Event 13144818, LumiSection 65 at 17-Jan-2014 16:59:22.330 CST
Begin processing the 29801st record. Run 210676, Event 12194957, LumiSection 65 at 17-Jan-2014 16:59:22.406 CST
Begin processing the 29901st record. Run 210676, Event 12631075, LumiSection 65 at 17-Jan-2014 16:59:22.482 CST
Begin processing the 30001st record. Run 210676, Event 13055931, LumiSection 65 at 17-Jan-2014 16:59:22.559 CST
Begin processing the 30101st record. Run 210676, Event 12095736, LumiSection 65 at 17-Jan-2014 16:59:22.636 CST
Begin processing the 30201st record. Run 210676, Event 12517680, LumiSection 65 at 17-Jan-2014 16:59:22.713 CST
Begin processing the 30301st record. Run 210676, Event 12918398, LumiSection 65 at 17-Jan-2014 16:59:22.789 CST
Begin processing the 30401st record. Run 210676, Event 11944122, LumiSection 65 at 17-Jan-2014 16:59:22.865 CST
Begin processing the 30501st record. Run 210676, Event 12425218, LumiSection 65 at 17-Jan-2014 16:59:22.941 CST
Begin processing the 30601st record. Run 210676, Event 12928736, LumiSection 65 at 17-Jan-2014 16:59:23.018 CST
Begin processing the 30701st record. Run 210676, Event 12007202, LumiSection 65 at 17-Jan-2014 16:59:23.094 CST
Begin processing the 30801st record. Run 210676, Event 12232690, LumiSection 65 at 17-Jan-2014 16:59:23.171 CST
Begin processing the 30901st record. Run 210676, Event 12752000, LumiSection 65 at 17-Jan-2014 16:59:23.247 CST
Begin processing the 31001st record. Run 210676, Event 13183000, LumiSection 65 at 17-Jan-2014 16:59:23.324 CST
Begin processing the 31101st record. Run 210676, Event 12280750, LumiSection 65 at 17-Jan-2014 16:59:23.400 CST
Begin processing the 31201st record. Run 210676, Event 12788444, LumiSection 65 at 17-Jan-2014 16:59:23.476 CST
Begin processing the 31301st record. Run 210676, Event 13087772, LumiSection 65 at 17-Jan-2014 16:59:23.553 CST
Begin processing the 31401st record. Run 210676, Event 12206639, LumiSection 65 at 17-Jan-2014 16:59:23.630 CST
Begin processing the 31501st record. Run 210676, Event 12638533, LumiSection 65 at 17-Jan-2014 16:59:23.706 CST
Begin processing the 31601st record. Run 210676, Event 13070733, LumiSection 65 at 17-Jan-2014 16:59:23.782 CST
Begin processing the 31701st record. Run 210676, Event 12069806, LumiSection 65 at 17-Jan-2014 16:59:23.859 CST
Begin processing the 31801st record. Run 210676, Event 12461454, LumiSection 65 at 17-Jan-2014 16:59:23.935 CST
Begin processing the 31901st record. Run 210676, Event 12914548, LumiSection 65 at 17-Jan-2014 16:59:24.011 CST
Begin processing the 32001st record. Run 210676, Event 11977051, LumiSection 65 at 17-Jan-2014 16:59:24.088 CST
Begin processing the 32101st record. Run 210676, Event 12402747, LumiSection 65 at 17-Jan-2014 16:59:24.165 CST
Begin processing the 32201st record. Run 210676, Event 12803121, LumiSection 65 at 17-Jan-2014 16:59:24.241 CST
Begin processing the 32301st record. Run 210676, Event 13170137, LumiSection 65 at 17-Jan-2014 16:59:24.317 CST
Begin processing the 32401st record. Run 210676, Event 12238979, LumiSection 65 at 17-Jan-2014 16:59:24.394 CST
Begin processing the 32501st record. Run 210676, Event 12624593, LumiSection 65 at 17-Jan-2014 16:59:24.470 CST
Begin processing the 32601st record. Run 210676, Event 13140425, LumiSection 65 at 17-Jan-2014 16:59:24.546 CST
Begin processing the 32701st record. Run 210676, Event 12222264, LumiSection 65 at 17-Jan-2014 16:59:24.623 CST
Begin processing the 32801st record. Run 210676, Event 12697966, LumiSection 65 at 17-Jan-2014 16:59:24.699 CST
Begin processing the 32901st record. Run 210676, Event 13178590, LumiSection 65 at 17-Jan-2014 16:59:24.776 CST
Begin processing the 33001st record. Run 210676, Event 12186284, LumiSection 65 at 17-Jan-2014 16:59:24.852 CST
Begin processing the 33101st record. Run 210676, Event 12620868, LumiSection 65 at 17-Jan-2014 16:59:24.929 CST
Begin processing the 33201st record. Run 210676, Event 13145882, LumiSection 65 at 17-Jan-2014 16:59:25.005 CST
Begin processing the 33301st record. Run 210676, Event 12240551, LumiSection 65 at 17-Jan-2014 16:59:25.082 CST
Begin processing the 33401st record. Run 210676, Event 12785685, LumiSection 65 at 17-Jan-2014 16:59:25.158 CST
Begin processing the 33501st record. Run 210676, Event 11845645, LumiSection 65 at 17-Jan-2014 16:59:25.234 CST
Begin processing the 33601st record. Run 210676, Event 12255061, LumiSection 65 at 17-Jan-2014 16:59:25.312 CST
Begin processing the 33701st record. Run 210676, Event 12728475, LumiSection 65 at 17-Jan-2014 16:59:25.397 CST
Begin processing the 33801st record. Run 210676, Event 13193468, LumiSection 66 at 17-Jan-2014 16:59:25.478 CST
Begin processing the 33901st record. Run 210676, Event 13611276, LumiSection 66 at 17-Jan-2014 16:59:25.554 CST
Begin processing the 34001st record. Run 210676, Event 14123948, LumiSection 66 at 17-Jan-2014 16:59:25.662 CST
Begin processing the 34101st record. Run 210676, Event 14494460, LumiSection 66 at 17-Jan-2014 16:59:25.773 CST
Begin processing the 34201st record. Run 210676, Event 13484766, LumiSection 66 at 17-Jan-2014 16:59:25.885 CST
Begin processing the 34301st record. Run 210676, Event 13947414, LumiSection 66 at 17-Jan-2014 16:59:25.997 CST
Begin processing the 34401st record. Run 210676, Event 14395830, LumiSection 66 at 17-Jan-2014 16:59:26.094 CST
Begin processing the 34501st record. Run 210676, Event 13406970, LumiSection 66 at 17-Jan-2014 16:59:26.171 CST
Begin processing the 34601st record. Run 210676, Event 13975050, LumiSection 66 at 17-Jan-2014 16:59:26.247 CST
Begin processing the 34701st record. Run 210676, Event 14430298, LumiSection 66 at 17-Jan-2014 16:59:26.323 CST
Begin processing the 34801st record. Run 210676, Event 13461139, LumiSection 66 at 17-Jan-2014 16:59:26.400 CST
Begin processing the 34901st record. Run 210676, Event 13953363, LumiSection 66 at 17-Jan-2014 16:59:26.476 CST
Begin processing the 35001st record. Run 210676, Event 14414267, LumiSection 66 at 17-Jan-2014 16:59:26.552 CST
Begin processing the 35101st record. Run 210676, Event 13472761, LumiSection 66 at 17-Jan-2014 16:59:26.629 CST
Begin processing the 35201st record. Run 210676, Event 13945193, LumiSection 66 at 17-Jan-2014 16:59:26.705 CST
Begin processing the 35301st record. Run 210676, Event 14411521, LumiSection 66 at 17-Jan-2014 16:59:26.781 CST
Begin processing the 35401st record. Run 210676, Event 13406771, LumiSection 66 at 17-Jan-2014 16:59:26.859 CST
Begin processing the 35501st record. Run 210676, Event 13847227, LumiSection 66 at 17-Jan-2014 16:59:26.935 CST
Begin processing the 35601st record. Run 210676, Event 14318171, LumiSection 66 at 17-Jan-2014 16:59:27.012 CST
Begin processing the 35701st record. Run 210676, Event 13386071, LumiSection 66 at 17-Jan-2014 16:59:27.088 CST
Begin processing the 35801st record. Run 210676, Event 13797255, LumiSection 66 at 17-Jan-2014 16:59:27.164 CST
Begin processing the 35901st record. Run 210676, Event 14193471, LumiSection 66 at 17-Jan-2014 16:59:27.241 CST
Begin processing the 36001st record. Run 210676, Event 13263985, LumiSection 66 at 17-Jan-2014 16:59:27.317 CST
Begin processing the 36101st record. Run 210676, Event 13677457, LumiSection 66 at 17-Jan-2014 16:59:27.393 CST
Begin processing the 36201st record. Run 210676, Event 14183865, LumiSection 66 at 17-Jan-2014 16:59:27.470 CST
Begin processing the 36301st record. Run 210676, Event 13202582, LumiSection 66 at 17-Jan-2014 16:59:27.546 CST
Begin processing the 36401st record. Run 210676, Event 13615390, LumiSection 66 at 17-Jan-2014 16:59:27.622 CST
Begin processing the 36501st record. Run 210676, Event 14006054, LumiSection 66 at 17-Jan-2014 16:59:27.698 CST
Begin processing the 36601st record. Run 210676, Event 14428046, LumiSection 66 at 17-Jan-2014 16:59:27.775 CST
Begin processing the 36701st record. Run 210676, Event 13488863, LumiSection 66 at 17-Jan-2014 16:59:27.851 CST
Begin processing the 36801st record. Run 210676, Event 13896991, LumiSection 66 at 17-Jan-2014 16:59:27.928 CST
Begin processing the 36901st record. Run 210676, Event 14337975, LumiSection 66 at 17-Jan-2014 16:59:28.004 CST
Begin processing the 37001st record. Run 210676, Event 13401796, LumiSection 66 at 17-Jan-2014 16:59:28.080 CST
Begin processing the 37101st record. Run 210676, Event 13827900, LumiSection 66 at 17-Jan-2014 16:59:28.157 CST
Begin processing the 37201st record. Run 210676, Event 14193004, LumiSection 66 at 17-Jan-2014 16:59:28.233 CST
Begin processing the 37301st record. Run 210676, Event 14551964, LumiSection 66 at 17-Jan-2014 16:59:28.309 CST
Begin processing the 37401st record. Run 210676, Event 13652605, LumiSection 66 at 17-Jan-2014 16:59:28.385 CST
Begin processing the 37501st record. Run 210676, Event 14081661, LumiSection 66 at 17-Jan-2014 16:59:28.462 CST
Begin processing the 37601st record. Run 210676, Event 14484069, LumiSection 66 at 17-Jan-2014 16:59:28.538 CST
Begin processing the 37701st record. Run 210676, Event 13373616, LumiSection 66 at 17-Jan-2014 16:59:28.614 CST
Begin processing the 37801st record. Run 210676, Event 13773536, LumiSection 66 at 17-Jan-2014 16:59:28.691 CST
Begin processing the 37901st record. Run 210676, Event 14417856, LumiSection 66 at 17-Jan-2014 16:59:28.767 CST
Begin processing the 38001st record. Run 210676, Event 13514424, LumiSection 66 at 17-Jan-2014 16:59:28.843 CST
Begin processing the 38101st record. Run 210676, Event 13988368, LumiSection 66 at 17-Jan-2014 16:59:28.920 CST
Begin processing the 38201st record. Run 210676, Event 14432696, LumiSection 66 at 17-Jan-2014 16:59:28.996 CST
Begin processing the 38301st record. Run 210676, Event 13369842, LumiSection 66 at 17-Jan-2014 16:59:29.073 CST
Begin processing the 38401st record. Run 210676, Event 13742794, LumiSection 66 at 17-Jan-2014 16:59:29.149 CST
Begin processing the 38501st record. Run 210676, Event 14131306, LumiSection 66 at 17-Jan-2014 16:59:29.225 CST
Begin processing the 38601st record. Run 210676, Event 14554050, LumiSection 66 at 17-Jan-2014 16:59:29.302 CST
Begin processing the 38701st record. Run 210676, Event 13597037, LumiSection 66 at 17-Jan-2014 16:59:29.378 CST
Begin processing the 38801st record. Run 210676, Event 14004909, LumiSection 66 at 17-Jan-2014 16:59:29.454 CST
Begin processing the 38901st record. Run 210676, Event 14426621, LumiSection 66 at 17-Jan-2014 16:59:29.531 CST
Begin processing the 39001st record. Run 210676, Event 14830087, LumiSection 67 at 17-Jan-2014 16:59:29.611 CST
Begin processing the 39101st record. Run 210676, Event 15351479, LumiSection 67 at 17-Jan-2014 16:59:29.687 CST
Begin processing the 39201st record. Run 210676, Event 14723608, LumiSection 67 at 17-Jan-2014 16:59:29.764 CST
Begin processing the 39301st record. Run 210676, Event 15089736, LumiSection 67 at 17-Jan-2014 16:59:29.841 CST
Begin processing the 39401st record. Run 210676, Event 14646574, LumiSection 67 at 17-Jan-2014 16:59:29.917 CST
Begin processing the 39501st record. Run 210676, Event 15130590, LumiSection 67 at 17-Jan-2014 16:59:29.994 CST
Begin processing the 39601st record. Run 210676, Event 14608137, LumiSection 67 at 17-Jan-2014 16:59:30.071 CST
Begin processing the 39701st record. Run 210676, Event 15091249, LumiSection 67 at 17-Jan-2014 16:59:30.147 CST
Begin processing the 39801st record. Run 210676, Event 14610455, LumiSection 67 at 17-Jan-2014 16:59:30.224 CST
Begin processing the 39901st record. Run 210676, Event 15010287, LumiSection 67 at 17-Jan-2014 16:59:30.300 CST
Begin processing the 40001st record. Run 210676, Event 15431855, LumiSection 67 at 17-Jan-2014 16:59:30.377 CST
Begin processing the 40101st record. Run 210676, Event 14823129, LumiSection 67 at 17-Jan-2014 16:59:30.453 CST
Begin processing the 40201st record. Run 210676, Event 15242777, LumiSection 67 at 17-Jan-2014 16:59:30.530 CST
Begin processing the 40301st record. Run 210676, Event 14743084, LumiSection 67 at 17-Jan-2014 16:59:30.606 CST
Begin processing the 40401st record. Run 210676, Event 15192604, LumiSection 67 at 17-Jan-2014 16:59:30.683 CST
Begin processing the 40501st record. Run 210676, Event 14647861, LumiSection 67 at 17-Jan-2014 16:59:30.760 CST
Begin processing the 40601st record. Run 210676, Event 15112165, LumiSection 67 at 17-Jan-2014 16:59:30.836 CST
Begin processing the 40701st record. Run 210676, Event 14636364, LumiSection 67 at 17-Jan-2014 16:59:30.913 CST
Begin processing the 40801st record. Run 210676, Event 15056660, LumiSection 67 at 17-Jan-2014 16:59:30.989 CST
Begin processing the 40901st record. Run 210676, Event 15408036, LumiSection 67 at 17-Jan-2014 16:59:31.066 CST
Begin processing the 41001st record. Run 210676, Event 14762682, LumiSection 67 at 17-Jan-2014 16:59:31.142 CST
Begin processing the 41101st record. Run 210676, Event 15224546, LumiSection 67 at 17-Jan-2014 16:59:31.219 CST
Begin processing the 41201st record. Run 210676, Event 14640158, LumiSection 67 at 17-Jan-2014 16:59:31.296 CST
Begin processing the 41301st record. Run 210676, Event 15024118, LumiSection 67 at 17-Jan-2014 16:59:31.372 CST
Begin processing the 41401st record. Run 210676, Event 15391310, LumiSection 67 at 17-Jan-2014 16:59:31.449 CST
Begin processing the 41501st record. Run 210676, Event 14835522, LumiSection 67 at 17-Jan-2014 16:59:31.525 CST
Begin processing the 41601st record. Run 210676, Event 15241002, LumiSection 67 at 17-Jan-2014 16:59:31.602 CST
Begin processing the 41701st record. Run 210676, Event 14613835, LumiSection 67 at 17-Jan-2014 16:59:31.679 CST
Begin processing the 41801st record. Run 210676, Event 15013675, LumiSection 67 at 17-Jan-2014 16:59:31.755 CST
Begin processing the 41901st record. Run 210676, Event 15401891, LumiSection 67 at 17-Jan-2014 16:59:31.833 CST
Begin processing the 42001st record. Run 210676, Event 14893477, LumiSection 67 at 17-Jan-2014 16:59:31.910 CST
Begin processing the 42101st record. Run 210676, Event 15311021, LumiSection 67 at 17-Jan-2014 16:59:31.986 CST
Begin processing the 42201st record. Run 210676, Event 14616971, LumiSection 67 at 17-Jan-2014 16:59:32.063 CST
Begin processing the 42301st record. Run 210676, Event 15020859, LumiSection 67 at 17-Jan-2014 16:59:32.140 CST
Begin processing the 42401st record. Run 210676, Event 15428611, LumiSection 67 at 17-Jan-2014 16:59:32.216 CST
Begin processing the 42501st record. Run 210676, Event 14825152, LumiSection 67 at 17-Jan-2014 16:59:32.293 CST
Begin processing the 42601st record. Run 210676, Event 15251456, LumiSection 67 at 17-Jan-2014 16:59:32.370 CST

 First pass: zVertexEventSelected = -0.0761273, zAtECal = 1.42535, zCorrected = 1.50148, thetaForZEqualsZero = 0.735594, thetaCorrected = 0.709785, zCorrectedEta = 0.992678, uncorrected Eta = 0.953653
 First pass: zVertexEventSelected = -0.0761273, zAtECal = 1.53981, zCorrected = 1.61594, thetaForZEqualsZero = 0.697349, thetaCorrected = 0.673703, zCorrectedEta = 1.04926, uncorrected Eta = 1.0119
 First pass: zVertexEventSelected = -0.0761273, zAtECal = -1.86063, zCorrected = -1.7845, thetaForZEqualsZero = 2.53537, thetaCorrected = 2.51567, zCorrectedEta = -1.12826, uncorrected Eta = -1.16235
 First pass: zVertexEventSelected = -0.0761273, zAtECal = -2.24531, zCorrected = -2.16919, thetaForZEqualsZero = 2.62011, thetaCorrected = 2.60508, zCorrectedEta = -1.29142, uncorrected Eta = -1.3212
 First pass: zVertexEventSelected = -0.0761273, zAtECal = -0.941708, zCorrected = -0.86558, thetaForZEqualsZero = 2.20138, thetaCorrected = 2.16179, zCorrectedEta = -0.628741, uncorrected Eta = -0.677075
 First pass: zVertexEventSelected = -0.0761273, zAtECal = 0.485259, zCorrected = 0.561386, thetaForZEqualsZero = 1.211, thetaCorrected = 1.16033, zCorrectedEta = 0.4225, uncorrected Eta = 0.36782
 First pass: zVertexEventSelected = -0.0761273, zAtECal = -0.0155766, zCorrected = 0.0605508, thetaForZEqualsZero = 1.58287, thetaCorrected = 1.52389, zCorrectedEta = 0.0469214, uncorrected Eta = -0.0120746
 First pass: zVertexEventSelected = -0.0761273, zAtECal = 0.957095, zCorrected = 1.03322, thetaForZEqualsZero = 0.932477, thetaCorrected = 0.895478, zCorrectedEta = 0.733408, uncorrected Eta = 0.686682
 First pass: zVertexEventSelected = -0.0761273, zAtECal = -0.741202, zCorrected = -0.665074, thetaForZEqualsZero = 2.09231, thetaCorrected = 2.04682, zCorrectedEta = -0.495087, uncorrected Eta = -0.546901
 First pass: zVertexEventSelected = -0.0761273, zAtECal = -0.301536, zCorrected = -0.225409, thetaForZEqualsZero = 1.80042, thetaCorrected = 1.74379, zCorrectedEta = -0.173858, uncorrected Eta = -0.231671
Begin processing the 42701st record. Run 210676, Event 15604398, LumiSection 68 at 17-Jan-2014 16:59:36.007 CST
Begin processing the 42801st record. Run 210676, Event 15595402, LumiSection 68 at 17-Jan-2014 16:59:39.080 CST
Begin processing the 42901st record. Run 210676, Event 15607974, LumiSection 68 at 17-Jan-2014 16:59:41.152 CST
Begin processing the 43001st record. Run 210676, Event 15593735, LumiSection 68 at 17-Jan-2014 16:59:43.164 CST
Begin processing the 43101st record. Run 210676, Event 15719787, LumiSection 69 at 17-Jan-2014 16:59:44.703 CST
Begin processing the 43201st record. Run 210676, Event 16031051, LumiSection 69 at 17-Jan-2014 16:59:46.382 CST
Begin processing the 43301st record. Run 210676, Event 16338397, LumiSection 69 at 17-Jan-2014 16:59:48.246 CST
Begin processing the 43401st record. Run 210676, Event 16640925, LumiSection 69 at 17-Jan-2014 16:59:50.147 CST
Begin processing the 43501st record. Run 210676, Event 15823118, LumiSection 69 at 17-Jan-2014 16:59:53.503 CST
Begin processing the 43601st record. Run 210676, Event 16113174, LumiSection 69 at 17-Jan-2014 16:59:55.170 CST
Begin processing the 43701st record. Run 210676, Event 16452104, LumiSection 69 at 17-Jan-2014 16:59:58.451 CST
Begin processing the 43801st record. Run 210676, Event 16725328, LumiSection 69 at 17-Jan-2014 17:00:02.857 CST
Begin processing the 43901st record. Run 210676, Event 15926648, LumiSection 69 at 17-Jan-2014 17:00:05.807 CST
Begin processing the 44001st record. Run 210676, Event 16230848, LumiSection 69 at 17-Jan-2014 17:00:07.863 CST
Begin processing the 44101st record. Run 210676, Event 16548098, LumiSection 69 at 17-Jan-2014 17:00:09.158 CST
Begin processing the 44201st record. Run 210676, Event 15800091, LumiSection 69 at 17-Jan-2014 17:00:10.806 CST
Begin processing the 44301st record. Run 210676, Event 16100027, LumiSection 69 at 17-Jan-2014 17:00:12.487 CST
Begin processing the 44401st record. Run 210676, Event 16426813, LumiSection 69 at 17-Jan-2014 17:00:15.453 CST
Begin processing the 44501st record. Run 210676, Event 15675749, LumiSection 69 at 17-Jan-2014 17:00:21.804 CST
Begin processing the 44601st record. Run 210676, Event 15984789, LumiSection 69 at 17-Jan-2014 17:00:23.346 CST
Begin processing the 44701st record. Run 210676, Event 16323599, LumiSection 69 at 17-Jan-2014 17:00:25.248 CST
Begin processing the 44801st record. Run 210676, Event 16678103, LumiSection 69 at 17-Jan-2014 17:00:26.947 CST
Begin processing the 44901st record. Run 210676, Event 15890532, LumiSection 69 at 17-Jan-2014 17:00:28.532 CST
Begin processing the 45001st record. Run 210676, Event 16154716, LumiSection 69 at 17-Jan-2014 17:00:30.058 CST
Begin processing the 45101st record. Run 210676, Event 16464646, LumiSection 69 at 17-Jan-2014 17:00:31.329 CST
Begin processing the 45201st record. Run 210676, Event 15675111, LumiSection 69 at 17-Jan-2014 17:00:34.693 CST
Begin processing the 45301st record. Run 210676, Event 16029007, LumiSection 69 at 17-Jan-2014 17:00:36.168 CST
Begin processing the 45401st record. Run 210676, Event 16314761, LumiSection 69 at 17-Jan-2014 17:00:37.649 CST
Begin processing the 45501st record. Run 210676, Event 16666121, LumiSection 69 at 17-Jan-2014 17:00:38.777 CST
Begin processing the 45601st record. Run 210676, Event 15862081, LumiSection 69 at 17-Jan-2014 17:00:40.178 CST
Begin processing the 45701st record. Run 210676, Event 16221353, LumiSection 69 at 17-Jan-2014 17:00:42.262 CST
Begin processing the 45801st record. Run 210676, Event 16566555, LumiSection 69 at 17-Jan-2014 17:00:44.146 CST
Begin processing the 45901st record. Run 210676, Event 15789222, LumiSection 69 at 17-Jan-2014 17:00:46.649 CST
Begin processing the 46001st record. Run 210676, Event 16023854, LumiSection 69 at 17-Jan-2014 17:00:47.925 CST
Begin processing the 46101st record. Run 210676, Event 16320384, LumiSection 69 at 17-Jan-2014 17:00:50.859 CST
Begin processing the 46201st record. Run 210676, Event 16605896, LumiSection 69 at 17-Jan-2014 17:00:52.397 CST
Begin processing the 46301st record. Run 210676, Event 15792977, LumiSection 69 at 17-Jan-2014 17:00:54.335 CST
Begin processing the 46401st record. Run 210676, Event 16082473, LumiSection 69 at 17-Jan-2014 17:00:55.645 CST
Begin processing the 46501st record. Run 210676, Event 16380219, LumiSection 69 at 17-Jan-2014 17:00:57.037 CST
Begin processing the 46601st record. Run 210676, Event 16732323, LumiSection 69 at 17-Jan-2014 17:00:58.500 CST
Begin processing the 46701st record. Run 210676, Event 16016101, LumiSection 69 at 17-Jan-2014 17:00:59.789 CST
Begin processing the 46801st record. Run 210676, Event 16378279, LumiSection 69 at 17-Jan-2014 17:01:02.968 CST
Begin processing the 46901st record. Run 210676, Event 16656335, LumiSection 69 at 17-Jan-2014 17:01:04.847 CST
Begin processing the 47001st record. Run 210676, Event 15850780, LumiSection 69 at 17-Jan-2014 17:01:06.647 CST
Begin processing the 47101st record. Run 210676, Event 16208276, LumiSection 69 at 17-Jan-2014 17:01:07.642 CST
Begin processing the 47201st record. Run 210676, Event 16485558, LumiSection 69 at 17-Jan-2014 17:01:09.366 CST
Begin processing the 47301st record. Run 210676, Event 15723352, LumiSection 69 at 17-Jan-2014 17:01:10.458 CST
Begin processing the 47401st record. Run 210676, Event 15983376, LumiSection 69 at 17-Jan-2014 17:01:11.719 CST
Begin processing the 47501st record. Run 210676, Event 16272522, LumiSection 69 at 17-Jan-2014 17:01:12.734 CST
Begin processing the 47601st record. Run 210676, Event 16535242, LumiSection 69 at 17-Jan-2014 17:01:13.810 CST
Begin processing the 47701st record. Run 210676, Event 15815826, LumiSection 69 at 17-Jan-2014 17:01:14.708 CST
Begin processing the 47801st record. Run 210676, Event 16051274, LumiSection 69 at 17-Jan-2014 17:01:15.997 CST
Begin processing the 47901st record. Run 210676, Event 16322740, LumiSection 69 at 17-Jan-2014 17:01:16.950 CST
Begin processing the 48001st record. Run 210676, Event 16658588, LumiSection 69 at 17-Jan-2014 17:01:18.666 CST
Begin processing the 48101st record. Run 210676, Event 15836146, LumiSection 69 at 17-Jan-2014 17:01:20.686 CST
Begin processing the 48201st record. Run 210676, Event 16170834, LumiSection 69 at 17-Jan-2014 17:01:23.052 CST
Begin processing the 48301st record. Run 210676, Event 16484116, LumiSection 69 at 17-Jan-2014 17:01:24.860 CST
Begin processing the 48401st record. Run 210676, Event 15698159, LumiSection 69 at 17-Jan-2014 17:01:27.278 CST
Begin processing the 48501st record. Run 210676, Event 16000871, LumiSection 69 at 17-Jan-2014 17:01:28.895 CST
Begin processing the 48601st record. Run 210676, Event 16319201, LumiSection 69 at 17-Jan-2014 17:01:30.327 CST
Begin processing the 48701st record. Run 210676, Event 16615777, LumiSection 69 at 17-Jan-2014 17:01:31.380 CST
Begin processing the 48801st record. Run 210676, Event 16880135, LumiSection 70 at 17-Jan-2014 17:01:32.522 CST
Begin processing the 48901st record. Run 210676, Event 17165423, LumiSection 70 at 17-Jan-2014 17:01:33.699 CST
Begin processing the 49001st record. Run 210676, Event 17430911, LumiSection 70 at 17-Jan-2014 17:01:35.056 CST
Begin processing the 49101st record. Run 210676, Event 17768623, LumiSection 70 at 17-Jan-2014 17:01:36.093 CST
Begin processing the 49201st record. Run 210676, Event 18058399, LumiSection 70 at 17-Jan-2014 17:01:39.330 CST
Begin processing the 49301st record. Run 210676, Event 16925791, LumiSection 70 at 17-Jan-2014 17:01:41.128 CST
Begin processing the 49401st record. Run 210676, Event 17234311, LumiSection 70 at 17-Jan-2014 17:01:47.422 CST
Begin processing the 49501st record. Run 210676, Event 17521927, LumiSection 70 at 17-Jan-2014 17:02:05.701 CST
Begin processing the 49601st record. Run 210676, Event 17817903, LumiSection 70 at 17-Jan-2014 17:02:14.059 CST
Begin processing the 49701st record. Run 210676, Event 18120831, LumiSection 70 at 17-Jan-2014 17:02:15.632 CST
Begin processing the 49801st record. Run 210676, Event 17050195, LumiSection 70 at 17-Jan-2014 17:02:17.619 CST
Begin processing the 49901st record. Run 210676, Event 17341019, LumiSection 70 at 17-Jan-2014 17:02:18.844 CST
Begin processing the 50001st record. Run 210676, Event 17662011, LumiSection 70 at 17-Jan-2014 17:02:20.101 CST
Begin processing the 50101st record. Run 210676, Event 17941603, LumiSection 70 at 17-Jan-2014 17:02:21.844 CST
Begin processing the 50201st record. Run 210676, Event 16855948, LumiSection 70 at 17-Jan-2014 17:02:22.869 CST
Begin processing the 50301st record. Run 210676, Event 17158212, LumiSection 70 at 17-Jan-2014 17:02:24.248 CST
Begin processing the 50401st record. Run 210676, Event 17492284, LumiSection 70 at 17-Jan-2014 17:02:25.560 CST
Begin processing the 50501st record. Run 210676, Event 17848892, LumiSection 70 at 17-Jan-2014 17:02:27.575 CST
Begin processing the 50601st record. Run 210676, Event 18109060, LumiSection 70 at 17-Jan-2014 17:02:29.321 CST
Begin processing the 50701st record. Run 210676, Event 17010440, LumiSection 70 at 17-Jan-2014 17:02:30.872 CST
Begin processing the 50801st record. Run 210676, Event 17302496, LumiSection 70 at 17-Jan-2014 17:02:33.090 CST
Begin processing the 50901st record. Run 210676, Event 17556344, LumiSection 70 at 17-Jan-2014 17:02:36.519 CST
Begin processing the 51001st record. Run 210676, Event 17887240, LumiSection 70 at 17-Jan-2014 17:02:38.620 CST
Begin processing the 51101st record. Run 210676, Event 16822748, LumiSection 70 at 17-Jan-2014 17:02:40.623 CST
Begin processing the 51201st record. Run 210676, Event 17133444, LumiSection 70 at 17-Jan-2014 17:02:44.707 CST
Begin processing the 51301st record. Run 210676, Event 17407644, LumiSection 70 at 17-Jan-2014 17:02:47.973 CST
Begin processing the 51401st record. Run 210676, Event 17679316, LumiSection 70 at 17-Jan-2014 17:02:50.512 CST
Begin processing the 51501st record. Run 210676, Event 17938092, LumiSection 70 at 17-Jan-2014 17:02:51.787 CST
Begin processing the 51601st record. Run 210676, Event 16840698, LumiSection 70 at 17-Jan-2014 17:02:53.542 CST
Begin processing the 51701st record. Run 210676, Event 17156786, LumiSection 70 at 17-Jan-2014 17:02:55.320 CST
Begin processing the 51801st record. Run 210676, Event 17423546, LumiSection 70 at 17-Jan-2014 17:02:57.013 CST
Begin processing the 51901st record. Run 210676, Event 17701314, LumiSection 70 at 17-Jan-2014 17:02:58.392 CST
Begin processing the 52001st record. Run 210676, Event 18017498, LumiSection 70 at 17-Jan-2014 17:03:01.858 CST
Begin processing the 52101st record. Run 210676, Event 16858694, LumiSection 70 at 17-Jan-2014 17:03:03.372 CST
Begin processing the 52201st record. Run 210676, Event 17210550, LumiSection 70 at 17-Jan-2014 17:03:04.277 CST
Begin processing the 52301st record. Run 210676, Event 17461910, LumiSection 70 at 17-Jan-2014 17:03:05.633 CST
Begin processing the 52401st record. Run 210676, Event 17693094, LumiSection 70 at 17-Jan-2014 17:03:07.078 CST
Begin processing the 52501st record. Run 210676, Event 17968286, LumiSection 70 at 17-Jan-2014 17:03:08.214 CST
Begin processing the 52601st record. Run 210676, Event 16837362, LumiSection 70 at 17-Jan-2014 17:03:09.223 CST
Begin processing the 52701st record. Run 210676, Event 17176306, LumiSection 70 at 17-Jan-2014 17:03:16.206 CST
Begin processing the 52801st record. Run 210676, Event 17500786, LumiSection 70 at 17-Jan-2014 17:03:18.312 CST
Begin processing the 52901st record. Run 210676, Event 17754650, LumiSection 70 at 17-Jan-2014 17:03:20.253 CST
Begin processing the 53001st record. Run 210676, Event 18087026, LumiSection 70 at 17-Jan-2014 17:03:22.201 CST
Begin processing the 53101st record. Run 210676, Event 17038897, LumiSection 70 at 17-Jan-2014 17:03:24.267 CST
Begin processing the 53201st record. Run 210676, Event 17374161, LumiSection 70 at 17-Jan-2014 17:03:25.941 CST
Begin processing the 53301st record. Run 210676, Event 17720697, LumiSection 70 at 17-Jan-2014 17:03:27.597 CST
Begin processing the 53401st record. Run 210676, Event 17984177, LumiSection 70 at 17-Jan-2014 17:03:28.783 CST
Begin processing the 53501st record. Run 210676, Event 16866888, LumiSection 70 at 17-Jan-2014 17:03:29.952 CST
Begin processing the 53601st record. Run 210676, Event 17165664, LumiSection 70 at 17-Jan-2014 17:03:31.034 CST
Begin processing the 53701st record. Run 210676, Event 17487264, LumiSection 70 at 17-Jan-2014 17:03:32.370 CST
Begin processing the 53801st record. Run 210676, Event 17738296, LumiSection 70 at 17-Jan-2014 17:03:33.594 CST
Begin processing the 53901st record. Run 210676, Event 17979720, LumiSection 70 at 17-Jan-2014 17:03:34.994 CST
Begin processing the 54001st record. Run 210676, Event 16857067, LumiSection 70 at 17-Jan-2014 17:03:37.029 CST
Begin processing the 54101st record. Run 210676, Event 17188091, LumiSection 70 at 17-Jan-2014 17:03:39.335 CST
Begin processing the 54201st record. Run 210676, Event 17509699, LumiSection 70 at 17-Jan-2014 17:03:41.528 CST
Begin processing the 54301st record. Run 210676, Event 17831755, LumiSection 70 at 17-Jan-2014 17:03:44.746 CST
Begin processing the 54401st record. Run 210676, Event 18122995, LumiSection 70 at 17-Jan-2014 17:03:47.373 CST
Begin processing the 54501st record. Run 210676, Event 17060293, LumiSection 70 at 17-Jan-2014 17:03:49.202 CST
Begin processing the 54601st record. Run 210676, Event 17426293, LumiSection 70 at 17-Jan-2014 17:03:51.625 CST
Begin processing the 54701st record. Run 210676, Event 17695237, LumiSection 70 at 17-Jan-2014 17:03:53.156 CST
Begin processing the 54801st record. Run 210676, Event 18005501, LumiSection 70 at 17-Jan-2014 17:03:54.862 CST
Begin processing the 54901st record. Run 210676, Event 16915086, LumiSection 70 at 17-Jan-2014 17:03:56.317 CST
Begin processing the 55001st record. Run 210676, Event 17255246, LumiSection 70 at 17-Jan-2014 17:03:57.791 CST
Begin processing the 55101st record. Run 210676, Event 17530630, LumiSection 70 at 17-Jan-2014 17:04:00.056 CST
Begin processing the 55201st record. Run 210676, Event 17824846, LumiSection 70 at 17-Jan-2014 17:04:01.543 CST
Begin processing the 55301st record. Run 210676, Event 18078030, LumiSection 70 at 17-Jan-2014 17:04:03.728 CST
Begin processing the 55401st record. Run 210676, Event 16956709, LumiSection 70 at 17-Jan-2014 17:04:05.848 CST
Begin processing the 55501st record. Run 210676, Event 17237637, LumiSection 70 at 17-Jan-2014 17:04:07.406 CST
Begin processing the 55601st record. Run 210676, Event 17515453, LumiSection 70 at 17-Jan-2014 17:04:09.382 CST
Begin processing the 55701st record. Run 210676, Event 17805413, LumiSection 70 at 17-Jan-2014 17:04:11.013 CST
Begin processing the 55801st record. Run 210676, Event 16745489, LumiSection 70 at 17-Jan-2014 17:04:12.723 CST
Begin processing the 55901st record. Run 210676, Event 17067057, LumiSection 70 at 17-Jan-2014 17:04:14.188 CST
Begin processing the 56001st record. Run 210676, Event 17339497, LumiSection 70 at 17-Jan-2014 17:04:15.307 CST
Begin processing the 56101st record. Run 210676, Event 17613473, LumiSection 70 at 17-Jan-2014 17:04:16.723 CST
Begin processing the 56201st record. Run 210676, Event 17916489, LumiSection 70 at 17-Jan-2014 17:04:18.080 CST
Begin processing the 56301st record. Run 210676, Event 18220741, LumiSection 71 at 17-Jan-2014 17:04:19.076 CST
Begin processing the 56401st record. Run 210676, Event 18479389, LumiSection 71 at 17-Jan-2014 17:04:20.262 CST
Begin processing the 56501st record. Run 210676, Event 18728805, LumiSection 71 at 17-Jan-2014 17:04:21.255 CST
Begin processing the 56601st record. Run 210676, Event 19046349, LumiSection 71 at 17-Jan-2014 17:04:22.881 CST
Begin processing the 56701st record. Run 210676, Event 19329821, LumiSection 71 at 17-Jan-2014 17:04:23.912 CST
Begin processing the 56801st record. Run 210676, Event 18194271, LumiSection 71 at 17-Jan-2014 17:04:24.860 CST
Begin processing the 56901st record. Run 210676, Event 18512447, LumiSection 71 at 17-Jan-2014 17:04:26.044 CST
Begin processing the 57001st record. Run 210676, Event 18844343, LumiSection 71 at 17-Jan-2014 17:04:27.015 CST
Begin processing the 57101st record. Run 210676, Event 19099927, LumiSection 71 at 17-Jan-2014 17:04:33.604 CST
Begin processing the 57201st record. Run 210676, Event 19377775, LumiSection 71 at 17-Jan-2014 17:04:35.311 CST
Begin processing the 57301st record. Run 210676, Event 18255829, LumiSection 71 at 17-Jan-2014 17:04:37.303 CST
Begin processing the 57401st record. Run 210676, Event 18618477, LumiSection 71 at 17-Jan-2014 17:04:41.111 CST
Begin processing the 57501st record. Run 210676, Event 18875061, LumiSection 71 at 17-Jan-2014 17:04:42.498 CST
Begin processing the 57601st record. Run 210676, Event 19157453, LumiSection 71 at 17-Jan-2014 17:04:45.995 CST
Begin processing the 57701st record. Run 210676, Event 19446269, LumiSection 71 at 17-Jan-2014 17:04:46.974 CST
Begin processing the 57801st record. Run 210676, Event 18328275, LumiSection 71 at 17-Jan-2014 17:04:48.919 CST
Begin processing the 57901st record. Run 210676, Event 18587483, LumiSection 71 at 17-Jan-2014 17:04:50.183 CST
Begin processing the 58001st record. Run 210676, Event 18911995, LumiSection 71 at 17-Jan-2014 17:04:51.222 CST
Begin processing the 58101st record. Run 210676, Event 19195851, LumiSection 71 at 17-Jan-2014 17:04:53.218 CST
Begin processing the 58201st record. Run 210676, Event 19440859, LumiSection 71 at 17-Jan-2014 17:04:54.103 CST
Begin processing the 58301st record. Run 210676, Event 18334984, LumiSection 71 at 17-Jan-2014 17:04:56.859 CST
Begin processing the 58401st record. Run 210676, Event 18629232, LumiSection 71 at 17-Jan-2014 17:04:58.967 CST
Begin processing the 58501st record. Run 210676, Event 18885456, LumiSection 71 at 17-Jan-2014 17:05:02.371 CST
Begin processing the 58601st record. Run 210676, Event 19150528, LumiSection 71 at 17-Jan-2014 17:05:04.430 CST
Begin processing the 58701st record. Run 210676, Event 19483320, LumiSection 71 at 17-Jan-2014 17:05:08.212 CST
Begin processing the 58801st record. Run 210676, Event 18401746, LumiSection 71 at 17-Jan-2014 17:05:12.959 CST
Begin processing the 58901st record. Run 210676, Event 18684338, LumiSection 71 at 17-Jan-2014 17:05:23.796 CST
Begin processing the 59001st record. Run 210676, Event 19026170, LumiSection 71 at 17-Jan-2014 17:05:24.853 CST
Begin processing the 59101st record. Run 210676, Event 19319330, LumiSection 71 at 17-Jan-2014 17:05:25.818 CST
Begin processing the 59201st record. Run 210676, Event 18185713, LumiSection 71 at 17-Jan-2014 17:05:27.794 CST
Begin processing the 59301st record. Run 210676, Event 18496049, LumiSection 71 at 17-Jan-2014 17:05:28.727 CST
Begin processing the 59401st record. Run 210676, Event 18831681, LumiSection 71 at 17-Jan-2014 17:05:29.872 CST
Begin processing the 59501st record. Run 210676, Event 19102617, LumiSection 71 at 17-Jan-2014 17:05:31.275 CST
Begin processing the 59601st record. Run 210676, Event 19377849, LumiSection 71 at 17-Jan-2014 17:05:32.982 CST
Begin processing the 59701st record. Run 210676, Event 18293371, LumiSection 71 at 17-Jan-2014 17:05:34.567 CST
Begin processing the 59801st record. Run 210676, Event 18604611, LumiSection 71 at 17-Jan-2014 17:05:35.862 CST
Begin processing the 59901st record. Run 210676, Event 18877067, LumiSection 71 at 17-Jan-2014 17:05:37.547 CST
Begin processing the 60001st record. Run 210676, Event 19188067, LumiSection 71 at 17-Jan-2014 17:05:38.965 CST
Begin processing the 60101st record. Run 210676, Event 19462259, LumiSection 71 at 17-Jan-2014 17:05:41.650 CST
Begin processing the 60201st record. Run 210676, Event 18340465, LumiSection 71 at 17-Jan-2014 17:05:43.469 CST
Begin processing the 60301st record. Run 210676, Event 18615585, LumiSection 71 at 17-Jan-2014 17:05:45.175 CST
Begin processing the 60401st record. Run 210676, Event 18941281, LumiSection 71 at 17-Jan-2014 17:05:47.373 CST
Begin processing the 60501st record. Run 210676, Event 19274129, LumiSection 71 at 17-Jan-2014 17:05:48.506 CST
Begin processing the 60601st record. Run 210676, Event 19489425, LumiSection 71 at 17-Jan-2014 17:05:49.648 CST
Begin processing the 60701st record. Run 210676, Event 18366894, LumiSection 71 at 17-Jan-2014 17:05:51.507 CST
Begin processing the 60801st record. Run 210676, Event 18676006, LumiSection 71 at 17-Jan-2014 17:05:54.523 CST
Begin processing the 60901st record. Run 210676, Event 18937622, LumiSection 71 at 17-Jan-2014 17:05:58.351 CST
Begin processing the 61001st record. Run 210676, Event 19254558, LumiSection 71 at 17-Jan-2014 17:06:00.402 CST
Begin processing the 61101st record. Run 210676, Event 18211663, LumiSection 71 at 17-Jan-2014 17:06:02.595 CST
Begin processing the 61201st record. Run 210676, Event 18494079, LumiSection 71 at 17-Jan-2014 17:06:03.937 CST
Begin processing the 61301st record. Run 210676, Event 18742767, LumiSection 71 at 17-Jan-2014 17:06:07.282 CST
Begin processing the 61401st record. Run 210676, Event 19054391, LumiSection 71 at 17-Jan-2014 17:06:09.991 CST
Begin processing the 61501st record. Run 210676, Event 19342927, LumiSection 71 at 17-Jan-2014 17:06:11.834 CST
Begin processing the 61601st record. Run 210676, Event 18262622, LumiSection 71 at 17-Jan-2014 17:06:14.274 CST
Begin processing the 61701st record. Run 210676, Event 18535174, LumiSection 71 at 17-Jan-2014 17:06:19.238 CST
Begin processing the 61801st record. Run 210676, Event 18777542, LumiSection 71 at 17-Jan-2014 17:06:20.712 CST
Begin processing the 61901st record. Run 210676, Event 19050846, LumiSection 71 at 17-Jan-2014 17:06:23.482 CST
Begin processing the 62001st record. Run 210676, Event 19283878, LumiSection 71 at 17-Jan-2014 17:06:27.061 CST
Begin processing the 62101st record. Run 210676, Event 18202242, LumiSection 71 at 17-Jan-2014 17:06:28.373 CST
Begin processing the 62201st record. Run 210676, Event 18481274, LumiSection 71 at 17-Jan-2014 17:06:29.376 CST
Begin processing the 62301st record. Run 210676, Event 18741458, LumiSection 71 at 17-Jan-2014 17:06:30.332 CST
Begin processing the 62401st record. Run 210676, Event 18979282, LumiSection 71 at 17-Jan-2014 17:06:31.425 CST
Begin processing the 62501st record. Run 210676, Event 19277522, LumiSection 71 at 17-Jan-2014 17:06:33.240 CST
Begin processing the 62601st record. Run 210676, Event 18176620, LumiSection 71 at 17-Jan-2014 17:06:34.330 CST
Begin processing the 62701st record. Run 210676, Event 18460036, LumiSection 71 at 17-Jan-2014 17:06:35.872 CST
Begin processing the 62801st record. Run 210676, Event 18746044, LumiSection 71 at 17-Jan-2014 17:06:37.097 CST
Begin processing the 62901st record. Run 210676, Event 18985180, LumiSection 71 at 17-Jan-2014 17:06:43.263 CST
Begin processing the 63001st record. Run 210676, Event 19321004, LumiSection 71 at 17-Jan-2014 17:06:44.627 CST
Begin processing the 63101st record. Run 210676, Event 18191760, LumiSection 71 at 17-Jan-2014 17:06:46.190 CST
Begin processing the 63201st record. Run 210676, Event 18514112, LumiSection 71 at 17-Jan-2014 17:06:47.603 CST
Begin processing the 63301st record. Run 210676, Event 18812040, LumiSection 71 at 17-Jan-2014 17:06:48.427 CST
Begin processing the 63401st record. Run 210676, Event 19076896, LumiSection 71 at 17-Jan-2014 17:06:51.009 CST
Begin processing the 63501st record. Run 210676, Event 19360920, LumiSection 71 at 17-Jan-2014 17:06:54.708 CST
Begin processing the 63601st record. Run 210676, Event 18256692, LumiSection 71 at 17-Jan-2014 17:06:56.990 CST
Begin processing the 63701st record. Run 210676, Event 18550028, LumiSection 71 at 17-Jan-2014 17:06:58.572 CST
Begin processing the 63801st record. Run 210676, Event 18781012, LumiSection 71 at 17-Jan-2014 17:07:05.888 CST
Begin processing the 63901st record. Run 210676, Event 19025660, LumiSection 71 at 17-Jan-2014 17:07:08.101 CST
Begin processing the 64001st record. Run 210676, Event 19346884, LumiSection 71 at 17-Jan-2014 17:07:09.561 CST
17-Jan-2014 17:07:10 CST  Closed file /store//hidata/HIRun2013/PAMinBiasUPC/RECO/PromptReco-v1/000/210/676/00000/5C2D1704-DD67-E211-AEE2-0025901D5D9A.root


 EcalFlowNTP::endJob() <I>  nevttotal_trg = 4138,  nevttotal_ass = 4138
 Will check the Z-vertex differences

 Number of trigger events with at least one partner event = 4138

--- RESULTS ---

  Currently with pi0 mixed event entries = 40339,  mixed clusters examined 247464,  events containing at least one cluster 4138
 Number of hot channel seed crystals that were discarded 1546
 Number of hot channel satellite crystals that were discarded 17
 Maximum number of HI tracks for run 210676 is 358 at event 18324060
 Maximum number clusters found for run 210676 is 347 at event 18324060
 Maximum number crystals found for run 210676 is 873 at event 15987557
 Total events this run = 4146 with accumulated events for all runs = 4146
 Number of events with trigger particle (nevttotal_trg) = 4138
 Number of events with associated particle (nevttotal_ass) = 4138
 Number of background fills = 7664950

=============================================

MessageLogger Summary

 type     category        sev    module        subroutine        count    total
 ---- -------------------- -- ---------------- ----------------  -----    -----
    1 fileAction           -s file_close                             1        1
    2 fileAction           -s file_open                              2        2

 type    category    Examples: run/evt        run/evt          run/evt
 ---- -------------------- ---------------- ---------------- ----------------
    1 fileAction           PostEndRun                        
    2 fileAction           pre-events       pre-events       

Severity    # Occurrences   Total Occurrences
--------    -------------   -----------------
System                  3                   3
