20-Jan-2014 17:14:54 CST  Initiating request to open file /store//hidata/HIRun2013/PAMinBiasUPC/RECO/PromptReco-v1/000/210/676/00000/5C2D1704-DD67-E211-AEE2-0025901D5D9A.root
20-Jan-2014 17:14:58 CST  Successfully opened file /store//hidata/HIRun2013/PAMinBiasUPC/RECO/PromptReco-v1/000/210/676/00000/5C2D1704-DD67-E211-AEE2-0025901D5D9A.root
The pT bin width used are: 16	1.6	12
pT bins used for the histogram: 8	1	6

 Using a pT dependent separation cut parameterization 35.657/pT - 4.1995/pT^2,  with a rescale factor 0.7

 The goodAngleMatch opening angle criterion for reco track-cluster matching is 0.03 radians

 The goodPhiMatch residual angle criterion for reco track-cluster matching is 0.03 radians

 The goodThetaMatch residual angle criterion for reco track-cluster matching is 0.03 radians

 Cluster energy value will be recalibrated according to number of crystals in the cluster

 Only a cluster having crystal number from 1 to 1 will be accepted

 Cluster with a charged particle tracking match will not be used

 No output tree will be generated
Begin processing the 1st record. Run 210676, Event 4490356, LumiSection 59 at 20-Jan-2014 17:16:45.841 CST
Begin processing the 101st record. Run 210676, Event 4807588, LumiSection 59 at 20-Jan-2014 17:17:47.975 CST
Begin processing the 201st record. Run 210676, Event 5412188, LumiSection 59 at 20-Jan-2014 17:17:48.102 CST
Begin processing the 301st record. Run 210676, Event 4592039, LumiSection 59 at 20-Jan-2014 17:17:48.225 CST
Begin processing the 401st record. Run 210676, Event 4947783, LumiSection 59 at 20-Jan-2014 17:17:48.348 CST
Begin processing the 501st record. Run 210676, Event 5249711, LumiSection 59 at 20-Jan-2014 17:17:48.471 CST
Begin processing the 601st record. Run 210676, Event 5605535, LumiSection 59 at 20-Jan-2014 17:17:48.580 CST
Begin processing the 701st record. Run 210676, Event 4709811, LumiSection 59 at 20-Jan-2014 17:17:48.658 CST
Begin processing the 801st record. Run 210676, Event 5168371, LumiSection 59 at 20-Jan-2014 17:17:48.737 CST
Begin processing the 901st record. Run 210676, Event 5618299, LumiSection 59 at 20-Jan-2014 17:17:48.817 CST
Begin processing the 1001st record. Run 210676, Event 4772884, LumiSection 59 at 20-Jan-2014 17:17:48.896 CST
Begin processing the 1101st record. Run 210676, Event 5213492, LumiSection 59 at 20-Jan-2014 17:17:48.974 CST
Begin processing the 1201st record. Run 210676, Event 5587764, LumiSection 59 at 20-Jan-2014 17:17:49.053 CST
Begin processing the 1301st record. Run 210676, Event 4793681, LumiSection 59 at 20-Jan-2014 17:17:49.133 CST
Begin processing the 1401st record. Run 210676, Event 5154865, LumiSection 59 at 20-Jan-2014 17:17:49.216 CST
Begin processing the 1501st record. Run 210676, Event 5592681, LumiSection 59 at 20-Jan-2014 17:17:49.301 CST
Begin processing the 1601st record. Run 210676, Event 4712504, LumiSection 59 at 20-Jan-2014 17:17:49.387 CST
Begin processing the 1701st record. Run 210676, Event 5122968, LumiSection 59 at 20-Jan-2014 17:17:49.472 CST
Begin processing the 1801st record. Run 210676, Event 5493576, LumiSection 59 at 20-Jan-2014 17:17:49.556 CST
Begin processing the 1901st record. Run 210676, Event 4679962, LumiSection 59 at 20-Jan-2014 17:17:49.641 CST
Begin processing the 2001st record. Run 210676, Event 5164618, LumiSection 59 at 20-Jan-2014 17:17:49.725 CST
Begin processing the 2101st record. Run 210676, Event 5590042, LumiSection 59 at 20-Jan-2014 17:17:49.808 CST
Begin processing the 2201st record. Run 210676, Event 4814181, LumiSection 59 at 20-Jan-2014 17:17:49.888 CST
Begin processing the 2301st record. Run 210676, Event 5265253, LumiSection 59 at 20-Jan-2014 17:17:49.966 CST
Begin processing the 2401st record. Run 210676, Event 5719109, LumiSection 59 at 20-Jan-2014 17:17:50.043 CST
Begin processing the 2501st record. Run 210676, Event 4946010, LumiSection 59 at 20-Jan-2014 17:17:50.120 CST
Begin processing the 2601st record. Run 210676, Event 5283594, LumiSection 59 at 20-Jan-2014 17:17:50.197 CST
Begin processing the 2701st record. Run 210676, Event 4512454, LumiSection 59 at 20-Jan-2014 17:17:50.274 CST
Begin processing the 2801st record. Run 210676, Event 4873582, LumiSection 59 at 20-Jan-2014 17:17:50.352 CST
Begin processing the 2901st record. Run 210676, Event 5275390, LumiSection 59 at 20-Jan-2014 17:17:50.429 CST
Begin processing the 3001st record. Run 210676, Event 5666950, LumiSection 59 at 20-Jan-2014 17:17:50.506 CST
Begin processing the 3101st record. Run 210676, Event 4770027, LumiSection 59 at 20-Jan-2014 17:17:50.583 CST
Begin processing the 3201st record. Run 210676, Event 5147691, LumiSection 59 at 20-Jan-2014 17:17:50.660 CST
Begin processing the 3301st record. Run 210676, Event 5557659, LumiSection 59 at 20-Jan-2014 17:17:50.736 CST
Begin processing the 3401st record. Run 210676, Event 4664784, LumiSection 59 at 20-Jan-2014 17:17:50.813 CST
Begin processing the 3501st record. Run 210676, Event 4959848, LumiSection 59 at 20-Jan-2014 17:17:50.890 CST
Begin processing the 3601st record. Run 210676, Event 5424008, LumiSection 59 at 20-Jan-2014 17:17:50.967 CST
Begin processing the 3701st record. Run 210676, Event 4609397, LumiSection 59 at 20-Jan-2014 17:17:51.044 CST
Begin processing the 3801st record. Run 210676, Event 5073509, LumiSection 59 at 20-Jan-2014 17:17:51.122 CST
Begin processing the 3901st record. Run 210676, Event 5494045, LumiSection 59 at 20-Jan-2014 17:17:51.199 CST
Begin processing the 4001st record. Run 210676, Event 4661174, LumiSection 59 at 20-Jan-2014 17:17:51.275 CST
Begin processing the 4101st record. Run 210676, Event 5047686, LumiSection 59 at 20-Jan-2014 17:17:51.352 CST
Begin processing the 4201st record. Run 210676, Event 5458910, LumiSection 59 at 20-Jan-2014 17:17:51.429 CST
Begin processing the 4301st record. Run 210676, Event 4623313, LumiSection 59 at 20-Jan-2014 17:17:51.506 CST
Begin processing the 4401st record. Run 210676, Event 5010873, LumiSection 59 at 20-Jan-2014 17:17:51.583 CST
Begin processing the 4501st record. Run 210676, Event 5460609, LumiSection 59 at 20-Jan-2014 17:17:51.660 CST
Begin processing the 4601st record. Run 210676, Event 4643223, LumiSection 59 at 20-Jan-2014 17:17:51.737 CST
Begin processing the 4701st record. Run 210676, Event 5082175, LumiSection 59 at 20-Jan-2014 17:17:51.814 CST
Begin processing the 4801st record. Run 210676, Event 5506231, LumiSection 59 at 20-Jan-2014 17:17:51.891 CST
Begin processing the 4901st record. Run 210676, Event 5843798, LumiSection 60 at 20-Jan-2014 17:17:51.972 CST
Begin processing the 5001st record. Run 210676, Event 6290814, LumiSection 60 at 20-Jan-2014 17:17:52.049 CST
Begin processing the 5101st record. Run 210676, Event 6804242, LumiSection 60 at 20-Jan-2014 17:17:52.126 CST
Begin processing the 5201st record. Run 210676, Event 6093576, LumiSection 60 at 20-Jan-2014 17:17:52.202 CST
Begin processing the 5301st record. Run 210676, Event 6492596, LumiSection 60 at 20-Jan-2014 17:17:52.279 CST
Begin processing the 5401st record. Run 210676, Event 5862892, LumiSection 60 at 20-Jan-2014 17:17:52.356 CST
Begin processing the 5501st record. Run 210676, Event 6219812, LumiSection 60 at 20-Jan-2014 17:17:52.432 CST
Begin processing the 5601st record. Run 210676, Event 6610888, LumiSection 60 at 20-Jan-2014 17:17:52.509 CST
Begin processing the 5701st record. Run 210676, Event 5923207, LumiSection 60 at 20-Jan-2014 17:17:52.586 CST
Begin processing the 5801st record. Run 210676, Event 6504435, LumiSection 60 at 20-Jan-2014 17:17:52.663 CST
Begin processing the 5901st record. Run 210676, Event 5793921, LumiSection 60 at 20-Jan-2014 17:17:52.739 CST
Begin processing the 6001st record. Run 210676, Event 6227201, LumiSection 60 at 20-Jan-2014 17:17:52.816 CST
Begin processing the 6101st record. Run 210676, Event 6674789, LumiSection 60 at 20-Jan-2014 17:17:52.892 CST
Begin processing the 6201st record. Run 210676, Event 5983193, LumiSection 60 at 20-Jan-2014 17:17:52.969 CST
Begin processing the 6301st record. Run 210676, Event 6342305, LumiSection 60 at 20-Jan-2014 17:17:53.049 CST
Begin processing the 6401st record. Run 210676, Event 6803197, LumiSection 60 at 20-Jan-2014 17:17:53.129 CST
Begin processing the 6501st record. Run 210676, Event 6055934, LumiSection 60 at 20-Jan-2014 17:17:53.206 CST
Begin processing the 6601st record. Run 210676, Event 6494034, LumiSection 60 at 20-Jan-2014 17:17:53.283 CST
Begin processing the 6701st record. Run 210676, Event 5765172, LumiSection 60 at 20-Jan-2014 17:17:53.360 CST
Begin processing the 6801st record. Run 210676, Event 6116604, LumiSection 60 at 20-Jan-2014 17:17:53.438 CST
Begin processing the 6901st record. Run 210676, Event 6491760, LumiSection 60 at 20-Jan-2014 17:17:53.515 CST
Begin processing the 7001st record. Run 210676, Event 5754514, LumiSection 60 at 20-Jan-2014 17:17:53.593 CST
Begin processing the 7101st record. Run 210676, Event 6168138, LumiSection 60 at 20-Jan-2014 17:17:53.672 CST
Begin processing the 7201st record. Run 210676, Event 6583222, LumiSection 60 at 20-Jan-2014 17:17:53.749 CST
Begin processing the 7301st record. Run 210676, Event 5866123, LumiSection 60 at 20-Jan-2014 17:17:53.827 CST
Begin processing the 7401st record. Run 210676, Event 6294963, LumiSection 60 at 20-Jan-2014 17:17:53.905 CST
Begin processing the 7501st record. Run 210676, Event 6632207, LumiSection 60 at 20-Jan-2014 17:17:53.982 CST
Begin processing the 7601st record. Run 210676, Event 5879352, LumiSection 60 at 20-Jan-2014 17:17:54.060 CST
Begin processing the 7701st record. Run 210676, Event 6318912, LumiSection 60 at 20-Jan-2014 17:17:54.138 CST
Begin processing the 7801st record. Run 210676, Event 6761892, LumiSection 60 at 20-Jan-2014 17:17:54.215 CST
Begin processing the 7901st record. Run 210676, Event 6003653, LumiSection 60 at 20-Jan-2014 17:17:54.293 CST
Begin processing the 8001st record. Run 210676, Event 6415005, LumiSection 60 at 20-Jan-2014 17:17:54.374 CST
Begin processing the 8101st record. Run 210676, Event 5744927, LumiSection 60 at 20-Jan-2014 17:17:54.452 CST
Begin processing the 8201st record. Run 210676, Event 6078487, LumiSection 60 at 20-Jan-2014 17:17:54.530 CST
Begin processing the 8301st record. Run 210676, Event 6424455, LumiSection 60 at 20-Jan-2014 17:17:54.608 CST
Begin processing the 8401st record. Run 210676, Event 5768346, LumiSection 60 at 20-Jan-2014 17:17:54.686 CST
Begin processing the 8501st record. Run 210676, Event 6184754, LumiSection 60 at 20-Jan-2014 17:17:54.763 CST
Begin processing the 8601st record. Run 210676, Event 6488326, LumiSection 60 at 20-Jan-2014 17:17:54.840 CST
Begin processing the 8701st record. Run 210676, Event 5752509, LumiSection 60 at 20-Jan-2014 17:17:54.917 CST
Begin processing the 8801st record. Run 210676, Event 6218037, LumiSection 60 at 20-Jan-2014 17:17:54.993 CST
Begin processing the 8901st record. Run 210676, Event 6572513, LumiSection 60 at 20-Jan-2014 17:17:55.070 CST
Begin processing the 9001st record. Run 210676, Event 5866907, LumiSection 60 at 20-Jan-2014 17:17:55.147 CST
Begin processing the 9101st record. Run 210676, Event 6400347, LumiSection 60 at 20-Jan-2014 17:17:55.223 CST
Begin processing the 9201st record. Run 210676, Event 6760191, LumiSection 60 at 20-Jan-2014 17:17:55.300 CST
Begin processing the 9301st record. Run 210676, Event 7106163, LumiSection 61 at 20-Jan-2014 17:17:55.382 CST
Begin processing the 9401st record. Run 210676, Event 7496355, LumiSection 61 at 20-Jan-2014 17:17:55.459 CST
Begin processing the 9501st record. Run 210676, Event 7887059, LumiSection 61 at 20-Jan-2014 17:17:55.537 CST
Begin processing the 9601st record. Run 210676, Event 7097658, LumiSection 61 at 20-Jan-2014 17:17:55.614 CST
Begin processing the 9701st record. Run 210676, Event 7553354, LumiSection 61 at 20-Jan-2014 17:17:55.691 CST
Begin processing the 9801st record. Run 210676, Event 7875946, LumiSection 61 at 20-Jan-2014 17:17:55.768 CST
Begin processing the 9901st record. Run 210676, Event 7114908, LumiSection 61 at 20-Jan-2014 17:17:55.845 CST
Begin processing the 10001st record. Run 210676, Event 7448060, LumiSection 61 at 20-Jan-2014 17:17:55.922 CST
Begin processing the 10101st record. Run 210676, Event 7882676, LumiSection 61 at 20-Jan-2014 17:17:55.999 CST
Begin processing the 10201st record. Run 210676, Event 7125580, LumiSection 61 at 20-Jan-2014 17:17:56.077 CST
Begin processing the 10301st record. Run 210676, Event 7546924, LumiSection 61 at 20-Jan-2014 17:17:56.153 CST
Begin processing the 10401st record. Run 210676, Event 6847096, LumiSection 61 at 20-Jan-2014 17:17:56.230 CST
Begin processing the 10501st record. Run 210676, Event 7286864, LumiSection 61 at 20-Jan-2014 17:17:56.308 CST
Begin processing the 10601st record. Run 210676, Event 7728400, LumiSection 61 at 20-Jan-2014 17:17:56.384 CST
Begin processing the 10701st record. Run 210676, Event 6910967, LumiSection 61 at 20-Jan-2014 17:17:56.461 CST
Begin processing the 10801st record. Run 210676, Event 7266599, LumiSection 61 at 20-Jan-2014 17:17:56.538 CST
Begin processing the 10901st record. Run 210676, Event 7649791, LumiSection 61 at 20-Jan-2014 17:17:56.616 CST
Begin processing the 11001st record. Run 210676, Event 7992943, LumiSection 61 at 20-Jan-2014 17:17:56.693 CST
Begin processing the 11101st record. Run 210676, Event 7243829, LumiSection 61 at 20-Jan-2014 17:17:56.772 CST
Begin processing the 11201st record. Run 210676, Event 7726949, LumiSection 61 at 20-Jan-2014 17:17:56.849 CST
Begin processing the 11301st record. Run 210676, Event 6971162, LumiSection 61 at 20-Jan-2014 17:17:56.926 CST
Begin processing the 11401st record. Run 210676, Event 7383098, LumiSection 61 at 20-Jan-2014 17:17:57.004 CST
Begin processing the 11501st record. Run 210676, Event 7715978, LumiSection 61 at 20-Jan-2014 17:17:57.082 CST
Begin processing the 11601st record. Run 210676, Event 6905813, LumiSection 61 at 20-Jan-2014 17:17:57.158 CST
Begin processing the 11701st record. Run 210676, Event 7383613, LumiSection 61 at 20-Jan-2014 17:17:57.235 CST
Begin processing the 11801st record. Run 210676, Event 7756197, LumiSection 61 at 20-Jan-2014 17:17:57.312 CST
Begin processing the 11901st record. Run 210676, Event 6979603, LumiSection 61 at 20-Jan-2014 17:17:57.390 CST
Begin processing the 12001st record. Run 210676, Event 7346931, LumiSection 61 at 20-Jan-2014 17:17:57.467 CST
Begin processing the 12101st record. Run 210676, Event 7809907, LumiSection 61 at 20-Jan-2014 17:17:57.544 CST
Begin processing the 12201st record. Run 210676, Event 7014569, LumiSection 61 at 20-Jan-2014 17:17:57.622 CST
Begin processing the 12301st record. Run 210676, Event 7376529, LumiSection 61 at 20-Jan-2014 17:17:57.699 CST
Begin processing the 12401st record. Run 210676, Event 7814657, LumiSection 61 at 20-Jan-2014 17:17:57.778 CST
Begin processing the 12501st record. Run 210676, Event 7084438, LumiSection 61 at 20-Jan-2014 17:17:57.858 CST
Begin processing the 12601st record. Run 210676, Event 7519782, LumiSection 61 at 20-Jan-2014 17:17:57.937 CST
Begin processing the 12701st record. Run 210676, Event 7924238, LumiSection 61 at 20-Jan-2014 17:17:58.015 CST
Begin processing the 12801st record. Run 210676, Event 7195537, LumiSection 61 at 20-Jan-2014 17:17:58.092 CST
Begin processing the 12901st record. Run 210676, Event 7522137, LumiSection 61 at 20-Jan-2014 17:17:58.169 CST
Begin processing the 13001st record. Run 210676, Event 7872801, LumiSection 61 at 20-Jan-2014 17:17:58.246 CST
Begin processing the 13101st record. Run 210676, Event 6951936, LumiSection 61 at 20-Jan-2014 17:17:58.323 CST
Begin processing the 13201st record. Run 210676, Event 7376104, LumiSection 61 at 20-Jan-2014 17:17:58.402 CST
Begin processing the 13301st record. Run 210676, Event 7718760, LumiSection 61 at 20-Jan-2014 17:17:58.481 CST
Begin processing the 13401st record. Run 210676, Event 6955134, LumiSection 61 at 20-Jan-2014 17:17:58.559 CST
Begin processing the 13501st record. Run 210676, Event 7305078, LumiSection 61 at 20-Jan-2014 17:17:58.637 CST
Begin processing the 13601st record. Run 210676, Event 7643806, LumiSection 61 at 20-Jan-2014 17:17:58.716 CST
Begin processing the 13701st record. Run 210676, Event 6854871, LumiSection 61 at 20-Jan-2014 17:17:58.793 CST
Begin processing the 13801st record. Run 210676, Event 7294143, LumiSection 61 at 20-Jan-2014 17:17:58.870 CST
Begin processing the 13901st record. Run 210676, Event 7750183, LumiSection 61 at 20-Jan-2014 17:17:58.948 CST
Begin processing the 14001st record. Run 210676, Event 8065252, LumiSection 62 at 20-Jan-2014 17:17:59.032 CST
Begin processing the 14101st record. Run 210676, Event 8558964, LumiSection 62 at 20-Jan-2014 17:17:59.109 CST
Begin processing the 14201st record. Run 210676, Event 8889252, LumiSection 62 at 20-Jan-2014 17:17:59.186 CST
Begin processing the 14301st record. Run 210676, Event 8130059, LumiSection 62 at 20-Jan-2014 17:17:59.263 CST
Begin processing the 14401st record. Run 210676, Event 8536755, LumiSection 62 at 20-Jan-2014 17:17:59.341 CST
Begin processing the 14501st record. Run 210676, Event 9017611, LumiSection 62 at 20-Jan-2014 17:17:59.418 CST
Begin processing the 14601st record. Run 210676, Event 8223479, LumiSection 62 at 20-Jan-2014 17:17:59.494 CST
Begin processing the 14701st record. Run 210676, Event 8690711, LumiSection 62 at 20-Jan-2014 17:17:59.571 CST
Begin processing the 14801st record. Run 210676, Event 9085479, LumiSection 62 at 20-Jan-2014 17:17:59.649 CST
Begin processing the 14901st record. Run 210676, Event 8277753, LumiSection 62 at 20-Jan-2014 17:17:59.728 CST
Begin processing the 15001st record. Run 210676, Event 8612857, LumiSection 62 at 20-Jan-2014 17:17:59.805 CST
Begin processing the 15101st record. Run 210676, Event 8968545, LumiSection 62 at 20-Jan-2014 17:17:59.881 CST
Begin processing the 15201st record. Run 210676, Event 8150584, LumiSection 62 at 20-Jan-2014 17:17:59.959 CST
Begin processing the 15301st record. Run 210676, Event 8572320, LumiSection 62 at 20-Jan-2014 17:18:00.036 CST
Begin processing the 15401st record. Run 210676, Event 8972488, LumiSection 62 at 20-Jan-2014 17:18:00.113 CST
Begin processing the 15501st record. Run 210676, Event 8229990, LumiSection 62 at 20-Jan-2014 17:18:00.190 CST
Begin processing the 15601st record. Run 210676, Event 8578254, LumiSection 62 at 20-Jan-2014 17:18:00.267 CST
Begin processing the 15701st record. Run 210676, Event 9019262, LumiSection 62 at 20-Jan-2014 17:18:00.344 CST
Begin processing the 15801st record. Run 210676, Event 8166770, LumiSection 62 at 20-Jan-2014 17:18:00.422 CST
Begin processing the 15901st record. Run 210676, Event 8587074, LumiSection 62 at 20-Jan-2014 17:18:00.499 CST
Begin processing the 16001st record. Run 210676, Event 9038618, LumiSection 62 at 20-Jan-2014 17:18:00.575 CST
Begin processing the 16101st record. Run 210676, Event 8235182, LumiSection 62 at 20-Jan-2014 17:18:00.653 CST
Begin processing the 16201st record. Run 210676, Event 8655318, LumiSection 62 at 20-Jan-2014 17:18:00.732 CST
Begin processing the 16301st record. Run 210676, Event 9057046, LumiSection 62 at 20-Jan-2014 17:18:00.808 CST
Begin processing the 16401st record. Run 210676, Event 8320292, LumiSection 62 at 20-Jan-2014 17:18:00.885 CST
Begin processing the 16501st record. Run 210676, Event 8741428, LumiSection 62 at 20-Jan-2014 17:18:00.962 CST
Begin processing the 16601st record. Run 210676, Event 9133452, LumiSection 62 at 20-Jan-2014 17:18:01.041 CST
Begin processing the 16701st record. Run 210676, Event 8289456, LumiSection 62 at 20-Jan-2014 17:18:01.119 CST
Begin processing the 16801st record. Run 210676, Event 8716392, LumiSection 62 at 20-Jan-2014 17:18:01.196 CST
Begin processing the 16901st record. Run 210676, Event 9057856, LumiSection 62 at 20-Jan-2014 17:18:01.273 CST
Begin processing the 17001st record. Run 210676, Event 8314989, LumiSection 62 at 20-Jan-2014 17:18:01.352 CST
Begin processing the 17101st record. Run 210676, Event 8696509, LumiSection 62 at 20-Jan-2014 17:18:01.430 CST
Begin processing the 17201st record. Run 210676, Event 9091653, LumiSection 62 at 20-Jan-2014 17:18:01.509 CST
Begin processing the 17301st record. Run 210676, Event 8267187, LumiSection 62 at 20-Jan-2014 17:18:01.587 CST
Begin processing the 17401st record. Run 210676, Event 8642347, LumiSection 62 at 20-Jan-2014 17:18:01.664 CST
Begin processing the 17501st record. Run 210676, Event 9020867, LumiSection 62 at 20-Jan-2014 17:18:01.742 CST
Begin processing the 17601st record. Run 210676, Event 8198837, LumiSection 62 at 20-Jan-2014 17:18:01.819 CST
Begin processing the 17701st record. Run 210676, Event 8520773, LumiSection 62 at 20-Jan-2014 17:18:01.896 CST
Begin processing the 17801st record. Run 210676, Event 9033213, LumiSection 62 at 20-Jan-2014 17:18:01.974 CST
Begin processing the 17901st record. Run 210676, Event 8240063, LumiSection 62 at 20-Jan-2014 17:18:02.052 CST
Begin processing the 18001st record. Run 210676, Event 8496647, LumiSection 62 at 20-Jan-2014 17:18:02.129 CST
Begin processing the 18101st record. Run 210676, Event 9083063, LumiSection 62 at 20-Jan-2014 17:18:02.207 CST
Begin processing the 18201st record. Run 210676, Event 8279914, LumiSection 62 at 20-Jan-2014 17:18:02.284 CST
Begin processing the 18301st record. Run 210676, Event 8691330, LumiSection 62 at 20-Jan-2014 17:18:02.362 CST
Begin processing the 18401st record. Run 210676, Event 8988378, LumiSection 62 at 20-Jan-2014 17:18:02.441 CST
Begin processing the 18501st record. Run 210676, Event 8120937, LumiSection 62 at 20-Jan-2014 17:18:02.520 CST
Begin processing the 18601st record. Run 210676, Event 8568937, LumiSection 62 at 20-Jan-2014 17:18:02.598 CST
Begin processing the 18701st record. Run 210676, Event 9089377, LumiSection 62 at 20-Jan-2014 17:18:02.677 CST
Begin processing the 18801st record. Run 210676, Event 9467287, LumiSection 63 at 20-Jan-2014 17:18:02.761 CST
Begin processing the 18901st record. Run 210676, Event 9764175, LumiSection 63 at 20-Jan-2014 17:18:02.841 CST
Begin processing the 19001st record. Run 210676, Event 10115239, LumiSection 63 at 20-Jan-2014 17:18:02.923 CST
Begin processing the 19101st record. Run 210676, Event 10406103, LumiSection 63 at 20-Jan-2014 17:18:03.002 CST
Begin processing the 19201st record. Run 210676, Event 9631578, LumiSection 63 at 20-Jan-2014 17:18:03.082 CST
Begin processing the 19301st record. Run 210676, Event 9970850, LumiSection 63 at 20-Jan-2014 17:18:03.161 CST
Begin processing the 19401st record. Run 210676, Event 9245920, LumiSection 63 at 20-Jan-2014 17:18:03.241 CST
Begin processing the 19501st record. Run 210676, Event 9610080, LumiSection 63 at 20-Jan-2014 17:18:03.319 CST
Begin processing the 19601st record. Run 210676, Event 10013304, LumiSection 63 at 20-Jan-2014 17:18:03.399 CST
Begin processing the 19701st record. Run 210676, Event 10425120, LumiSection 63 at 20-Jan-2014 17:18:03.477 CST
Begin processing the 19801st record. Run 210676, Event 9590814, LumiSection 63 at 20-Jan-2014 17:18:03.554 CST
Begin processing the 19901st record. Run 210676, Event 9989990, LumiSection 63 at 20-Jan-2014 17:18:03.632 CST
Begin processing the 20001st record. Run 210676, Event 10409910, LumiSection 63 at 20-Jan-2014 17:18:03.709 CST
Begin processing the 20101st record. Run 210676, Event 9524276, LumiSection 63 at 20-Jan-2014 17:18:03.786 CST
Begin processing the 20201st record. Run 210676, Event 9939084, LumiSection 63 at 20-Jan-2014 17:18:03.863 CST
Begin processing the 20301st record. Run 210676, Event 10422324, LumiSection 63 at 20-Jan-2014 17:18:03.940 CST
Begin processing the 20401st record. Run 210676, Event 9581587, LumiSection 63 at 20-Jan-2014 17:18:04.018 CST
Begin processing the 20501st record. Run 210676, Event 9998947, LumiSection 63 at 20-Jan-2014 17:18:04.095 CST
Begin processing the 20601st record. Run 210676, Event 10398555, LumiSection 63 at 20-Jan-2014 17:18:04.173 CST
Begin processing the 20701st record. Run 210676, Event 9685273, LumiSection 63 at 20-Jan-2014 17:18:04.249 CST
Begin processing the 20801st record. Run 210676, Event 10142529, LumiSection 63 at 20-Jan-2014 17:18:04.327 CST
Begin processing the 20901st record. Run 210676, Event 9356933, LumiSection 63 at 20-Jan-2014 17:18:04.405 CST
Begin processing the 21001st record. Run 210676, Event 9616797, LumiSection 63 at 20-Jan-2014 17:18:04.482 CST
Begin processing the 21101st record. Run 210676, Event 10086725, LumiSection 63 at 20-Jan-2014 17:18:04.559 CST
Begin processing the 21201st record. Run 210676, Event 9276713, LumiSection 63 at 20-Jan-2014 17:18:04.636 CST
Begin processing the 21301st record. Run 210676, Event 9608249, LumiSection 63 at 20-Jan-2014 17:18:04.713 CST
Begin processing the 21401st record. Run 210676, Event 9928193, LumiSection 63 at 20-Jan-2014 17:18:04.790 CST
Begin processing the 21501st record. Run 210676, Event 10396033, LumiSection 63 at 20-Jan-2014 17:18:04.867 CST
Begin processing the 21601st record. Run 210676, Event 9579541, LumiSection 63 at 20-Jan-2014 17:18:04.944 CST
Begin processing the 21701st record. Run 210676, Event 9994965, LumiSection 63 at 20-Jan-2014 17:18:05.022 CST
Begin processing the 21801st record. Run 210676, Event 10337197, LumiSection 63 at 20-Jan-2014 17:18:05.099 CST
Begin processing the 21901st record. Run 210676, Event 9536306, LumiSection 63 at 20-Jan-2014 17:18:05.176 CST
Begin processing the 22001st record. Run 210676, Event 9924666, LumiSection 63 at 20-Jan-2014 17:18:05.253 CST
Begin processing the 22101st record. Run 210676, Event 10287842, LumiSection 63 at 20-Jan-2014 17:18:05.330 CST
Begin processing the 22201st record. Run 210676, Event 9492451, LumiSection 63 at 20-Jan-2014 17:18:05.407 CST
Begin processing the 22301st record. Run 210676, Event 9956307, LumiSection 63 at 20-Jan-2014 17:18:05.484 CST
Begin processing the 22401st record. Run 210676, Event 10429003, LumiSection 63 at 20-Jan-2014 17:18:05.561 CST
Begin processing the 22501st record. Run 210676, Event 9650663, LumiSection 63 at 20-Jan-2014 17:18:05.638 CST
Begin processing the 22601st record. Run 210676, Event 10120183, LumiSection 63 at 20-Jan-2014 17:18:05.715 CST
Begin processing the 22701st record. Run 210676, Event 9291824, LumiSection 63 at 20-Jan-2014 17:18:05.792 CST
Begin processing the 22801st record. Run 210676, Event 9669816, LumiSection 63 at 20-Jan-2014 17:18:05.869 CST
Begin processing the 22901st record. Run 210676, Event 10045016, LumiSection 63 at 20-Jan-2014 17:18:05.948 CST
Begin processing the 23001st record. Run 210676, Event 10401272, LumiSection 63 at 20-Jan-2014 17:18:06.026 CST
Begin processing the 23101st record. Run 210676, Event 9518942, LumiSection 63 at 20-Jan-2014 17:18:06.103 CST
Begin processing the 23201st record. Run 210676, Event 9876814, LumiSection 63 at 20-Jan-2014 17:18:06.180 CST
Begin processing the 23301st record. Run 210676, Event 10269966, LumiSection 63 at 20-Jan-2014 17:18:06.257 CST
Begin processing the 23401st record. Run 210676, Event 9430012, LumiSection 63 at 20-Jan-2014 17:18:06.334 CST
Begin processing the 23501st record. Run 210676, Event 9873772, LumiSection 63 at 20-Jan-2014 17:18:06.411 CST
Begin processing the 23601st record. Run 210676, Event 10317108, LumiSection 63 at 20-Jan-2014 17:18:06.488 CST
Begin processing the 23701st record. Run 210676, Event 10654882, LumiSection 64 at 20-Jan-2014 17:18:06.569 CST
Begin processing the 23801st record. Run 210676, Event 11071930, LumiSection 64 at 20-Jan-2014 17:18:06.646 CST
Begin processing the 23901st record. Run 210676, Event 11526394, LumiSection 64 at 20-Jan-2014 17:18:06.722 CST
Begin processing the 24001st record. Run 210676, Event 10606415, LumiSection 64 at 20-Jan-2014 17:18:06.799 CST
Begin processing the 24101st record. Run 210676, Event 10965639, LumiSection 64 at 20-Jan-2014 17:18:06.876 CST
Begin processing the 24201st record. Run 210676, Event 11445511, LumiSection 64 at 20-Jan-2014 17:18:06.952 CST
Begin processing the 24301st record. Run 210676, Event 11798831, LumiSection 64 at 20-Jan-2014 17:18:07.029 CST
Begin processing the 24401st record. Run 210676, Event 10852110, LumiSection 64 at 20-Jan-2014 17:18:07.106 CST
Begin processing the 24501st record. Run 210676, Event 11235502, LumiSection 64 at 20-Jan-2014 17:18:07.183 CST
Begin processing the 24601st record. Run 210676, Event 11640774, LumiSection 64 at 20-Jan-2014 17:18:07.260 CST
Begin processing the 24701st record. Run 210676, Event 10692558, LumiSection 64 at 20-Jan-2014 17:18:07.337 CST
Begin processing the 24801st record. Run 210676, Event 11215110, LumiSection 64 at 20-Jan-2014 17:18:07.414 CST
Begin processing the 24901st record. Run 210676, Event 11599422, LumiSection 64 at 20-Jan-2014 17:18:07.490 CST
Begin processing the 25001st record. Run 210676, Event 10629231, LumiSection 64 at 20-Jan-2014 17:18:07.567 CST
Begin processing the 25101st record. Run 210676, Event 11124015, LumiSection 64 at 20-Jan-2014 17:18:07.644 CST
Begin processing the 25201st record. Run 210676, Event 11625079, LumiSection 64 at 20-Jan-2014 17:18:07.720 CST
Begin processing the 25301st record. Run 210676, Event 10753773, LumiSection 64 at 20-Jan-2014 17:18:07.798 CST
Begin processing the 25401st record. Run 210676, Event 11176821, LumiSection 64 at 20-Jan-2014 17:18:07.875 CST
Begin processing the 25501st record. Run 210676, Event 11603741, LumiSection 64 at 20-Jan-2014 17:18:07.953 CST
Begin processing the 25601st record. Run 210676, Event 10683120, LumiSection 64 at 20-Jan-2014 17:18:08.030 CST
Begin processing the 25701st record. Run 210676, Event 11088448, LumiSection 64 at 20-Jan-2014 17:18:08.107 CST
Begin processing the 25801st record. Run 210676, Event 11447376, LumiSection 64 at 20-Jan-2014 17:18:08.184 CST
Begin processing the 25901st record. Run 210676, Event 10517208, LumiSection 64 at 20-Jan-2014 17:18:08.261 CST
Begin processing the 26001st record. Run 210676, Event 10990480, LumiSection 64 at 20-Jan-2014 17:18:08.338 CST
Begin processing the 26101st record. Run 210676, Event 11289504, LumiSection 64 at 20-Jan-2014 17:18:08.414 CST
Begin processing the 26201st record. Run 210676, Event 10524297, LumiSection 64 at 20-Jan-2014 17:18:08.491 CST
Begin processing the 26301st record. Run 210676, Event 10921945, LumiSection 64 at 20-Jan-2014 17:18:08.568 CST
Begin processing the 26401st record. Run 210676, Event 11525153, LumiSection 64 at 20-Jan-2014 17:18:08.645 CST
Begin processing the 26501st record. Run 210676, Event 10551091, LumiSection 64 at 20-Jan-2014 17:18:08.722 CST
Begin processing the 26601st record. Run 210676, Event 10944491, LumiSection 64 at 20-Jan-2014 17:18:08.799 CST
Begin processing the 26701st record. Run 210676, Event 11358523, LumiSection 64 at 20-Jan-2014 17:18:08.875 CST
Begin processing the 26801st record. Run 210676, Event 11750355, LumiSection 64 at 20-Jan-2014 17:18:08.952 CST
Begin processing the 26901st record. Run 210676, Event 10796452, LumiSection 64 at 20-Jan-2014 17:18:09.029 CST
Begin processing the 27001st record. Run 210676, Event 11295316, LumiSection 64 at 20-Jan-2014 17:18:09.106 CST
Begin processing the 27101st record. Run 210676, Event 11693380, LumiSection 64 at 20-Jan-2014 17:18:09.183 CST
Begin processing the 27201st record. Run 210676, Event 10691587, LumiSection 64 at 20-Jan-2014 17:18:09.260 CST
Begin processing the 27301st record. Run 210676, Event 11164371, LumiSection 64 at 20-Jan-2014 17:18:09.337 CST
Begin processing the 27401st record. Run 210676, Event 11618171, LumiSection 64 at 20-Jan-2014 17:18:09.414 CST
Begin processing the 27501st record. Run 210676, Event 10659333, LumiSection 64 at 20-Jan-2014 17:18:09.490 CST
Begin processing the 27601st record. Run 210676, Event 11118733, LumiSection 64 at 20-Jan-2014 17:18:09.567 CST
Begin processing the 27701st record. Run 210676, Event 11522501, LumiSection 64 at 20-Jan-2014 17:18:09.644 CST
Begin processing the 27801st record. Run 210676, Event 10619444, LumiSection 64 at 20-Jan-2014 17:18:09.721 CST
Begin processing the 27901st record. Run 210676, Event 10966588, LumiSection 64 at 20-Jan-2014 17:18:09.797 CST
Begin processing the 28001st record. Run 210676, Event 11437724, LumiSection 64 at 20-Jan-2014 17:18:09.874 CST
Begin processing the 28101st record. Run 210676, Event 10554577, LumiSection 64 at 20-Jan-2014 17:18:09.951 CST
Begin processing the 28201st record. Run 210676, Event 10936137, LumiSection 64 at 20-Jan-2014 17:18:10.029 CST
Begin processing the 28301st record. Run 210676, Event 11284697, LumiSection 64 at 20-Jan-2014 17:18:10.109 CST
Begin processing the 28401st record. Run 210676, Event 11704985, LumiSection 64 at 20-Jan-2014 17:18:10.193 CST
Begin processing the 28501st record. Run 210676, Event 10623106, LumiSection 64 at 20-Jan-2014 17:18:10.276 CST
Begin processing the 28601st record. Run 210676, Event 11082930, LumiSection 64 at 20-Jan-2014 17:18:10.359 CST
Begin processing the 28701st record. Run 210676, Event 11492498, LumiSection 64 at 20-Jan-2014 17:18:10.443 CST
Begin processing the 28801st record. Run 210676, Event 11909841, LumiSection 65 at 20-Jan-2014 17:18:10.531 CST
Begin processing the 28901st record. Run 210676, Event 12364793, LumiSection 65 at 20-Jan-2014 17:18:10.615 CST
Begin processing the 29001st record. Run 210676, Event 12789311, LumiSection 65 at 20-Jan-2014 17:18:10.699 CST
Begin processing the 29101st record. Run 210676, Event 13182263, LumiSection 65 at 20-Jan-2014 17:18:10.783 CST
Begin processing the 29201st record. Run 210676, Event 12271057, LumiSection 65 at 20-Jan-2014 17:18:10.866 CST
Begin processing the 29301st record. Run 210676, Event 12795519, LumiSection 65 at 20-Jan-2014 17:18:10.948 CST
Begin processing the 29401st record. Run 210676, Event 13190783, LumiSection 65 at 20-Jan-2014 17:18:11.027 CST
Begin processing the 29501st record. Run 210676, Event 12236932, LumiSection 65 at 20-Jan-2014 17:18:11.105 CST
Begin processing the 29601st record. Run 210676, Event 12670266, LumiSection 65 at 20-Jan-2014 17:18:11.184 CST
Begin processing the 29701st record. Run 210676, Event 13144818, LumiSection 65 at 20-Jan-2014 17:18:11.263 CST
Begin processing the 29801st record. Run 210676, Event 12194957, LumiSection 65 at 20-Jan-2014 17:18:11.342 CST
Begin processing the 29901st record. Run 210676, Event 12631075, LumiSection 65 at 20-Jan-2014 17:18:11.424 CST
Begin processing the 30001st record. Run 210676, Event 13055931, LumiSection 65 at 20-Jan-2014 17:18:11.505 CST
Begin processing the 30101st record. Run 210676, Event 12095736, LumiSection 65 at 20-Jan-2014 17:18:11.583 CST
Begin processing the 30201st record. Run 210676, Event 12517680, LumiSection 65 at 20-Jan-2014 17:18:11.660 CST
Begin processing the 30301st record. Run 210676, Event 12918398, LumiSection 65 at 20-Jan-2014 17:18:11.737 CST
Begin processing the 30401st record. Run 210676, Event 11944122, LumiSection 65 at 20-Jan-2014 17:18:11.815 CST
Begin processing the 30501st record. Run 210676, Event 12425218, LumiSection 65 at 20-Jan-2014 17:18:11.891 CST
Begin processing the 30601st record. Run 210676, Event 12928736, LumiSection 65 at 20-Jan-2014 17:18:11.969 CST
Begin processing the 30701st record. Run 210676, Event 12007202, LumiSection 65 at 20-Jan-2014 17:18:12.046 CST
Begin processing the 30801st record. Run 210676, Event 12232690, LumiSection 65 at 20-Jan-2014 17:18:12.123 CST
Begin processing the 30901st record. Run 210676, Event 12752000, LumiSection 65 at 20-Jan-2014 17:18:12.201 CST
Begin processing the 31001st record. Run 210676, Event 13183000, LumiSection 65 at 20-Jan-2014 17:18:12.278 CST
Begin processing the 31101st record. Run 210676, Event 12280750, LumiSection 65 at 20-Jan-2014 17:18:12.355 CST
Begin processing the 31201st record. Run 210676, Event 12788444, LumiSection 65 at 20-Jan-2014 17:18:12.432 CST
Begin processing the 31301st record. Run 210676, Event 13087772, LumiSection 65 at 20-Jan-2014 17:18:12.509 CST
Begin processing the 31401st record. Run 210676, Event 12206639, LumiSection 65 at 20-Jan-2014 17:18:12.586 CST
Begin processing the 31501st record. Run 210676, Event 12638533, LumiSection 65 at 20-Jan-2014 17:18:12.663 CST
Begin processing the 31601st record. Run 210676, Event 13070733, LumiSection 65 at 20-Jan-2014 17:18:12.741 CST
Begin processing the 31701st record. Run 210676, Event 12069806, LumiSection 65 at 20-Jan-2014 17:18:12.818 CST
Begin processing the 31801st record. Run 210676, Event 12461454, LumiSection 65 at 20-Jan-2014 17:18:12.894 CST
Begin processing the 31901st record. Run 210676, Event 12914548, LumiSection 65 at 20-Jan-2014 17:18:12.972 CST
Begin processing the 32001st record. Run 210676, Event 11977051, LumiSection 65 at 20-Jan-2014 17:18:13.049 CST
Begin processing the 32101st record. Run 210676, Event 12402747, LumiSection 65 at 20-Jan-2014 17:18:13.126 CST
Begin processing the 32201st record. Run 210676, Event 12803121, LumiSection 65 at 20-Jan-2014 17:18:13.203 CST
Begin processing the 32301st record. Run 210676, Event 13170137, LumiSection 65 at 20-Jan-2014 17:18:13.280 CST
Begin processing the 32401st record. Run 210676, Event 12238979, LumiSection 65 at 20-Jan-2014 17:18:13.357 CST
Begin processing the 32501st record. Run 210676, Event 12624593, LumiSection 65 at 20-Jan-2014 17:18:13.434 CST
Begin processing the 32601st record. Run 210676, Event 13140425, LumiSection 65 at 20-Jan-2014 17:18:13.511 CST
Begin processing the 32701st record. Run 210676, Event 12222264, LumiSection 65 at 20-Jan-2014 17:18:13.588 CST
Begin processing the 32801st record. Run 210676, Event 12697966, LumiSection 65 at 20-Jan-2014 17:18:13.665 CST
Begin processing the 32901st record. Run 210676, Event 13178590, LumiSection 65 at 20-Jan-2014 17:18:13.743 CST
Begin processing the 33001st record. Run 210676, Event 12186284, LumiSection 65 at 20-Jan-2014 17:18:13.819 CST
Begin processing the 33101st record. Run 210676, Event 12620868, LumiSection 65 at 20-Jan-2014 17:18:13.897 CST
Begin processing the 33201st record. Run 210676, Event 13145882, LumiSection 65 at 20-Jan-2014 17:18:13.973 CST
Begin processing the 33301st record. Run 210676, Event 12240551, LumiSection 65 at 20-Jan-2014 17:18:14.051 CST
Begin processing the 33401st record. Run 210676, Event 12785685, LumiSection 65 at 20-Jan-2014 17:18:14.128 CST
Begin processing the 33501st record. Run 210676, Event 11845645, LumiSection 65 at 20-Jan-2014 17:18:14.205 CST
Begin processing the 33601st record. Run 210676, Event 12255061, LumiSection 65 at 20-Jan-2014 17:18:14.282 CST
Begin processing the 33701st record. Run 210676, Event 12728475, LumiSection 65 at 20-Jan-2014 17:18:14.359 CST
Begin processing the 33801st record. Run 210676, Event 13193468, LumiSection 66 at 20-Jan-2014 17:18:14.440 CST
Begin processing the 33901st record. Run 210676, Event 13611276, LumiSection 66 at 20-Jan-2014 17:18:14.517 CST
Begin processing the 34001st record. Run 210676, Event 14123948, LumiSection 66 at 20-Jan-2014 17:18:14.594 CST
Begin processing the 34101st record. Run 210676, Event 14494460, LumiSection 66 at 20-Jan-2014 17:18:14.671 CST
Begin processing the 34201st record. Run 210676, Event 13484766, LumiSection 66 at 20-Jan-2014 17:18:14.748 CST
Begin processing the 34301st record. Run 210676, Event 13947414, LumiSection 66 at 20-Jan-2014 17:18:14.825 CST
Begin processing the 34401st record. Run 210676, Event 14395830, LumiSection 66 at 20-Jan-2014 17:18:14.902 CST
Begin processing the 34501st record. Run 210676, Event 13406970, LumiSection 66 at 20-Jan-2014 17:18:14.979 CST
Begin processing the 34601st record. Run 210676, Event 13975050, LumiSection 66 at 20-Jan-2014 17:18:15.055 CST
Begin processing the 34701st record. Run 210676, Event 14430298, LumiSection 66 at 20-Jan-2014 17:18:15.132 CST
Begin processing the 34801st record. Run 210676, Event 13461139, LumiSection 66 at 20-Jan-2014 17:18:15.209 CST
Begin processing the 34901st record. Run 210676, Event 13953363, LumiSection 66 at 20-Jan-2014 17:18:15.286 CST
Begin processing the 35001st record. Run 210676, Event 14414267, LumiSection 66 at 20-Jan-2014 17:18:15.363 CST
Begin processing the 35101st record. Run 210676, Event 13472761, LumiSection 66 at 20-Jan-2014 17:18:15.441 CST
Begin processing the 35201st record. Run 210676, Event 13945193, LumiSection 66 at 20-Jan-2014 17:18:15.518 CST
Begin processing the 35301st record. Run 210676, Event 14411521, LumiSection 66 at 20-Jan-2014 17:18:15.595 CST
Begin processing the 35401st record. Run 210676, Event 13406771, LumiSection 66 at 20-Jan-2014 17:18:15.671 CST
Begin processing the 35501st record. Run 210676, Event 13847227, LumiSection 66 at 20-Jan-2014 17:18:15.748 CST
Begin processing the 35601st record. Run 210676, Event 14318171, LumiSection 66 at 20-Jan-2014 17:18:15.825 CST
Begin processing the 35701st record. Run 210676, Event 13386071, LumiSection 66 at 20-Jan-2014 17:18:15.902 CST
Begin processing the 35801st record. Run 210676, Event 13797255, LumiSection 66 at 20-Jan-2014 17:18:15.979 CST
Begin processing the 35901st record. Run 210676, Event 14193471, LumiSection 66 at 20-Jan-2014 17:18:16.056 CST
Begin processing the 36001st record. Run 210676, Event 13263985, LumiSection 66 at 20-Jan-2014 17:18:16.135 CST
Begin processing the 36101st record. Run 210676, Event 13677457, LumiSection 66 at 20-Jan-2014 17:18:16.213 CST
Begin processing the 36201st record. Run 210676, Event 14183865, LumiSection 66 at 20-Jan-2014 17:18:16.291 CST
Begin processing the 36301st record. Run 210676, Event 13202582, LumiSection 66 at 20-Jan-2014 17:18:16.370 CST
Begin processing the 36401st record. Run 210676, Event 13615390, LumiSection 66 at 20-Jan-2014 17:18:16.449 CST
Begin processing the 36501st record. Run 210676, Event 14006054, LumiSection 66 at 20-Jan-2014 17:18:16.528 CST
Begin processing the 36601st record. Run 210676, Event 14428046, LumiSection 66 at 20-Jan-2014 17:18:16.607 CST
Begin processing the 36701st record. Run 210676, Event 13488863, LumiSection 66 at 20-Jan-2014 17:18:16.686 CST
Begin processing the 36801st record. Run 210676, Event 13896991, LumiSection 66 at 20-Jan-2014 17:18:16.766 CST
Begin processing the 36901st record. Run 210676, Event 14337975, LumiSection 66 at 20-Jan-2014 17:18:16.844 CST
Begin processing the 37001st record. Run 210676, Event 13401796, LumiSection 66 at 20-Jan-2014 17:18:16.922 CST
Begin processing the 37101st record. Run 210676, Event 13827900, LumiSection 66 at 20-Jan-2014 17:18:16.999 CST
Begin processing the 37201st record. Run 210676, Event 14193004, LumiSection 66 at 20-Jan-2014 17:18:17.077 CST
Begin processing the 37301st record. Run 210676, Event 14551964, LumiSection 66 at 20-Jan-2014 17:18:17.153 CST
Begin processing the 37401st record. Run 210676, Event 13652605, LumiSection 66 at 20-Jan-2014 17:18:17.231 CST
Begin processing the 37501st record. Run 210676, Event 14081661, LumiSection 66 at 20-Jan-2014 17:18:17.309 CST
Begin processing the 37601st record. Run 210676, Event 14484069, LumiSection 66 at 20-Jan-2014 17:18:17.387 CST
Begin processing the 37701st record. Run 210676, Event 13373616, LumiSection 66 at 20-Jan-2014 17:18:17.464 CST
Begin processing the 37801st record. Run 210676, Event 13773536, LumiSection 66 at 20-Jan-2014 17:18:17.541 CST
Begin processing the 37901st record. Run 210676, Event 14417856, LumiSection 66 at 20-Jan-2014 17:18:17.619 CST
Begin processing the 38001st record. Run 210676, Event 13514424, LumiSection 66 at 20-Jan-2014 17:18:17.695 CST
Begin processing the 38101st record. Run 210676, Event 13988368, LumiSection 66 at 20-Jan-2014 17:18:17.773 CST
Begin processing the 38201st record. Run 210676, Event 14432696, LumiSection 66 at 20-Jan-2014 17:18:17.849 CST
Begin processing the 38301st record. Run 210676, Event 13369842, LumiSection 66 at 20-Jan-2014 17:18:17.926 CST
Begin processing the 38401st record. Run 210676, Event 13742794, LumiSection 66 at 20-Jan-2014 17:18:18.003 CST
Begin processing the 38501st record. Run 210676, Event 14131306, LumiSection 66 at 20-Jan-2014 17:18:18.080 CST
Begin processing the 38601st record. Run 210676, Event 14554050, LumiSection 66 at 20-Jan-2014 17:18:18.157 CST
Begin processing the 38701st record. Run 210676, Event 13597037, LumiSection 66 at 20-Jan-2014 17:18:18.234 CST
Begin processing the 38801st record. Run 210676, Event 14004909, LumiSection 66 at 20-Jan-2014 17:18:18.311 CST
Begin processing the 38901st record. Run 210676, Event 14426621, LumiSection 66 at 20-Jan-2014 17:18:18.388 CST
Begin processing the 39001st record. Run 210676, Event 14830087, LumiSection 67 at 20-Jan-2014 17:18:18.469 CST
Begin processing the 39101st record. Run 210676, Event 15351479, LumiSection 67 at 20-Jan-2014 17:18:18.546 CST
Begin processing the 39201st record. Run 210676, Event 14723608, LumiSection 67 at 20-Jan-2014 17:18:18.623 CST
Begin processing the 39301st record. Run 210676, Event 15089736, LumiSection 67 at 20-Jan-2014 17:18:18.700 CST
Begin processing the 39401st record. Run 210676, Event 14646574, LumiSection 67 at 20-Jan-2014 17:18:18.777 CST
Begin processing the 39501st record. Run 210676, Event 15130590, LumiSection 67 at 20-Jan-2014 17:18:18.855 CST
Begin processing the 39601st record. Run 210676, Event 14608137, LumiSection 67 at 20-Jan-2014 17:18:18.943 CST
Begin processing the 39701st record. Run 210676, Event 15091249, LumiSection 67 at 20-Jan-2014 17:18:19.021 CST
Begin processing the 39801st record. Run 210676, Event 14610455, LumiSection 67 at 20-Jan-2014 17:18:19.099 CST
Begin processing the 39901st record. Run 210676, Event 15010287, LumiSection 67 at 20-Jan-2014 17:18:19.176 CST
Begin processing the 40001st record. Run 210676, Event 15431855, LumiSection 67 at 20-Jan-2014 17:18:19.254 CST
Begin processing the 40101st record. Run 210676, Event 14823129, LumiSection 67 at 20-Jan-2014 17:18:19.331 CST
Begin processing the 40201st record. Run 210676, Event 15242777, LumiSection 67 at 20-Jan-2014 17:18:19.408 CST
Begin processing the 40301st record. Run 210676, Event 14743084, LumiSection 67 at 20-Jan-2014 17:18:19.485 CST
Begin processing the 40401st record. Run 210676, Event 15192604, LumiSection 67 at 20-Jan-2014 17:18:19.563 CST
Begin processing the 40501st record. Run 210676, Event 14647861, LumiSection 67 at 20-Jan-2014 17:18:19.640 CST
Begin processing the 40601st record. Run 210676, Event 15112165, LumiSection 67 at 20-Jan-2014 17:18:19.717 CST
Begin processing the 40701st record. Run 210676, Event 14636364, LumiSection 67 at 20-Jan-2014 17:18:19.794 CST
Begin processing the 40801st record. Run 210676, Event 15056660, LumiSection 67 at 20-Jan-2014 17:18:19.871 CST
Begin processing the 40901st record. Run 210676, Event 15408036, LumiSection 67 at 20-Jan-2014 17:18:19.948 CST
Begin processing the 41001st record. Run 210676, Event 14762682, LumiSection 67 at 20-Jan-2014 17:18:20.025 CST
Begin processing the 41101st record. Run 210676, Event 15224546, LumiSection 67 at 20-Jan-2014 17:18:20.102 CST
Begin processing the 41201st record. Run 210676, Event 14640158, LumiSection 67 at 20-Jan-2014 17:18:20.179 CST
Begin processing the 41301st record. Run 210676, Event 15024118, LumiSection 67 at 20-Jan-2014 17:18:20.256 CST
Begin processing the 41401st record. Run 210676, Event 15391310, LumiSection 67 at 20-Jan-2014 17:18:20.333 CST
Begin processing the 41501st record. Run 210676, Event 14835522, LumiSection 67 at 20-Jan-2014 17:18:20.411 CST
Begin processing the 41601st record. Run 210676, Event 15241002, LumiSection 67 at 20-Jan-2014 17:18:20.488 CST
Begin processing the 41701st record. Run 210676, Event 14613835, LumiSection 67 at 20-Jan-2014 17:18:20.565 CST
Begin processing the 41801st record. Run 210676, Event 15013675, LumiSection 67 at 20-Jan-2014 17:18:20.642 CST
Begin processing the 41901st record. Run 210676, Event 15401891, LumiSection 67 at 20-Jan-2014 17:18:20.719 CST
Begin processing the 42001st record. Run 210676, Event 14893477, LumiSection 67 at 20-Jan-2014 17:18:20.797 CST
Begin processing the 42101st record. Run 210676, Event 15311021, LumiSection 67 at 20-Jan-2014 17:18:20.874 CST
Begin processing the 42201st record. Run 210676, Event 14616971, LumiSection 67 at 20-Jan-2014 17:18:20.951 CST
Begin processing the 42301st record. Run 210676, Event 15020859, LumiSection 67 at 20-Jan-2014 17:18:21.028 CST
Begin processing the 42401st record. Run 210676, Event 15428611, LumiSection 67 at 20-Jan-2014 17:18:21.105 CST
Begin processing the 42501st record. Run 210676, Event 14825152, LumiSection 67 at 20-Jan-2014 17:18:21.183 CST
Begin processing the 42601st record. Run 210676, Event 15251456, LumiSection 67 at 20-Jan-2014 17:18:21.260 CST

 First pass: zVertexEventSelected = -0.0761273, zAtECal = 1.42535, zCorrected = 1.50148, thetaForZEqualsZero = 0.735594, thetaCorrected = 0.709785, zCorrectedEta = 0.992678, uncorrected Eta = 0.953653
 First pass: zVertexEventSelected = -0.0761273, zAtECal = 1.53981, zCorrected = 1.61594, thetaForZEqualsZero = 0.697349, thetaCorrected = 0.673703, zCorrectedEta = 1.04926, uncorrected Eta = 1.0119
 First pass: zVertexEventSelected = -0.0761273, zAtECal = -1.86063, zCorrected = -1.7845, thetaForZEqualsZero = 2.53537, thetaCorrected = 2.51567, zCorrectedEta = -1.12826, uncorrected Eta = -1.16235
 First pass: zVertexEventSelected = -0.0761273, zAtECal = -2.24531, zCorrected = -2.16919, thetaForZEqualsZero = 2.62011, thetaCorrected = 2.60508, zCorrectedEta = -1.29142, uncorrected Eta = -1.3212
 First pass: zVertexEventSelected = -0.0761273, zAtECal = -0.941708, zCorrected = -0.86558, thetaForZEqualsZero = 2.20138, thetaCorrected = 2.16179, zCorrectedEta = -0.628741, uncorrected Eta = -0.677075
 First pass: zVertexEventSelected = -0.0761273, zAtECal = 0.485259, zCorrected = 0.561386, thetaForZEqualsZero = 1.211, thetaCorrected = 1.16033, zCorrectedEta = 0.4225, uncorrected Eta = 0.36782
 First pass: zVertexEventSelected = -0.0761273, zAtECal = -0.0155766, zCorrected = 0.0605508, thetaForZEqualsZero = 1.58287, thetaCorrected = 1.52389, zCorrectedEta = 0.0469214, uncorrected Eta = -0.0120746
 First pass: zVertexEventSelected = -0.0761273, zAtECal = 0.957095, zCorrected = 1.03322, thetaForZEqualsZero = 0.932477, thetaCorrected = 0.895478, zCorrectedEta = 0.733408, uncorrected Eta = 0.686682
 First pass: zVertexEventSelected = -0.0761273, zAtECal = -0.741202, zCorrected = -0.665074, thetaForZEqualsZero = 2.09231, thetaCorrected = 2.04682, zCorrectedEta = -0.495087, uncorrected Eta = -0.546901
 First pass: zVertexEventSelected = -0.0761273, zAtECal = -0.301536, zCorrected = -0.225409, thetaForZEqualsZero = 1.80042, thetaCorrected = 1.74379, zCorrectedEta = -0.173858, uncorrected Eta = -0.231671
Begin processing the 42701st record. Run 210676, Event 15604398, LumiSection 68 at 20-Jan-2014 17:18:31.585 CST
Begin processing the 42801st record. Run 210676, Event 15595402, LumiSection 68 at 20-Jan-2014 17:18:32.689 CST
Begin processing the 42901st record. Run 210676, Event 15607974, LumiSection 68 at 20-Jan-2014 17:18:33.940 CST
Begin processing the 43001st record. Run 210676, Event 15593735, LumiSection 68 at 20-Jan-2014 17:18:35.316 CST
Begin processing the 43101st record. Run 210676, Event 15719787, LumiSection 69 at 20-Jan-2014 17:18:36.309 CST
Begin processing the 43201st record. Run 210676, Event 16031051, LumiSection 69 at 20-Jan-2014 17:18:37.390 CST
Begin processing the 43301st record. Run 210676, Event 16338397, LumiSection 69 at 20-Jan-2014 17:18:38.763 CST
Begin processing the 43401st record. Run 210676, Event 16640925, LumiSection 69 at 20-Jan-2014 17:18:39.830 CST
Begin processing the 43501st record. Run 210676, Event 15823118, LumiSection 69 at 20-Jan-2014 17:18:41.570 CST
Begin processing the 43601st record. Run 210676, Event 16113174, LumiSection 69 at 20-Jan-2014 17:18:42.662 CST
Begin processing the 43701st record. Run 210676, Event 16452104, LumiSection 69 at 20-Jan-2014 17:18:44.225 CST
Begin processing the 43801st record. Run 210676, Event 16725328, LumiSection 69 at 20-Jan-2014 17:18:45.986 CST
Begin processing the 43901st record. Run 210676, Event 15926648, LumiSection 69 at 20-Jan-2014 17:18:47.084 CST
Begin processing the 44001st record. Run 210676, Event 16230848, LumiSection 69 at 20-Jan-2014 17:18:48.040 CST
Begin processing the 44101st record. Run 210676, Event 16548098, LumiSection 69 at 20-Jan-2014 17:18:49.084 CST
Begin processing the 44201st record. Run 210676, Event 15800091, LumiSection 69 at 20-Jan-2014 17:18:50.102 CST
Begin processing the 44301st record. Run 210676, Event 16100027, LumiSection 69 at 20-Jan-2014 17:18:51.448 CST
Begin processing the 44401st record. Run 210676, Event 16426813, LumiSection 69 at 20-Jan-2014 17:18:52.507 CST
Begin processing the 44501st record. Run 210676, Event 15675749, LumiSection 69 at 20-Jan-2014 17:18:55.505 CST
Begin processing the 44601st record. Run 210676, Event 15984789, LumiSection 69 at 20-Jan-2014 17:18:56.922 CST
Begin processing the 44701st record. Run 210676, Event 16323599, LumiSection 69 at 20-Jan-2014 17:18:58.193 CST
Begin processing the 44801st record. Run 210676, Event 16678103, LumiSection 69 at 20-Jan-2014 17:18:59.444 CST
Begin processing the 44901st record. Run 210676, Event 15890532, LumiSection 69 at 20-Jan-2014 17:19:00.944 CST
Begin processing the 45001st record. Run 210676, Event 16154716, LumiSection 69 at 20-Jan-2014 17:19:02.835 CST
Begin processing the 45101st record. Run 210676, Event 16464646, LumiSection 69 at 20-Jan-2014 17:19:04.072 CST
Begin processing the 45201st record. Run 210676, Event 15675111, LumiSection 69 at 20-Jan-2014 17:19:05.527 CST
Begin processing the 45301st record. Run 210676, Event 16029007, LumiSection 69 at 20-Jan-2014 17:19:06.719 CST
Begin processing the 45401st record. Run 210676, Event 16314761, LumiSection 69 at 20-Jan-2014 17:19:07.901 CST
Begin processing the 45501st record. Run 210676, Event 16666121, LumiSection 69 at 20-Jan-2014 17:19:09.434 CST
Begin processing the 45601st record. Run 210676, Event 15862081, LumiSection 69 at 20-Jan-2014 17:19:10.777 CST
Begin processing the 45701st record. Run 210676, Event 16221353, LumiSection 69 at 20-Jan-2014 17:19:12.218 CST
Begin processing the 45801st record. Run 210676, Event 16566555, LumiSection 69 at 20-Jan-2014 17:19:13.278 CST
Begin processing the 45901st record. Run 210676, Event 15789222, LumiSection 69 at 20-Jan-2014 17:19:14.458 CST
Begin processing the 46001st record. Run 210676, Event 16023854, LumiSection 69 at 20-Jan-2014 17:19:15.528 CST
Begin processing the 46101st record. Run 210676, Event 16320384, LumiSection 69 at 20-Jan-2014 17:19:16.828 CST
Begin processing the 46201st record. Run 210676, Event 16605896, LumiSection 69 at 20-Jan-2014 17:19:18.253 CST
Begin processing the 46301st record. Run 210676, Event 15792977, LumiSection 69 at 20-Jan-2014 17:19:19.386 CST
Begin processing the 46401st record. Run 210676, Event 16082473, LumiSection 69 at 20-Jan-2014 17:19:21.021 CST
Begin processing the 46501st record. Run 210676, Event 16380219, LumiSection 69 at 20-Jan-2014 17:19:22.192 CST
Begin processing the 46601st record. Run 210676, Event 16732323, LumiSection 69 at 20-Jan-2014 17:19:23.293 CST
Begin processing the 46701st record. Run 210676, Event 16016101, LumiSection 69 at 20-Jan-2014 17:19:24.546 CST
Begin processing the 46801st record. Run 210676, Event 16378279, LumiSection 69 at 20-Jan-2014 17:19:25.643 CST
Begin processing the 46901st record. Run 210676, Event 16656335, LumiSection 69 at 20-Jan-2014 17:19:26.758 CST
Begin processing the 47001st record. Run 210676, Event 15850780, LumiSection 69 at 20-Jan-2014 17:19:29.480 CST
Begin processing the 47101st record. Run 210676, Event 16208276, LumiSection 69 at 20-Jan-2014 17:19:30.429 CST
Begin processing the 47201st record. Run 210676, Event 16485558, LumiSection 69 at 20-Jan-2014 17:19:32.315 CST
Begin processing the 47301st record. Run 210676, Event 15723352, LumiSection 69 at 20-Jan-2014 17:19:33.350 CST
Begin processing the 47401st record. Run 210676, Event 15983376, LumiSection 69 at 20-Jan-2014 17:19:34.594 CST
Begin processing the 47501st record. Run 210676, Event 16272522, LumiSection 69 at 20-Jan-2014 17:19:35.644 CST
Begin processing the 47601st record. Run 210676, Event 16535242, LumiSection 69 at 20-Jan-2014 17:19:36.495 CST
Begin processing the 47701st record. Run 210676, Event 15815826, LumiSection 69 at 20-Jan-2014 17:19:37.372 CST
Begin processing the 47801st record. Run 210676, Event 16051274, LumiSection 69 at 20-Jan-2014 17:19:38.569 CST
Begin processing the 47901st record. Run 210676, Event 16322740, LumiSection 69 at 20-Jan-2014 17:19:39.625 CST
Begin processing the 48001st record. Run 210676, Event 16658588, LumiSection 69 at 20-Jan-2014 17:19:40.838 CST
Begin processing the 48101st record. Run 210676, Event 15836146, LumiSection 69 at 20-Jan-2014 17:19:42.363 CST
Begin processing the 48201st record. Run 210676, Event 16170834, LumiSection 69 at 20-Jan-2014 17:19:43.327 CST
Begin processing the 48301st record. Run 210676, Event 16484116, LumiSection 69 at 20-Jan-2014 17:19:44.491 CST
Begin processing the 48401st record. Run 210676, Event 15698159, LumiSection 69 at 20-Jan-2014 17:19:45.800 CST
Begin processing the 48501st record. Run 210676, Event 16000871, LumiSection 69 at 20-Jan-2014 17:19:47.264 CST
Begin processing the 48601st record. Run 210676, Event 16319201, LumiSection 69 at 20-Jan-2014 17:19:48.456 CST
Begin processing the 48701st record. Run 210676, Event 16615777, LumiSection 69 at 20-Jan-2014 17:19:49.476 CST
Begin processing the 48801st record. Run 210676, Event 16880135, LumiSection 70 at 20-Jan-2014 17:19:50.515 CST
Begin processing the 48901st record. Run 210676, Event 17165423, LumiSection 70 at 20-Jan-2014 17:19:51.690 CST
Begin processing the 49001st record. Run 210676, Event 17430911, LumiSection 70 at 20-Jan-2014 17:19:52.838 CST
Begin processing the 49101st record. Run 210676, Event 17768623, LumiSection 70 at 20-Jan-2014 17:19:53.819 CST
Begin processing the 49201st record. Run 210676, Event 18058399, LumiSection 70 at 20-Jan-2014 17:19:54.982 CST
Begin processing the 49301st record. Run 210676, Event 16925791, LumiSection 70 at 20-Jan-2014 17:19:56.161 CST
Begin processing the 49401st record. Run 210676, Event 17234311, LumiSection 70 at 20-Jan-2014 17:19:57.287 CST
Begin processing the 49501st record. Run 210676, Event 17521927, LumiSection 70 at 20-Jan-2014 17:19:58.277 CST
Begin processing the 49601st record. Run 210676, Event 17817903, LumiSection 70 at 20-Jan-2014 17:19:59.456 CST
Begin processing the 49701st record. Run 210676, Event 18120831, LumiSection 70 at 20-Jan-2014 17:20:00.341 CST
Begin processing the 49801st record. Run 210676, Event 17050195, LumiSection 70 at 20-Jan-2014 17:20:01.625 CST
Begin processing the 49901st record. Run 210676, Event 17341019, LumiSection 70 at 20-Jan-2014 17:20:02.833 CST
Begin processing the 50001st record. Run 210676, Event 17662011, LumiSection 70 at 20-Jan-2014 17:20:04.033 CST
Begin processing the 50101st record. Run 210676, Event 17941603, LumiSection 70 at 20-Jan-2014 17:20:05.537 CST
Begin processing the 50201st record. Run 210676, Event 16855948, LumiSection 70 at 20-Jan-2014 17:20:06.510 CST
Begin processing the 50301st record. Run 210676, Event 17158212, LumiSection 70 at 20-Jan-2014 17:20:07.789 CST
Begin processing the 50401st record. Run 210676, Event 17492284, LumiSection 70 at 20-Jan-2014 17:20:08.933 CST
Begin processing the 50501st record. Run 210676, Event 17848892, LumiSection 70 at 20-Jan-2014 17:20:11.392 CST
Begin processing the 50601st record. Run 210676, Event 18109060, LumiSection 70 at 20-Jan-2014 17:20:12.424 CST
Begin processing the 50701st record. Run 210676, Event 17010440, LumiSection 70 at 20-Jan-2014 17:20:13.290 CST
Begin processing the 50801st record. Run 210676, Event 17302496, LumiSection 70 at 20-Jan-2014 17:20:14.531 CST
Begin processing the 50901st record. Run 210676, Event 17556344, LumiSection 70 at 20-Jan-2014 17:20:15.546 CST
Begin processing the 51001st record. Run 210676, Event 17887240, LumiSection 70 at 20-Jan-2014 17:20:17.158 CST
Begin processing the 51101st record. Run 210676, Event 16822748, LumiSection 70 at 20-Jan-2014 17:20:18.303 CST
Begin processing the 51201st record. Run 210676, Event 17133444, LumiSection 70 at 20-Jan-2014 17:20:19.855 CST
Begin processing the 51301st record. Run 210676, Event 17407644, LumiSection 70 at 20-Jan-2014 17:20:21.131 CST
Begin processing the 51401st record. Run 210676, Event 17679316, LumiSection 70 at 20-Jan-2014 17:20:22.357 CST
Begin processing the 51501st record. Run 210676, Event 17938092, LumiSection 70 at 20-Jan-2014 17:20:23.389 CST
Begin processing the 51601st record. Run 210676, Event 16840698, LumiSection 70 at 20-Jan-2014 17:20:24.622 CST
Begin processing the 51701st record. Run 210676, Event 17156786, LumiSection 70 at 20-Jan-2014 17:20:25.542 CST
Begin processing the 51801st record. Run 210676, Event 17423546, LumiSection 70 at 20-Jan-2014 17:20:26.901 CST
Begin processing the 51901st record. Run 210676, Event 17701314, LumiSection 70 at 20-Jan-2014 17:20:27.940 CST
Begin processing the 52001st record. Run 210676, Event 18017498, LumiSection 70 at 20-Jan-2014 17:20:29.125 CST
Begin processing the 52101st record. Run 210676, Event 16858694, LumiSection 70 at 20-Jan-2014 17:20:30.417 CST
Begin processing the 52201st record. Run 210676, Event 17210550, LumiSection 70 at 20-Jan-2014 17:20:31.312 CST
Begin processing the 52301st record. Run 210676, Event 17461910, LumiSection 70 at 20-Jan-2014 17:20:32.657 CST
Begin processing the 52401st record. Run 210676, Event 17693094, LumiSection 70 at 20-Jan-2014 17:20:33.755 CST
Begin processing the 52501st record. Run 210676, Event 17968286, LumiSection 70 at 20-Jan-2014 17:20:34.784 CST
Begin processing the 52601st record. Run 210676, Event 16837362, LumiSection 70 at 20-Jan-2014 17:20:36.298 CST
Begin processing the 52701st record. Run 210676, Event 17176306, LumiSection 70 at 20-Jan-2014 17:20:37.431 CST
Begin processing the 52801st record. Run 210676, Event 17500786, LumiSection 70 at 20-Jan-2014 17:20:39.441 CST
Begin processing the 52901st record. Run 210676, Event 17754650, LumiSection 70 at 20-Jan-2014 17:20:41.177 CST
Begin processing the 53001st record. Run 210676, Event 18087026, LumiSection 70 at 20-Jan-2014 17:20:42.385 CST
Begin processing the 53101st record. Run 210676, Event 17038897, LumiSection 70 at 20-Jan-2014 17:20:43.330 CST
Begin processing the 53201st record. Run 210676, Event 17374161, LumiSection 70 at 20-Jan-2014 17:20:44.772 CST
Begin processing the 53301st record. Run 210676, Event 17720697, LumiSection 70 at 20-Jan-2014 17:20:46.215 CST
Begin processing the 53401st record. Run 210676, Event 17984177, LumiSection 70 at 20-Jan-2014 17:20:47.628 CST
Begin processing the 53501st record. Run 210676, Event 16866888, LumiSection 70 at 20-Jan-2014 17:20:48.795 CST
Begin processing the 53601st record. Run 210676, Event 17165664, LumiSection 70 at 20-Jan-2014 17:20:49.930 CST
Begin processing the 53701st record. Run 210676, Event 17487264, LumiSection 70 at 20-Jan-2014 17:20:51.199 CST
Begin processing the 53801st record. Run 210676, Event 17738296, LumiSection 70 at 20-Jan-2014 17:20:52.506 CST
Begin processing the 53901st record. Run 210676, Event 17979720, LumiSection 70 at 20-Jan-2014 17:20:53.813 CST
Begin processing the 54001st record. Run 210676, Event 16857067, LumiSection 70 at 20-Jan-2014 17:20:55.048 CST
Begin processing the 54101st record. Run 210676, Event 17188091, LumiSection 70 at 20-Jan-2014 17:20:56.218 CST
Begin processing the 54201st record. Run 210676, Event 17509699, LumiSection 70 at 20-Jan-2014 17:20:57.646 CST
Begin processing the 54301st record. Run 210676, Event 17831755, LumiSection 70 at 20-Jan-2014 17:20:59.202 CST
Begin processing the 54401st record. Run 210676, Event 18122995, LumiSection 70 at 20-Jan-2014 17:21:00.398 CST
Begin processing the 54501st record. Run 210676, Event 17060293, LumiSection 70 at 20-Jan-2014 17:21:01.841 CST
Begin processing the 54601st record. Run 210676, Event 17426293, LumiSection 70 at 20-Jan-2014 17:21:03.044 CST
Begin processing the 54701st record. Run 210676, Event 17695237, LumiSection 70 at 20-Jan-2014 17:21:04.661 CST
Begin processing the 54801st record. Run 210676, Event 18005501, LumiSection 70 at 20-Jan-2014 17:21:06.025 CST
Begin processing the 54901st record. Run 210676, Event 16915086, LumiSection 70 at 20-Jan-2014 17:21:07.200 CST
Begin processing the 55001st record. Run 210676, Event 17255246, LumiSection 70 at 20-Jan-2014 17:21:08.641 CST
Begin processing the 55101st record. Run 210676, Event 17530630, LumiSection 70 at 20-Jan-2014 17:21:10.402 CST
Begin processing the 55201st record. Run 210676, Event 17824846, LumiSection 70 at 20-Jan-2014 17:21:11.646 CST
Begin processing the 55301st record. Run 210676, Event 18078030, LumiSection 70 at 20-Jan-2014 17:21:12.828 CST
Begin processing the 55401st record. Run 210676, Event 16956709, LumiSection 70 at 20-Jan-2014 17:21:14.003 CST
Begin processing the 55501st record. Run 210676, Event 17237637, LumiSection 70 at 20-Jan-2014 17:21:15.082 CST
Begin processing the 55601st record. Run 210676, Event 17515453, LumiSection 70 at 20-Jan-2014 17:21:16.204 CST
Begin processing the 55701st record. Run 210676, Event 17805413, LumiSection 70 at 20-Jan-2014 17:21:17.586 CST
Begin processing the 55801st record. Run 210676, Event 16745489, LumiSection 70 at 20-Jan-2014 17:21:18.818 CST
Begin processing the 55901st record. Run 210676, Event 17067057, LumiSection 70 at 20-Jan-2014 17:21:21.757 CST
Begin processing the 56001st record. Run 210676, Event 17339497, LumiSection 70 at 20-Jan-2014 17:21:22.939 CST
Begin processing the 56101st record. Run 210676, Event 17613473, LumiSection 70 at 20-Jan-2014 17:21:24.827 CST
Begin processing the 56201st record. Run 210676, Event 17916489, LumiSection 70 at 20-Jan-2014 17:21:26.093 CST
Begin processing the 56301st record. Run 210676, Event 18220741, LumiSection 71 at 20-Jan-2014 17:21:27.682 CST
Begin processing the 56401st record. Run 210676, Event 18479389, LumiSection 71 at 20-Jan-2014 17:21:28.914 CST
Begin processing the 56501st record. Run 210676, Event 18728805, LumiSection 71 at 20-Jan-2014 17:21:29.898 CST
Begin processing the 56601st record. Run 210676, Event 19046349, LumiSection 71 at 20-Jan-2014 17:21:31.103 CST
Begin processing the 56701st record. Run 210676, Event 19329821, LumiSection 71 at 20-Jan-2014 17:21:32.160 CST
Begin processing the 56801st record. Run 210676, Event 18194271, LumiSection 71 at 20-Jan-2014 17:21:33.354 CST
Begin processing the 56901st record. Run 210676, Event 18512447, LumiSection 71 at 20-Jan-2014 17:21:34.558 CST
Begin processing the 57001st record. Run 210676, Event 18844343, LumiSection 71 at 20-Jan-2014 17:21:35.514 CST
Begin processing the 57101st record. Run 210676, Event 19099927, LumiSection 71 at 20-Jan-2014 17:21:36.711 CST
Begin processing the 57201st record. Run 210676, Event 19377775, LumiSection 71 at 20-Jan-2014 17:21:37.793 CST
Begin processing the 57301st record. Run 210676, Event 18255829, LumiSection 71 at 20-Jan-2014 17:21:38.929 CST
Begin processing the 57401st record. Run 210676, Event 18618477, LumiSection 71 at 20-Jan-2014 17:21:40.066 CST
Begin processing the 57501st record. Run 210676, Event 18875061, LumiSection 71 at 20-Jan-2014 17:21:41.159 CST
Begin processing the 57601st record. Run 210676, Event 19157453, LumiSection 71 at 20-Jan-2014 17:21:42.318 CST
Begin processing the 57701st record. Run 210676, Event 19446269, LumiSection 71 at 20-Jan-2014 17:21:43.003 CST
Begin processing the 57801st record. Run 210676, Event 18328275, LumiSection 71 at 20-Jan-2014 17:21:45.294 CST
Begin processing the 57901st record. Run 210676, Event 18587483, LumiSection 71 at 20-Jan-2014 17:21:46.578 CST
Begin processing the 58001st record. Run 210676, Event 18911995, LumiSection 71 at 20-Jan-2014 17:21:47.829 CST
Begin processing the 58101st record. Run 210676, Event 19195851, LumiSection 71 at 20-Jan-2014 17:21:49.306 CST
Begin processing the 58201st record. Run 210676, Event 19440859, LumiSection 71 at 20-Jan-2014 17:21:50.272 CST
Begin processing the 58301st record. Run 210676, Event 18334984, LumiSection 71 at 20-Jan-2014 17:21:53.563 CST
Begin processing the 58401st record. Run 210676, Event 18629232, LumiSection 71 at 20-Jan-2014 17:21:54.640 CST
Begin processing the 58501st record. Run 210676, Event 18885456, LumiSection 71 at 20-Jan-2014 17:21:56.110 CST
Begin processing the 58601st record. Run 210676, Event 19150528, LumiSection 71 at 20-Jan-2014 17:21:57.330 CST
Begin processing the 58701st record. Run 210676, Event 19483320, LumiSection 71 at 20-Jan-2014 17:21:58.629 CST
Begin processing the 58801st record. Run 210676, Event 18401746, LumiSection 71 at 20-Jan-2014 17:21:59.980 CST
Begin processing the 58901st record. Run 210676, Event 18684338, LumiSection 71 at 20-Jan-2014 17:22:01.365 CST
Begin processing the 59001st record. Run 210676, Event 19026170, LumiSection 71 at 20-Jan-2014 17:22:03.413 CST
Begin processing the 59101st record. Run 210676, Event 19319330, LumiSection 71 at 20-Jan-2014 17:22:05.217 CST
Begin processing the 59201st record. Run 210676, Event 18185713, LumiSection 71 at 20-Jan-2014 17:22:06.192 CST
Begin processing the 59301st record. Run 210676, Event 18496049, LumiSection 71 at 20-Jan-2014 17:22:07.228 CST
Begin processing the 59401st record. Run 210676, Event 18831681, LumiSection 71 at 20-Jan-2014 17:22:08.270 CST
Begin processing the 59501st record. Run 210676, Event 19102617, LumiSection 71 at 20-Jan-2014 17:22:09.399 CST
Begin processing the 59601st record. Run 210676, Event 19377849, LumiSection 71 at 20-Jan-2014 17:22:10.832 CST
Begin processing the 59701st record. Run 210676, Event 18293371, LumiSection 71 at 20-Jan-2014 17:22:12.192 CST
Begin processing the 59801st record. Run 210676, Event 18604611, LumiSection 71 at 20-Jan-2014 17:22:13.229 CST
Begin processing the 59901st record. Run 210676, Event 18877067, LumiSection 71 at 20-Jan-2014 17:22:14.303 CST
Begin processing the 60001st record. Run 210676, Event 19188067, LumiSection 71 at 20-Jan-2014 17:22:15.405 CST
Begin processing the 60101st record. Run 210676, Event 19462259, LumiSection 71 at 20-Jan-2014 17:22:17.096 CST
Begin processing the 60201st record. Run 210676, Event 18340465, LumiSection 71 at 20-Jan-2014 17:22:18.320 CST
Begin processing the 60301st record. Run 210676, Event 18615585, LumiSection 71 at 20-Jan-2014 17:22:19.699 CST
Begin processing the 60401st record. Run 210676, Event 18941281, LumiSection 71 at 20-Jan-2014 17:22:21.103 CST
Begin processing the 60501st record. Run 210676, Event 19274129, LumiSection 71 at 20-Jan-2014 17:22:22.402 CST
Begin processing the 60601st record. Run 210676, Event 19489425, LumiSection 71 at 20-Jan-2014 17:22:23.348 CST
Begin processing the 60701st record. Run 210676, Event 18366894, LumiSection 71 at 20-Jan-2014 17:22:24.517 CST
Begin processing the 60801st record. Run 210676, Event 18676006, LumiSection 71 at 20-Jan-2014 17:22:26.029 CST
Begin processing the 60901st record. Run 210676, Event 18937622, LumiSection 71 at 20-Jan-2014 17:22:27.714 CST
Begin processing the 61001st record. Run 210676, Event 19254558, LumiSection 71 at 20-Jan-2014 17:22:29.224 CST
Begin processing the 61101st record. Run 210676, Event 18211663, LumiSection 71 at 20-Jan-2014 17:22:30.796 CST
Begin processing the 61201st record. Run 210676, Event 18494079, LumiSection 71 at 20-Jan-2014 17:22:31.625 CST
Begin processing the 61301st record. Run 210676, Event 18742767, LumiSection 71 at 20-Jan-2014 17:22:33.320 CST
Begin processing the 61401st record. Run 210676, Event 19054391, LumiSection 71 at 20-Jan-2014 17:22:34.559 CST
Begin processing the 61501st record. Run 210676, Event 19342927, LumiSection 71 at 20-Jan-2014 17:22:35.840 CST
Begin processing the 61601st record. Run 210676, Event 18262622, LumiSection 71 at 20-Jan-2014 17:22:37.051 CST
Begin processing the 61701st record. Run 210676, Event 18535174, LumiSection 71 at 20-Jan-2014 17:22:38.236 CST
Begin processing the 61801st record. Run 210676, Event 18777542, LumiSection 71 at 20-Jan-2014 17:22:40.351 CST
Begin processing the 61901st record. Run 210676, Event 19050846, LumiSection 71 at 20-Jan-2014 17:22:41.561 CST
Begin processing the 62001st record. Run 210676, Event 19283878, LumiSection 71 at 20-Jan-2014 17:22:42.659 CST
Begin processing the 62101st record. Run 210676, Event 18202242, LumiSection 71 at 20-Jan-2014 17:22:44.021 CST
Begin processing the 62201st record. Run 210676, Event 18481274, LumiSection 71 at 20-Jan-2014 17:22:45.136 CST
Begin processing the 62301st record. Run 210676, Event 18741458, LumiSection 71 at 20-Jan-2014 17:22:46.105 CST
Begin processing the 62401st record. Run 210676, Event 18979282, LumiSection 71 at 20-Jan-2014 17:22:47.217 CST
Begin processing the 62501st record. Run 210676, Event 19277522, LumiSection 71 at 20-Jan-2014 17:22:48.613 CST
Begin processing the 62601st record. Run 210676, Event 18176620, LumiSection 71 at 20-Jan-2014 17:22:49.426 CST
Begin processing the 62701st record. Run 210676, Event 18460036, LumiSection 71 at 20-Jan-2014 17:22:51.003 CST
Begin processing the 62801st record. Run 210676, Event 18746044, LumiSection 71 at 20-Jan-2014 17:22:52.212 CST
Begin processing the 62901st record. Run 210676, Event 18985180, LumiSection 71 at 20-Jan-2014 17:22:53.314 CST
Begin processing the 63001st record. Run 210676, Event 19321004, LumiSection 71 at 20-Jan-2014 17:22:54.520 CST
Begin processing the 63101st record. Run 210676, Event 18191760, LumiSection 71 at 20-Jan-2014 17:22:56.047 CST
Begin processing the 63201st record. Run 210676, Event 18514112, LumiSection 71 at 20-Jan-2014 17:22:57.243 CST
Begin processing the 63301st record. Run 210676, Event 18812040, LumiSection 71 at 20-Jan-2014 17:22:57.990 CST
Begin processing the 63401st record. Run 210676, Event 19076896, LumiSection 71 at 20-Jan-2014 17:22:59.422 CST
Begin processing the 63501st record. Run 210676, Event 19360920, LumiSection 71 at 20-Jan-2014 17:23:00.683 CST
Begin processing the 63601st record. Run 210676, Event 18256692, LumiSection 71 at 20-Jan-2014 17:23:02.090 CST
Begin processing the 63701st record. Run 210676, Event 18550028, LumiSection 71 at 20-Jan-2014 17:23:03.690 CST
Begin processing the 63801st record. Run 210676, Event 18781012, LumiSection 71 at 20-Jan-2014 17:23:04.871 CST
Begin processing the 63901st record. Run 210676, Event 19025660, LumiSection 71 at 20-Jan-2014 17:23:06.221 CST
Begin processing the 64001st record. Run 210676, Event 19346884, LumiSection 71 at 20-Jan-2014 17:23:07.603 CST
20-Jan-2014 17:23:08 CST  Closed file /store//hidata/HIRun2013/PAMinBiasUPC/RECO/PromptReco-v1/000/210/676/00000/5C2D1704-DD67-E211-AEE2-0025901D5D9A.root


 EcalFlowNTP::endJob() <I>  nevttotal_trg = 4138,  nevttotal_ass = 4138
 Will check the Z-vertex differences

 Number of trigger events with at least one partner event = 4138

--- RESULTS ---

  Currently with pi0 mixed event entries = 40339,  mixed clusters examined 247464,  events containing at least one cluster 4138
 Number of hot channel seed crystals that were discarded 1546
 Number of hot channel satellite crystals that were discarded 17
 Maximum number of HI tracks for run 210676 is 358 at event 18324060
 Maximum number clusters found for run 210676 is 347 at event 18324060
 Maximum number crystals found for run 210676 is 873 at event 15987557
 Total events this run = 4146 with accumulated events for all runs = 4146
 Number of events with trigger particle (nevttotal_trg) = 4138
 Number of events with associated particle (nevttotal_ass) = 4138
 Number of background fills = 7664950

=============================================

MessageLogger Summary

 type     category        sev    module        subroutine        count    total
 ---- -------------------- -- ---------------- ----------------  -----    -----
    1 fileAction           -s file_close                             1        1
    2 fileAction           -s file_open                              2        2

 type    category    Examples: run/evt        run/evt          run/evt
 ---- -------------------- ---------------- ---------------- ----------------
    1 fileAction           PostEndRun                        
    2 fileAction           pre-events       pre-events       

Severity    # Occurrences   Total Occurrences
--------    -------------   -----------------
System                  3                   3
