This script was generated by crab (version 2.10.5_patch1).
Running /condor/execute/dir_22032/glide_qadii9/execute/dir_12535/condor_exec.exe with 2 positional parameters: 374 1
Today is Mon Apr 28 17:38:46 EDT 2014 - Mon Apr 28 21:38:46 UTC 2014
Job submitted on host t2bat0150.cmsaf.mit.edu
Linux t2bat0150.cmsaf.mit.edu 2.6.32-358.el6.x86_64 #1 SMP Fri Feb 22 20:37:17 CST 2013 x86_64 x86_64 x86_64 GNU/Linux
>>> current directory (RUNTIME_AREA): /export/data1/condor/execute/dir_22032/glide_qadii9/execute/dir_12535
>>> current user: uid=10139(cmsuxxxx) gid=10139(cmsuxxxx) groups=10139(cmsuxxxx),10005(osg),65011(glexec11)
>>> directory permission set to 0700
>>> umask set to:  u=rwx,g=,o=
>>> stdout stderr permission set to 0704
>>> voms proxy information:
subject   : /DC=ch/DC=cern/OU=Organic Units/OU=Users/CN=maguire/CN=671063/CN=Charles Felix Maguire/CN=594726435/CN=1976464200
issuer    : /DC=ch/DC=cern/OU=Organic Units/OU=Users/CN=maguire/CN=671063/CN=Charles Felix Maguire/CN=594726435
identity  : /DC=ch/DC=cern/OU=Organic Units/OU=Users/CN=maguire/CN=671063/CN=Charles Felix Maguire/CN=594726435
type      : RFC compliant proxy
strength  : 1024 bits
path      : /condor/execute/dir_22032/glide_qadii9/execute/dir_12535/x509up_u28075
timeleft  : 23:58:57
key usage : Digital Signature, Key Encipherment
=== VO cms extension information ===
VO        : cms
subject   : /DC=ch/DC=cern/OU=Organic Units/OU=Users/CN=maguire/CN=671063/CN=Charles Felix Maguire
issuer    : /DC=ch/DC=cern/OU=computers/CN=lcg-voms.cern.ch
attribute : /cms/Role=NULL/Capability=NULL
attribute : /cms/uscms/Role=NULL/Capability=NULL
timeleft  : 189:31:15
uri       : lcg-voms.cern.ch:15002
WNHostName=t2bat0150.cmsaf.mit.edu
>>> tar --no-same-permissions -xf /export/data1/condor/execute/dir_22032/glide_qadii9/execute/dir_12535/default.tgz :
Successful untar
>>> Include /export/data1/condor/execute/dir_22032/glide_qadii9/execute/dir_12535 in PYTHONPATH:
strip arguments
env var CRAB_UNIQUE_JOB_ID set to: maguire_crab_0_140428_154345_yt8b07_374_1_Wvn
out_files_374
>>> list of expected files on output sandbox
output files: crab_fjr_374.xml CMSSW_374.stdout CMSSW_374.stderr Watchdog_374.log.gz
>>> GridFlavour discovery: 
source OSG GRID setup script
GridFlavour=OSG
>>> SyncSite discovery: 
SyncSite=T2_US_MIT
>>> SyncCE discovery: 
getting SyncCE from OSG_JOB_CONTACT
SyncCE=ce02.cmsaf.mit.edu/jobmanager-condor
>>> info for dashboard:
***** Cat /export/data1/condor/execute/dir_22032/glide_qadii9/execute/dir_12535/jobreport.txt *****
WNHostName=t2bat0150.cmsaf.mit.edu
MonitorJobID=374_https://submit-6.t2.ucsd.edu//140428//136964.198
SyncGridJobId=https://submit-6.t2.ucsd.edu//140428//136964.198
MonitorID=maguire_crab_0_140428_154345_yt8b07
GridFlavour=OSG
SyncSite=T2_US_MIT
SyncCE=ce02.cmsaf.mit.edu/jobmanager-condor
***** End Cat jobreport *****
Parameters sent to Dashboard.
>>> setup environment
set SCRAM ARCH to slc5_amd64_gcc462
SCRAM_ARCH = slc5_amd64_gcc462
>>> Created working directory: /export/data1/condor/execute/dir_22032/glide_qadii9/execute/dir_12535/cms_lH0m1cNH719p
Change to working directory: /export/data1/condor/execute/dir_22032/glide_qadii9/execute/dir_12535/cms_lH0m1cNH719p
>>> current directory (WORKING_DIR): /export/data1/condor/execute/dir_22032/glide_qadii9/execute/dir_12535/cms_lH0m1cNH719p
>>> setup CMS OSG environment:
set SCRAM ARCH to slc5_amd64_gcc462
SCRAM_ARCH = slc5_amd64_gcc462
OSG_APP is /osg/app
sourcing /osg/app/cmssoft/cms/cmsset_default.sh ...
==> setup cms environment ok
SCRAM_ARCH = slc5_amd64_gcc462
>>> specific cmssw setup environment:
CMSSW_VERSION =  CMSSW_5_3_8_HI_patch2
>>> current directory (SOFTWARE_DIR): /export/data1/condor/execute/dir_22032/glide_qadii9/execute/dir_12535/cms_lH0m1cNH719p/CMSSW_5_3_8_HI_patch2
PreserveSeeds: <>
IncrementSeeds:<>
>>> info for dashboard:
***** Cat /export/data1/condor/execute/dir_22032/glide_qadii9/execute/dir_12535/jobreport.txt *****
MonitorJobID=374_https://submit-6.t2.ucsd.edu//140428//136964.198
MonitorID=maguire_crab_0_140428_154345_yt8b07
***** End Cat jobreport *****
Parameters sent to Dashboard.
crabWatchdog started as process 12831
>>> moving CMSSW software directories in /export/data1/condor/execute/dir_22032/glide_qadii9/execute/dir_12535/cms_lH0m1cNH719p/CMSSW_5_3_8_HI_patch2
mv: cannot stat `/export/data1/condor/execute/dir_22032/glide_qadii9/execute/dir_12535/module/': No such file or directory
>>> Include /export/data1/condor/execute/dir_22032/glide_qadii9/execute/dir_12535 in PYTHONPATH:
PYTHONPATH=/export/data1/condor/execute/dir_22032/glide_qadii9/execute/dir_12535/:/export/data1/condor/execute/dir_22032/glide_qadii9/execute/dir_12535/cms_lH0m1cNH719p/CMSSW_5_3_8_HI_patch2/python:/export/data1/condor/execute/dir_22032/glide_qadii9/execute/dir_12535/cms_lH0m1cNH719p/CMSSW_5_3_8_HI_patch2/lib/slc5_amd64_gcc462:/cvmfs/cms.cern.ch/slc5_amd64_gcc462/cms/cmssw-patch/CMSSW_5_3_8_HI_patch2/python:/cvmfs/cms.cern.ch/slc5_amd64_gcc462/cms/cmssw-patch/CMSSW_5_3_8_HI_patch2/lib/slc5_amd64_gcc462:/cvmfs/cms.cern.ch/slc5_amd64_gcc462/cms/cmssw/CMSSW_5_3_8_HI/bin/slc5_amd64_gcc462:/cvmfs/cms.cern.ch/slc5_amd64_gcc462/cms/cmssw/CMSSW_5_3_8_HI/lib/slc5_amd64_gcc462:/cvmfs/cms.cern.ch/slc5_amd64_gcc462/cms/coral/CORAL_2_3_21-cms31/slc5_amd64_gcc462/python:/cvmfs/cms.cern.ch/slc5_amd64_gcc462/cms/coral/CORAL_2_3_21-cms31/slc5_amd64_gcc462/lib:/cvmfs/cms.cern.ch/slc5_amd64_gcc462/external/pyqt/4.8.1/lib/python2.6/site-packages:/cvmfs/cms.cern.ch/slc5_amd64_gcc462/external/py2-scipy/0.8.0/lib/python2.6/site-packages:/cvmfs/cms.cern.ch/slc5_amd64_gcc462/external/py2-matplotlib/1.0.1/lib/python2.6/site-packages:/cvmfs/cms.cern.ch/slc5_amd64_gcc462/external/python-ldap/2.3.5/lib/python2.6/site-packages:/cvmfs/cms.cern.ch/slc5_amd64_gcc462/external/sip/4.11.2/lib/python2.6/site-packages:/cvmfs/cms.cern.ch/slc5_amd64_gcc462/external/py2-pycurl/7.19.0/lib/python2.6/site-packages:/cvmfs/cms.cern.ch/slc5_amd64_gcc462/external/py2-numpy/1.6.1/lib/python2.6/site-packages:/cvmfs/cms.cern.ch/slc5_amd64_gcc462/external/py2-ipython/0.10/lib/python2.6/site-packages:/cvmfs/cms.cern.ch/slc5_amd64_gcc462/external/py2-cx-oracle/5.1-cms11/lib/python2.6/site-packages:/cvmfs/cms.cern.ch/slc5_amd64_gcc462/external/py2-cjson/1.0.5/lib/python2.6/site-packages:/cvmfs/cms.cern.ch/slc5_amd64_gcc462/cms/das-client/1.4.1-cms8/bin:/cvmfs/cms.cern.ch/slc5_amd64_gcc462/external/elementtree/1.2.6/share/lib/python2.6/site-packages:/cvmfs/cms.cern.ch/slc5_amd64_gcc462/external/rivet/1.5.1-cms10/lib/python2.6/site-packages:/cvmfs/cms.cern.ch/slc5_amd64_gcc462/external/pyminuit2/0.0.1-cms39/lib/python2.6/site-packages:/cvmfs/cms.cern.ch/slc5_amd64_gcc462/external/professor/1.0.0-cms40/lib/python2.6/site-packages:/cvmfs/cms.cern.ch/slc5_amd64_gcc462/lcg/root/5.32.00-cms21/lib:/cvmfs/cms.cern.ch/slc5_amd64_gcc462/cms/dbs-client/DBS_2_1_1_patch1_1/lib:/cvmfs/cms.cern.ch/slc5_amd64_gcc462/cms/dbs-client/DBS_2_1_1_patch1_1/lib/DBSAPI:/export/data1/condor/execute/dir_22032/glide_qadii9/execute/dir_12535/
 
# LIMITS USED BY CRAB WATCHDOG:
# RSS  (KBytes)   : 2300000
# VSZ  (KBytes)   : 100000000
# DISK (MBytes)   : 19000
# CPU TIME        : 720h:0m:0s
# WALL CLOCK TIME : 21h:50m:0s
 
ac52e357badcb671e8469e91a82c520a
PSETHASH = ac52e357badcb671e8469e91a82c520a
/export/data1/condor/execute/dir_22032/glide_qadii9/execute/dir_12535/writeCfg.py pset.py pset.py
Importing .py file
Setting parameters
RandomNumberGeneratorService found, will attempt to change seeds
inputBlocks=/PAMuon/HIRun2013-PromptReco-v1/RECO#c1227d52-6b07-11e2-9b6e-003048caaace
inputFiles=/store/hidata/HIRun2013/PAMuon/RECO/PromptReco-v1/000/211/000/00000/CAB9CFE3-CD6B-E211-919E-003048D3756A.root
parentFiles=
lumisRange=211000:416-211000:424
>>> Executable cmsRun
/cvmfs/cms.cern.ch/slc5_amd64_gcc462/cms/cmssw/CMSSW_5_3_8_HI/bin/slc5_amd64_gcc462/cmsRun
ok executable found
>>> info for dashboard:
***** Cat /export/data1/condor/execute/dir_22032/glide_qadii9/execute/dir_12535/jobreport.txt *****
MonitorJobID=374_https://submit-6.t2.ucsd.edu//140428//136964.198
MonitorID=maguire_crab_0_140428_154345_yt8b07
ExeStart=cmsRun
***** End Cat jobreport *****
Parameters sent to Dashboard.
>>> cmsRun started at Mon Apr 28 21:38:56 UTC 2014
>>> cmsRun ended at Mon Apr 28 21:40:00 UTC 2014
>>> crab_fjr_*.xml  permission set to 0704
>>> info for dashboard:
***** Cat /export/data1/condor/execute/dir_22032/glide_qadii9/execute/dir_12535/jobreport.txt *****
MonitorJobID=374_https://submit-6.t2.ucsd.edu//140428//136964.198
MonitorID=maguire_crab_0_140428_154345_yt8b07
ExeEnd=cmsRun
***** End Cat jobreport *****
Parameters sent to Dashboard.
TIME_EXE = 64 sec
>>> cmsRun wrote 297 lines of stdout+stderr
>>> START OF printout of 297 lines from stdout+stderr
28-Apr-2014 17:39:10 EDT  Initiating request to open file file:/mnt/hadoop/cms/store/hidata/HIRun2013/PAMuon/RECO/PromptReco-v1/000/211/000/00000/CAB9CFE3-CD6B-E211-919E-003048D3756A.root
28-Apr-2014 17:39:11 EDT  Successfully opened file file:/mnt/hadoop/cms/store/hidata/HIRun2013/PAMuon/RECO/PromptReco-v1/000/211/000/00000/CAB9CFE3-CD6B-E211-919E-003048D3756A.root

 The low invariant mass cut is 0.095 GeV/c^2
 The high invariant mass cut is 0.175 GeV/c^2
The pT bin width used are: 16	1.6	12
pT bins used for the histogram: 8	1	6

 Using a pT dependent separation cut parameterization 35.657/pT - 4.1995/pT^2,  with a rescale factor 0.7

 The goodAngleMatch opening angle criterion for reco track-cluster matching is 0.03 radians

 The goodPhiMatch residual angle criterion for reco track-cluster matching is 0.03 radians

 The goodThetaMatch residual angle criterion for reco track-cluster matching is 0.03 radians

 Cluster energy value will be recalibrated according to number of crystals in the cluster

 There is no check on the number of crystals in a cluster

 Cluster with a charged particle tracking match will not be used

 An output tree will be generated according to the xxxStore parameters


  Attempt to create m_tree object 


 Return from m_tree creation attempt, with m_tree value 0x2aae5d7e7700

 No crystal information is being stored in the hTree for this job
 The basic cluster information is being stored in the hTree for this job
 No reco track-cluster information is being stored in the hTree for this job
 No reco tracks information is being stored in the hTree for this job
 No mcParticle information is being stored in the hTree for this job
 No simTrack information is being stored in the hTree for this job
 No mergedTrackTruth information is being stored in the hTree for this job
 No genParticle information is being stored in the hTree for this job
 No generator meson and reco truth information is being stored in the hTree for this job
 No generator photon and reco truth information is being stored in the hTree for this job

 Completed set up for the hTree contents (photon component is the last check)

Begin processing the 1st record. Run 211000, Event 244106467, LumiSection 416 at 28-Apr-2014 17:39:31.646 EDT
Begin processing the 101st record. Run 211000, Event 244476619, LumiSection 416 at 28-Apr-2014 17:39:38.078 EDT
Begin processing the 201st record. Run 211000, Event 244385567, LumiSection 416 at 28-Apr-2014 17:39:38.158 EDT
Begin processing the 301st record. Run 211000, Event 244231458, LumiSection 416 at 28-Apr-2014 17:39:38.239 EDT
Begin processing the 401st record. Run 211000, Event 244540858, LumiSection 416 at 28-Apr-2014 17:39:38.324 EDT
Begin processing the 501st record. Run 211000, Event 244302809, LumiSection 416 at 28-Apr-2014 17:39:38.411 EDT
Begin processing the 601st record. Run 211000, Event 244115109, LumiSection 416 at 28-Apr-2014 17:39:38.491 EDT
Begin processing the 701st record. Run 211000, Event 244431397, LumiSection 416 at 28-Apr-2014 17:39:38.572 EDT
Begin processing the 801st record. Run 211000, Event 244198030, LumiSection 416 at 28-Apr-2014 17:39:38.653 EDT
Begin processing the 901st record. Run 211000, Event 244535062, LumiSection 416 at 28-Apr-2014 17:39:38.734 EDT
Begin processing the 1001st record. Run 211000, Event 244354713, LumiSection 416 at 28-Apr-2014 17:39:41.493 EDT
Begin processing the 1101st record. Run 211000, Event 244157284, LumiSection 416 at 28-Apr-2014 17:39:41.577 EDT
Begin processing the 1201st record. Run 211000, Event 244473172, LumiSection 416 at 28-Apr-2014 17:39:41.657 EDT
Begin processing the 1301st record. Run 211000, Event 244306040, LumiSection 416 at 28-Apr-2014 17:39:41.739 EDT
Begin processing the 1401st record. Run 211000, Event 244136676, LumiSection 416 at 28-Apr-2014 17:39:41.822 EDT
Begin processing the 1501st record. Run 211000, Event 244452716, LumiSection 416 at 28-Apr-2014 17:39:41.906 EDT
Begin processing the 1601st record. Run 211000, Event 244230736, LumiSection 416 at 28-Apr-2014 17:39:41.988 EDT
Begin processing the 1701st record. Run 211000, Event 244559336, LumiSection 416 at 28-Apr-2014 17:39:42.071 EDT
Begin processing the 1801st record. Run 211000, Event 244396219, LumiSection 416 at 28-Apr-2014 17:39:42.153 EDT
Begin processing the 1901st record. Run 211000, Event 244240453, LumiSection 416 at 28-Apr-2014 17:39:42.233 EDT
Begin processing the 2001st record. Run 211000, Event 244584533, LumiSection 416 at 28-Apr-2014 17:39:42.317 EDT
Begin processing the 2101st record. Run 211000, Event 244454002, LumiSection 416 at 28-Apr-2014 17:39:42.397 EDT
Begin processing the 2201st record. Run 211000, Event 244220206, LumiSection 416 at 28-Apr-2014 17:39:42.480 EDT
Begin processing the 2301st record. Run 211000, Event 244558174, LumiSection 416 at 28-Apr-2014 17:39:43.253 EDT
Begin processing the 2401st record. Run 211000, Event 244285679, LumiSection 416 at 28-Apr-2014 17:39:43.332 EDT
Begin processing the 2501st record. Run 211000, Event 244641824, LumiSection 417 at 28-Apr-2014 17:39:43.417 EDT
Begin processing the 2601st record. Run 211000, Event 245033064, LumiSection 417 at 28-Apr-2014 17:39:43.496 EDT
Begin processing the 2701st record. Run 211000, Event 244865137, LumiSection 417 at 28-Apr-2014 17:39:43.575 EDT
Begin processing the 2801st record. Run 211000, Event 244725113, LumiSection 417 at 28-Apr-2014 17:39:43.789 EDT
Begin processing the 2901st record. Run 211000, Event 245034481, LumiSection 417 at 28-Apr-2014 17:39:43.887 EDT
Begin processing the 3001st record. Run 211000, Event 244924037, LumiSection 417 at 28-Apr-2014 17:39:43.975 EDT
Begin processing the 3101st record. Run 211000, Event 244762754, LumiSection 417 at 28-Apr-2014 17:39:44.089 EDT
Begin processing the 3201st record. Run 211000, Event 245064538, LumiSection 417 at 28-Apr-2014 17:39:44.171 EDT
Begin processing the 3301st record. Run 211000, Event 244907246, LumiSection 417 at 28-Apr-2014 17:39:44.251 EDT
Begin processing the 3401st record. Run 211000, Event 244681703, LumiSection 417 at 28-Apr-2014 17:39:44.330 EDT
Begin processing the 3501st record. Run 211000, Event 244691230, LumiSection 417 at 28-Apr-2014 17:39:44.410 EDT
Begin processing the 3601st record. Run 211000, Event 245024870, LumiSection 417 at 28-Apr-2014 17:39:44.489 EDT
Begin processing the 3701st record. Run 211000, Event 244757803, LumiSection 417 at 28-Apr-2014 17:39:44.569 EDT
Begin processing the 3801st record. Run 211000, Event 245064611, LumiSection 417 at 28-Apr-2014 17:39:44.661 EDT
Begin processing the 3901st record. Run 211000, Event 244895824, LumiSection 417 at 28-Apr-2014 17:39:44.747 EDT
Begin processing the 4001st record. Run 211000, Event 244696882, LumiSection 417 at 28-Apr-2014 17:39:44.831 EDT
Begin processing the 4101st record. Run 211000, Event 244989530, LumiSection 417 at 28-Apr-2014 17:39:44.910 EDT

 First pass: zVertexEventSelected = 0.00570401, zAtECal = 1.91468, zCorrected = 1.90898, thetaForZEqualsZero = 0.592885, thetaCorrected = 0.594268, zCorrectedEta = 1.18352, uncorrected Eta = 1.18599
 First pass: zVertexEventSelected = 0.00570401, zAtECal = 0.890427, zCorrected = 0.884723, thetaForZEqualsZero = 0.966641, thetaCorrected = 0.969642, zCorrectedEta = 0.641021, uncorrected Eta = 0.644664
 First pass: zVertexEventSelected = 0.00570401, zAtECal = 2.4259, zCorrected = 2.4202, thetaForZEqualsZero = 0.488732, thetaCorrected = 0.489709, zCorrectedEta = 1.38682, uncorrected Eta = 1.3889
 First pass: zVertexEventSelected = 0.00570401, zAtECal = -0.3973, zCorrected = -0.403004, thetaForZEqualsZero = 1.86956, thetaCorrected = 1.8736, zCorrectedEta = -0.307536, uncorrected Eta = -0.303313
 First pass: zVertexEventSelected = 0.00570401, zAtECal = -1.07763, zCorrected = -1.08334, thetaForZEqualsZero = 2.26674, thetaCorrected = 2.26934, zCorrectedEta = -0.763442, uncorrected Eta = -0.760052
 First pass: zVertexEventSelected = 0.00570401, zAtECal = -1.78886, zCorrected = -1.79456, thetaForZEqualsZero = 2.51683, thetaCorrected = 2.51833, zCorrectedEta = -1.13282, uncorrected Eta = -1.13023
 First pass: zVertexEventSelected = 0.00570401, zAtECal = -1.15169, zCorrected = -1.1574, thetaForZEqualsZero = 2.29961, thetaCorrected = 2.30207, zCorrectedEta = -0.806788, uncorrected Eta = -0.803494
 First pass: zVertexEventSelected = 0.00570401, zAtECal = -2.3827, zCorrected = -2.38841, thetaForZEqualsZero = 2.64537, thetaCorrected = 2.64638, zCorrectedEta = -1.37517, uncorrected Eta = -1.37307
 First pass: zVertexEventSelected = 0.00570401, zAtECal = 2.43486, zCorrected = 2.42915, thetaForZEqualsZero = 0.487207, thetaCorrected = 0.488178, zCorrectedEta = 1.39008, uncorrected Eta = 1.39215
 First pass: zVertexEventSelected = 0.00570401, zAtECal = 1.24053, zCorrected = 1.23483, thetaForZEqualsZero = 0.804943, thetaCorrected = 0.807245, zCorrectedEta = 0.850807, uncorrected Eta = 0.853998
Begin processing the 4201st record. Run 211000, Event 244843635, LumiSection 417 at 28-Apr-2014 17:39:45.122 EDT
Begin processing the 4301st record. Run 211000, Event 244754620, LumiSection 417 at 28-Apr-2014 17:39:45.202 EDT
Begin processing the 4401st record. Run 211000, Event 244634383, LumiSection 417 at 28-Apr-2014 17:39:45.283 EDT
Begin processing the 4501st record. Run 211000, Event 244928359, LumiSection 417 at 28-Apr-2014 17:39:45.363 EDT
Begin processing the 4601st record. Run 211000, Event 244746085, LumiSection 417 at 28-Apr-2014 17:39:45.446 EDT
Begin processing the 4701st record. Run 211000, Event 245045373, LumiSection 417 at 28-Apr-2014 17:39:45.529 EDT
Begin processing the 4801st record. Run 211000, Event 244944252, LumiSection 417 at 28-Apr-2014 17:39:45.617 EDT
Begin processing the 4901st record. Run 211000, Event 245271848, LumiSection 418 at 28-Apr-2014 17:39:45.705 EDT
Begin processing the 5001st record. Run 211000, Event 245663576, LumiSection 418 at 28-Apr-2014 17:39:45.785 EDT
Begin processing the 5101st record. Run 211000, Event 245471441, LumiSection 418 at 28-Apr-2014 17:39:45.865 EDT
Begin processing the 5201st record. Run 211000, Event 245241270, LumiSection 418 at 28-Apr-2014 17:39:45.946 EDT
Begin processing the 5301st record. Run 211000, Event 245625334, LumiSection 418 at 28-Apr-2014 17:39:46.026 EDT
Begin processing the 5401st record. Run 211000, Event 245596915, LumiSection 418 at 28-Apr-2014 17:39:46.106 EDT
Begin processing the 5501st record. Run 211000, Event 245414755, LumiSection 418 at 28-Apr-2014 17:39:46.187 EDT
Begin processing the 5601st record. Run 211000, Event 245160428, LumiSection 418 at 28-Apr-2014 17:39:46.269 EDT
Begin processing the 5701st record. Run 211000, Event 245557100, LumiSection 418 at 28-Apr-2014 17:39:46.349 EDT
Begin processing the 5801st record. Run 211000, Event 245377437, LumiSection 418 at 28-Apr-2014 17:39:46.429 EDT
Begin processing the 5901st record. Run 211000, Event 245160871, LumiSection 418 at 28-Apr-2014 17:39:46.510 EDT
Begin processing the 6001st record. Run 211000, Event 245622759, LumiSection 418 at 28-Apr-2014 17:39:46.590 EDT
Begin processing the 6101st record. Run 211000, Event 245478386, LumiSection 418 at 28-Apr-2014 17:39:46.670 EDT
Begin processing the 6201st record. Run 211000, Event 245282568, LumiSection 418 at 28-Apr-2014 17:39:46.751 EDT
Begin processing the 6301st record. Run 211000, Event 245617584, LumiSection 418 at 28-Apr-2014 17:39:46.832 EDT
Begin processing the 6401st record. Run 211000, Event 245396812, LumiSection 418 at 28-Apr-2014 17:39:46.915 EDT
Begin processing the 6501st record. Run 211000, Event 245214982, LumiSection 418 at 28-Apr-2014 17:39:46.995 EDT
Begin processing the 6601st record. Run 211000, Event 245630110, LumiSection 418 at 28-Apr-2014 17:39:47.075 EDT
Begin processing the 6701st record. Run 211000, Event 245414589, LumiSection 418 at 28-Apr-2014 17:39:47.155 EDT
Begin processing the 6801st record. Run 211000, Event 245221769, LumiSection 418 at 28-Apr-2014 17:39:47.237 EDT
Begin processing the 6901st record. Run 211000, Event 245534153, LumiSection 418 at 28-Apr-2014 17:39:47.317 EDT
Begin processing the 7001st record. Run 211000, Event 245359914, LumiSection 418 at 28-Apr-2014 17:39:47.398 EDT
Begin processing the 7101st record. Run 211000, Event 245643914, LumiSection 418 at 28-Apr-2014 17:39:47.484 EDT
Begin processing the 7201st record. Run 211000, Event 245372407, LumiSection 418 at 28-Apr-2014 17:39:47.564 EDT
Begin processing the 7301st record. Run 211000, Event 245672008, LumiSection 419 at 28-Apr-2014 17:39:47.648 EDT
Begin processing the 7401st record. Run 211000, Event 246029016, LumiSection 419 at 28-Apr-2014 17:39:47.728 EDT
Begin processing the 7501st record. Run 211000, Event 245835089, LumiSection 419 at 28-Apr-2014 17:39:47.808 EDT
Begin processing the 7601st record. Run 211000, Event 246125481, LumiSection 419 at 28-Apr-2014 17:39:47.889 EDT
Begin processing the 7701st record. Run 211000, Event 245936754, LumiSection 419 at 28-Apr-2014 17:39:47.970 EDT
Begin processing the 7801st record. Run 211000, Event 245774681, LumiSection 419 at 28-Apr-2014 17:39:48.049 EDT
Begin processing the 7901st record. Run 211000, Event 246105385, LumiSection 419 at 28-Apr-2014 17:39:48.130 EDT
Begin processing the 8001st record. Run 211000, Event 245937539, LumiSection 419 at 28-Apr-2014 17:39:48.337 EDT
Begin processing the 8101st record. Run 211000, Event 245763332, LumiSection 419 at 28-Apr-2014 17:39:48.417 EDT
Begin processing the 8201st record. Run 211000, Event 246132972, LumiSection 419 at 28-Apr-2014 17:39:48.497 EDT
Begin processing the 8301st record. Run 211000, Event 246048295, LumiSection 419 at 28-Apr-2014 17:39:48.578 EDT
Begin processing the 8401st record. Run 211000, Event 245882996, LumiSection 419 at 28-Apr-2014 17:39:48.658 EDT
Begin processing the 8501st record. Run 211000, Event 245671338, LumiSection 419 at 28-Apr-2014 17:39:48.739 EDT
Begin processing the 8601st record. Run 211000, Event 246069050, LumiSection 419 at 28-Apr-2014 17:39:48.819 EDT
Begin processing the 8701st record. Run 211000, Event 245895806, LumiSection 419 at 28-Apr-2014 17:39:48.899 EDT
Begin processing the 8801st record. Run 211000, Event 245725230, LumiSection 419 at 28-Apr-2014 17:39:48.979 EDT
Begin processing the 8901st record. Run 211000, Event 246074478, LumiSection 419 at 28-Apr-2014 17:39:49.059 EDT
Begin processing the 9001st record. Run 211000, Event 245868301, LumiSection 419 at 28-Apr-2014 17:39:49.139 EDT
Begin processing the 9101st record. Run 211000, Event 245693128, LumiSection 419 at 28-Apr-2014 17:39:49.220 EDT
Begin processing the 9201st record. Run 211000, Event 246032776, LumiSection 419 at 28-Apr-2014 17:39:49.299 EDT
Begin processing the 9301st record. Run 211000, Event 245795485, LumiSection 419 at 28-Apr-2014 17:39:49.379 EDT
Begin processing the 9401st record. Run 211000, Event 246135885, LumiSection 419 at 28-Apr-2014 17:39:49.460 EDT
Begin processing the 9501st record. Run 211000, Event 245935431, LumiSection 419 at 28-Apr-2014 17:39:49.540 EDT
Begin processing the 9601st record. Run 211000, Event 246184223, LumiSection 419 at 28-Apr-2014 17:39:49.620 EDT
Begin processing the 9701st record. Run 211000, Event 245914691, LumiSection 419 at 28-Apr-2014 17:39:49.699 EDT
Begin processing the 9801st record. Run 211000, Event 246200026, LumiSection 420 at 28-Apr-2014 17:39:49.784 EDT
Begin processing the 9901st record. Run 211000, Event 246602234, LumiSection 420 at 28-Apr-2014 17:39:49.864 EDT
Begin processing the 10001st record. Run 211000, Event 246454556, LumiSection 420 at 28-Apr-2014 17:39:49.944 EDT
Begin processing the 10101st record. Run 211000, Event 246260637, LumiSection 420 at 28-Apr-2014 17:39:50.024 EDT
Begin processing the 10201st record. Run 211000, Event 246536973, LumiSection 420 at 28-Apr-2014 17:39:50.104 EDT
Begin processing the 10301st record. Run 211000, Event 246401831, LumiSection 420 at 28-Apr-2014 17:39:50.183 EDT
Begin processing the 10401st record. Run 211000, Event 246246045, LumiSection 420 at 28-Apr-2014 17:39:50.264 EDT
Begin processing the 10501st record. Run 211000, Event 246574581, LumiSection 420 at 28-Apr-2014 17:39:50.344 EDT
Begin processing the 10601st record. Run 211000, Event 246426787, LumiSection 420 at 28-Apr-2014 17:39:50.424 EDT
Begin processing the 10701st record. Run 211000, Event 246291738, LumiSection 420 at 28-Apr-2014 17:39:50.503 EDT
Begin processing the 10801st record. Run 211000, Event 246607762, LumiSection 420 at 28-Apr-2014 17:39:50.583 EDT
Begin processing the 10901st record. Run 211000, Event 246453960, LumiSection 420 at 28-Apr-2014 17:39:50.664 EDT
Begin processing the 11001st record. Run 211000, Event 246363585, LumiSection 420 at 28-Apr-2014 17:39:50.743 EDT
Begin processing the 11101st record. Run 211000, Event 246703129, LumiSection 420 at 28-Apr-2014 17:39:50.823 EDT
Begin processing the 11201st record. Run 211000, Event 246547435, LumiSection 420 at 28-Apr-2014 17:39:50.903 EDT
Begin processing the 11301st record. Run 211000, Event 246350193, LumiSection 420 at 28-Apr-2014 17:39:50.983 EDT
Begin processing the 11401st record. Run 211000, Event 246688729, LumiSection 420 at 28-Apr-2014 17:39:51.063 EDT
Begin processing the 11501st record. Run 211000, Event 246496614, LumiSection 420 at 28-Apr-2014 17:39:51.143 EDT
Begin processing the 11601st record. Run 211000, Event 246246015, LumiSection 420 at 28-Apr-2014 17:39:51.223 EDT
Begin processing the 11701st record. Run 211000, Event 246617839, LumiSection 420 at 28-Apr-2014 17:39:51.303 EDT
Begin processing the 11801st record. Run 211000, Event 246443846, LumiSection 420 at 28-Apr-2014 17:39:51.383 EDT
Begin processing the 11901st record. Run 211000, Event 246311120, LumiSection 420 at 28-Apr-2014 17:39:51.463 EDT
Begin processing the 12001st record. Run 211000, Event 246610512, LumiSection 420 at 28-Apr-2014 17:39:51.549 EDT
Begin processing the 12101st record. Run 211000, Event 246436196, LumiSection 420 at 28-Apr-2014 17:39:51.629 EDT
Begin processing the 12201st record. Run 211000, Event 246800705, LumiSection 421 at 28-Apr-2014 17:39:51.713 EDT
Begin processing the 12301st record. Run 211000, Event 247227249, LumiSection 421 at 28-Apr-2014 17:39:51.793 EDT
Begin processing the 12401st record. Run 211000, Event 247051851, LumiSection 421 at 28-Apr-2014 17:39:51.873 EDT
Begin processing the 12501st record. Run 211000, Event 246842702, LumiSection 421 at 28-Apr-2014 17:39:51.954 EDT
Begin processing the 12601st record. Run 211000, Event 247199918, LumiSection 421 at 28-Apr-2014 17:39:52.034 EDT
Begin processing the 12701st record. Run 211000, Event 247055687, LumiSection 421 at 28-Apr-2014 17:39:52.117 EDT
Begin processing the 12801st record. Run 211000, Event 246904094, LumiSection 421 at 28-Apr-2014 17:39:52.201 EDT
Begin processing the 12901st record. Run 211000, Event 246740880, LumiSection 421 at 28-Apr-2014 17:39:52.282 EDT
Begin processing the 13001st record. Run 211000, Event 247063664, LumiSection 421 at 28-Apr-2014 17:39:52.363 EDT
Begin processing the 13101st record. Run 211000, Event 246851460, LumiSection 421 at 28-Apr-2014 17:39:52.444 EDT
Begin processing the 13201st record. Run 211000, Event 247181812, LumiSection 421 at 28-Apr-2014 17:39:52.525 EDT
Begin processing the 13301st record. Run 211000, Event 246997636, LumiSection 421 at 28-Apr-2014 17:39:52.607 EDT
Begin processing the 13401st record. Run 211000, Event 246816629, LumiSection 421 at 28-Apr-2014 17:39:52.688 EDT
Begin processing the 13501st record. Run 211000, Event 247153421, LumiSection 421 at 28-Apr-2014 17:39:52.770 EDT
Begin processing the 13601st record. Run 211000, Event 246984383, LumiSection 421 at 28-Apr-2014 17:39:52.858 EDT
Begin processing the 13701st record. Run 211000, Event 247232671, LumiSection 421 at 28-Apr-2014 17:39:52.943 EDT
Begin processing the 13801st record. Run 211000, Event 247069485, LumiSection 421 at 28-Apr-2014 17:39:53.057 EDT
Begin processing the 13901st record. Run 211000, Event 246868570, LumiSection 421 at 28-Apr-2014 17:39:53.143 EDT
Begin processing the 14001st record. Run 211000, Event 246717649, LumiSection 421 at 28-Apr-2014 17:39:53.259 EDT
Begin processing the 14101st record. Run 211000, Event 247057673, LumiSection 421 at 28-Apr-2014 17:39:53.355 EDT
Begin processing the 14201st record. Run 211000, Event 246866970, LumiSection 421 at 28-Apr-2014 17:39:53.461 EDT
Begin processing the 14301st record. Run 211000, Event 247202506, LumiSection 421 at 28-Apr-2014 17:39:53.571 EDT
Begin processing the 14401st record. Run 211000, Event 247081448, LumiSection 421 at 28-Apr-2014 17:39:53.659 EDT
Begin processing the 14501st record. Run 211000, Event 246887011, LumiSection 421 at 28-Apr-2014 17:39:53.770 EDT
Begin processing the 14601st record. Run 211000, Event 247134635, LumiSection 421 at 28-Apr-2014 17:39:53.866 EDT
Begin processing the 14701st record. Run 211000, Event 247419397, LumiSection 422 at 28-Apr-2014 17:39:53.969 EDT
Begin processing the 14801st record. Run 211000, Event 247269052, LumiSection 422 at 28-Apr-2014 17:39:54.079 EDT
Begin processing the 14901st record. Run 211000, Event 247712076, LumiSection 422 at 28-Apr-2014 17:39:54.167 EDT
Begin processing the 15001st record. Run 211000, Event 247572322, LumiSection 422 at 28-Apr-2014 17:39:54.422 EDT
Begin processing the 15101st record. Run 211000, Event 247376487, LumiSection 422 at 28-Apr-2014 17:39:54.512 EDT
Begin processing the 15201st record. Run 211000, Event 247675223, LumiSection 422 at 28-Apr-2014 17:39:54.632 EDT
Begin processing the 15301st record. Run 211000, Event 247474324, LumiSection 422 at 28-Apr-2014 17:39:54.718 EDT
Begin processing the 15401st record. Run 211000, Event 247378950, LumiSection 422 at 28-Apr-2014 17:39:54.837 EDT
Begin processing the 15501st record. Run 211000, Event 247720222, LumiSection 422 at 28-Apr-2014 17:39:54.931 EDT
Begin processing the 15601st record. Run 211000, Event 247549455, LumiSection 422 at 28-Apr-2014 17:39:55.041 EDT
Begin processing the 15701st record. Run 211000, Event 247381205, LumiSection 422 at 28-Apr-2014 17:39:55.145 EDT
Begin processing the 15801st record. Run 211000, Event 247703917, LumiSection 422 at 28-Apr-2014 17:39:55.245 EDT
Begin processing the 15901st record. Run 211000, Event 247477867, LumiSection 422 at 28-Apr-2014 17:39:55.350 EDT
Begin processing the 16001st record. Run 211000, Event 247274432, LumiSection 422 at 28-Apr-2014 17:39:55.438 EDT
Begin processing the 16101st record. Run 211000, Event 247611184, LumiSection 422 at 28-Apr-2014 17:39:55.542 EDT
Begin processing the 16201st record. Run 211000, Event 247359606, LumiSection 422 at 28-Apr-2014 17:39:55.648 EDT
Begin processing the 16301st record. Run 211000, Event 247679214, LumiSection 422 at 28-Apr-2014 17:39:55.742 EDT
Begin processing the 16401st record. Run 211000, Event 247501600, LumiSection 422 at 28-Apr-2014 17:39:55.858 EDT
Begin processing the 16501st record. Run 211000, Event 247341281, LumiSection 422 at 28-Apr-2014 17:39:56.049 EDT
Begin processing the 16601st record. Run 211000, Event 247695521, LumiSection 422 at 28-Apr-2014 17:39:56.138 EDT
Begin processing the 16701st record. Run 211000, Event 247501562, LumiSection 422 at 28-Apr-2014 17:39:56.238 EDT
Begin processing the 16801st record. Run 211000, Event 247318609, LumiSection 422 at 28-Apr-2014 17:39:56.356 EDT
Begin processing the 16901st record. Run 211000, Event 247665833, LumiSection 422 at 28-Apr-2014 17:39:56.444 EDT
Begin processing the 17001st record. Run 211000, Event 247550955, LumiSection 422 at 28-Apr-2014 17:39:56.559 EDT
Begin processing the 17101st record. Run 211000, Event 247923822, LumiSection 423 at 28-Apr-2014 17:39:56.657 EDT
Begin processing the 17201st record. Run 211000, Event 248232974, LumiSection 423 at 28-Apr-2014 17:39:56.753 EDT
Begin processing the 17301st record. Run 211000, Event 248058943, LumiSection 423 at 28-Apr-2014 17:39:56.870 EDT
Begin processing the 17401st record. Run 211000, Event 247904841, LumiSection 423 at 28-Apr-2014 17:39:56.958 EDT
Begin processing the 17501st record. Run 211000, Event 248265625, LumiSection 423 at 28-Apr-2014 17:39:57.074 EDT
Begin processing the 17601st record. Run 211000, Event 248079901, LumiSection 423 at 28-Apr-2014 17:39:57.166 EDT
Begin processing the 17701st record. Run 211000, Event 247879856, LumiSection 423 at 28-Apr-2014 17:39:57.263 EDT
Begin processing the 17801st record. Run 211000, Event 248231544, LumiSection 423 at 28-Apr-2014 17:39:57.360 EDT
Begin processing the 17901st record. Run 211000, Event 248056380, LumiSection 423 at 28-Apr-2014 17:39:57.451 EDT
Begin processing the 18001st record. Run 211000, Event 247870270, LumiSection 423 at 28-Apr-2014 17:39:57.538 EDT
Begin processing the 18101st record. Run 211000, Event 248203430, LumiSection 423 at 28-Apr-2014 17:39:57.625 EDT
Begin processing the 18201st record. Run 211000, Event 248051440, LumiSection 423 at 28-Apr-2014 17:39:57.723 EDT
Begin processing the 18301st record. Run 211000, Event 247793075, LumiSection 423 at 28-Apr-2014 17:39:57.813 EDT
Begin processing the 18401st record. Run 211000, Event 248103627, LumiSection 423 at 28-Apr-2014 17:39:57.930 EDT
Begin processing the 18501st record. Run 211000, Event 247987219, LumiSection 423 at 28-Apr-2014 17:39:58.022 EDT
Begin processing the 18601st record. Run 211000, Event 247799277, LumiSection 423 at 28-Apr-2014 17:39:58.135 EDT
Begin processing the 18701st record. Run 211000, Event 248133133, LumiSection 423 at 28-Apr-2014 17:39:58.239 EDT
Begin processing the 18801st record. Run 211000, Event 247952817, LumiSection 423 at 28-Apr-2014 17:39:58.337 EDT
Begin processing the 18901st record. Run 211000, Event 248266889, LumiSection 423 at 28-Apr-2014 17:39:58.434 EDT
Begin processing the 19001st record. Run 211000, Event 248060170, LumiSection 423 at 28-Apr-2014 17:39:58.524 EDT
Begin processing the 19101st record. Run 211000, Event 247858018, LumiSection 423 at 28-Apr-2014 17:39:58.611 EDT
Begin processing the 19201st record. Run 211000, Event 248154122, LumiSection 423 at 28-Apr-2014 17:39:58.698 EDT
Begin processing the 19301st record. Run 211000, Event 247924407, LumiSection 423 at 28-Apr-2014 17:39:58.799 EDT
Begin processing the 19401st record. Run 211000, Event 247865268, LumiSection 423 at 28-Apr-2014 17:39:58.998 EDT
Begin processing the 19501st record. Run 211000, Event 248247436, LumiSection 423 at 28-Apr-2014 17:39:59.092 EDT
Begin processing the 19601st record. Run 211000, Event 248451123, LumiSection 424 at 28-Apr-2014 17:39:59.186 EDT
Begin processing the 19701st record. Run 211000, Event 248451627, LumiSection 424 at 28-Apr-2014 17:39:59.287 EDT
Begin processing the 19801st record. Run 211000, Event 248279624, LumiSection 424 at 28-Apr-2014 17:39:59.381 EDT
Begin processing the 19901st record. Run 211000, Event 248277964, LumiSection 424 at 28-Apr-2014 17:39:59.476 EDT
Begin processing the 20001st record. Run 211000, Event 248418063, LumiSection 424 at 28-Apr-2014 17:39:59.587 EDT
Begin processing the 20101st record. Run 211000, Event 248413263, LumiSection 424 at 28-Apr-2014 17:39:59.679 EDT
Begin processing the 20201st record. Run 211000, Event 248327642, LumiSection 424 at 28-Apr-2014 17:39:59.800 EDT
28-Apr-2014 17:39:59 EDT  Closed file file:/mnt/hadoop/cms/store/hidata/HIRun2013/PAMuon/RECO/PromptReco-v1/000/211/000/00000/CAB9CFE3-CD6B-E211-919E-003048D3756A.root


 EcalFlowNTP::endJob() <I>  nevttotal_trg = 3,  nevttotal_ass = 3
 Will check the Z-vertex differences

 Number of trigger events with at least one partner event = 0

--- RESULTS ---

  Currently with pi0 mixed event entries = 649,  mixed clusters examined 5356,  events containing at least one cluster 3
 Number of hot channel seed crystals that were discarded 3
 Number of hot channel satellite crystals that were discarded 0
 Maximum number of HI tracks for run 211000 is 313 at event 244615294
 Maximum number clusters found for run 211000 is 73 at event 245736227
 Maximum number crystals found for run 211000 is 476 at event 245736227
 Total events this run = 7 with accumulated events for all runs = 7
 Number of events with trigger particle (nevttotal_trg) = 3
 Number of events with associated particle (nevttotal_ass) = 3
 Number of background fills = 0
 Total of takeAssociated events = 0
 Minimum number of associated events for any trigger event = 1000

=============================================

MessageLogger Summary

 type     category        sev    module        subroutine        count    total
 ---- -------------------- -- ---------------- ----------------  -----    -----
    1 fileAction           -s file_close                             1        1
    2 fileAction           -s file_open                              2        2

 type    category    Examples: run/evt        run/evt          run/evt
 ---- -------------------- ---------------- ---------------- ----------------
    1 fileAction           PostEndRun                        
    2 fileAction           pre-events       pre-events       

Severity    # Occurrences   Total Occurrences
--------    -------------   -----------------
System                  3                   3
>>> END OF printout of 297 lines from stdout+stderr
>>> Parse FrameworkJobReport crab_fjr.xml
Result of parsing the FrameworkJobReport crab_fjr.xml: Popularity start
lumisRange : 211000::416-424::1;
lumisParentRange : 
Basename : /store/hidata/HIRun2013/PAMuon/RECO/PromptReco-v1/000/211/000/00000/
BasenameParent : 
parentFiles : 
inputBlocks : /PAMuon/HIRun2013-PromptReco-v1/RECO#c1227d52-6b07-11e2-9b6e-003048caaace
inputFiles : CAB9CFE3-CD6B-E211-919E-003048D3756A.root::1::EDM::Local::1;
Popularity stop
Extracted ExitStatus from FrameworkJobReport parsing output: 0
>>> Executable succeded  0
ExeExitCode=0
EXECUTABLE_EXIT_STATUS = 0
>>> current directory /export/data1/condor/execute/dir_22032/glide_qadii9/execute/dir_12535/cms_lH0m1cNH719p/CMSSW_5_3_8_HI_patch2
>>>  (SOFTWARE_DIR): /export/data1/condor/execute/dir_22032/glide_qadii9/execute/dir_12535/cms_lH0m1cNH719p/CMSSW_5_3_8_HI_patch2
>>> (WORKING_DIR): /export/data1/condor/execute/dir_22032/glide_qadii9/execute/dir_12535/cms_lH0m1cNH719p
>>> current directory content:
total 2768
drwxr-xr-x 3 cmsuxxxx cmsuxxxx    4096 Apr 28 17:38 .SCRAM
-rw------- 1 cmsuxxxx cmsuxxxx 1311770 Apr 28 17:38 CMSSW.py.pkl
drwxr-xr-x 3 cmsuxxxx cmsuxxxx    4096 Apr 28 17:38 bin
drwxr-xr-x 3 cmsuxxxx cmsuxxxx    4096 Apr 28 17:38 cfipython
drwxr-xr-x 5 cmsuxxxx cmsuxxxx    4096 Apr 28 17:38 config
-rw------- 1 cmsuxxxx cmsuxxxx      15 Apr 28 17:40 cpu_timing.txt
drwxr-xr-x 2 cmsuxxxx cmsuxxxx    4096 Apr 28 17:38 doc
-rw------- 1 cmsuxxxx cmsuxxxx   29124 Apr 28 17:39 executable.out
drwxr-xr-x 2 cmsuxxxx cmsuxxxx    4096 Apr 28 17:38 include
drwx------ 3 cmsuxxxx cmsuxxxx    4096 Jan 14 18:06 lib
drwxr-xr-x 3 cmsuxxxx cmsuxxxx    4096 Apr 28 17:38 logs
drwxr-xr-x 3 cmsuxxxx cmsuxxxx    4096 Apr 28 17:38 objs
-rw------- 1 cmsuxxxx cmsuxxxx  105098 Apr 28 17:40 pPbMuon_S49-74_28April2014V2.root
-rw------- 1 cmsuxxxx cmsuxxxx     104 Apr 28 17:38 pset.py
-rw------- 1 cmsuxxxx cmsuxxxx 1310607 Apr 28 17:38 pset.py.pkl
-rw------- 1 cmsuxxxx cmsuxxxx     289 Apr 28 17:38 pset.pyc
drwxr-xr-x 2 cmsuxxxx cmsuxxxx    4096 Apr 28 17:38 python
-rw------- 1 cmsuxxxx cmsuxxxx     407 Apr 28 17:40 report.log
drwx------ 5 cmsuxxxx cmsuxxxx    4096 Apr 28 17:38 src
drwxr-xr-x 3 cmsuxxxx cmsuxxxx    4096 Apr 28 17:38 test
drwxr-xr-x 3 cmsuxxxx cmsuxxxx    4096 Apr 28 17:38 tmp
>>> current directory /export/data1/condor/execute/dir_22032/glide_qadii9/execute/dir_12535/cms_lH0m1cNH719p/CMSSW_5_3_8_HI_patch2
>>> (SOFTWARE_DIR): /export/data1/condor/execute/dir_22032/glide_qadii9/execute/dir_12535/cms_lH0m1cNH719p/CMSSW_5_3_8_HI_patch2
>>> (WORKING_DIR): /export/data1/condor/execute/dir_22032/glide_qadii9/execute/dir_12535/cms_lH0m1cNH719p
>>> current directory content:
total 2768
drwxr-xr-x 3 cmsuxxxx cmsuxxxx    4096 Apr 28 17:38 .SCRAM
-rw------- 1 cmsuxxxx cmsuxxxx 1311770 Apr 28 17:38 CMSSW.py.pkl
drwxr-xr-x 3 cmsuxxxx cmsuxxxx    4096 Apr 28 17:38 bin
drwxr-xr-x 3 cmsuxxxx cmsuxxxx    4096 Apr 28 17:38 cfipython
drwxr-xr-x 5 cmsuxxxx cmsuxxxx    4096 Apr 28 17:38 config
-rw------- 1 cmsuxxxx cmsuxxxx      15 Apr 28 17:40 cpu_timing.txt
drwxr-xr-x 2 cmsuxxxx cmsuxxxx    4096 Apr 28 17:38 doc
-rw------- 1 cmsuxxxx cmsuxxxx   29124 Apr 28 17:39 executable.out
drwxr-xr-x 2 cmsuxxxx cmsuxxxx    4096 Apr 28 17:38 include
drwx------ 3 cmsuxxxx cmsuxxxx    4096 Jan 14 18:06 lib
drwxr-xr-x 3 cmsuxxxx cmsuxxxx    4096 Apr 28 17:38 logs
drwxr-xr-x 3 cmsuxxxx cmsuxxxx    4096 Apr 28 17:38 objs
-rw------- 1 cmsuxxxx cmsuxxxx  105098 Apr 28 17:40 pPbMuon_S49-74_28April2014V2_374_1_Wvn.root
-rw------- 1 cmsuxxxx cmsuxxxx     104 Apr 28 17:38 pset.py
-rw------- 1 cmsuxxxx cmsuxxxx 1310607 Apr 28 17:38 pset.py.pkl
-rw------- 1 cmsuxxxx cmsuxxxx     289 Apr 28 17:38 pset.pyc
drwxr-xr-x 2 cmsuxxxx cmsuxxxx    4096 Apr 28 17:38 python
-rw------- 1 cmsuxxxx cmsuxxxx     407 Apr 28 17:40 report.log
drwx------ 5 cmsuxxxx cmsuxxxx    4096 Apr 28 17:38 src
drwxr-xr-x 3 cmsuxxxx cmsuxxxx    4096 Apr 28 17:38 test
drwxr-xr-x 3 cmsuxxxx cmsuxxxx    4096 Apr 28 17:38 tmp
>>> current directory (RUNTIME_AREA):  /export/data1/condor/execute/dir_22032/glide_qadii9/execute/dir_12535
SE = se1.accre.vanderbilt.edu
SE_PATH = /srm/v2/server?SFN=/store/user/maguire/hiRun2013pPb/
LFNBaseName = /store/user/maguire/hiRun2013pPb/
USER = maguire
endpoint = srm://se1.accre.vanderbilt.edu:6288/srm/v2/server?SFN=/store/user/maguire/hiRun2013pPb/
>>> Copy output files from WN = t2bat0150.cmsaf.mit.edu to /srm/v2/server?SFN=/store/user/maguire/hiRun2013pPb/ :
python cmscp.py  --destination srm://se1.accre.vanderbilt.edu:6288/srm/v2/server?SFN=/store/user/maguire/hiRun2013pPb/ --inputFileList /export/data1/condor/execute/dir_22032/glide_qadii9/execute/dir_12535/cms_lH0m1cNH719p/CMSSW_5_3_8_HI_patch2/pPbMuon_S49-74_28April2014V2_374_1_Wvn.root --middleware OSG --se_name se1.accre.vanderbilt.edu --for_lfn /store/user/maguire/hiRun2013pPb/    
******************************************************
localSeName  =  se01.cmsaf.mit.edu
remoteSeName =  se1.accre.vanderbilt.edu
******************************************************
{"/export/data1/condor/execute/dir_22032/glide_qadii9/execute/dir_12535/cms_lH0m1cNH719p/CMSSW_5_3_8_HI_patch2/pPbMuon_S49-74_28April2014V2_374_1_Wvn.root": {"endpoint": "srm://se1.accre.vanderbilt.edu:6288/srm/v2/server?SFN=/store/user/maguire/hiRun2013pPb/", "surl_for_grid": "", "reason": "Copy succedeed with srm-lcg utils", "erCode": "0", "se_name": "se1.accre.vanderbilt.edu", "for_lfn": "/store/user/maguire/hiRun2013pPb/"}}/export/data1/condor/execute/dir_22032/glide_qadii9/execute/dir_12535
-------- cat /export/data1/condor/execute/dir_22032/glide_qadii9/execute/dir_12535/cmscpReport.sh 
#!/bin/bash
echo "Report for File: /export/data1/condor/execute/dir_22032/glide_qadii9/execute/dir_12535/cms_lH0m1cNH719p/CMSSW_5_3_8_HI_patch2/pPbMuon_S49-74_28April2014V2_374_1_Wvn.root"
echo "LFN: /store/user/maguire/hiRun2013pPb/pPbMuon_S49-74_28April2014V2_374_1_Wvn.root"
echo "StorageElement: se1.accre.vanderbilt.edu"
echo "StageOutExitStatusReason = 'Copy succedeed with srm-lcg utils'" | tee -a $RUNTIME_AREA/$repo
echo "StageOutSE = se1.accre.vanderbilt.edu" >> $RUNTIME_AREA/$repo

export StageOutExitStatus=0
echo "StageOutExitStatus = 0" | tee -a $RUNTIME_AREA/$repo
-------- end of /export/data1/condor/execute/dir_22032/glide_qadii9/execute/dir_12535/cmscpReport.sh 
Report for File: /export/data1/condor/execute/dir_22032/glide_qadii9/execute/dir_12535/cms_lH0m1cNH719p/CMSSW_5_3_8_HI_patch2/pPbMuon_S49-74_28April2014V2_374_1_Wvn.root
LFN: /store/user/maguire/hiRun2013pPb/pPbMuon_S49-74_28April2014V2_374_1_Wvn.root
StorageElement: se1.accre.vanderbilt.edu
StageOutExitStatusReason = 'Copy succedeed with srm-lcg utils'
StageOutExitStatus = 0
>>> current dir: /export/data1/condor/execute/dir_22032/glide_qadii9/execute/dir_12535
>>> current dir content:
total 3868
-rw------- 1 cmsuxxxx cmsuxxxx    2771 Apr 28 17:41 .SEinteraction.log
-rwx------ 1 cmsuxxxx cmsuxxxx    6649 Apr 28 17:38 .job.ad
-rwx------ 1 cmsuxxxx cmsuxxxx   14119 Apr 28 17:38 .machine.ad
-rw------- 1 cmsuxxxx cmsuxxxx     105 Apr 28 16:44 CMSSW.py
-rw------- 1 cmsuxxxx cmsuxxxx 1311770 Apr 28 16:44 CMSSW.py.pkl
-rwx------ 1 cmsuxxxx cmsuxxxx   28577 Apr 28 17:38 CMSSW.sh
-rw------- 1 cmsuxxxx cmsuxxxx     187 Apr 28 17:38 CacheEnv.sh
-rw------- 1 cmsuxxxx cmsuxxxx    7291 Apr  4 05:04 DashboardAPI.py
-rw------- 1 cmsuxxxx cmsuxxxx    6733 Apr 28 17:38 DashboardAPI.pyc
drwx------ 2 cmsuxxxx cmsuxxxx    4096 Apr 28 17:40 IMProv
-rw------- 1 cmsuxxxx cmsuxxxx    2748 Apr  4 05:04 Logger.py
-rw------- 1 cmsuxxxx cmsuxxxx    3303 Apr 28 17:38 Logger.pyc
-rw------- 1 cmsuxxxx cmsuxxxx   24524 Apr  4 05:04 ProcInfo.py
-rw------- 1 cmsuxxxx cmsuxxxx   23230 Apr 28 17:38 ProcInfo.pyc
drwx------ 7 cmsuxxxx cmsuxxxx    4096 Apr 28 17:38 ProdCommon
drwx------ 3 cmsuxxxx cmsuxxxx    4096 Apr 28 17:38 WMCore
-rw------- 1 cmsuxxxx cmsuxxxx    1184 Apr 28 17:39 Watchdog_374.log
-rwx------ 1 cmsuxxxx cmsuxxxx       0 Apr 28 17:38 _condor_stderr
-rwx---r-- 1 cmsuxxxx cmsuxxxx   44737 Apr 28 17:41 _condor_stdout
-rw------- 1 cmsuxxxx cmsuxxxx   32895 Apr  4 05:04 apmon.py
-rw------- 1 cmsuxxxx cmsuxxxx   28584 Apr 28 17:38 apmon.pyc
-rwx------ 1 cmsuxxxx cmsuxxxx  289691 Apr 28 17:38 arguments.xml
-rwx------ 1 cmsuxxxx cmsuxxxx  145992 Dec 18  2012 cmsRun
drwx------ 3 cmsuxxxx cmsuxxxx    4096 Apr 28 17:38 cms_lH0m1cNH719p
-rwx------ 1 cmsuxxxx cmsuxxxx   38515 Apr  4 05:04 cmscp.py
-rw------- 1 cmsuxxxx cmsuxxxx     581 Apr 28 17:41 cmscpReport.sh
-rwx------ 1 cmsuxxxx cmsuxxxx   28577 Apr 28 17:38 condor_exec.exe
-rw------- 1 cmsuxxxx cmsuxxxx     422 Apr 28 16:43 crab.cfg
-rwx------ 1 cmsuxxxx cmsuxxxx    8610 Apr  4 05:04 crabWatchdog.sh
-rwx---r-- 1 cmsuxxxx cmsuxxxx   49621 Apr 28 17:40 crab_fjr_374.xml
-rwx------ 1 cmsuxxxx cmsuxxxx 1715325 Apr 28 17:38 default.tgz
-rwx------ 1 cmsuxxxx cmsuxxxx    4488 Apr  4 05:04 fillCrabFjr.py
-rw------- 1 cmsuxxxx cmsuxxxx     253 Apr 28 17:38 inputsReport.txt
-rw------- 1 cmsuxxxx cmsuxxxx     261 Apr 28 17:41 jobreport.txt
lrwxrwxrwx 1 cmsuxxxx cmsuxxxx     152 Apr 28 17:40 pPbMuon_S49-74_28April2014V2.root -> /export/data1/condor/execute/dir_22032/glide_qadii9/execute/dir_12535/cms_lH0m1cNH719p/CMSSW_5_3_8_HI_patch2/pPbMuon_S49-74_28April2014V2_374_1_Wvn.root
-rw------- 1 cmsuxxxx cmsuxxxx   17352 Apr  4 05:04 parseCrabFjr.py
-rw------- 1 cmsuxxxx cmsuxxxx     328 Apr 28 17:38 report.log
-rwx--x--x 1 cmsuxxxx cmsuxxxx    1497 Apr  4 05:04 report.py
-rw------- 1 cmsuxxxx cmsuxxxx     431 Apr 28 17:41 resultCopyFile
-rwx------ 1 cmsuxxxx cmsuxxxx    8387 Apr  4 05:04 writeCfg.py
-rw------- 1 cmsuxxxx cmsuxxxx    9557 Apr 28 17:38 x509up_u28075
>>> Modify Job Report:
CMSSW_VERSION = CMSSW_5_3_8_HI_patch2
/export/data1/condor/execute/dir_22032/glide_qadii9/execute/dir_12535/ProdCommon/FwkJobRep/ModifyJobReport.py fjr /export/data1/condor/execute/dir_22032/glide_qadii9/execute/dir_12535/crab_fjr_374.xml json /export/data1/condor/execute/dir_22032/glide_qadii9/execute/dir_12535/resultCopyFile n_job 374_1_Wvn PrimaryDataset PAMuon  ApplicationFamily cmsRun ApplicationName cmsRun cmssw_version CMSSW_5_3_8_HI_patch2 psethash ac52e357badcb671e8469e91a82c520a
inputDict =  {u'/export/data1/condor/execute/dir_22032/glide_qadii9/execute/dir_12535/cms_lH0m1cNH719p/CMSSW_5_3_8_HI_patch2/pPbMuon_S49-74_28April2014V2_374_1_Wvn.root': {u'endpoint': u'srm://se1.accre.vanderbilt.edu:6288/srm/v2/server?SFN=/store/user/maguire/hiRun2013pPb/', u'surl_for_grid': u'', u'reason': u'Copy succedeed with srm-lcg utils', u'erCode': u'0', u'se_name': u'se1.accre.vanderbilt.edu', u'for_lfn': u'/store/user/maguire/hiRun2013pPb/'}}
UserProcessedDataset =  
    file =  pPbMuon_S49-74_28April2014V2_374_1_Wvn.root
    newPfn =  srm://se1.accre.vanderbilt.edu:6288/srm/v2/server?SFN=/store/user/maguire/hiRun2013pPb/pPbMuon_S49-74_28April2014V2_374_1_Wvn.root
    newLfn =  /store/user/maguire/hiRun2013pPb/pPbMuon_S49-74_28April2014V2_374_1_Wvn.root
>>> crab_fjr_*.xml  permission set to 0704
CrabWrapper EXIT_FUNC entered at Mon Apr 28 17:41:41 EDT 2014   -  Mon Apr 28 21:41:41 UTC 2014
Checking output files:  
will tar file crab_fjr_374.xml in  out_files_374
WARNING: output file CMSSW_374.stdout not found!
WARNING: output file CMSSW_374.stderr not found!
WARNING: output file Watchdog_374.log.gz not found!
>>> working dir = /export/data1/condor/execute/dir_22032/glide_qadii9/execute/dir_12535/cms_lH0m1cNH719p
>>> current directory (RUNTIME_AREA): /export/data1/condor/execute/dir_22032/glide_qadii9/execute/dir_12535
>>> Remove working directory: /export/data1/condor/execute/dir_22032/glide_qadii9/execute/dir_12535/cms_lH0m1cNH719p
/condor/execute/dir_22032/glide_qadii9/execute/dir_12535/condor_exec.exe: line 140: symlinks: command not found
>>> padding time: Sleeping the wrapper for 425 seconds
STOPPING WATCHDOG. CrabWatchdog PID is 12831
********** LAST 50 LINES OF WATCHDOG LOG
# RESOURCE USAGE SUMMARY FOR PROCESS ID 12615
USER       PID %CPU %MEM    VSZ   RSS TTY      STAT START   TIME COMMAND
cmsuxxxx 12615  1.1  0.0   9716  1572 ?        SN   17:38   0:00 /bin/sh /condor/execute/dir_22032/glide_qadii9/execute/dir_12535/condor_exec.exe 374 1
 
# LIMITS USED BY CRAB WATCHDOG:
# RSS  (KBytes)   : 2300000
# VSZ  (KBytes)   : 100000000
# DISK (MBytes)   : 19000
# CPU TIME        : 720h:0m:0s
# WALL CLOCK TIME : 21h:50m:0s
 
# FOLLOWING PRINTOUT TRACKS MAXIMUM VALUES OF RESOURCES USE
# ONE LINE IS PRINTED EACH TIME A MAXIMUM CHANGES
# IF CHANGE WAS IN RSS OR VSZ ALSO PROCID AND COMMAND ARE PRINTED
# THERE IS NO PRINTOUT FOR CPU/WALL TIME INCREASE
 
# TIME			PID	RSS(KB)	VSZ(KB)	Dsk(MB)	tCPU(s)	tWALL(s)	COMMAND
 Apr 28 17:38:51 EDT	12535	8100	89204	0	0	0	condor_starter -f submit-6.t2.ucsd.edu        
 Apr 28 17:38:51 EDT	12844	30056	90924	0	0	0	edmConfigHash pset.py         
 Apr 28 17:38:51 EDT	---	30056	90924	9	----	----	----
 Apr 28 17:39:52 EDT	13198	531360	799656	9	28	61	cmsRun -j /export/data1/condor/execute/dir_22032/glide_qadii9/execute/dir_12535/crab_fjr_374.xml -p pset.py      
 Apr 28 17:39:52 EDT	---	531360	799656	10	----	----	----
********** WATCHDOG LOG ENDED
ZIPPING WATCHDOG LOG
Disk space used:
du -sh /export/data1/condor/execute/dir_22032/glide_qadii9/execute/dir_12535
5.2M	/export/data1/condor/execute/dir_22032/glide_qadii9/execute/dir_12535
Found unusual stdout, rename for OSB
`/export/data1/condor/execute/dir_22032/glide_qadii9/execute/dir_12535/_condor_stdout' -> `CMSSW_374.stdout'
Found unusual stderr, rename for OSB
`/export/data1/condor/execute/dir_22032/glide_qadii9/execute/dir_12535/_condor_stdout' -> `CMSSW_374.stderr'
crab_fjr_374.xml
CMSSW_374.stdout
CMSSW_374.stderr
Watchdog_374.log.gz
Total Output dimension: 26535
WARNING: output files size limit is set to: 50000000
Total Output dimension 26535 is fine.
JOB_EXIT_STATUS = 0
>>> info for dashboard:
***** Cat /export/data1/condor/execute/dir_22032/glide_qadii9/execute/dir_12535/jobreport.txt *****
MonitorJobID=374_https://submit-6.t2.ucsd.edu//140428//136964.198
MonitorID=maguire_crab_0_140428_154345_yt8b07
ExeTime=64
ExeExitCode=0
StageOutExitStatusReason = 'Copy succedeed with srm-lcg utils'
StageOutSE = se1.accre.vanderbilt.edu
StageOutExitStatus = 0
CrabUserCpuTime=33.99
CrabSysCpuTime=2.61
CrabCpuPercentage=57%
CrabWrapperTime=601
CrabStageoutTime=97
JobExitCode=0
***** End Cat jobreport *****
Parameters sent to Dashboard.
EXITING at Mon Apr 28 17:48:48 EDT 2014  -  Mon Apr 28 21:48:48 UTC 2014
