This script was generated by crab (version 2.10.5_patch1).
Running /tmp/1144508.vmpsched/glide_3vMinJ/execute/dir_18204/condor_exec.exe with 2 positional parameters: 175 1
Today is Mon Apr 28 19:59:03 CDT 2014 - Tue Apr 29 00:59:03 UTC 2014
Job submitted on host vmp588
Linux vmp588 2.6.32-358.14.1.el6.x86_64 #1 SMP Tue Jul 16 23:51:20 UTC 2013 x86_64 x86_64 x86_64 GNU/Linux
>>> current directory (RUNTIME_AREA): /tmp/1144508.vmpsched/glide_3vMinJ/execute/dir_18204
>>> current user: uid=59942(uscms4054) gid=31000(cms) groups=31000(cms),65001(glexec001)
>>> directory permission set to 0700
>>> umask set to:  u=rwx,g=,o=
>>> stdout stderr permission set to 0704
>>> voms proxy information:
subject   : /DC=ch/DC=cern/OU=Organic Units/OU=Users/CN=maguire/CN=671063/CN=Charles Felix Maguire/CN=594726435/CN=1046070298
issuer    : /DC=ch/DC=cern/OU=Organic Units/OU=Users/CN=maguire/CN=671063/CN=Charles Felix Maguire/CN=594726435
identity  : /DC=ch/DC=cern/OU=Organic Units/OU=Users/CN=maguire/CN=671063/CN=Charles Felix Maguire/CN=594726435
type      : RFC compliant proxy
strength  : 1024 bits
path      : /tmp/1144508.vmpsched/glide_3vMinJ/execute/dir_18204/x509up_u28075
timeleft  : 23:59:57
key usage : Digital Signature, Key Encipherment
=== VO cms extension information ===
VO        : cms
subject   : /DC=ch/DC=cern/OU=Organic Units/OU=Users/CN=maguire/CN=671063/CN=Charles Felix Maguire
issuer    : /DC=ch/DC=cern/OU=computers/CN=lcg-voms.cern.ch
attribute : /cms/Role=NULL/Capability=NULL
attribute : /cms/uscms/Role=NULL/Capability=NULL
timeleft  : 186:10:58
uri       : lcg-voms.cern.ch:15002
WNHostName=vmp588
>>> tar --no-same-permissions -xf /tmp/1144508.vmpsched/glide_3vMinJ/execute/dir_18204/default.tgz :
Successful untar
>>> Include /tmp/1144508.vmpsched/glide_3vMinJ/execute/dir_18204 in PYTHONPATH:
strip arguments
env var CRAB_UNIQUE_JOB_ID set to: maguire_crab_0_140428_154345_yt8b07_175_1_0Rf
out_files_175
>>> list of expected files on output sandbox
output files: crab_fjr_175.xml CMSSW_175.stdout CMSSW_175.stderr Watchdog_175.log.gz
>>> GridFlavour discovery: 
source OSG GRID setup script
GridFlavour=OSG
>>> SyncSite discovery: 
SyncSite=T2_US_Vanderbilt
>>> SyncCE discovery: 
getting SyncCE from OSG_JOB_CONTACT
SyncCE=ce2.accre.vanderbilt.edu/jobmanager-pbs
>>> info for dashboard:
***** Cat /tmp/1144508.vmpsched/glide_3vMinJ/execute/dir_18204/jobreport.txt *****
WNHostName=vmp588
MonitorJobID=175_https://submit-6.t2.ucsd.edu//140428//136965.173
SyncGridJobId=https://submit-6.t2.ucsd.edu//140428//136965.173
MonitorID=maguire_crab_0_140428_154345_yt8b07
GridFlavour=OSG
SyncSite=T2_US_Vanderbilt
SyncCE=ce2.accre.vanderbilt.edu/jobmanager-pbs
***** End Cat jobreport *****
Parameters sent to Dashboard.
>>> setup environment
set SCRAM ARCH to slc5_amd64_gcc462
SCRAM_ARCH = slc5_amd64_gcc462
>>> Created working directory: /tmp/1144508.vmpsched/glide_3vMinJ/execute/dir_18204/cms_dfCN9QUS4yey
Change to working directory: /tmp/1144508.vmpsched/glide_3vMinJ/execute/dir_18204/cms_dfCN9QUS4yey
>>> current directory (WORKING_DIR): /tmp/1144508.vmpsched/glide_3vMinJ/execute/dir_18204/cms_dfCN9QUS4yey
>>> setup CMS OSG environment:
set SCRAM ARCH to slc5_amd64_gcc462
SCRAM_ARCH = slc5_amd64_gcc462
OSG_APP is /home/grid-app
sourcing /home/grid-app/cmssoft/cms/cmsset_default.sh ...
==> setup cms environment ok
SCRAM_ARCH = slc5_amd64_gcc462
>>> specific cmssw setup environment:
CMSSW_VERSION =  CMSSW_5_3_8_HI_patch2
>>> current directory (SOFTWARE_DIR): /tmp/1144508.vmpsched/glide_3vMinJ/execute/dir_18204/cms_dfCN9QUS4yey/CMSSW_5_3_8_HI_patch2
PreserveSeeds: <>
IncrementSeeds:<>
>>> info for dashboard:
***** Cat /tmp/1144508.vmpsched/glide_3vMinJ/execute/dir_18204/jobreport.txt *****
MonitorJobID=175_https://submit-6.t2.ucsd.edu//140428//136965.173
MonitorID=maguire_crab_0_140428_154345_yt8b07
***** End Cat jobreport *****
Parameters sent to Dashboard.
crabWatchdog started as process 18772
>>> moving CMSSW software directories in /tmp/1144508.vmpsched/glide_3vMinJ/execute/dir_18204/cms_dfCN9QUS4yey/CMSSW_5_3_8_HI_patch2
mv: cannot stat `/tmp/1144508.vmpsched/glide_3vMinJ/execute/dir_18204/module/': No such file or directory
>>> Include /tmp/1144508.vmpsched/glide_3vMinJ/execute/dir_18204 in PYTHONPATH:
PYTHONPATH=/tmp/1144508.vmpsched/glide_3vMinJ/execute/dir_18204/:/tmp/1144508.vmpsched/glide_3vMinJ/execute/dir_18204/cms_dfCN9QUS4yey/CMSSW_5_3_8_HI_patch2/python:/tmp/1144508.vmpsched/glide_3vMinJ/execute/dir_18204/cms_dfCN9QUS4yey/CMSSW_5_3_8_HI_patch2/lib/slc5_amd64_gcc462:/cvmfs/cms.cern.ch/slc5_amd64_gcc462/cms/cmssw-patch/CMSSW_5_3_8_HI_patch2/python:/cvmfs/cms.cern.ch/slc5_amd64_gcc462/cms/cmssw-patch/CMSSW_5_3_8_HI_patch2/lib/slc5_amd64_gcc462:/cvmfs/cms.cern.ch/slc5_amd64_gcc462/cms/cmssw/CMSSW_5_3_8_HI/bin/slc5_amd64_gcc462:/cvmfs/cms.cern.ch/slc5_amd64_gcc462/cms/cmssw/CMSSW_5_3_8_HI/lib/slc5_amd64_gcc462:/cvmfs/cms.cern.ch/slc5_amd64_gcc462/cms/coral/CORAL_2_3_21-cms31/slc5_amd64_gcc462/python:/cvmfs/cms.cern.ch/slc5_amd64_gcc462/cms/coral/CORAL_2_3_21-cms31/slc5_amd64_gcc462/lib:/cvmfs/cms.cern.ch/slc5_amd64_gcc462/external/pyqt/4.8.1/lib/python2.6/site-packages:/cvmfs/cms.cern.ch/slc5_amd64_gcc462/external/py2-scipy/0.8.0/lib/python2.6/site-packages:/cvmfs/cms.cern.ch/slc5_amd64_gcc462/external/py2-matplotlib/1.0.1/lib/python2.6/site-packages:/cvmfs/cms.cern.ch/slc5_amd64_gcc462/external/python-ldap/2.3.5/lib/python2.6/site-packages:/cvmfs/cms.cern.ch/slc5_amd64_gcc462/external/sip/4.11.2/lib/python2.6/site-packages:/cvmfs/cms.cern.ch/slc5_amd64_gcc462/external/py2-pycurl/7.19.0/lib/python2.6/site-packages:/cvmfs/cms.cern.ch/slc5_amd64_gcc462/external/py2-numpy/1.6.1/lib/python2.6/site-packages:/cvmfs/cms.cern.ch/slc5_amd64_gcc462/external/py2-ipython/0.10/lib/python2.6/site-packages:/cvmfs/cms.cern.ch/slc5_amd64_gcc462/external/py2-cx-oracle/5.1-cms11/lib/python2.6/site-packages:/cvmfs/cms.cern.ch/slc5_amd64_gcc462/external/py2-cjson/1.0.5/lib/python2.6/site-packages:/cvmfs/cms.cern.ch/slc5_amd64_gcc462/cms/das-client/1.4.1-cms8/bin:/cvmfs/cms.cern.ch/slc5_amd64_gcc462/external/elementtree/1.2.6/share/lib/python2.6/site-packages:/cvmfs/cms.cern.ch/slc5_amd64_gcc462/external/rivet/1.5.1-cms10/lib/python2.6/site-packages:/cvmfs/cms.cern.ch/slc5_amd64_gcc462/external/pyminuit2/0.0.1-cms39/lib/python2.6/site-packages:/cvmfs/cms.cern.ch/slc5_amd64_gcc462/external/professor/1.0.0-cms40/lib/python2.6/site-packages:/cvmfs/cms.cern.ch/slc5_amd64_gcc462/lcg/root/5.32.00-cms21/lib:/cvmfs/cms.cern.ch/slc5_amd64_gcc462/cms/dbs-client/DBS_2_1_1_patch1_1/lib:/cvmfs/cms.cern.ch/slc5_amd64_gcc462/cms/dbs-client/DBS_2_1_1_patch1_1/lib/DBSAPI:/tmp/1144508.vmpsched/glide_3vMinJ/execute/dir_18204/
 
# LIMITS USED BY CRAB WATCHDOG:
# RSS  (KBytes)   : 2300000
# VSZ  (KBytes)   : 100000000
# DISK (MBytes)   : 19000
# CPU TIME        : 720h:0m:0s
# WALL CLOCK TIME : 21h:50m:0s
 
ac52e357badcb671e8469e91a82c520a
PSETHASH = ac52e357badcb671e8469e91a82c520a
/tmp/1144508.vmpsched/glide_3vMinJ/execute/dir_18204/writeCfg.py pset.py pset.py
Importing .py file
Setting parameters
RandomNumberGeneratorService found, will attempt to change seeds
inputBlocks=/PAMuon/HIRun2013-PromptReco-v1/RECO#4345096c-6d97-11e2-9eda-003048caaace
inputFiles=/store/hidata/HIRun2013/PAMuon/RECO/PromptReco-v1/000/211/256/00000/72FDBDB5-156E-E211-97B4-00237DDC5BBC.root
parentFiles=
lumisRange=211256:752-211256:756
>>> Executable cmsRun
/cvmfs/cms.cern.ch/slc5_amd64_gcc462/cms/cmssw/CMSSW_5_3_8_HI/bin/slc5_amd64_gcc462/cmsRun
ok executable found
>>> info for dashboard:
***** Cat /tmp/1144508.vmpsched/glide_3vMinJ/execute/dir_18204/jobreport.txt *****
MonitorJobID=175_https://submit-6.t2.ucsd.edu//140428//136965.173
MonitorID=maguire_crab_0_140428_154345_yt8b07
ExeStart=cmsRun
***** End Cat jobreport *****
Parameters sent to Dashboard.
>>> cmsRun started at Tue Apr 29 00:59:11 UTC 2014
>>> cmsRun ended at Tue Apr 29 01:06:27 UTC 2014
>>> crab_fjr_*.xml  permission set to 0704
>>> info for dashboard:
***** Cat /tmp/1144508.vmpsched/glide_3vMinJ/execute/dir_18204/jobreport.txt *****
MonitorJobID=175_https://submit-6.t2.ucsd.edu//140428//136965.173
MonitorID=maguire_crab_0_140428_154345_yt8b07
ExeEnd=cmsRun
***** End Cat jobreport *****
Parameters sent to Dashboard.
TIME_EXE = 436 sec
>>> cmsRun wrote 268 lines of stdout+stderr
>>> START OF printout of 268 lines from stdout+stderr
28-Apr-2014 19:59:25 CDT  Initiating request to open file /store//hidata/HIRun2013/PAMuon/RECO/PromptReco-v1/000/211/256/00000/72FDBDB5-156E-E211-97B4-00237DDC5BBC.root
28-Apr-2014 19:59:26 CDT  Successfully opened file /store//hidata/HIRun2013/PAMuon/RECO/PromptReco-v1/000/211/256/00000/72FDBDB5-156E-E211-97B4-00237DDC5BBC.root

 The low invariant mass cut is 0.095 GeV/c^2
 The high invariant mass cut is 0.175 GeV/c^2
The pT bin width used are: 16	1.6	12
pT bins used for the histogram: 8	1	6

 Using a pT dependent separation cut parameterization 35.657/pT - 4.1995/pT^2,  with a rescale factor 0.7

 The goodAngleMatch opening angle criterion for reco track-cluster matching is 0.03 radians

 The goodPhiMatch residual angle criterion for reco track-cluster matching is 0.03 radians

 The goodThetaMatch residual angle criterion for reco track-cluster matching is 0.03 radians

 Cluster energy value will be recalibrated according to number of crystals in the cluster

 There is no check on the number of crystals in a cluster

 Cluster with a charged particle tracking match will not be used

 An output tree will be generated according to the xxxStore parameters


  Attempt to create m_tree object 


 Return from m_tree creation attempt, with m_tree value 0x2aaf7055e300

 No crystal information is being stored in the hTree for this job
 The basic cluster information is being stored in the hTree for this job
 No reco track-cluster information is being stored in the hTree for this job
 No reco tracks information is being stored in the hTree for this job
 No mcParticle information is being stored in the hTree for this job
 No simTrack information is being stored in the hTree for this job
 No mergedTrackTruth information is being stored in the hTree for this job
 No genParticle information is being stored in the hTree for this job
 No generator meson and reco truth information is being stored in the hTree for this job
 No generator photon and reco truth information is being stored in the hTree for this job

 Completed set up for the hTree contents (photon component is the last check)

Begin processing the 1st record. Run 211256, Event 706132582, LumiSection 752 at 28-Apr-2014 20:02:06.141 CDT
Begin processing the 101st record. Run 211256, Event 706449502, LumiSection 752 at 28-Apr-2014 20:05:44.096 CDT
Begin processing the 201st record. Run 211256, Event 706789094, LumiSection 752 at 28-Apr-2014 20:05:44.185 CDT
Begin processing the 301st record. Run 211256, Event 706351139, LumiSection 752 at 28-Apr-2014 20:05:44.274 CDT
Begin processing the 401st record. Run 211256, Event 706647059, LumiSection 752 at 28-Apr-2014 20:05:44.362 CDT
Begin processing the 501st record. Run 211256, Event 706265495, LumiSection 752 at 28-Apr-2014 20:05:44.450 CDT
Begin processing the 601st record. Run 211256, Event 706591231, LumiSection 752 at 28-Apr-2014 20:05:44.538 CDT
Begin processing the 701st record. Run 211256, Event 706187241, LumiSection 752 at 28-Apr-2014 20:05:44.628 CDT
Begin processing the 801st record. Run 211256, Event 706523785, LumiSection 752 at 28-Apr-2014 20:05:44.717 CDT
Begin processing the 901st record. Run 211256, Event 706126678, LumiSection 752 at 28-Apr-2014 20:05:44.805 CDT
Begin processing the 1001st record. Run 211256, Event 706554758, LumiSection 752 at 28-Apr-2014 20:05:44.894 CDT
Begin processing the 1101st record. Run 211256, Event 706121567, LumiSection 752 at 28-Apr-2014 20:05:44.985 CDT
Begin processing the 1201st record. Run 211256, Event 706475007, LumiSection 752 at 28-Apr-2014 20:05:45.074 CDT
Begin processing the 1301st record. Run 211256, Event 706796719, LumiSection 752 at 28-Apr-2014 20:05:45.163 CDT
Begin processing the 1401st record. Run 211256, Event 706326660, LumiSection 752 at 28-Apr-2014 20:05:45.251 CDT
Begin processing the 1501st record. Run 211256, Event 706675156, LumiSection 752 at 28-Apr-2014 20:05:45.338 CDT
Begin processing the 1601st record. Run 211256, Event 706316740, LumiSection 752 at 28-Apr-2014 20:05:45.426 CDT

 First pass: zVertexEventSelected = 0.0743555, zAtECal = 0.633308, zCorrected = 0.558953, thetaForZEqualsZero = 1.11443, thetaCorrected = 1.16192, zCorrectedEta = 0.42077, uncorrected Eta = 0.473091
 First pass: zVertexEventSelected = 0.0743555, zAtECal = -2.6829, zCorrected = -2.75726, thetaForZEqualsZero = 2.6934, thetaCorrected = 2.70399, zCorrectedEta = -1.50345, uncorrected Eta = -1.47875
 First pass: zVertexEventSelected = 0.0743555, zAtECal = -0.45439, zCorrected = -0.528745, thetaForZEqualsZero = 1.90947, thetaCorrected = 1.95979, zCorrectedEta = -0.399193, uncorrected Eta = -0.345335
 First pass: zVertexEventSelected = 0.0743555, zAtECal = -2.24874, zCorrected = -2.3231, thetaForZEqualsZero = 2.62077, thetaCorrected = 2.63469, zCorrectedEta = -1.35085, uncorrected Eta = -1.32252
 First pass: zVertexEventSelected = 0.0743555, zAtECal = -2.32566, zCorrected = -2.40001, thetaForZEqualsZero = 2.63516, thetaCorrected = 2.6484, zCorrectedEta = -1.37944, uncorrected Eta = -1.35182
 First pass: zVertexEventSelected = 0.0743555, zAtECal = -0.361873, zCorrected = -0.436228, thetaForZEqualsZero = 1.84429, thetaCorrected = 1.89689, zCorrectedEta = -0.332027, uncorrected Eta = -0.276967
 First pass: zVertexEventSelected = 0.0743555, zAtECal = -2.65737, zCorrected = -2.73173, thetaForZEqualsZero = 2.68966, thetaCorrected = 2.70041, zCorrectedEta = -1.49503, uncorrected Eta = -1.47014
 First pass: zVertexEventSelected = 0.0743555, zAtECal = 2.24627, zCorrected = 2.17192, thetaForZEqualsZero = 0.521297, thetaCorrected = 0.535956, zCorrectedEta = 1.2925, uncorrected Eta = 1.32157
 First pass: zVertexEventSelected = 0.0743555, zAtECal = 0.407394, zCorrected = 0.333039, thetaForZEqualsZero = 1.2649, thetaCorrected = 1.31814, zCorrectedEta = 0.255384, uncorrected Eta = 0.310782
 First pass: zVertexEventSelected = 0.0743555, zAtECal = -0.550861, zCorrected = -0.625216, thetaForZEqualsZero = 1.97438, thetaCorrected = 2.0221, zCorrectedEta = -0.467453, uncorrected Eta = -0.415008
Begin processing the 1701st record. Run 211256, Event 706723500, LumiSection 752 at 28-Apr-2014 20:05:52.557 CDT
Begin processing the 1801st record. Run 211256, Event 706320306, LumiSection 752 at 28-Apr-2014 20:05:54.453 CDT
Begin processing the 1901st record. Run 211256, Event 706670866, LumiSection 752 at 28-Apr-2014 20:05:54.540 CDT
Begin processing the 2001st record. Run 211256, Event 706280074, LumiSection 752 at 28-Apr-2014 20:05:54.626 CDT
Begin processing the 2101st record. Run 211256, Event 706631594, LumiSection 752 at 28-Apr-2014 20:05:54.713 CDT
Begin processing the 2201st record. Run 211256, Event 706146513, LumiSection 752 at 28-Apr-2014 20:05:54.799 CDT
Begin processing the 2301st record. Run 211256, Event 706534993, LumiSection 752 at 28-Apr-2014 20:05:55.837 CDT
Begin processing the 2401st record. Run 211256, Event 706181541, LumiSection 752 at 28-Apr-2014 20:05:55.922 CDT
Begin processing the 2501st record. Run 211256, Event 706510157, LumiSection 752 at 28-Apr-2014 20:05:56.007 CDT
Begin processing the 2601st record. Run 211256, Event 706813981, LumiSection 752 at 28-Apr-2014 20:05:56.093 CDT
Begin processing the 2701st record. Run 211256, Event 706405181, LumiSection 752 at 28-Apr-2014 20:05:56.178 CDT
Begin processing the 2801st record. Run 211256, Event 706775885, LumiSection 752 at 28-Apr-2014 20:05:56.263 CDT
Begin processing the 2901st record. Run 211256, Event 706356808, LumiSection 752 at 28-Apr-2014 20:05:56.349 CDT
Begin processing the 3001st record. Run 211256, Event 706751648, LumiSection 752 at 28-Apr-2014 20:05:56.434 CDT
Begin processing the 3101st record. Run 211256, Event 706361779, LumiSection 752 at 28-Apr-2014 20:05:56.520 CDT
Begin processing the 3201st record. Run 211256, Event 706757027, LumiSection 752 at 28-Apr-2014 20:05:56.605 CDT
Begin processing the 3301st record. Run 211256, Event 706375144, LumiSection 752 at 28-Apr-2014 20:05:56.691 CDT
Begin processing the 3401st record. Run 211256, Event 706713840, LumiSection 752 at 28-Apr-2014 20:05:56.776 CDT
Begin processing the 3501st record. Run 211256, Event 707076644, LumiSection 753 at 28-Apr-2014 20:05:56.866 CDT
Begin processing the 3601st record. Run 211256, Event 707429252, LumiSection 753 at 28-Apr-2014 20:05:56.951 CDT
Begin processing the 3701st record. Run 211256, Event 707043610, LumiSection 753 at 28-Apr-2014 20:05:57.036 CDT
Begin processing the 3801st record. Run 211256, Event 707433426, LumiSection 753 at 28-Apr-2014 20:05:57.121 CDT
Begin processing the 3901st record. Run 211256, Event 707028991, LumiSection 753 at 28-Apr-2014 20:05:59.049 CDT
Begin processing the 4001st record. Run 211256, Event 707334967, LumiSection 753 at 28-Apr-2014 20:05:59.133 CDT
Begin processing the 4101st record. Run 211256, Event 706906249, LumiSection 753 at 28-Apr-2014 20:05:59.218 CDT
Begin processing the 4201st record. Run 211256, Event 707237185, LumiSection 753 at 28-Apr-2014 20:05:59.303 CDT
Begin processing the 4301st record. Run 211256, Event 707586993, LumiSection 753 at 28-Apr-2014 20:05:59.388 CDT
Begin processing the 4401st record. Run 211256, Event 707189404, LumiSection 753 at 28-Apr-2014 20:05:59.473 CDT
Begin processing the 4501st record. Run 211256, Event 707503932, LumiSection 753 at 28-Apr-2014 20:05:59.558 CDT
Begin processing the 4601st record. Run 211256, Event 707091935, LumiSection 753 at 28-Apr-2014 20:05:59.643 CDT
Begin processing the 4701st record. Run 211256, Event 707452231, LumiSection 753 at 28-Apr-2014 20:05:59.728 CDT
Begin processing the 4801st record. Run 211256, Event 707046043, LumiSection 753 at 28-Apr-2014 20:05:59.813 CDT
Begin processing the 4901st record. Run 211256, Event 707323707, LumiSection 753 at 28-Apr-2014 20:05:59.898 CDT
Begin processing the 5001st record. Run 211256, Event 707621507, LumiSection 753 at 28-Apr-2014 20:05:59.983 CDT
Begin processing the 5101st record. Run 211256, Event 707176957, LumiSection 753 at 28-Apr-2014 20:06:00.067 CDT
Begin processing the 5201st record. Run 211256, Event 707540213, LumiSection 753 at 28-Apr-2014 20:06:00.152 CDT
Begin processing the 5301st record. Run 211256, Event 707087280, LumiSection 753 at 28-Apr-2014 20:06:00.237 CDT
Begin processing the 5401st record. Run 211256, Event 707439360, LumiSection 753 at 28-Apr-2014 20:06:00.322 CDT
Begin processing the 5501st record. Run 211256, Event 707046846, LumiSection 753 at 28-Apr-2014 20:06:00.616 CDT
Begin processing the 5601st record. Run 211256, Event 707383686, LumiSection 753 at 28-Apr-2014 20:06:00.701 CDT
Begin processing the 5701st record. Run 211256, Event 706967022, LumiSection 753 at 28-Apr-2014 20:06:00.786 CDT
Begin processing the 5801st record. Run 211256, Event 707328502, LumiSection 753 at 28-Apr-2014 20:06:00.871 CDT
Begin processing the 5901st record. Run 211256, Event 706907427, LumiSection 753 at 28-Apr-2014 20:06:00.956 CDT
Begin processing the 6001st record. Run 211256, Event 707245203, LumiSection 753 at 28-Apr-2014 20:06:01.041 CDT
Begin processing the 6101st record. Run 211256, Event 707593795, LumiSection 753 at 28-Apr-2014 20:06:01.126 CDT
Begin processing the 6201st record. Run 211256, Event 707200177, LumiSection 753 at 28-Apr-2014 20:06:01.211 CDT
Begin processing the 6301st record. Run 211256, Event 707538361, LumiSection 753 at 28-Apr-2014 20:06:03.511 CDT
Begin processing the 6401st record. Run 211256, Event 707157976, LumiSection 753 at 28-Apr-2014 20:06:06.036 CDT
Begin processing the 6501st record. Run 211256, Event 707444656, LumiSection 753 at 28-Apr-2014 20:06:06.122 CDT
Begin processing the 6601st record. Run 211256, Event 707041317, LumiSection 753 at 28-Apr-2014 20:06:06.207 CDT
Begin processing the 6701st record. Run 211256, Event 707375549, LumiSection 753 at 28-Apr-2014 20:06:06.293 CDT
Begin processing the 6801st record. Run 211256, Event 706926554, LumiSection 753 at 28-Apr-2014 20:06:06.378 CDT
Begin processing the 6901st record. Run 211256, Event 707278370, LumiSection 753 at 28-Apr-2014 20:06:08.238 CDT
Begin processing the 7001st record. Run 211256, Event 707622546, LumiSection 753 at 28-Apr-2014 20:06:08.328 CDT
Begin processing the 7101st record. Run 211256, Event 707943480, LumiSection 754 at 28-Apr-2014 20:06:08.419 CDT
Begin processing the 7201st record. Run 211256, Event 708302336, LumiSection 754 at 28-Apr-2014 20:06:08.504 CDT
Begin processing the 7301st record. Run 211256, Event 707895141, LumiSection 754 at 28-Apr-2014 20:06:08.589 CDT
Begin processing the 7401st record. Run 211256, Event 708278165, LumiSection 754 at 28-Apr-2014 20:06:08.674 CDT
Begin processing the 7501st record. Run 211256, Event 707855187, LumiSection 754 at 28-Apr-2014 20:06:08.759 CDT
Begin processing the 7601st record. Run 211256, Event 708209419, LumiSection 754 at 28-Apr-2014 20:06:08.845 CDT
Begin processing the 7701st record. Run 211256, Event 707816551, LumiSection 754 at 28-Apr-2014 20:06:08.931 CDT
Begin processing the 7801st record. Run 211256, Event 708238079, LumiSection 754 at 28-Apr-2014 20:06:09.016 CDT
Begin processing the 7901st record. Run 211256, Event 707852572, LumiSection 754 at 28-Apr-2014 20:06:09.101 CDT
Begin processing the 8001st record. Run 211256, Event 708207364, LumiSection 754 at 28-Apr-2014 20:06:09.185 CDT
Begin processing the 8101st record. Run 211256, Event 707829769, LumiSection 754 at 28-Apr-2014 20:06:09.270 CDT
Begin processing the 8201st record. Run 211256, Event 708203729, LumiSection 754 at 28-Apr-2014 20:06:09.355 CDT
Begin processing the 8301st record. Run 211256, Event 707763368, LumiSection 754 at 28-Apr-2014 20:06:09.440 CDT
Begin processing the 8401st record. Run 211256, Event 708076424, LumiSection 754 at 28-Apr-2014 20:06:09.525 CDT
Begin processing the 8501st record. Run 211256, Event 707685593, LumiSection 754 at 28-Apr-2014 20:06:09.609 CDT
Begin processing the 8601st record. Run 211256, Event 708010857, LumiSection 754 at 28-Apr-2014 20:06:09.694 CDT
Begin processing the 8701st record. Run 211256, Event 707674298, LumiSection 754 at 28-Apr-2014 20:06:09.780 CDT
Begin processing the 8801st record. Run 211256, Event 708017514, LumiSection 754 at 28-Apr-2014 20:06:09.866 CDT
Begin processing the 8901st record. Run 211256, Event 708296578, LumiSection 754 at 28-Apr-2014 20:06:09.952 CDT
Begin processing the 9001st record. Run 211256, Event 707795525, LumiSection 754 at 28-Apr-2014 20:06:10.041 CDT
Begin processing the 9101st record. Run 211256, Event 708172941, LumiSection 754 at 28-Apr-2014 20:06:10.131 CDT
Begin processing the 9201st record. Run 211256, Event 707729834, LumiSection 754 at 28-Apr-2014 20:06:10.216 CDT
Begin processing the 9301st record. Run 211256, Event 707990370, LumiSection 754 at 28-Apr-2014 20:06:10.302 CDT
Begin processing the 9401st record. Run 211256, Event 708333770, LumiSection 754 at 28-Apr-2014 20:06:11.519 CDT
Begin processing the 9501st record. Run 211256, Event 707915236, LumiSection 754 at 28-Apr-2014 20:06:11.606 CDT
Begin processing the 9601st record. Run 211256, Event 708245564, LumiSection 754 at 28-Apr-2014 20:06:11.692 CDT
Begin processing the 9701st record. Run 211256, Event 707826519, LumiSection 754 at 28-Apr-2014 20:06:14.494 CDT
Begin processing the 9801st record. Run 211256, Event 708139303, LumiSection 754 at 28-Apr-2014 20:06:14.580 CDT
Begin processing the 9901st record. Run 211256, Event 707681198, LumiSection 754 at 28-Apr-2014 20:06:14.667 CDT
Begin processing the 10001st record. Run 211256, Event 708092910, LumiSection 754 at 28-Apr-2014 20:06:14.755 CDT
Begin processing the 10101st record. Run 211256, Event 707712731, LumiSection 754 at 28-Apr-2014 20:06:14.840 CDT
Begin processing the 10201st record. Run 211256, Event 708126107, LumiSection 754 at 28-Apr-2014 20:06:14.925 CDT
Begin processing the 10301st record. Run 211256, Event 707703566, LumiSection 754 at 28-Apr-2014 20:06:15.010 CDT
Begin processing the 10401st record. Run 211256, Event 708084494, LumiSection 754 at 28-Apr-2014 20:06:15.095 CDT
Begin processing the 10501st record. Run 211256, Event 708454344, LumiSection 755 at 28-Apr-2014 20:06:15.184 CDT
Begin processing the 10601st record. Run 211256, Event 708825432, LumiSection 755 at 28-Apr-2014 20:06:15.268 CDT
Begin processing the 10701st record. Run 211256, Event 708413402, LumiSection 755 at 28-Apr-2014 20:06:15.354 CDT
Begin processing the 10801st record. Run 211256, Event 708800986, LumiSection 755 at 28-Apr-2014 20:06:15.442 CDT
Begin processing the 10901st record. Run 211256, Event 709136106, LumiSection 755 at 28-Apr-2014 20:06:15.529 CDT
Begin processing the 11001st record. Run 211256, Event 708726725, LumiSection 755 at 28-Apr-2014 20:06:15.616 CDT
Begin processing the 11101st record. Run 211256, Event 709087957, LumiSection 755 at 28-Apr-2014 20:06:17.237 CDT
Begin processing the 11201st record. Run 211256, Event 708697399, LumiSection 755 at 28-Apr-2014 20:06:17.321 CDT
Begin processing the 11301st record. Run 211256, Event 709017911, LumiSection 755 at 28-Apr-2014 20:06:17.407 CDT
Begin processing the 11401st record. Run 211256, Event 708601490, LumiSection 755 at 28-Apr-2014 20:06:17.493 CDT
Begin processing the 11501st record. Run 211256, Event 708915370, LumiSection 755 at 28-Apr-2014 20:06:17.580 CDT
Begin processing the 11601st record. Run 211256, Event 708508364, LumiSection 755 at 28-Apr-2014 20:06:17.665 CDT
Begin processing the 11701st record. Run 211256, Event 708895444, LumiSection 755 at 28-Apr-2014 20:06:17.750 CDT
Begin processing the 11801st record. Run 211256, Event 708418995, LumiSection 755 at 28-Apr-2014 20:06:17.836 CDT
Begin processing the 11901st record. Run 211256, Event 708750499, LumiSection 755 at 28-Apr-2014 20:06:17.921 CDT
Begin processing the 12001st record. Run 211256, Event 709058835, LumiSection 755 at 28-Apr-2014 20:06:18.006 CDT
Begin processing the 12101st record. Run 211256, Event 708685686, LumiSection 755 at 28-Apr-2014 20:06:18.092 CDT
Begin processing the 12201st record. Run 211256, Event 709003838, LumiSection 755 at 28-Apr-2014 20:06:18.178 CDT
Begin processing the 12301st record. Run 211256, Event 708644845, LumiSection 755 at 28-Apr-2014 20:06:18.264 CDT
Begin processing the 12401st record. Run 211256, Event 708887117, LumiSection 755 at 28-Apr-2014 20:06:18.349 CDT
Begin processing the 12501st record. Run 211256, Event 708488119, LumiSection 755 at 28-Apr-2014 20:06:18.435 CDT
Begin processing the 12601st record. Run 211256, Event 708842327, LumiSection 755 at 28-Apr-2014 20:06:18.521 CDT
Begin processing the 12701st record. Run 211256, Event 708434131, LumiSection 755 at 28-Apr-2014 20:06:18.606 CDT
Begin processing the 12801st record. Run 211256, Event 708760387, LumiSection 755 at 28-Apr-2014 20:06:18.692 CDT
Begin processing the 12901st record. Run 211256, Event 709151459, LumiSection 755 at 28-Apr-2014 20:06:18.777 CDT
Begin processing the 13001st record. Run 211256, Event 708719304, LumiSection 755 at 28-Apr-2014 20:06:18.863 CDT
Begin processing the 13101st record. Run 211256, Event 709093856, LumiSection 755 at 28-Apr-2014 20:06:18.950 CDT
Begin processing the 13201st record. Run 211256, Event 708666588, LumiSection 755 at 28-Apr-2014 20:06:19.035 CDT
Begin processing the 13301st record. Run 211256, Event 708997212, LumiSection 755 at 28-Apr-2014 20:06:19.120 CDT
Begin processing the 13401st record. Run 211256, Event 708575801, LumiSection 755 at 28-Apr-2014 20:06:19.207 CDT
Begin processing the 13501st record. Run 211256, Event 708885993, LumiSection 755 at 28-Apr-2014 20:06:19.293 CDT
Begin processing the 13601st record. Run 211256, Event 708519889, LumiSection 755 at 28-Apr-2014 20:06:19.378 CDT
Begin processing the 13701st record. Run 211256, Event 708922433, LumiSection 755 at 28-Apr-2014 20:06:19.464 CDT
Begin processing the 13801st record. Run 211256, Event 708545814, LumiSection 755 at 28-Apr-2014 20:06:19.548 CDT
Begin processing the 13901st record. Run 211256, Event 708893366, LumiSection 755 at 28-Apr-2014 20:06:19.633 CDT
Begin processing the 14001st record. Run 211256, Event 709266250, LumiSection 756 at 28-Apr-2014 20:06:19.722 CDT
Begin processing the 14101st record. Run 211256, Event 709573458, LumiSection 756 at 28-Apr-2014 20:06:20.846 CDT
Begin processing the 14201st record. Run 211256, Event 709177887, LumiSection 756 at 28-Apr-2014 20:06:20.931 CDT
Begin processing the 14301st record. Run 211256, Event 709546815, LumiSection 756 at 28-Apr-2014 20:06:21.017 CDT
Begin processing the 14401st record. Run 211256, Event 709184330, LumiSection 756 at 28-Apr-2014 20:06:21.102 CDT
Begin processing the 14501st record. Run 211256, Event 709571186, LumiSection 756 at 28-Apr-2014 20:06:21.188 CDT
Begin processing the 14601st record. Run 211256, Event 709171120, LumiSection 756 at 28-Apr-2014 20:06:21.273 CDT
Begin processing the 14701st record. Run 211256, Event 709566312, LumiSection 756 at 28-Apr-2014 20:06:21.358 CDT
Begin processing the 14801st record. Run 211256, Event 709225668, LumiSection 756 at 28-Apr-2014 20:06:21.445 CDT
Begin processing the 14901st record. Run 211256, Event 709552172, LumiSection 756 at 28-Apr-2014 20:06:21.534 CDT
Begin processing the 15001st record. Run 211256, Event 709220673, LumiSection 756 at 28-Apr-2014 20:06:21.832 CDT
Begin processing the 15101st record. Run 211256, Event 709526953, LumiSection 756 at 28-Apr-2014 20:06:21.917 CDT
Begin processing the 15201st record. Run 211256, Event 709180084, LumiSection 756 at 28-Apr-2014 20:06:22.003 CDT
Begin processing the 15301st record. Run 211256, Event 709487820, LumiSection 756 at 28-Apr-2014 20:06:22.088 CDT
Begin processing the 15401st record. Run 211256, Event 709837724, LumiSection 756 at 28-Apr-2014 20:06:22.173 CDT
Begin processing the 15501st record. Run 211256, Event 709407785, LumiSection 756 at 28-Apr-2014 20:06:22.258 CDT
Begin processing the 15601st record. Run 211256, Event 709765185, LumiSection 756 at 28-Apr-2014 20:06:22.343 CDT
Begin processing the 15701st record. Run 211256, Event 709419387, LumiSection 756 at 28-Apr-2014 20:06:22.430 CDT
Begin processing the 15801st record. Run 211256, Event 709760475, LumiSection 756 at 28-Apr-2014 20:06:22.515 CDT
Begin processing the 15901st record. Run 211256, Event 709402883, LumiSection 756 at 28-Apr-2014 20:06:22.600 CDT
Begin processing the 16001st record. Run 211256, Event 709747627, LumiSection 756 at 28-Apr-2014 20:06:22.685 CDT
Begin processing the 16101st record. Run 211256, Event 709393254, LumiSection 756 at 28-Apr-2014 20:06:22.770 CDT
Begin processing the 16201st record. Run 211256, Event 709793246, LumiSection 756 at 28-Apr-2014 20:06:23.080 CDT
Begin processing the 16301st record. Run 211256, Event 709395701, LumiSection 756 at 28-Apr-2014 20:06:23.166 CDT
Begin processing the 16401st record. Run 211256, Event 709688861, LumiSection 756 at 28-Apr-2014 20:06:23.254 CDT
Begin processing the 16501st record. Run 211256, Event 709294054, LumiSection 756 at 28-Apr-2014 20:06:23.340 CDT
Begin processing the 16601st record. Run 211256, Event 709687998, LumiSection 756 at 28-Apr-2014 20:06:23.426 CDT
Begin processing the 16701st record. Run 211256, Event 709260352, LumiSection 756 at 28-Apr-2014 20:06:23.511 CDT
Begin processing the 16801st record. Run 211256, Event 709626232, LumiSection 756 at 28-Apr-2014 20:06:23.596 CDT
Begin processing the 16901st record. Run 211256, Event 709220023, LumiSection 756 at 28-Apr-2014 20:06:23.683 CDT
Begin processing the 17001st record. Run 211256, Event 709549967, LumiSection 756 at 28-Apr-2014 20:06:23.770 CDT
Begin processing the 17101st record. Run 211256, Event 709874967, LumiSection 756 at 28-Apr-2014 20:06:23.855 CDT
Begin processing the 17201st record. Run 211256, Event 709474237, LumiSection 756 at 28-Apr-2014 20:06:23.941 CDT
Begin processing the 17301st record. Run 211256, Event 709842029, LumiSection 756 at 28-Apr-2014 20:06:26.965 CDT
28-Apr-2014 20:06:27 CDT  Closed file /store//hidata/HIRun2013/PAMuon/RECO/PromptReco-v1/000/211/256/00000/72FDBDB5-156E-E211-97B4-00237DDC5BBC.root


 EcalFlowNTP::endJob() <I>  nevttotal_trg = 10,  nevttotal_ass = 10
 Will check the Z-vertex differences

 Number of trigger events with at least one partner event = 5

--- RESULTS ---

  Currently with pi0 mixed event entries = 3931,  mixed clusters examined 26231,  events containing at least one cluster 10
 Number of hot channel seed crystals that were discarded 5
 Number of hot channel satellite crystals that were discarded 1
 Maximum number of HI tracks for run 211256 is 235 at event 708954613
 Maximum number clusters found for run 211256 is 86 at event 708954613
 Maximum number crystals found for run 211256 is 514 at event 708954613
 Total events this run = 16 with accumulated events for all runs = 16
 Number of events with trigger particle (nevttotal_trg) = 10
 Number of events with associated particle (nevttotal_ass) = 10
 Number of background fills = 5
 Total of takeAssociated events = 6
 Minimum number of associated events for any trigger event = 1

=============================================

MessageLogger Summary

 type     category        sev    module        subroutine        count    total
 ---- -------------------- -- ---------------- ----------------  -----    -----
    1 fileAction           -s file_close                             1        1
    2 fileAction           -s file_open                              2        2

 type    category    Examples: run/evt        run/evt          run/evt
 ---- -------------------- ---------------- ---------------- ----------------
    1 fileAction           PostEndRun                        
    2 fileAction           pre-events       pre-events       

Severity    # Occurrences   Total Occurrences
--------    -------------   -----------------
System                  3                   3
>>> END OF printout of 268 lines from stdout+stderr
>>> Parse FrameworkJobReport crab_fjr.xml
Result of parsing the FrameworkJobReport crab_fjr.xml: Popularity start
lumisRange : 211256::752-756::1;
lumisParentRange : 
Basename : /store/hidata/HIRun2013/PAMuon/RECO/PromptReco-v1/000/211/256/00000/
BasenameParent : 
parentFiles : 
inputBlocks : /PAMuon/HIRun2013-PromptReco-v1/RECO#4345096c-6d97-11e2-9eda-003048caaace
inputFiles : 72FDBDB5-156E-E211-97B4-00237DDC5BBC.root::1::EDM::Local::1;
Popularity stop
Extracted ExitStatus from FrameworkJobReport parsing output: 0
>>> Executable succeded  0
ExeExitCode=0
EXECUTABLE_EXIT_STATUS = 0
>>> current directory /tmp/1144508.vmpsched/glide_3vMinJ/execute/dir_18204/cms_dfCN9QUS4yey/CMSSW_5_3_8_HI_patch2
>>>  (SOFTWARE_DIR): /tmp/1144508.vmpsched/glide_3vMinJ/execute/dir_18204/cms_dfCN9QUS4yey/CMSSW_5_3_8_HI_patch2
>>> (WORKING_DIR): /tmp/1144508.vmpsched/glide_3vMinJ/execute/dir_18204/cms_dfCN9QUS4yey
>>> current directory content:
total 2812
drwxr-xr-x 3 uscms4054 cms    4096 Apr 28 19:59 .SCRAM
-rw------- 1 uscms4054 cms 1311770 Apr 28 19:59 CMSSW.py.pkl
drwxr-xr-x 3 uscms4054 cms    4096 Apr 28 19:59 bin
drwxr-xr-x 3 uscms4054 cms    4096 Apr 28 19:59 cfipython
drwxr-xr-x 5 uscms4054 cms    4096 Apr 28 19:59 config
-rw------- 1 uscms4054 cms      14 Apr 28 20:06 cpu_timing.txt
drwxr-xr-x 2 uscms4054 cms    4096 Apr 28 19:59 doc
-rw------- 1 uscms4054 cms   25762 Apr 28 20:06 executable.out
drwxr-xr-x 2 uscms4054 cms    4096 Apr 28 19:59 include
drwx------ 3 uscms4054 cms    4096 Jan 14 17:06 lib
drwxr-xr-x 3 uscms4054 cms    4096 Apr 28 19:59 logs
drwxr-xr-x 3 uscms4054 cms    4096 Apr 28 19:59 objs
-rw------- 1 uscms4054 cms  151694 Apr 28 20:06 pPbMuon_S49-74_28April2014V2.root
-rw------- 1 uscms4054 cms     104 Apr 28 19:59 pset.py
-rw------- 1 uscms4054 cms 1310609 Apr 28 19:59 pset.py.pkl
-rw------- 1 uscms4054 cms     289 Apr 28 19:59 pset.pyc
drwxr-xr-x 2 uscms4054 cms    4096 Apr 28 19:59 python
-rw------- 1 uscms4054 cms     407 Apr 28 20:06 report.log
drwx------ 5 uscms4054 cms    4096 Apr 28 19:59 src
drwxr-xr-x 3 uscms4054 cms    4096 Apr 28 19:59 test
drwxr-xr-x 3 uscms4054 cms    4096 Apr 28 19:59 tmp
>>> current directory /tmp/1144508.vmpsched/glide_3vMinJ/execute/dir_18204/cms_dfCN9QUS4yey/CMSSW_5_3_8_HI_patch2
>>> (SOFTWARE_DIR): /tmp/1144508.vmpsched/glide_3vMinJ/execute/dir_18204/cms_dfCN9QUS4yey/CMSSW_5_3_8_HI_patch2
>>> (WORKING_DIR): /tmp/1144508.vmpsched/glide_3vMinJ/execute/dir_18204/cms_dfCN9QUS4yey
>>> current directory content:
total 2812
drwxr-xr-x 3 uscms4054 cms    4096 Apr 28 19:59 .SCRAM
-rw------- 1 uscms4054 cms 1311770 Apr 28 19:59 CMSSW.py.pkl
drwxr-xr-x 3 uscms4054 cms    4096 Apr 28 19:59 bin
drwxr-xr-x 3 uscms4054 cms    4096 Apr 28 19:59 cfipython
drwxr-xr-x 5 uscms4054 cms    4096 Apr 28 19:59 config
-rw------- 1 uscms4054 cms      14 Apr 28 20:06 cpu_timing.txt
drwxr-xr-x 2 uscms4054 cms    4096 Apr 28 19:59 doc
-rw------- 1 uscms4054 cms   25762 Apr 28 20:06 executable.out
drwxr-xr-x 2 uscms4054 cms    4096 Apr 28 19:59 include
drwx------ 3 uscms4054 cms    4096 Jan 14 17:06 lib
drwxr-xr-x 3 uscms4054 cms    4096 Apr 28 19:59 logs
drwxr-xr-x 3 uscms4054 cms    4096 Apr 28 19:59 objs
-rw------- 1 uscms4054 cms  151694 Apr 28 20:06 pPbMuon_S49-74_28April2014V2_175_1_0Rf.root
-rw------- 1 uscms4054 cms     104 Apr 28 19:59 pset.py
-rw------- 1 uscms4054 cms 1310609 Apr 28 19:59 pset.py.pkl
-rw------- 1 uscms4054 cms     289 Apr 28 19:59 pset.pyc
drwxr-xr-x 2 uscms4054 cms    4096 Apr 28 19:59 python
-rw------- 1 uscms4054 cms     407 Apr 28 20:06 report.log
drwx------ 5 uscms4054 cms    4096 Apr 28 19:59 src
drwxr-xr-x 3 uscms4054 cms    4096 Apr 28 19:59 test
drwxr-xr-x 3 uscms4054 cms    4096 Apr 28 19:59 tmp
>>> current directory (RUNTIME_AREA):  /tmp/1144508.vmpsched/glide_3vMinJ/execute/dir_18204
SE = se1.accre.vanderbilt.edu
SE_PATH = /srm/v2/server?SFN=/store/user/maguire/hiRun2013pPb/
LFNBaseName = /store/user/maguire/hiRun2013pPb/
USER = maguire
endpoint = srm://se1.accre.vanderbilt.edu:6288/srm/v2/server?SFN=/store/user/maguire/hiRun2013pPb/
>>> Copy output files from WN = vmp588 to /srm/v2/server?SFN=/store/user/maguire/hiRun2013pPb/ :
python cmscp.py  --destination srm://se1.accre.vanderbilt.edu:6288/srm/v2/server?SFN=/store/user/maguire/hiRun2013pPb/ --inputFileList /tmp/1144508.vmpsched/glide_3vMinJ/execute/dir_18204/cms_dfCN9QUS4yey/CMSSW_5_3_8_HI_patch2/pPbMuon_S49-74_28April2014V2_175_1_0Rf.root --middleware OSG --se_name se1.accre.vanderbilt.edu --for_lfn /store/user/maguire/hiRun2013pPb/    
******************************************************
localSeName  =  se1.accre.vanderbilt.edu
remoteSeName =  se1.accre.vanderbilt.edu
******************************************************
*** I am at, and writing-to, Vanderbilt. Try lstore first ***
directory/store/user/maguire/hiRun2013pPb/already exists
executing /usr/local/cms-stageout/vandyCpv2.sh /tmp/1144508.vmpsched/glide_3vMinJ/execute/dir_18204/cms_dfCN9QUS4yey/CMSSW_5_3_8_HI_patch2/pPbMuon_S49-74_28April2014V2_175_1_0Rf.root /store/user/maguire/hiRun2013pPb/pPbMuon_S49-74_28April2014V2_175_1_0Rf.root

{"/tmp/1144508.vmpsched/glide_3vMinJ/execute/dir_18204/cms_dfCN9QUS4yey/CMSSW_5_3_8_HI_patch2/pPbMuon_S49-74_28April2014V2_175_1_0Rf.root": {"endpoint": "srm://se1.accre.vanderbilt.edu:6288/srm/v2/server?SFN=/store/user/maguire/hiRun2013pPb/", "surl_for_grid": "", "reason": "Copy succedeed with lstore utils", "erCode": "0", "se_name": "se1.accre.vanderbilt.edu", "for_lfn": "/store/user/maguire/hiRun2013pPb/"}}/tmp/1144508.vmpsched/glide_3vMinJ/execute/dir_18204
-------- cat /tmp/1144508.vmpsched/glide_3vMinJ/execute/dir_18204/cmscpReport.sh 
#!/bin/bash
echo "Report for File: /tmp/1144508.vmpsched/glide_3vMinJ/execute/dir_18204/cms_dfCN9QUS4yey/CMSSW_5_3_8_HI_patch2/pPbMuon_S49-74_28April2014V2_175_1_0Rf.root"
echo "LFN: /store/user/maguire/hiRun2013pPb/pPbMuon_S49-74_28April2014V2_175_1_0Rf.root"
echo "StorageElement: se1.accre.vanderbilt.edu"
echo "StageOutExitStatusReason = 'Copy succedeed with lstore utils'" | tee -a $RUNTIME_AREA/$repo
echo "StageOutSE = se1.accre.vanderbilt.edu" >> $RUNTIME_AREA/$repo

export StageOutExitStatus=0
echo "StageOutExitStatus = 0" | tee -a $RUNTIME_AREA/$repo
-------- end of /tmp/1144508.vmpsched/glide_3vMinJ/execute/dir_18204/cmscpReport.sh 
Report for File: /tmp/1144508.vmpsched/glide_3vMinJ/execute/dir_18204/cms_dfCN9QUS4yey/CMSSW_5_3_8_HI_patch2/pPbMuon_S49-74_28April2014V2_175_1_0Rf.root
LFN: /store/user/maguire/hiRun2013pPb/pPbMuon_S49-74_28April2014V2_175_1_0Rf.root
StorageElement: se1.accre.vanderbilt.edu
StageOutExitStatusReason = 'Copy succedeed with lstore utils'
StageOutExitStatus = 0
>>> current dir: /tmp/1144508.vmpsched/glide_3vMinJ/execute/dir_18204
>>> current dir content:
total 3864
-rw------- 1 uscms4054 cms     325 Apr 28 20:07 .SEinteraction.log
-rwx------ 1 uscms4054 cms    6654 Apr 28 19:59 .job.ad
-rwx------ 1 uscms4054 cms   13844 Apr 28 19:59 .machine.ad
-rw------- 1 uscms4054 cms     105 Apr 28 15:44 CMSSW.py
-rw------- 1 uscms4054 cms 1311770 Apr 28 15:44 CMSSW.py.pkl
-rwx------ 1 uscms4054 cms   28577 Apr 28 19:59 CMSSW.sh
-rw------- 1 uscms4054 cms     146 Apr 28 19:59 CacheEnv.sh
-rw------- 1 uscms4054 cms    7291 Apr  4 04:04 DashboardAPI.py
-rw------- 1 uscms4054 cms    6478 Apr 28 19:59 DashboardAPI.pyc
drwx------ 2 uscms4054 cms    4096 Apr 28 20:06 IMProv
-rw------- 1 uscms4054 cms    2748 Apr  4 04:04 Logger.py
-rw------- 1 uscms4054 cms    3218 Apr 28 19:59 Logger.pyc
-rw------- 1 uscms4054 cms   24524 Apr  4 04:04 ProcInfo.py
-rw------- 1 uscms4054 cms   22822 Apr 28 19:59 ProcInfo.pyc
drwx------ 7 uscms4054 cms    4096 Apr 28 19:59 ProdCommon
drwx------ 3 uscms4054 cms    4096 Apr 28 19:59 WMCore
-rw------- 1 uscms4054 cms    2006 Apr 28 20:07 Watchdog_175.log
-rwx------ 1 uscms4054 cms       0 Apr 28 19:59 _condor_stderr
-rwx---r-- 1 uscms4054 cms   40938 Apr 28 20:07 _condor_stdout
-rw------- 1 uscms4054 cms   32895 Apr  4 04:04 apmon.py
-rw------- 1 uscms4054 cms   28091 Apr 28 19:59 apmon.pyc
-rwx------ 1 uscms4054 cms  289691 Apr 28 19:59 arguments.xml
-rwx------ 1 uscms4054 cms  145992 Dec 18  2012 cmsRun
drwx------ 3 uscms4054 cms    4096 Apr 28 19:59 cms_dfCN9QUS4yey
-rwx------ 1 uscms4054 cms   38515 Apr  4 04:04 cmscp.py
-rw------- 1 uscms4054 cms     563 Apr 28 20:07 cmscpReport.sh
-rwx------ 1 uscms4054 cms   28577 Apr 28 19:59 condor_exec.exe
-rw------- 1 uscms4054 cms     422 Apr 28 15:43 crab.cfg
-rwx------ 1 uscms4054 cms    8610 Apr  4 04:04 crabWatchdog.sh
-rwx---r-- 1 uscms4054 cms   49483 Apr 28 20:06 crab_fjr_175.xml
-rwx------ 1 uscms4054 cms 1715325 Apr 28 19:59 default.tgz
-rwx------ 1 uscms4054 cms    4488 Apr  4 04:04 fillCrabFjr.py
-rw------- 1 uscms4054 cms     253 Apr 28 19:59 inputsReport.txt
-rw------- 1 uscms4054 cms     261 Apr 28 20:07 jobreport.txt
lrwxrwxrwx 1 uscms4054 cms     135 Apr 28 20:06 pPbMuon_S49-74_28April2014V2.root -> /tmp/1144508.vmpsched/glide_3vMinJ/execute/dir_18204/cms_dfCN9QUS4yey/CMSSW_5_3_8_HI_patch2/pPbMuon_S49-74_28April2014V2_175_1_0Rf.root
-rw------- 1 uscms4054 cms   17352 Apr  4 04:04 parseCrabFjr.py
-rw------- 1 uscms4054 cms     321 Apr 28 19:59 report.log
-rwx--x--x 1 uscms4054 cms    1497 Apr  4 04:04 report.py
-rw------- 1 uscms4054 cms     413 Apr 28 20:07 resultCopyFile
-rwx------ 1 uscms4054 cms    8387 Apr  4 04:04 writeCfg.py
-rw------- 1 uscms4054 cms    9557 Apr 28 19:59 x509up_u28075
>>> Modify Job Report:
CMSSW_VERSION = CMSSW_5_3_8_HI_patch2
/tmp/1144508.vmpsched/glide_3vMinJ/execute/dir_18204/ProdCommon/FwkJobRep/ModifyJobReport.py fjr /tmp/1144508.vmpsched/glide_3vMinJ/execute/dir_18204/crab_fjr_175.xml json /tmp/1144508.vmpsched/glide_3vMinJ/execute/dir_18204/resultCopyFile n_job 175_1_0Rf PrimaryDataset PAMuon  ApplicationFamily cmsRun ApplicationName cmsRun cmssw_version CMSSW_5_3_8_HI_patch2 psethash ac52e357badcb671e8469e91a82c520a
inputDict =  {u'/tmp/1144508.vmpsched/glide_3vMinJ/execute/dir_18204/cms_dfCN9QUS4yey/CMSSW_5_3_8_HI_patch2/pPbMuon_S49-74_28April2014V2_175_1_0Rf.root': {u'endpoint': u'srm://se1.accre.vanderbilt.edu:6288/srm/v2/server?SFN=/store/user/maguire/hiRun2013pPb/', u'surl_for_grid': u'', u'reason': u'Copy succedeed with lstore utils', u'erCode': u'0', u'se_name': u'se1.accre.vanderbilt.edu', u'for_lfn': u'/store/user/maguire/hiRun2013pPb/'}}
UserProcessedDataset =  
    file =  pPbMuon_S49-74_28April2014V2_175_1_0Rf.root
    newPfn =  srm://se1.accre.vanderbilt.edu:6288/srm/v2/server?SFN=/store/user/maguire/hiRun2013pPb/pPbMuon_S49-74_28April2014V2_175_1_0Rf.root
    newLfn =  /store/user/maguire/hiRun2013pPb/pPbMuon_S49-74_28April2014V2_175_1_0Rf.root
>>> crab_fjr_*.xml  permission set to 0704
CrabWrapper EXIT_FUNC entered at Mon Apr 28 20:07:18 CDT 2014   -  Tue Apr 29 01:07:18 UTC 2014
Checking output files:  
will tar file crab_fjr_175.xml in  out_files_175
WARNING: output file CMSSW_175.stdout not found!
WARNING: output file CMSSW_175.stderr not found!
WARNING: output file Watchdog_175.log.gz not found!
>>> working dir = /tmp/1144508.vmpsched/glide_3vMinJ/execute/dir_18204/cms_dfCN9QUS4yey
>>> current directory (RUNTIME_AREA): /tmp/1144508.vmpsched/glide_3vMinJ/execute/dir_18204
>>> Remove working directory: /tmp/1144508.vmpsched/glide_3vMinJ/execute/dir_18204/cms_dfCN9QUS4yey
dangling: /tmp/1144508.vmpsched/glide_3vMinJ/execute/dir_18204/pPbMuon_S49-74_28April2014V2.root -> /tmp/1144508.vmpsched/glide_3vMinJ/execute/dir_18204/cms_dfCN9QUS4yey/CMSSW_5_3_8_HI_patch2/pPbMuon_S49-74_28April2014V2_175_1_0Rf.root
deleted:  /tmp/1144508.vmpsched/glide_3vMinJ/execute/dir_18204/pPbMuon_S49-74_28April2014V2.root -> /tmp/1144508.vmpsched/glide_3vMinJ/execute/dir_18204/cms_dfCN9QUS4yey/CMSSW_5_3_8_HI_patch2/pPbMuon_S49-74_28April2014V2_175_1_0Rf.root
>>> padding time: Sleeping the wrapper for 105 seconds
STOPPING WATCHDOG. CrabWatchdog PID is 18772
********** LAST 50 LINES OF WATCHDOG LOG
# RESOURCE USAGE SUMMARY FOR PROCESS ID 18567
USER       PID %CPU %MEM    VSZ   RSS TTY      STAT START   TIME COMMAND
59942    18567  2.2  0.0   9492  1556 ?        S    19:59   0:00 /bin/sh /tmp/1144508.vmpsched/glide_3vMinJ/execute/dir_18204/condor_exec.exe 175 1
 
# LIMITS USED BY CRAB WATCHDOG:
# RSS  (KBytes)   : 2300000
# VSZ  (KBytes)   : 100000000
# DISK (MBytes)   : 19000
# CPU TIME        : 720h:0m:0s
# WALL CLOCK TIME : 21h:50m:0s
 
# FOLLOWING PRINTOUT TRACKS MAXIMUM VALUES OF RESOURCES USE
# ONE LINE IS PRINTED EACH TIME A MAXIMUM CHANGES
# IF CHANGE WAS IN RSS OR VSZ ALSO PROCID AND COMMAND ARE PRINTED
# THERE IS NO PRINTOUT FOR CPU/WALL TIME INCREASE
 
# TIME			PID	RSS(KB)	VSZ(KB)	Dsk(MB)	tCPU(s)	tWALL(s)	COMMAND
 Apr 28 19:59:06 CDT	6243	1516	108204	0	0	0	-sh          
 Apr 28 19:59:06 CDT	6373	1764	108204	0	0	0	/bin/bash /home/uscms4260/.globus/.gass_cache/local/md5/80/45/a0/e02b21fcb015a0f766873a568d/md5/8d/51/d9/ac58528701cc9c1e3f2380452a/data -v std -name v1_3 -entry CMS_T2_US_Vanderbilt_ce2 -clientname UCSD-v6_0.main -schedd
 Apr 28 19:59:06 CDT	12114	8004	108204	0	0	0	/tmp/1144508.vmpsched/glide_3vMinJ/main/condor/sbin/condor_master -f -pidfile /tmp/1144508.vmpsched/glide_3vMinJ/condor_master2.pid       
 Apr 28 19:59:06 CDT	12118	8748	108204	0	0	0	condor_startd -f         
 Apr 28 19:59:06 CDT	18784	34132	108204	0	0	0	edmConfigHash pset.py         
 Apr 28 19:59:06 CDT	---	34132	108204	9	----	----	----
 Apr 28 20:00:06 CDT	19121	457048	628980	9	13	61	cmsRun -j /tmp/1144508.vmpsched/glide_3vMinJ/execute/dir_18204/crab_fjr_175.xml -p pset.py      
 Apr 28 20:00:06 CDT	---	457048	628980	10	----	----	----
 Apr 28 20:02:07 CDT	19121	487884	700104	10	14	182	cmsRun -j /tmp/1144508.vmpsched/glide_3vMinJ/execute/dir_18204/crab_fjr_175.xml -p pset.py      
 Apr 28 20:06:09 CDT	19121	589556	804264	10	24	424	cmsRun -j /tmp/1144508.vmpsched/glide_3vMinJ/execute/dir_18204/crab_fjr_175.xml -p pset.py      
 Apr 28 20:07:10 CDT	---	589556	804264	11	----	----	----
********** WATCHDOG LOG ENDED
ZIPPING WATCHDOG LOG
Disk space used:
du -sh /tmp/1144508.vmpsched/glide_3vMinJ/execute/dir_18204
5.2M	/tmp/1144508.vmpsched/glide_3vMinJ/execute/dir_18204
Found unusual stdout, rename for OSB
`/tmp/1144508.vmpsched/glide_3vMinJ/execute/dir_18204/_condor_stdout' -> `CMSSW_175.stdout'
Found unusual stderr, rename for OSB
`/tmp/1144508.vmpsched/glide_3vMinJ/execute/dir_18204/_condor_stdout' -> `CMSSW_175.stderr'
crab_fjr_175.xml
CMSSW_175.stdout
CMSSW_175.stderr
Watchdog_175.log.gz
Total Output dimension: 26668
WARNING: output files size limit is set to: 50000000
Total Output dimension 26668 is fine.
JOB_EXIT_STATUS = 0
>>> info for dashboard:
***** Cat /tmp/1144508.vmpsched/glide_3vMinJ/execute/dir_18204/jobreport.txt *****
MonitorJobID=175_https://submit-6.t2.ucsd.edu//140428//136965.173
MonitorID=maguire_crab_0_140428_154345_yt8b07
ExeTime=436
ExeExitCode=0
StageOutExitStatusReason = 'Copy succedeed with lstore utils'
StageOutSE = se1.accre.vanderbilt.edu
StageOutExitStatus = 0
CrabUserCpuTime=30.52
CrabSysCpuTime=1.47
CrabCpuPercentage=7%
CrabWrapperTime=600
CrabStageoutTime=47
JobExitCode=0
***** End Cat jobreport *****
Parameters sent to Dashboard.
EXITING at Mon Apr 28 20:09:05 CDT 2014  -  Tue Apr 29 01:09:05 UTC 2014
