This script was generated by crab (version 2.10.5_patch1).
Running /tmp/1144086.vmpsched/glide_3Bhlcb/execute/dir_21998/condor_exec.exe with 2 positional parameters: 61 1
Today is Mon Apr 28 18:36:16 CDT 2014 - Mon Apr 28 23:36:16 UTC 2014
Job submitted on host vmp147
Linux vmp147 2.6.32-358.14.1.el6.x86_64 #1 SMP Tue Jul 16 23:51:20 UTC 2013 x86_64 x86_64 x86_64 GNU/Linux
>>> current directory (RUNTIME_AREA): /tmp/1144086.vmpsched/glide_3Bhlcb/execute/dir_21998
>>> current user: uid=59942(uscms4054) gid=31000(cms) groups=31000(cms),65003(glexec003)
>>> directory permission set to 0700
>>> umask set to:  u=rwx,g=,o=
>>> stdout stderr permission set to 0704
>>> voms proxy information:
subject   : /DC=ch/DC=cern/OU=Organic Units/OU=Users/CN=maguire/CN=671063/CN=Charles Felix Maguire/CN=594726435/CN=1340603711
issuer    : /DC=ch/DC=cern/OU=Organic Units/OU=Users/CN=maguire/CN=671063/CN=Charles Felix Maguire/CN=594726435
identity  : /DC=ch/DC=cern/OU=Organic Units/OU=Users/CN=maguire/CN=671063/CN=Charles Felix Maguire/CN=594726435
type      : RFC compliant proxy
strength  : 1024 bits
path      : /tmp/1144086.vmpsched/glide_3Bhlcb/execute/dir_21998/x509up_u28075
timeleft  : 23:59:58
key usage : Digital Signature, Key Encipherment
=== VO cms extension information ===
VO        : cms
subject   : /DC=ch/DC=cern/OU=Organic Units/OU=Users/CN=maguire/CN=671063/CN=Charles Felix Maguire
issuer    : /DC=ch/DC=cern/OU=computers/CN=lcg-voms.cern.ch
attribute : /cms/Role=NULL/Capability=NULL
attribute : /cms/uscms/Role=NULL/Capability=NULL
timeleft  : 187:33:45
uri       : lcg-voms.cern.ch:15002
WNHostName=vmp147
>>> tar --no-same-permissions -xf /tmp/1144086.vmpsched/glide_3Bhlcb/execute/dir_21998/default.tgz :
Successful untar
>>> Include /tmp/1144086.vmpsched/glide_3Bhlcb/execute/dir_21998 in PYTHONPATH:
strip arguments
env var CRAB_UNIQUE_JOB_ID set to: maguire_crab_0_140428_154345_yt8b07_61_1_tub
out_files_61
>>> list of expected files on output sandbox
output files: crab_fjr_61.xml CMSSW_61.stdout CMSSW_61.stderr Watchdog_61.log.gz
>>> GridFlavour discovery: 
source OSG GRID setup script
GridFlavour=OSG
>>> SyncSite discovery: 
SyncSite=T2_US_Vanderbilt
>>> SyncCE discovery: 
getting SyncCE from OSG_JOB_CONTACT
SyncCE=ce2.accre.vanderbilt.edu/jobmanager-pbs
>>> info for dashboard:
***** Cat /tmp/1144086.vmpsched/glide_3Bhlcb/execute/dir_21998/jobreport.txt *****
WNHostName=vmp147
MonitorJobID=61_https://submit-6.t2.ucsd.edu//140428//136965.59
SyncGridJobId=https://submit-6.t2.ucsd.edu//140428//136965.59
MonitorID=maguire_crab_0_140428_154345_yt8b07
GridFlavour=OSG
SyncSite=T2_US_Vanderbilt
SyncCE=ce2.accre.vanderbilt.edu/jobmanager-pbs
***** End Cat jobreport *****
Parameters sent to Dashboard.
>>> setup environment
set SCRAM ARCH to slc5_amd64_gcc462
SCRAM_ARCH = slc5_amd64_gcc462
>>> Created working directory: /tmp/1144086.vmpsched/glide_3Bhlcb/execute/dir_21998/cms_cht6lrT97o8G
Change to working directory: /tmp/1144086.vmpsched/glide_3Bhlcb/execute/dir_21998/cms_cht6lrT97o8G
>>> current directory (WORKING_DIR): /tmp/1144086.vmpsched/glide_3Bhlcb/execute/dir_21998/cms_cht6lrT97o8G
>>> setup CMS OSG environment:
set SCRAM ARCH to slc5_amd64_gcc462
SCRAM_ARCH = slc5_amd64_gcc462
OSG_APP is /home/grid-app
sourcing /home/grid-app/cmssoft/cms/cmsset_default.sh ...
==> setup cms environment ok
SCRAM_ARCH = slc5_amd64_gcc462
>>> specific cmssw setup environment:
CMSSW_VERSION =  CMSSW_5_3_8_HI_patch2
>>> current directory (SOFTWARE_DIR): /tmp/1144086.vmpsched/glide_3Bhlcb/execute/dir_21998/cms_cht6lrT97o8G/CMSSW_5_3_8_HI_patch2
PreserveSeeds: <>
IncrementSeeds:<>
>>> info for dashboard:
***** Cat /tmp/1144086.vmpsched/glide_3Bhlcb/execute/dir_21998/jobreport.txt *****
MonitorJobID=61_https://submit-6.t2.ucsd.edu//140428//136965.59
MonitorID=maguire_crab_0_140428_154345_yt8b07
***** End Cat jobreport *****
Parameters sent to Dashboard.
crabWatchdog started as process 22230
>>> moving CMSSW software directories in /tmp/1144086.vmpsched/glide_3Bhlcb/execute/dir_21998/cms_cht6lrT97o8G/CMSSW_5_3_8_HI_patch2
mv: cannot stat `/tmp/1144086.vmpsched/glide_3Bhlcb/execute/dir_21998/module/': No such file or directory
>>> Include /tmp/1144086.vmpsched/glide_3Bhlcb/execute/dir_21998 in PYTHONPATH:
PYTHONPATH=/tmp/1144086.vmpsched/glide_3Bhlcb/execute/dir_21998/:/tmp/1144086.vmpsched/glide_3Bhlcb/execute/dir_21998/cms_cht6lrT97o8G/CMSSW_5_3_8_HI_patch2/python:/tmp/1144086.vmpsched/glide_3Bhlcb/execute/dir_21998/cms_cht6lrT97o8G/CMSSW_5_3_8_HI_patch2/lib/slc5_amd64_gcc462:/cvmfs/cms.cern.ch/slc5_amd64_gcc462/cms/cmssw-patch/CMSSW_5_3_8_HI_patch2/python:/cvmfs/cms.cern.ch/slc5_amd64_gcc462/cms/cmssw-patch/CMSSW_5_3_8_HI_patch2/lib/slc5_amd64_gcc462:/cvmfs/cms.cern.ch/slc5_amd64_gcc462/cms/cmssw/CMSSW_5_3_8_HI/bin/slc5_amd64_gcc462:/cvmfs/cms.cern.ch/slc5_amd64_gcc462/cms/cmssw/CMSSW_5_3_8_HI/lib/slc5_amd64_gcc462:/cvmfs/cms.cern.ch/slc5_amd64_gcc462/cms/coral/CORAL_2_3_21-cms31/slc5_amd64_gcc462/python:/cvmfs/cms.cern.ch/slc5_amd64_gcc462/cms/coral/CORAL_2_3_21-cms31/slc5_amd64_gcc462/lib:/cvmfs/cms.cern.ch/slc5_amd64_gcc462/external/pyqt/4.8.1/lib/python2.6/site-packages:/cvmfs/cms.cern.ch/slc5_amd64_gcc462/external/py2-scipy/0.8.0/lib/python2.6/site-packages:/cvmfs/cms.cern.ch/slc5_amd64_gcc462/external/py2-matplotlib/1.0.1/lib/python2.6/site-packages:/cvmfs/cms.cern.ch/slc5_amd64_gcc462/external/python-ldap/2.3.5/lib/python2.6/site-packages:/cvmfs/cms.cern.ch/slc5_amd64_gcc462/external/sip/4.11.2/lib/python2.6/site-packages:/cvmfs/cms.cern.ch/slc5_amd64_gcc462/external/py2-pycurl/7.19.0/lib/python2.6/site-packages:/cvmfs/cms.cern.ch/slc5_amd64_gcc462/external/py2-numpy/1.6.1/lib/python2.6/site-packages:/cvmfs/cms.cern.ch/slc5_amd64_gcc462/external/py2-ipython/0.10/lib/python2.6/site-packages:/cvmfs/cms.cern.ch/slc5_amd64_gcc462/external/py2-cx-oracle/5.1-cms11/lib/python2.6/site-packages:/cvmfs/cms.cern.ch/slc5_amd64_gcc462/external/py2-cjson/1.0.5/lib/python2.6/site-packages:/cvmfs/cms.cern.ch/slc5_amd64_gcc462/cms/das-client/1.4.1-cms8/bin:/cvmfs/cms.cern.ch/slc5_amd64_gcc462/external/elementtree/1.2.6/share/lib/python2.6/site-packages:/cvmfs/cms.cern.ch/slc5_amd64_gcc462/external/rivet/1.5.1-cms10/lib/python2.6/site-packages:/cvmfs/cms.cern.ch/slc5_amd64_gcc462/external/pyminuit2/0.0.1-cms39/lib/python2.6/site-packages:/cvmfs/cms.cern.ch/slc5_amd64_gcc462/external/professor/1.0.0-cms40/lib/python2.6/site-packages:/cvmfs/cms.cern.ch/slc5_amd64_gcc462/lcg/root/5.32.00-cms21/lib:/cvmfs/cms.cern.ch/slc5_amd64_gcc462/cms/dbs-client/DBS_2_1_1_patch1_1/lib:/cvmfs/cms.cern.ch/slc5_amd64_gcc462/cms/dbs-client/DBS_2_1_1_patch1_1/lib/DBSAPI:/tmp/1144086.vmpsched/glide_3Bhlcb/execute/dir_21998/
 
# LIMITS USED BY CRAB WATCHDOG:
# RSS  (KBytes)   : 2300000
# VSZ  (KBytes)   : 100000000
# DISK (MBytes)   : 19000
# CPU TIME        : 720h:0m:0s
# WALL CLOCK TIME : 21h:50m:0s
 
ac52e357badcb671e8469e91a82c520a
PSETHASH = ac52e357badcb671e8469e91a82c520a
/tmp/1144086.vmpsched/glide_3Bhlcb/execute/dir_21998/writeCfg.py pset.py pset.py
Importing .py file
Setting parameters
RandomNumberGeneratorService found, will attempt to change seeds
inputBlocks=/PAMuon/HIRun2013-PromptReco-v1/RECO#0c035bca-68ec-11e2-9d3b-003048caaace
inputFiles=/store/hidata/HIRun2013/PAMuon/RECO/PromptReco-v1/000/210/837/00000/9AB6A4E6-5869-E211-A438-001D09F2525D.root;/store/hidata/HIRun2013/PAMuon/RECO/PromptReco-v1/000/210/837/00000/789ACBAD-5869-E211-8F6F-BCAEC5329701.root;/store/hidata/HIRun2013/PAMuon/RECO/PromptReco-v1/000/210/855/00000/B26CF596-B169-E211-82AC-5404A63886A0.root
parentFiles=
lumisRange=210837:1041-210837:1062;210855:129-210855:131
>>> Executable cmsRun
/cvmfs/cms.cern.ch/slc5_amd64_gcc462/cms/cmssw/CMSSW_5_3_8_HI/bin/slc5_amd64_gcc462/cmsRun
ok executable found
>>> info for dashboard:
***** Cat /tmp/1144086.vmpsched/glide_3Bhlcb/execute/dir_21998/jobreport.txt *****
MonitorJobID=61_https://submit-6.t2.ucsd.edu//140428//136965.59
MonitorID=maguire_crab_0_140428_154345_yt8b07
ExeStart=cmsRun
***** End Cat jobreport *****
Parameters sent to Dashboard.
>>> cmsRun started at Mon Apr 28 23:36:27 UTC 2014
>>> cmsRun ended at Mon Apr 28 23:44:51 UTC 2014
>>> crab_fjr_*.xml  permission set to 0704
>>> info for dashboard:
***** Cat /tmp/1144086.vmpsched/glide_3Bhlcb/execute/dir_21998/jobreport.txt *****
MonitorJobID=61_https://submit-6.t2.ucsd.edu//140428//136965.59
MonitorID=maguire_crab_0_140428_154345_yt8b07
ExeEnd=cmsRun
***** End Cat jobreport *****
Parameters sent to Dashboard.
TIME_EXE = 504 sec
>>> cmsRun wrote 672 lines of stdout+stderr
>>> START OF printout of 672 lines from stdout+stderr
28-Apr-2014 18:36:43 CDT  Initiating request to open file /store//hidata/HIRun2013/PAMuon/RECO/PromptReco-v1/000/210/837/00000/9AB6A4E6-5869-E211-A438-001D09F2525D.root
28-Apr-2014 18:36:45 CDT  Successfully opened file /store//hidata/HIRun2013/PAMuon/RECO/PromptReco-v1/000/210/837/00000/9AB6A4E6-5869-E211-A438-001D09F2525D.root

 The low invariant mass cut is 0.095 GeV/c^2
 The high invariant mass cut is 0.175 GeV/c^2
The pT bin width used are: 16	1.6	12
pT bins used for the histogram: 8	1	6

 Using a pT dependent separation cut parameterization 35.657/pT - 4.1995/pT^2,  with a rescale factor 0.7

 The goodAngleMatch opening angle criterion for reco track-cluster matching is 0.03 radians

 The goodPhiMatch residual angle criterion for reco track-cluster matching is 0.03 radians

 The goodThetaMatch residual angle criterion for reco track-cluster matching is 0.03 radians

 Cluster energy value will be recalibrated according to number of crystals in the cluster

 There is no check on the number of crystals in a cluster

 Cluster with a charged particle tracking match will not be used

 An output tree will be generated according to the xxxStore parameters


  Attempt to create m_tree object 


 Return from m_tree creation attempt, with m_tree value 0x2b53e96fd300

 No crystal information is being stored in the hTree for this job
 The basic cluster information is being stored in the hTree for this job
 No reco track-cluster information is being stored in the hTree for this job
 No reco tracks information is being stored in the hTree for this job
 No mcParticle information is being stored in the hTree for this job
 No simTrack information is being stored in the hTree for this job
 No mergedTrackTruth information is being stored in the hTree for this job
 No genParticle information is being stored in the hTree for this job
 No generator meson and reco truth information is being stored in the hTree for this job
 No generator photon and reco truth information is being stored in the hTree for this job

 Completed set up for the hTree contents (photon component is the last check)

Begin processing the 1st record. Run 210837, Event 768267834, LumiSection 1041 at 28-Apr-2014 18:37:40.869 CDT
Begin processing the 101st record. Run 210837, Event 768580538, LumiSection 1041 at 28-Apr-2014 18:39:33.657 CDT
Begin processing the 201st record. Run 210837, Event 768314187, LumiSection 1041 at 28-Apr-2014 18:39:33.760 CDT
Begin processing the 301st record. Run 210837, Event 768642195, LumiSection 1041 at 28-Apr-2014 18:39:33.864 CDT
Begin processing the 401st record. Run 210837, Event 768496766, LumiSection 1041 at 28-Apr-2014 18:39:33.967 CDT
Begin processing the 501st record. Run 210837, Event 768782030, LumiSection 1041 at 28-Apr-2014 18:39:34.070 CDT
Begin processing the 601st record. Run 210837, Event 768598580, LumiSection 1041 at 28-Apr-2014 18:39:34.174 CDT
Begin processing the 701st record. Run 210837, Event 768421559, LumiSection 1041 at 28-Apr-2014 18:39:34.277 CDT
Begin processing the 801st record. Run 210837, Event 768758543, LumiSection 1041 at 28-Apr-2014 18:39:34.384 CDT
Begin processing the 901st record. Run 210837, Event 768502894, LumiSection 1041 at 28-Apr-2014 18:39:34.488 CDT
Begin processing the 1001st record. Run 210837, Event 768274137, LumiSection 1041 at 28-Apr-2014 18:39:34.591 CDT
Begin processing the 1101st record. Run 210837, Event 768600001, LumiSection 1041 at 28-Apr-2014 18:39:34.695 CDT
Begin processing the 1201st record. Run 210837, Event 768375751, LumiSection 1041 at 28-Apr-2014 18:39:34.797 CDT
Begin processing the 1301st record. Run 210837, Event 768656783, LumiSection 1041 at 28-Apr-2014 18:39:34.901 CDT
Begin processing the 1401st record. Run 210837, Event 768437716, LumiSection 1041 at 28-Apr-2014 18:39:35.004 CDT
Begin processing the 1501st record. Run 210837, Event 768781964, LumiSection 1041 at 28-Apr-2014 18:39:35.107 CDT
Begin processing the 1601st record. Run 210837, Event 768531466, LumiSection 1041 at 28-Apr-2014 18:39:35.210 CDT
Begin processing the 1701st record. Run 210837, Event 768295749, LumiSection 1041 at 28-Apr-2014 18:39:35.314 CDT

 First pass: zVertexEventSelected = -0.00592597, zAtECal = -1.48833, zCorrected = -1.4824, thetaForZEqualsZero = 2.42746, thetaCorrected = 2.42548, zCorrectedEta = -0.983008, uncorrected Eta = -0.98602
 First pass: zVertexEventSelected = -0.00592597, zAtECal = 0.863615, zCorrected = 0.869541, thetaForZEqualsZero = 0.980856, thetaCorrected = 0.977691, zCorrectedEta = 0.631289, uncorrected Eta = 0.627475
 First pass: zVertexEventSelected = -0.00592597, zAtECal = 1.17716, zCorrected = 1.18309, thetaForZEqualsZero = 0.831102, thetaCorrected = 0.828601, zCorrectedEta = 0.82154, uncorrected Eta = 0.818151
 First pass: zVertexEventSelected = -0.00592597, zAtECal = 1.53026, zCorrected = 1.53618, thetaForZEqualsZero = 0.700413, thetaCorrected = 0.698509, zCorrectedEta = 1.0101, uncorrected Eta = 1.00714
 First pass: zVertexEventSelected = -0.00592597, zAtECal = -1.46739, zCorrected = -1.46147, thetaForZEqualsZero = 2.42044, thetaCorrected = 2.41843, zCorrectedEta = -0.97231, uncorrected Eta = -0.975347
 First pass: zVertexEventSelected = -0.00592597, zAtECal = 0.861951, zCorrected = 0.867877, thetaForZEqualsZero = 0.981748, thetaCorrected = 0.978578, zCorrectedEta = 0.630218, uncorrected Eta = 0.626403
 First pass: zVertexEventSelected = -0.00592597, zAtECal = -2.31946, zCorrected = -2.31354, thetaForZEqualsZero = 2.63403, thetaCorrected = 2.63294, zCorrectedEta = -1.34725, uncorrected Eta = -1.34948
 First pass: zVertexEventSelected = -0.00592597, zAtECal = -1.56909, zCorrected = -1.56316, thetaForZEqualsZero = 2.4535, thetaCorrected = 2.45164, zCorrectedEta = -1.02348, uncorrected Eta = -1.0264
 First pass: zVertexEventSelected = -0.00592597, zAtECal = -2.43855, zCorrected = -2.43263, thetaForZEqualsZero = 2.65501, thetaCorrected = 2.65401, zCorrectedEta = -1.39134, uncorrected Eta = -1.3935
 First pass: zVertexEventSelected = -0.00592597, zAtECal = -1.33173, zCorrected = -1.3258, thetaForZEqualsZero = 2.37211, thetaCorrected = 2.36988, zCorrectedEta = -0.900861, uncorrected Eta = -0.904061
Begin processing the 1801st record. Run 210837, Event 768603845, LumiSection 1041 at 28-Apr-2014 18:39:38.077 CDT
Begin processing the 1901st record. Run 210837, Event 768323752, LumiSection 1041 at 28-Apr-2014 18:39:38.180 CDT
Begin processing the 2001st record. Run 210837, Event 768643616, LumiSection 1041 at 28-Apr-2014 18:39:38.285 CDT
Begin processing the 2101st record. Run 210837, Event 768392921, LumiSection 1041 at 28-Apr-2014 18:39:38.390 CDT
Begin processing the 2201st record. Run 210837, Event 768707897, LumiSection 1041 at 28-Apr-2014 18:39:38.492 CDT
Begin processing the 2301st record. Run 210837, Event 768501707, LumiSection 1041 at 28-Apr-2014 18:39:38.593 CDT
Begin processing the 2401st record. Run 210837, Event 768309184, LumiSection 1041 at 28-Apr-2014 18:39:38.696 CDT
Begin processing the 2501st record. Run 210837, Event 768648768, LumiSection 1041 at 28-Apr-2014 18:39:38.798 CDT
Begin processing the 2601st record. Run 210837, Event 768436045, LumiSection 1041 at 28-Apr-2014 18:39:38.901 CDT
Begin processing the 2701st record. Run 210837, Event 768768149, LumiSection 1041 at 28-Apr-2014 18:39:39.003 CDT
Begin processing the 2801st record. Run 210837, Event 769102064, LumiSection 1042 at 28-Apr-2014 18:39:39.112 CDT
Begin processing the 2901st record. Run 210837, Event 768907301, LumiSection 1042 at 28-Apr-2014 18:39:39.215 CDT
Begin processing the 3001st record. Run 210837, Event 769233773, LumiSection 1042 at 28-Apr-2014 18:39:39.317 CDT
Begin processing the 3101st record. Run 210837, Event 769043542, LumiSection 1042 at 28-Apr-2014 18:39:39.422 CDT
Begin processing the 3201st record. Run 210837, Event 769346942, LumiSection 1042 at 28-Apr-2014 18:39:39.524 CDT
Begin processing the 3301st record. Run 210837, Event 769084444, LumiSection 1042 at 28-Apr-2014 18:39:39.628 CDT
Begin processing the 3401st record. Run 210837, Event 768924073, LumiSection 1042 at 28-Apr-2014 18:39:39.732 CDT
Begin processing the 3501st record. Run 210837, Event 769271689, LumiSection 1042 at 28-Apr-2014 18:39:39.835 CDT
Begin processing the 3601st record. Run 210837, Event 769035431, LumiSection 1042 at 28-Apr-2014 18:39:39.937 CDT
Begin processing the 3701st record. Run 210837, Event 768816050, LumiSection 1042 at 28-Apr-2014 18:39:40.040 CDT
Begin processing the 3801st record. Run 210837, Event 769224098, LumiSection 1042 at 28-Apr-2014 18:39:40.142 CDT
Begin processing the 3901st record. Run 210837, Event 769026563, LumiSection 1042 at 28-Apr-2014 18:39:40.244 CDT
Begin processing the 4001st record. Run 210837, Event 768830299, LumiSection 1042 at 28-Apr-2014 18:39:40.347 CDT
Begin processing the 4101st record. Run 210837, Event 769272387, LumiSection 1042 at 28-Apr-2014 18:39:40.451 CDT
Begin processing the 4201st record. Run 210837, Event 769048828, LumiSection 1042 at 28-Apr-2014 18:39:40.554 CDT
Begin processing the 4301st record. Run 210837, Event 769336548, LumiSection 1042 at 28-Apr-2014 18:39:40.656 CDT
Begin processing the 4401st record. Run 210837, Event 769071922, LumiSection 1042 at 28-Apr-2014 18:39:40.759 CDT
Begin processing the 4501st record. Run 210837, Event 768851617, LumiSection 1042 at 28-Apr-2014 18:39:40.861 CDT
Begin processing the 4601st record. Run 210837, Event 769194913, LumiSection 1042 at 28-Apr-2014 18:39:40.963 CDT
Begin processing the 4701st record. Run 210837, Event 768948926, LumiSection 1042 at 28-Apr-2014 18:39:41.066 CDT
Begin processing the 4801st record. Run 210837, Event 769284166, LumiSection 1042 at 28-Apr-2014 18:39:41.168 CDT
Begin processing the 4901st record. Run 210837, Event 769113821, LumiSection 1042 at 28-Apr-2014 18:39:41.271 CDT
Begin processing the 5001st record. Run 210837, Event 768945735, LumiSection 1042 at 28-Apr-2014 18:39:41.373 CDT
Begin processing the 5101st record. Run 210837, Event 769254615, LumiSection 1042 at 28-Apr-2014 18:39:41.476 CDT
Begin processing the 5201st record. Run 210837, Event 769097832, LumiSection 1042 at 28-Apr-2014 18:39:41.579 CDT
Begin processing the 5301st record. Run 210837, Event 769378274, LumiSection 1043 at 28-Apr-2014 18:39:41.686 CDT
Begin processing the 5401st record. Run 210837, Event 769603034, LumiSection 1043 at 28-Apr-2014 18:39:41.790 CDT
Begin processing the 5501st record. Run 210837, Event 769432031, LumiSection 1043 at 28-Apr-2014 18:39:41.892 CDT
Begin processing the 5601st record. Run 210837, Event 769760167, LumiSection 1043 at 28-Apr-2014 18:39:41.993 CDT
Begin processing the 5701st record. Run 210837, Event 769551754, LumiSection 1043 at 28-Apr-2014 18:39:42.097 CDT
Begin processing the 5801st record. Run 210837, Event 769787898, LumiSection 1043 at 28-Apr-2014 18:39:42.200 CDT
Begin processing the 5901st record. Run 210837, Event 769574344, LumiSection 1043 at 28-Apr-2014 18:39:42.301 CDT
Begin processing the 6001st record. Run 210837, Event 769886336, LumiSection 1043 at 28-Apr-2014 18:39:42.406 CDT
Begin processing the 6101st record. Run 210837, Event 769635595, LumiSection 1043 at 28-Apr-2014 18:39:42.509 CDT
Begin processing the 6201st record. Run 210837, Event 769420085, LumiSection 1043 at 28-Apr-2014 18:39:42.613 CDT
Begin processing the 6301st record. Run 210837, Event 769682557, LumiSection 1043 at 28-Apr-2014 18:39:42.718 CDT
Begin processing the 6401st record. Run 210837, Event 769509750, LumiSection 1043 at 28-Apr-2014 18:39:42.821 CDT
Begin processing the 6501st record. Run 210837, Event 769872798, LumiSection 1043 at 28-Apr-2014 18:39:42.923 CDT
Begin processing the 6601st record. Run 210837, Event 769626403, LumiSection 1043 at 28-Apr-2014 18:39:43.026 CDT
Begin processing the 6701st record. Run 210837, Event 769404329, LumiSection 1043 at 28-Apr-2014 18:39:43.129 CDT
Begin processing the 6801st record. Run 210837, Event 769734217, LumiSection 1043 at 28-Apr-2014 18:39:43.231 CDT
Begin processing the 6901st record. Run 210837, Event 769484328, LumiSection 1043 at 28-Apr-2014 18:39:43.334 CDT
Begin processing the 7001st record. Run 210837, Event 769851744, LumiSection 1043 at 28-Apr-2014 18:39:43.435 CDT
Begin processing the 7101st record. Run 210837, Event 769706661, LumiSection 1043 at 28-Apr-2014 18:39:43.537 CDT
Begin processing the 7201st record. Run 210837, Event 769453460, LumiSection 1043 at 28-Apr-2014 18:39:43.638 CDT
Begin processing the 7301st record. Run 210837, Event 769804380, LumiSection 1043 at 28-Apr-2014 18:39:43.741 CDT
Begin processing the 7401st record. Run 210837, Event 769628689, LumiSection 1043 at 28-Apr-2014 18:39:43.843 CDT
Begin processing the 7501st record. Run 210837, Event 769454047, LumiSection 1043 at 28-Apr-2014 18:39:43.946 CDT
Begin processing the 7601st record. Run 210837, Event 769784175, LumiSection 1043 at 28-Apr-2014 18:39:44.047 CDT
Begin processing the 7701st record. Run 210837, Event 769628484, LumiSection 1043 at 28-Apr-2014 18:39:44.150 CDT
Begin processing the 7801st record. Run 210837, Event 769449366, LumiSection 1043 at 28-Apr-2014 18:39:44.252 CDT
Begin processing the 7901st record. Run 210837, Event 769788502, LumiSection 1043 at 28-Apr-2014 18:39:44.355 CDT
Begin processing the 8001st record. Run 210837, Event 770169113, LumiSection 1044 at 28-Apr-2014 18:39:44.463 CDT
Begin processing the 8101st record. Run 210837, Event 769940702, LumiSection 1044 at 28-Apr-2014 18:39:44.566 CDT
Begin processing the 8201st record. Run 210837, Event 770268358, LumiSection 1044 at 28-Apr-2014 18:39:44.668 CDT
Begin processing the 8301st record. Run 210837, Event 770036487, LumiSection 1044 at 28-Apr-2014 18:39:44.771 CDT
Begin processing the 8401st record. Run 210837, Event 770337159, LumiSection 1044 at 28-Apr-2014 18:39:44.874 CDT
Begin processing the 8501st record. Run 210837, Event 770093286, LumiSection 1044 at 28-Apr-2014 18:39:44.975 CDT
Begin processing the 8601st record. Run 210837, Event 770386574, LumiSection 1044 at 28-Apr-2014 18:39:45.077 CDT
Begin processing the 8701st record. Run 210837, Event 770205536, LumiSection 1044 at 28-Apr-2014 18:39:45.178 CDT
Begin processing the 8801st record. Run 210837, Event 769954683, LumiSection 1044 at 28-Apr-2014 18:39:45.282 CDT
Begin processing the 8901st record. Run 210837, Event 770283075, LumiSection 1044 at 28-Apr-2014 18:39:45.384 CDT
Begin processing the 9001st record. Run 210837, Event 770064053, LumiSection 1044 at 28-Apr-2014 18:39:45.486 CDT
Begin processing the 9101st record. Run 210837, Event 770392549, LumiSection 1044 at 28-Apr-2014 18:39:45.588 CDT
Begin processing the 9201st record. Run 210837, Event 770177274, LumiSection 1044 at 28-Apr-2014 18:39:45.690 CDT
Begin processing the 9301st record. Run 210837, Event 769975296, LumiSection 1044 at 28-Apr-2014 18:39:45.794 CDT
Begin processing the 9401st record. Run 210837, Event 770353128, LumiSection 1044 at 28-Apr-2014 18:39:45.895 CDT
Begin processing the 9501st record. Run 210837, Event 770153804, LumiSection 1044 at 28-Apr-2014 18:39:45.997 CDT
Begin processing the 9601st record. Run 210837, Event 769913251, LumiSection 1044 at 28-Apr-2014 18:39:46.100 CDT
Begin processing the 9701st record. Run 210837, Event 770297475, LumiSection 1044 at 28-Apr-2014 18:39:46.203 CDT
Begin processing the 9801st record. Run 210837, Event 770129340, LumiSection 1044 at 28-Apr-2014 18:39:46.610 CDT
Begin processing the 9901st record. Run 210837, Event 769914759, LumiSection 1044 at 28-Apr-2014 18:39:46.714 CDT
Begin processing the 10001st record. Run 210837, Event 770280471, LumiSection 1044 at 28-Apr-2014 18:39:46.817 CDT
Begin processing the 10101st record. Run 210837, Event 770076849, LumiSection 1044 at 28-Apr-2014 18:39:46.919 CDT
Begin processing the 10201st record. Run 210837, Event 770426281, LumiSection 1044 at 28-Apr-2014 18:39:47.022 CDT
Begin processing the 10301st record. Run 210837, Event 770238021, LumiSection 1044 at 28-Apr-2014 18:39:47.525 CDT
Begin processing the 10401st record. Run 210837, Event 770081658, LumiSection 1044 at 28-Apr-2014 18:39:47.627 CDT
Begin processing the 10501st record. Run 210837, Event 770392706, LumiSection 1044 at 28-Apr-2014 18:39:47.729 CDT
Begin processing the 10601st record. Run 210837, Event 770703275, LumiSection 1045 at 28-Apr-2014 18:39:47.836 CDT
Begin processing the 10701st record. Run 210837, Event 770513829, LumiSection 1045 at 28-Apr-2014 18:39:47.939 CDT
Begin processing the 10801st record. Run 210837, Event 770939477, LumiSection 1045 at 28-Apr-2014 18:39:48.161 CDT
Begin processing the 10901st record. Run 210837, Event 770796146, LumiSection 1045 at 28-Apr-2014 18:39:48.263 CDT
Begin processing the 11001st record. Run 210837, Event 770562563, LumiSection 1045 at 28-Apr-2014 18:39:48.364 CDT
Begin processing the 11101st record. Run 210837, Event 770866419, LumiSection 1045 at 28-Apr-2014 18:39:48.466 CDT
Begin processing the 11201st record. Run 210837, Event 770684913, LumiSection 1045 at 28-Apr-2014 18:39:48.568 CDT
Begin processing the 11301st record. Run 210837, Event 770444782, LumiSection 1045 at 28-Apr-2014 18:39:48.669 CDT
Begin processing the 11401st record. Run 210837, Event 770787614, LumiSection 1045 at 28-Apr-2014 18:39:48.963 CDT
Begin processing the 11501st record. Run 210837, Event 770667583, LumiSection 1045 at 28-Apr-2014 18:39:49.066 CDT
Begin processing the 11601st record. Run 210837, Event 770488816, LumiSection 1045 at 28-Apr-2014 18:39:49.168 CDT
Begin processing the 11701st record. Run 210837, Event 770784456, LumiSection 1045 at 28-Apr-2014 18:39:49.273 CDT
Begin processing the 11801st record. Run 210837, Event 770565877, LumiSection 1045 at 28-Apr-2014 18:39:49.375 CDT
Begin processing the 11901st record. Run 210837, Event 770856549, LumiSection 1045 at 28-Apr-2014 18:39:49.478 CDT
Begin processing the 12001st record. Run 210837, Event 770637583, LumiSection 1045 at 28-Apr-2014 18:39:49.581 CDT
Begin processing the 12101st record. Run 210837, Event 770954583, LumiSection 1045 at 28-Apr-2014 18:39:49.683 CDT
Begin processing the 12201st record. Run 210837, Event 770729308, LumiSection 1045 at 28-Apr-2014 18:39:49.786 CDT
Begin processing the 12301st record. Run 210837, Event 770537450, LumiSection 1045 at 28-Apr-2014 18:39:49.888 CDT
Begin processing the 12401st record. Run 210837, Event 770825834, LumiSection 1045 at 28-Apr-2014 18:39:50.349 CDT
Begin processing the 12501st record. Run 210837, Event 770564185, LumiSection 1045 at 28-Apr-2014 18:39:50.452 CDT
Begin processing the 12601st record. Run 210837, Event 770429424, LumiSection 1045 at 28-Apr-2014 18:39:50.555 CDT
Begin processing the 12701st record. Run 210837, Event 770798072, LumiSection 1045 at 28-Apr-2014 18:39:50.658 CDT
Begin processing the 12801st record. Run 210837, Event 770590998, LumiSection 1045 at 28-Apr-2014 18:39:50.763 CDT
Begin processing the 12901st record. Run 210837, Event 770888678, LumiSection 1045 at 28-Apr-2014 18:39:51.081 CDT
Begin processing the 13001st record. Run 210837, Event 770673052, LumiSection 1045 at 28-Apr-2014 18:39:51.183 CDT
Begin processing the 13101st record. Run 210837, Event 770992793, LumiSection 1046 at 28-Apr-2014 18:39:51.292 CDT
Begin processing the 13201st record. Run 210837, Event 771331905, LumiSection 1046 at 28-Apr-2014 18:39:51.396 CDT
Begin processing the 13301st record. Run 210837, Event 771138485, LumiSection 1046 at 28-Apr-2014 18:39:51.501 CDT
Begin processing the 13401st record. Run 210837, Event 771397509, LumiSection 1046 at 28-Apr-2014 18:39:51.603 CDT
Begin processing the 13501st record. Run 210837, Event 771234495, LumiSection 1046 at 28-Apr-2014 18:39:51.706 CDT
Begin processing the 13601st record. Run 210837, Event 771065034, LumiSection 1046 at 28-Apr-2014 18:39:51.809 CDT
Begin processing the 13701st record. Run 210837, Event 771344890, LumiSection 1046 at 28-Apr-2014 18:39:51.911 CDT
Begin processing the 13801st record. Run 210837, Event 771087958, LumiSection 1046 at 28-Apr-2014 18:39:52.013 CDT
Begin processing the 13901st record. Run 210837, Event 771384134, LumiSection 1046 at 28-Apr-2014 18:39:52.117 CDT
Begin processing the 14001st record. Run 210837, Event 771189760, LumiSection 1046 at 28-Apr-2014 18:39:52.222 CDT
Begin processing the 14101st record. Run 210837, Event 771476000, LumiSection 1046 at 28-Apr-2014 18:39:52.326 CDT
Begin processing the 14201st record. Run 210837, Event 771275712, LumiSection 1046 at 28-Apr-2014 18:39:52.428 CDT
Begin processing the 14301st record. Run 210837, Event 771099121, LumiSection 1046 at 28-Apr-2014 18:39:52.531 CDT
Begin processing the 14401st record. Run 210837, Event 771442681, LumiSection 1046 at 28-Apr-2014 18:39:52.634 CDT
Begin processing the 14501st record. Run 210837, Event 771197991, LumiSection 1046 at 28-Apr-2014 18:39:52.736 CDT
Begin processing the 14601st record. Run 210837, Event 771059595, LumiSection 1046 at 28-Apr-2014 18:39:52.839 CDT
Begin processing the 14701st record. Run 210837, Event 771402027, LumiSection 1046 at 28-Apr-2014 18:39:52.942 CDT
Begin processing the 14801st record. Run 210837, Event 771248869, LumiSection 1046 at 28-Apr-2014 18:39:53.044 CDT
Begin processing the 14901st record. Run 210837, Event 771047978, LumiSection 1046 at 28-Apr-2014 18:39:53.147 CDT
Begin processing the 15001st record. Run 210837, Event 771351818, LumiSection 1046 at 28-Apr-2014 18:39:53.250 CDT
Begin processing the 15101st record. Run 210837, Event 771194558, LumiSection 1046 at 28-Apr-2014 18:39:53.353 CDT
Begin processing the 15201st record. Run 210837, Event 770970748, LumiSection 1046 at 28-Apr-2014 18:39:53.455 CDT
Begin processing the 15301st record. Run 210837, Event 771299012, LumiSection 1046 at 28-Apr-2014 18:39:53.561 CDT
Begin processing the 15401st record. Run 210837, Event 771080739, LumiSection 1046 at 28-Apr-2014 18:39:53.663 CDT
Begin processing the 15501st record. Run 210837, Event 771371707, LumiSection 1046 at 28-Apr-2014 18:39:53.766 CDT
Begin processing the 15601st record. Run 210837, Event 771155180, LumiSection 1046 at 28-Apr-2014 18:39:53.869 CDT
Begin processing the 15701st record. Run 210837, Event 771527193, LumiSection 1047 at 28-Apr-2014 18:39:53.976 CDT
Begin processing the 15801st record. Run 210837, Event 771903801, LumiSection 1047 at 28-Apr-2014 18:39:54.080 CDT
Begin processing the 15901st record. Run 210837, Event 771713499, LumiSection 1047 at 28-Apr-2014 18:39:54.183 CDT
Begin processing the 16001st record. Run 210837, Event 771508700, LumiSection 1047 at 28-Apr-2014 18:39:54.286 CDT
Begin processing the 16101st record. Run 210837, Event 771890980, LumiSection 1047 at 28-Apr-2014 18:39:54.389 CDT
Begin processing the 16201st record. Run 210837, Event 771672474, LumiSection 1047 at 28-Apr-2014 18:39:54.493 CDT
Begin processing the 16301st record. Run 210837, Event 771998826, LumiSection 1047 at 28-Apr-2014 18:39:54.598 CDT
Begin processing the 16401st record. Run 210837, Event 771798974, LumiSection 1047 at 28-Apr-2014 18:39:54.701 CDT
Begin processing the 16501st record. Run 210837, Event 771596054, LumiSection 1047 at 28-Apr-2014 18:39:54.804 CDT
Begin processing the 16601st record. Run 210837, Event 771857550, LumiSection 1047 at 28-Apr-2014 18:39:54.906 CDT
Begin processing the 16701st record. Run 210837, Event 771658160, LumiSection 1047 at 28-Apr-2014 18:39:55.010 CDT
Begin processing the 16801st record. Run 210837, Event 771944904, LumiSection 1047 at 28-Apr-2014 18:39:55.112 CDT
Begin processing the 16901st record. Run 210837, Event 771797267, LumiSection 1047 at 28-Apr-2014 18:39:55.215 CDT
Begin processing the 17001st record. Run 210837, Event 772031867, LumiSection 1047 at 28-Apr-2014 18:39:55.317 CDT
Begin processing the 17101st record. Run 210837, Event 771830114, LumiSection 1047 at 28-Apr-2014 18:39:55.420 CDT
Begin processing the 17201st record. Run 210837, Event 771647613, LumiSection 1047 at 28-Apr-2014 18:39:55.523 CDT
Begin processing the 17301st record. Run 210837, Event 771923429, LumiSection 1047 at 28-Apr-2014 18:39:55.625 CDT
Begin processing the 17401st record. Run 210837, Event 771758311, LumiSection 1047 at 28-Apr-2014 18:39:55.729 CDT
Begin processing the 17501st record. Run 210837, Event 771678813, LumiSection 1047 at 28-Apr-2014 18:39:55.831 CDT
Begin processing the 17601st record. Run 210837, Event 771984261, LumiSection 1047 at 28-Apr-2014 18:39:55.934 CDT
Begin processing the 17701st record. Run 210837, Event 771821471, LumiSection 1047 at 28-Apr-2014 18:39:56.037 CDT
Begin processing the 17801st record. Run 210837, Event 771611220, LumiSection 1047 at 28-Apr-2014 18:39:56.140 CDT
Begin processing the 17901st record. Run 210837, Event 771889828, LumiSection 1047 at 28-Apr-2014 18:39:56.243 CDT
Begin processing the 18001st record. Run 210837, Event 771711145, LumiSection 1047 at 28-Apr-2014 18:39:56.346 CDT
Begin processing the 18101st record. Run 210837, Event 771561936, LumiSection 1047 at 28-Apr-2014 18:39:56.448 CDT
Begin processing the 18201st record. Run 210837, Event 771931888, LumiSection 1047 at 28-Apr-2014 18:39:56.551 CDT
Begin processing the 18301st record. Run 210837, Event 772298764, LumiSection 1048 at 28-Apr-2014 18:39:56.658 CDT
Begin processing the 18401st record. Run 210837, Event 772137875, LumiSection 1048 at 28-Apr-2014 18:39:56.762 CDT
Begin processing the 18501st record. Run 210837, Event 772054769, LumiSection 1048 at 28-Apr-2014 18:39:56.865 CDT
Begin processing the 18601st record. Run 210837, Event 772402049, LumiSection 1048 at 28-Apr-2014 18:39:56.967 CDT
Begin processing the 18701st record. Run 210837, Event 772213940, LumiSection 1048 at 28-Apr-2014 18:39:57.072 CDT
Begin processing the 18801st record. Run 210837, Event 772580380, LumiSection 1048 at 28-Apr-2014 18:39:57.175 CDT
Begin processing the 18901st record. Run 210837, Event 772395690, LumiSection 1048 at 28-Apr-2014 18:39:57.278 CDT
Begin processing the 19001st record. Run 210837, Event 772230109, LumiSection 1048 at 28-Apr-2014 18:39:57.385 CDT
Begin processing the 19101st record. Run 210837, Event 772552917, LumiSection 1048 at 28-Apr-2014 18:39:57.488 CDT
Begin processing the 19201st record. Run 210837, Event 772375680, LumiSection 1048 at 28-Apr-2014 18:39:57.591 CDT
Begin processing the 19301st record. Run 210837, Event 772165491, LumiSection 1048 at 28-Apr-2014 18:39:57.693 CDT
Begin processing the 19401st record. Run 210837, Event 772534643, LumiSection 1048 at 28-Apr-2014 18:39:57.796 CDT
Begin processing the 19501st record. Run 210837, Event 772336064, LumiSection 1048 at 28-Apr-2014 18:39:57.899 CDT
Begin processing the 19601st record. Run 210837, Event 772192287, LumiSection 1048 at 28-Apr-2014 18:39:58.003 CDT
Begin processing the 19701st record. Run 210837, Event 772547863, LumiSection 1048 at 28-Apr-2014 18:39:58.365 CDT
Begin processing the 19801st record. Run 210837, Event 772302418, LumiSection 1048 at 28-Apr-2014 18:39:58.469 CDT
Begin processing the 19901st record. Run 210837, Event 772134806, LumiSection 1048 at 28-Apr-2014 18:39:58.571 CDT
Begin processing the 20001st record. Run 210837, Event 772440630, LumiSection 1048 at 28-Apr-2014 18:39:58.675 CDT
Begin processing the 20101st record. Run 210837, Event 772258409, LumiSection 1048 at 28-Apr-2014 18:39:58.778 CDT
Begin processing the 20201st record. Run 210837, Event 772062429, LumiSection 1048 at 28-Apr-2014 18:39:58.881 CDT
Begin processing the 20301st record. Run 210837, Event 772400197, LumiSection 1048 at 28-Apr-2014 18:39:58.984 CDT
Begin processing the 20401st record. Run 210837, Event 772199222, LumiSection 1048 at 28-Apr-2014 18:39:59.087 CDT
Begin processing the 20501st record. Run 210837, Event 772496342, LumiSection 1048 at 28-Apr-2014 18:39:59.190 CDT
Begin processing the 20601st record. Run 210837, Event 772295183, LumiSection 1048 at 28-Apr-2014 18:39:59.293 CDT
Begin processing the 20701st record. Run 210837, Event 772597026, LumiSection 1049 at 28-Apr-2014 18:39:59.401 CDT
Begin processing the 20801st record. Run 210837, Event 772893010, LumiSection 1049 at 28-Apr-2014 18:39:59.505 CDT
Begin processing the 20901st record. Run 210837, Event 772727620, LumiSection 1049 at 28-Apr-2014 18:39:59.608 CDT
Begin processing the 21001st record. Run 210837, Event 773029020, LumiSection 1049 at 28-Apr-2014 18:39:59.713 CDT
Begin processing the 21101st record. Run 210837, Event 772791328, LumiSection 1049 at 28-Apr-2014 18:39:59.816 CDT
Begin processing the 21201st record. Run 210837, Event 772586898, LumiSection 1049 at 28-Apr-2014 18:39:59.919 CDT
Begin processing the 21301st record. Run 210837, Event 772904226, LumiSection 1049 at 28-Apr-2014 18:40:00.023 CDT
Begin processing the 21401st record. Run 210837, Event 772731900, LumiSection 1049 at 28-Apr-2014 18:40:00.126 CDT
Begin processing the 21501st record. Run 210837, Event 773061268, LumiSection 1049 at 28-Apr-2014 18:40:00.230 CDT
Begin processing the 21601st record. Run 210837, Event 772860575, LumiSection 1049 at 28-Apr-2014 18:40:00.333 CDT
Begin processing the 21701st record. Run 210837, Event 772596369, LumiSection 1049 at 28-Apr-2014 18:40:00.440 CDT
Begin processing the 21801st record. Run 210837, Event 772929185, LumiSection 1049 at 28-Apr-2014 18:40:00.543 CDT
Begin processing the 21901st record. Run 210837, Event 772732262, LumiSection 1049 at 28-Apr-2014 18:40:00.647 CDT
Begin processing the 22001st record. Run 210837, Event 773000630, LumiSection 1049 at 28-Apr-2014 18:40:00.749 CDT
Begin processing the 22101st record. Run 210837, Event 772878943, LumiSection 1049 at 28-Apr-2014 18:40:00.853 CDT
Begin processing the 22201st record. Run 210837, Event 772731595, LumiSection 1049 at 28-Apr-2014 18:40:00.955 CDT
Begin processing the 22301st record. Run 210837, Event 773012499, LumiSection 1049 at 28-Apr-2014 18:40:01.059 CDT
Begin processing the 22401st record. Run 210837, Event 772831096, LumiSection 1049 at 28-Apr-2014 18:40:01.162 CDT
Begin processing the 22501st record. Run 210837, Event 772656619, LumiSection 1049 at 28-Apr-2014 18:40:01.265 CDT
Begin processing the 22601st record. Run 210837, Event 772983899, LumiSection 1049 at 28-Apr-2014 18:40:01.368 CDT
Begin processing the 22701st record. Run 210837, Event 772808405, LumiSection 1049 at 28-Apr-2014 18:40:01.475 CDT
Begin processing the 22801st record. Run 210837, Event 772631365, LumiSection 1049 at 28-Apr-2014 18:40:01.578 CDT
Begin processing the 22901st record. Run 210837, Event 772933917, LumiSection 1049 at 28-Apr-2014 18:40:01.697 CDT
Begin processing the 23001st record. Run 210837, Event 772776262, LumiSection 1049 at 28-Apr-2014 18:40:01.823 CDT
Begin processing the 23101st record. Run 210837, Event 773110310, LumiSection 1049 at 28-Apr-2014 18:40:01.925 CDT
Begin processing the 23201st record. Run 210837, Event 772925273, LumiSection 1049 at 28-Apr-2014 18:40:02.027 CDT
Begin processing the 23301st record. Run 210837, Event 773297379, LumiSection 1050 at 28-Apr-2014 18:40:02.135 CDT
Begin processing the 23401st record. Run 210837, Event 773633427, LumiSection 1050 at 28-Apr-2014 18:40:02.239 CDT
Begin processing the 23501st record. Run 210837, Event 773430031, LumiSection 1050 at 28-Apr-2014 18:40:02.342 CDT
Begin processing the 23601st record. Run 210837, Event 773182964, LumiSection 1050 at 28-Apr-2014 18:40:02.446 CDT
Begin processing the 23701st record. Run 210837, Event 773489804, LumiSection 1050 at 28-Apr-2014 18:40:02.550 CDT
Begin processing the 23801st record. Run 210837, Event 773269257, LumiSection 1050 at 28-Apr-2014 18:40:02.653 CDT
Begin processing the 23901st record. Run 210837, Event 773622281, LumiSection 1050 at 28-Apr-2014 18:40:02.757 CDT
Begin processing the 24001st record. Run 210837, Event 773386435, LumiSection 1050 at 28-Apr-2014 18:40:02.860 CDT
Begin processing the 24101st record. Run 210837, Event 773190284, LumiSection 1050 at 28-Apr-2014 18:40:02.964 CDT
Begin processing the 24201st record. Run 210837, Event 773507596, LumiSection 1050 at 28-Apr-2014 18:40:03.067 CDT
Begin processing the 24301st record. Run 210837, Event 773278857, LumiSection 1050 at 28-Apr-2014 18:40:03.170 CDT
Begin processing the 24401st record. Run 210837, Event 773605377, LumiSection 1050 at 28-Apr-2014 18:40:03.274 CDT
Begin processing the 24501st record. Run 210837, Event 773391050, LumiSection 1050 at 28-Apr-2014 18:40:03.377 CDT
Begin processing the 24601st record. Run 210837, Event 773218343, LumiSection 1050 at 28-Apr-2014 18:40:03.481 CDT
Begin processing the 24701st record. Run 210837, Event 773595623, LumiSection 1050 at 28-Apr-2014 18:40:03.584 CDT
Begin processing the 24801st record. Run 210837, Event 773394357, LumiSection 1050 at 28-Apr-2014 18:40:03.775 CDT
Begin processing the 24901st record. Run 210837, Event 773160966, LumiSection 1050 at 28-Apr-2014 18:40:03.877 CDT
Begin processing the 25001st record. Run 210837, Event 773476278, LumiSection 1050 at 28-Apr-2014 18:40:03.980 CDT
Begin processing the 25101st record. Run 210837, Event 773270456, LumiSection 1050 at 28-Apr-2014 18:40:04.082 CDT
Begin processing the 25201st record. Run 210837, Event 773594112, LumiSection 1050 at 28-Apr-2014 18:40:06.044 CDT
Begin processing the 25301st record. Run 210837, Event 773303374, LumiSection 1050 at 28-Apr-2014 18:40:06.146 CDT
Begin processing the 25401st record. Run 210837, Event 773122162, LumiSection 1050 at 28-Apr-2014 18:40:06.249 CDT
Begin processing the 25501st record. Run 210837, Event 773379858, LumiSection 1050 at 28-Apr-2014 18:40:06.351 CDT
Begin processing the 25601st record. Run 210837, Event 773148053, LumiSection 1050 at 28-Apr-2014 18:40:06.455 CDT
Begin processing the 25701st record. Run 210837, Event 773517285, LumiSection 1050 at 28-Apr-2014 18:40:06.560 CDT
Begin processing the 25801st record. Run 210837, Event 773344352, LumiSection 1050 at 28-Apr-2014 18:40:06.662 CDT
28-Apr-2014 18:40:06 CDT  Closed file /store//hidata/HIRun2013/PAMuon/RECO/PromptReco-v1/000/210/837/00000/9AB6A4E6-5869-E211-A438-001D09F2525D.root
28-Apr-2014 18:40:06 CDT  Initiating request to open file /store//hidata/HIRun2013/PAMuon/RECO/PromptReco-v1/000/210/837/00000/789ACBAD-5869-E211-8F6F-BCAEC5329701.root
28-Apr-2014 18:40:07 CDT  Successfully opened file /store//hidata/HIRun2013/PAMuon/RECO/PromptReco-v1/000/210/837/00000/789ACBAD-5869-E211-8F6F-BCAEC5329701.root
Begin processing the 25901st record. Run 210837, Event 773661427, LumiSection 1051 at 28-Apr-2014 18:40:36.175 CDT
Begin processing the 26001st record. Run 210837, Event 773982459, LumiSection 1051 at 28-Apr-2014 18:41:30.011 CDT
Begin processing the 26101st record. Run 210837, Event 773757725, LumiSection 1051 at 28-Apr-2014 18:41:30.117 CDT
Begin processing the 26201st record. Run 210837, Event 774071069, LumiSection 1051 at 28-Apr-2014 18:41:30.224 CDT
Begin processing the 26301st record. Run 210837, Event 773840170, LumiSection 1051 at 28-Apr-2014 18:41:30.329 CDT
Begin processing the 26401st record. Run 210837, Event 774191610, LumiSection 1051 at 28-Apr-2014 18:41:30.433 CDT
Begin processing the 26501st record. Run 210837, Event 773981898, LumiSection 1051 at 28-Apr-2014 18:41:30.536 CDT
Begin processing the 26601st record. Run 210837, Event 773745201, LumiSection 1051 at 28-Apr-2014 18:41:30.640 CDT
Begin processing the 26701st record. Run 210837, Event 774087193, LumiSection 1051 at 28-Apr-2014 18:41:30.744 CDT
Begin processing the 26801st record. Run 210837, Event 773885744, LumiSection 1051 at 28-Apr-2014 18:41:31.602 CDT
Begin processing the 26901st record. Run 210837, Event 774192336, LumiSection 1051 at 28-Apr-2014 18:41:31.705 CDT
Begin processing the 27001st record. Run 210837, Event 773960839, LumiSection 1051 at 28-Apr-2014 18:41:31.951 CDT
Begin processing the 27101st record. Run 210837, Event 773777857, LumiSection 1051 at 28-Apr-2014 18:41:32.055 CDT
Begin processing the 27201st record. Run 210837, Event 773658838, LumiSection 1051 at 28-Apr-2014 18:41:32.159 CDT
Begin processing the 27301st record. Run 210837, Event 773989350, LumiSection 1051 at 28-Apr-2014 18:41:32.265 CDT
Begin processing the 27401st record. Run 210837, Event 773752459, LumiSection 1051 at 28-Apr-2014 18:41:32.369 CDT
Begin processing the 27501st record. Run 210837, Event 774075147, LumiSection 1051 at 28-Apr-2014 18:41:32.473 CDT
Begin processing the 27601st record. Run 210837, Event 773852024, LumiSection 1051 at 28-Apr-2014 18:41:32.577 CDT
Begin processing the 27701st record. Run 210837, Event 774188888, LumiSection 1051 at 28-Apr-2014 18:41:32.681 CDT
Begin processing the 27801st record. Run 210837, Event 773990535, LumiSection 1051 at 28-Apr-2014 18:41:32.785 CDT
Begin processing the 27901st record. Run 210837, Event 773780389, LumiSection 1051 at 28-Apr-2014 18:41:32.889 CDT
Begin processing the 28001st record. Run 210837, Event 774101125, LumiSection 1051 at 28-Apr-2014 18:41:32.993 CDT
Begin processing the 28101st record. Run 210837, Event 773899078, LumiSection 1051 at 28-Apr-2014 18:41:33.097 CDT
Begin processing the 28201st record. Run 210837, Event 773662004, LumiSection 1051 at 28-Apr-2014 18:41:33.200 CDT
Begin processing the 28301st record. Run 210837, Event 773965572, LumiSection 1051 at 28-Apr-2014 18:41:33.304 CDT
Begin processing the 28401st record. Run 210837, Event 773712524, LumiSection 1051 at 28-Apr-2014 18:41:33.408 CDT
Begin processing the 28501st record. Run 210837, Event 774051076, LumiSection 1051 at 28-Apr-2014 18:41:33.512 CDT
Begin processing the 28601st record. Run 210837, Event 774445686, LumiSection 1052 at 28-Apr-2014 18:41:33.622 CDT
Begin processing the 28701st record. Run 210837, Event 774227764, LumiSection 1052 at 28-Apr-2014 18:41:33.727 CDT
Begin processing the 28801st record. Run 210837, Event 774546388, LumiSection 1052 at 28-Apr-2014 18:41:33.831 CDT
Begin processing the 28901st record. Run 210837, Event 774314043, LumiSection 1052 at 28-Apr-2014 18:41:33.936 CDT
Begin processing the 29001st record. Run 210837, Event 774665211, LumiSection 1052 at 28-Apr-2014 18:41:34.040 CDT
Begin processing the 29101st record. Run 210837, Event 774434399, LumiSection 1052 at 28-Apr-2014 18:41:34.144 CDT
Begin processing the 29201st record. Run 210837, Event 774237094, LumiSection 1052 at 28-Apr-2014 18:41:34.248 CDT
Begin processing the 29301st record. Run 210837, Event 774584774, LumiSection 1052 at 28-Apr-2014 18:41:34.354 CDT
Begin processing the 29401st record. Run 210837, Event 774385553, LumiSection 1052 at 28-Apr-2014 18:41:34.459 CDT
Begin processing the 29501st record. Run 210837, Event 774709177, LumiSection 1052 at 28-Apr-2014 18:41:34.563 CDT
Begin processing the 29601st record. Run 210837, Event 774543372, LumiSection 1052 at 28-Apr-2014 18:41:34.668 CDT
Begin processing the 29701st record. Run 210837, Event 774307144, LumiSection 1052 at 28-Apr-2014 18:41:34.772 CDT
Begin processing the 29801st record. Run 210837, Event 774614776, LumiSection 1052 at 28-Apr-2014 18:41:34.877 CDT
Begin processing the 29901st record. Run 210837, Event 774441703, LumiSection 1052 at 28-Apr-2014 18:41:34.981 CDT
Begin processing the 30001st record. Run 210837, Event 774250017, LumiSection 1052 at 28-Apr-2014 18:41:35.085 CDT
Begin processing the 30101st record. Run 210837, Event 774566873, LumiSection 1052 at 28-Apr-2014 18:41:35.190 CDT
Begin processing the 30201st record. Run 210837, Event 774384242, LumiSection 1052 at 28-Apr-2014 18:41:35.296 CDT
Begin processing the 30301st record. Run 210837, Event 774685890, LumiSection 1052 at 28-Apr-2014 18:41:35.401 CDT
Begin processing the 30401st record. Run 210837, Event 774497338, LumiSection 1052 at 28-Apr-2014 18:41:35.505 CDT
Begin processing the 30501st record. Run 210837, Event 774283384, LumiSection 1052 at 28-Apr-2014 18:41:35.610 CDT
Begin processing the 30601st record. Run 210837, Event 774639288, LumiSection 1052 at 28-Apr-2014 18:41:35.750 CDT
Begin processing the 30701st record. Run 210837, Event 774443901, LumiSection 1052 at 28-Apr-2014 18:41:35.855 CDT
Begin processing the 30801st record. Run 210837, Event 774219957, LumiSection 1052 at 28-Apr-2014 18:41:35.960 CDT
Begin processing the 30901st record. Run 210837, Event 774536197, LumiSection 1052 at 28-Apr-2014 18:41:36.064 CDT
Begin processing the 31001st record. Run 210837, Event 774277611, LumiSection 1052 at 28-Apr-2014 18:41:36.168 CDT
Begin processing the 31101st record. Run 210837, Event 774662747, LumiSection 1052 at 28-Apr-2014 18:41:36.272 CDT
Begin processing the 31201st record. Run 210837, Event 775008586, LumiSection 1053 at 28-Apr-2014 18:41:36.381 CDT
Begin processing the 31301st record. Run 210837, Event 774849896, LumiSection 1053 at 28-Apr-2014 18:41:36.485 CDT
Begin processing the 31401st record. Run 210837, Event 775241792, LumiSection 1053 at 28-Apr-2014 18:41:36.590 CDT
Begin processing the 31501st record. Run 210837, Event 774967244, LumiSection 1053 at 28-Apr-2014 18:41:36.695 CDT
Begin processing the 31601st record. Run 210837, Event 774776742, LumiSection 1053 at 28-Apr-2014 18:41:36.799 CDT
Begin processing the 31701st record. Run 210837, Event 775085422, LumiSection 1053 at 28-Apr-2014 18:41:36.904 CDT
Begin processing the 31801st record. Run 210837, Event 774862152, LumiSection 1053 at 28-Apr-2014 18:41:37.009 CDT
Begin processing the 31901st record. Run 210837, Event 775180416, LumiSection 1053 at 28-Apr-2014 18:41:37.114 CDT
Begin processing the 32001st record. Run 210837, Event 774938922, LumiSection 1053 at 28-Apr-2014 18:41:37.219 CDT
Begin processing the 32101st record. Run 210837, Event 775245474, LumiSection 1053 at 28-Apr-2014 18:41:37.324 CDT
Begin processing the 32201st record. Run 210837, Event 775027969, LumiSection 1053 at 28-Apr-2014 18:41:37.428 CDT
Begin processing the 32301st record. Run 210837, Event 774767463, LumiSection 1053 at 28-Apr-2014 18:41:37.648 CDT
Begin processing the 32401st record. Run 210837, Event 775084143, LumiSection 1053 at 28-Apr-2014 18:41:37.751 CDT
Begin processing the 32501st record. Run 210837, Event 774828470, LumiSection 1053 at 28-Apr-2014 18:41:37.855 CDT
Begin processing the 32601st record. Run 210837, Event 775161470, LumiSection 1053 at 28-Apr-2014 18:41:37.960 CDT
Begin processing the 32701st record. Run 210837, Event 775002572, LumiSection 1053 at 28-Apr-2014 18:41:38.064 CDT
Begin processing the 32801st record. Run 210837, Event 775264020, LumiSection 1053 at 28-Apr-2014 18:41:38.168 CDT
Begin processing the 32901st record. Run 210837, Event 775040175, LumiSection 1053 at 28-Apr-2014 18:41:38.272 CDT
Begin processing the 33001st record. Run 210837, Event 774779515, LumiSection 1053 at 28-Apr-2014 18:41:38.375 CDT
Begin processing the 33101st record. Run 210837, Event 775115563, LumiSection 1053 at 28-Apr-2014 18:41:38.478 CDT
Begin processing the 33201st record. Run 210837, Event 774932957, LumiSection 1053 at 28-Apr-2014 18:41:38.583 CDT
Begin processing the 33301st record. Run 210837, Event 775214845, LumiSection 1053 at 28-Apr-2014 18:41:38.687 CDT
Begin processing the 33401st record. Run 210837, Event 775057323, LumiSection 1053 at 28-Apr-2014 18:41:38.791 CDT
Begin processing the 33501st record. Run 210837, Event 774889137, LumiSection 1053 at 28-Apr-2014 18:41:39.452 CDT
Begin processing the 33601st record. Run 210837, Event 775225321, LumiSection 1053 at 28-Apr-2014 18:41:39.556 CDT
Begin processing the 33701st record. Run 210837, Event 775048845, LumiSection 1053 at 28-Apr-2014 18:41:39.659 CDT
Begin processing the 33801st record. Run 210837, Event 775409562, LumiSection 1054 at 28-Apr-2014 18:41:39.770 CDT
Begin processing the 33901st record. Run 210837, Event 775265448, LumiSection 1054 at 28-Apr-2014 18:41:39.875 CDT
Begin processing the 34001st record. Run 210837, Event 775594456, LumiSection 1054 at 28-Apr-2014 18:41:39.980 CDT
Begin processing the 34101st record. Run 210837, Event 775368113, LumiSection 1054 at 28-Apr-2014 18:41:40.996 CDT
Begin processing the 34201st record. Run 210837, Event 775719457, LumiSection 1054 at 28-Apr-2014 18:41:41.103 CDT
Begin processing the 34301st record. Run 210837, Event 775565403, LumiSection 1054 at 28-Apr-2014 18:41:41.209 CDT
Begin processing the 34401st record. Run 210837, Event 775387288, LumiSection 1054 at 28-Apr-2014 18:41:41.314 CDT
Begin processing the 34501st record. Run 210837, Event 775732776, LumiSection 1054 at 28-Apr-2014 18:41:41.420 CDT
Begin processing the 34601st record. Run 210837, Event 775557463, LumiSection 1054 at 28-Apr-2014 18:41:41.526 CDT
Begin processing the 34701st record. Run 210837, Event 775311765, LumiSection 1054 at 28-Apr-2014 18:41:41.635 CDT
Begin processing the 34801st record. Run 210837, Event 775658261, LumiSection 1054 at 28-Apr-2014 18:41:41.738 CDT
Begin processing the 34901st record. Run 210837, Event 775455206, LumiSection 1054 at 28-Apr-2014 18:41:41.842 CDT
Begin processing the 35001st record. Run 210837, Event 775764422, LumiSection 1054 at 28-Apr-2014 18:41:41.947 CDT
Begin processing the 35101st record. Run 210837, Event 775562634, LumiSection 1054 at 28-Apr-2014 18:41:42.051 CDT
Begin processing the 35201st record. Run 210837, Event 775350750, LumiSection 1054 at 28-Apr-2014 18:41:42.155 CDT
Begin processing the 35301st record. Run 210837, Event 775706582, LumiSection 1054 at 28-Apr-2014 18:41:42.259 CDT
Begin processing the 35401st record. Run 210837, Event 775584229, LumiSection 1054 at 28-Apr-2014 18:41:42.362 CDT
Begin processing the 35501st record. Run 210837, Event 775394985, LumiSection 1054 at 28-Apr-2014 18:41:42.466 CDT
Begin processing the 35601st record. Run 210837, Event 775791633, LumiSection 1054 at 28-Apr-2014 18:41:42.569 CDT
Begin processing the 35701st record. Run 210837, Event 775614252, LumiSection 1054 at 28-Apr-2014 18:41:42.673 CDT
Begin processing the 35801st record. Run 210837, Event 775459727, LumiSection 1054 at 28-Apr-2014 18:41:42.776 CDT
Begin processing the 35901st record. Run 210837, Event 775266772, LumiSection 1054 at 28-Apr-2014 18:41:42.991 CDT
Begin processing the 36001st record. Run 210837, Event 775551836, LumiSection 1054 at 28-Apr-2014 18:41:43.096 CDT
Begin processing the 36101st record. Run 210837, Event 775321355, LumiSection 1054 at 28-Apr-2014 18:41:43.201 CDT
Begin processing the 36201st record. Run 210837, Event 775645867, LumiSection 1054 at 28-Apr-2014 18:41:43.306 CDT
Begin processing the 36301st record. Run 210837, Event 775963240, LumiSection 1055 at 28-Apr-2014 18:41:43.415 CDT
Begin processing the 36401st record. Run 210837, Event 775994201, LumiSection 1055 at 28-Apr-2014 18:41:43.519 CDT
Begin processing the 36501st record. Run 210837, Event 776019341, LumiSection 1055 at 28-Apr-2014 18:41:43.623 CDT
Begin processing the 36601st record. Run 210837, Event 776026986, LumiSection 1055 at 28-Apr-2014 18:41:43.727 CDT
Begin processing the 36701st record. Run 210837, Event 776009630, LumiSection 1055 at 28-Apr-2014 18:41:43.832 CDT
Begin processing the 36801st record. Run 210837, Event 775920654, LumiSection 1055 at 28-Apr-2014 18:41:43.936 CDT
Begin processing the 36901st record. Run 210837, Event 775958264, LumiSection 1055 at 28-Apr-2014 18:41:44.041 CDT
Begin processing the 37001st record. Run 210837, Event 776012444, LumiSection 1055 at 28-Apr-2014 18:41:44.145 CDT
Begin processing the 37101st record. Run 210837, Event 775989186, LumiSection 1055 at 28-Apr-2014 18:41:44.249 CDT
Begin processing the 37201st record. Run 210837, Event 775960949, LumiSection 1055 at 28-Apr-2014 18:41:44.353 CDT
Begin processing the 37301st record. Run 210837, Event 775944067, LumiSection 1055 at 28-Apr-2014 18:41:44.458 CDT
Begin processing the 37401st record. Run 210837, Event 775968175, LumiSection 1055 at 28-Apr-2014 18:41:44.563 CDT
Begin processing the 37501st record. Run 210837, Event 775952988, LumiSection 1055 at 28-Apr-2014 18:41:44.667 CDT
Begin processing the 37601st record. Run 210837, Event 775968697, LumiSection 1055 at 28-Apr-2014 18:41:44.771 CDT
Begin processing the 37701st record. Run 210837, Event 776015395, LumiSection 1055 at 28-Apr-2014 18:41:44.876 CDT
Begin processing the 37801st record. Run 210837, Event 776010999, LumiSection 1055 at 28-Apr-2014 18:41:44.980 CDT
28-Apr-2014 18:41:45 CDT  Closed file /store//hidata/HIRun2013/PAMuon/RECO/PromptReco-v1/000/210/837/00000/789ACBAD-5869-E211-8F6F-BCAEC5329701.root
28-Apr-2014 18:41:45 CDT  Initiating request to open file /store//hidata/HIRun2013/PAMuon/RECO/PromptReco-v1/000/210/855/00000/B26CF596-B169-E211-82AC-5404A63886A0.root
28-Apr-2014 18:41:46 CDT  Successfully opened file /store//hidata/HIRun2013/PAMuon/RECO/PromptReco-v1/000/210/855/00000/B26CF596-B169-E211-82AC-5404A63886A0.root
Begin processing the 37901st record. Run 210855, Event 75405340, LumiSection 129 at 28-Apr-2014 18:44:29.149 CDT
Begin processing the 38001st record. Run 210855, Event 75749732, LumiSection 129 at 28-Apr-2014 18:44:29.261 CDT
Begin processing the 38101st record. Run 210855, Event 76004476, LumiSection 129 at 28-Apr-2014 18:44:29.369 CDT
Begin processing the 38201st record. Run 210855, Event 76308580, LumiSection 129 at 28-Apr-2014 18:44:29.476 CDT
Begin processing the 38301st record. Run 210855, Event 75470929, LumiSection 129 at 28-Apr-2014 18:44:29.581 CDT
Begin processing the 38401st record. Run 210855, Event 75754313, LumiSection 129 at 28-Apr-2014 18:44:29.686 CDT
Begin processing the 38501st record. Run 210855, Event 76052705, LumiSection 129 at 28-Apr-2014 18:44:29.791 CDT
Begin processing the 38601st record. Run 210855, Event 75253907, LumiSection 129 at 28-Apr-2014 18:44:29.896 CDT
Begin processing the 38701st record. Run 210855, Event 75516091, LumiSection 129 at 28-Apr-2014 18:44:30.002 CDT
Begin processing the 38801st record. Run 210855, Event 75761187, LumiSection 129 at 28-Apr-2014 18:44:30.107 CDT
Begin processing the 38901st record. Run 210855, Event 76056779, LumiSection 129 at 28-Apr-2014 18:44:30.228 CDT
Begin processing the 39001st record. Run 210855, Event 76364235, LumiSection 129 at 28-Apr-2014 18:44:30.332 CDT
Begin processing the 39101st record. Run 210855, Event 75517304, LumiSection 129 at 28-Apr-2014 18:44:30.437 CDT
Begin processing the 39201st record. Run 210855, Event 75749176, LumiSection 129 at 28-Apr-2014 18:44:30.541 CDT
Begin processing the 39301st record. Run 210855, Event 76098320, LumiSection 129 at 28-Apr-2014 18:44:30.646 CDT
Begin processing the 39401st record. Run 210855, Event 75243234, LumiSection 129 at 28-Apr-2014 18:44:30.750 CDT
Begin processing the 39501st record. Run 210855, Event 75499778, LumiSection 129 at 28-Apr-2014 18:44:30.855 CDT
Begin processing the 39601st record. Run 210855, Event 75768458, LumiSection 129 at 28-Apr-2014 18:44:30.959 CDT
Begin processing the 39701st record. Run 210855, Event 76066658, LumiSection 129 at 28-Apr-2014 18:44:31.064 CDT
Begin processing the 39801st record. Run 210855, Event 76333394, LumiSection 129 at 28-Apr-2014 18:44:31.169 CDT
Begin processing the 39901st record. Run 210855, Event 75470143, LumiSection 129 at 28-Apr-2014 18:44:31.274 CDT
Begin processing the 40001st record. Run 210855, Event 75735007, LumiSection 129 at 28-Apr-2014 18:44:31.378 CDT
Begin processing the 40101st record. Run 210855, Event 76005119, LumiSection 129 at 28-Apr-2014 18:44:31.483 CDT
Begin processing the 40201st record. Run 210855, Event 76284423, LumiSection 129 at 28-Apr-2014 18:44:31.588 CDT
Begin processing the 40301st record. Run 210855, Event 75408502, LumiSection 129 at 28-Apr-2014 18:44:31.692 CDT
Begin processing the 40401st record. Run 210855, Event 75660110, LumiSection 129 at 28-Apr-2014 18:44:31.797 CDT
Begin processing the 40501st record. Run 210855, Event 75942446, LumiSection 129 at 28-Apr-2014 18:44:31.901 CDT
Begin processing the 40601st record. Run 210855, Event 76172358, LumiSection 129 at 28-Apr-2014 18:44:32.006 CDT
Begin processing the 40701st record. Run 210855, Event 75402426, LumiSection 129 at 28-Apr-2014 18:44:32.110 CDT
Begin processing the 40801st record. Run 210855, Event 75705226, LumiSection 129 at 28-Apr-2014 18:44:32.215 CDT
Begin processing the 40901st record. Run 210855, Event 75953058, LumiSection 129 at 28-Apr-2014 18:44:32.319 CDT
Begin processing the 41001st record. Run 210855, Event 76271850, LumiSection 129 at 28-Apr-2014 18:44:32.424 CDT
Begin processing the 41101st record. Run 210855, Event 75429725, LumiSection 129 at 28-Apr-2014 18:44:32.528 CDT
Begin processing the 41201st record. Run 210855, Event 75806373, LumiSection 129 at 28-Apr-2014 18:44:32.633 CDT
Begin processing the 41301st record. Run 210855, Event 76102981, LumiSection 129 at 28-Apr-2014 18:44:32.737 CDT
Begin processing the 41401st record. Run 210855, Event 76359869, LumiSection 129 at 28-Apr-2014 18:44:32.841 CDT
Begin processing the 41501st record. Run 210855, Event 75461161, LumiSection 129 at 28-Apr-2014 18:44:32.946 CDT
Begin processing the 41601st record. Run 210855, Event 75833505, LumiSection 129 at 28-Apr-2014 18:44:33.051 CDT
Begin processing the 41701st record. Run 210855, Event 76103665, LumiSection 129 at 28-Apr-2014 18:44:33.155 CDT
Begin processing the 41801st record. Run 210855, Event 75257448, LumiSection 129 at 28-Apr-2014 18:44:33.260 CDT
Begin processing the 41901st record. Run 210855, Event 75547560, LumiSection 129 at 28-Apr-2014 18:44:33.364 CDT
Begin processing the 42001st record. Run 210855, Event 75833728, LumiSection 129 at 28-Apr-2014 18:44:33.469 CDT
Begin processing the 42101st record. Run 210855, Event 76134840, LumiSection 129 at 28-Apr-2014 18:44:33.573 CDT
Begin processing the 42201st record. Run 210855, Event 75254291, LumiSection 129 at 28-Apr-2014 18:44:33.678 CDT
Begin processing the 42301st record. Run 210855, Event 75463755, LumiSection 129 at 28-Apr-2014 18:44:33.782 CDT
Begin processing the 42401st record. Run 210855, Event 75763515, LumiSection 129 at 28-Apr-2014 18:44:33.887 CDT
Begin processing the 42501st record. Run 210855, Event 76103147, LumiSection 129 at 28-Apr-2014 18:44:34.656 CDT
Begin processing the 42601st record. Run 210855, Event 76345715, LumiSection 129 at 28-Apr-2014 18:44:34.760 CDT
Begin processing the 42701st record. Run 210855, Event 75514094, LumiSection 129 at 28-Apr-2014 18:44:34.865 CDT
Begin processing the 42801st record. Run 210855, Event 75719734, LumiSection 129 at 28-Apr-2014 18:44:34.970 CDT
Begin processing the 42901st record. Run 210855, Event 76024990, LumiSection 129 at 28-Apr-2014 18:44:35.075 CDT
Begin processing the 43001st record. Run 210855, Event 76306030, LumiSection 129 at 28-Apr-2014 18:44:35.180 CDT
Begin processing the 43101st record. Run 210855, Event 75436900, LumiSection 129 at 28-Apr-2014 18:44:35.285 CDT
Begin processing the 43201st record. Run 210855, Event 75702396, LumiSection 129 at 28-Apr-2014 18:44:35.389 CDT
Begin processing the 43301st record. Run 210855, Event 76004076, LumiSection 129 at 28-Apr-2014 18:44:35.494 CDT
Begin processing the 43401st record. Run 210855, Event 76284916, LumiSection 129 at 28-Apr-2014 18:44:35.599 CDT
Begin processing the 43501st record. Run 210855, Event 75411509, LumiSection 129 at 28-Apr-2014 18:44:35.704 CDT
Begin processing the 43601st record. Run 210855, Event 75717437, LumiSection 129 at 28-Apr-2014 18:44:35.809 CDT
Begin processing the 43701st record. Run 210855, Event 76003597, LumiSection 129 at 28-Apr-2014 18:44:35.913 CDT
Begin processing the 43801st record. Run 210855, Event 76266269, LumiSection 129 at 28-Apr-2014 18:44:36.018 CDT
Begin processing the 43901st record. Run 210855, Event 75327231, LumiSection 129 at 28-Apr-2014 18:44:36.123 CDT
Begin processing the 44001st record. Run 210855, Event 75625063, LumiSection 129 at 28-Apr-2014 18:44:36.228 CDT
Begin processing the 44101st record. Run 210855, Event 75900791, LumiSection 129 at 28-Apr-2014 18:44:36.333 CDT
Begin processing the 44201st record. Run 210855, Event 76185687, LumiSection 129 at 28-Apr-2014 18:44:36.438 CDT
Begin processing the 44301st record. Run 210855, Event 76470137, LumiSection 130 at 28-Apr-2014 18:44:36.548 CDT
Begin processing the 44401st record. Run 210855, Event 76745249, LumiSection 130 at 28-Apr-2014 18:44:36.653 CDT
Begin processing the 44501st record. Run 210855, Event 77054937, LumiSection 130 at 28-Apr-2014 18:44:36.758 CDT
Begin processing the 44601st record. Run 210855, Event 77315897, LumiSection 130 at 28-Apr-2014 18:44:36.864 CDT
Begin processing the 44701st record. Run 210855, Event 76470552, LumiSection 130 at 28-Apr-2014 18:44:36.969 CDT
Begin processing the 44801st record. Run 210855, Event 76787328, LumiSection 130 at 28-Apr-2014 18:44:37.075 CDT
Begin processing the 44901st record. Run 210855, Event 77074088, LumiSection 130 at 28-Apr-2014 18:44:37.180 CDT
Begin processing the 45001st record. Run 210855, Event 77357664, LumiSection 130 at 28-Apr-2014 18:44:37.286 CDT
Begin processing the 45101st record. Run 210855, Event 76528441, LumiSection 130 at 28-Apr-2014 18:44:37.391 CDT
Begin processing the 45201st record. Run 210855, Event 76801329, LumiSection 130 at 28-Apr-2014 18:44:37.496 CDT
Begin processing the 45301st record. Run 210855, Event 77090801, LumiSection 130 at 28-Apr-2014 18:44:37.602 CDT
Begin processing the 45401st record. Run 210855, Event 77349953, LumiSection 130 at 28-Apr-2014 18:44:37.707 CDT
Begin processing the 45501st record. Run 210855, Event 76540716, LumiSection 130 at 28-Apr-2014 18:44:37.813 CDT
Begin processing the 45601st record. Run 210855, Event 76736996, LumiSection 130 at 28-Apr-2014 18:44:37.918 CDT
Begin processing the 45701st record. Run 210855, Event 76998220, LumiSection 130 at 28-Apr-2014 18:44:38.024 CDT
Begin processing the 45801st record. Run 210855, Event 77304124, LumiSection 130 at 28-Apr-2014 18:44:38.129 CDT
Begin processing the 45901st record. Run 210855, Event 76432852, LumiSection 130 at 28-Apr-2014 18:44:38.235 CDT
Begin processing the 46001st record. Run 210855, Event 76719964, LumiSection 130 at 28-Apr-2014 18:44:38.444 CDT
Begin processing the 46101st record. Run 210855, Event 76988500, LumiSection 130 at 28-Apr-2014 18:44:38.549 CDT
Begin processing the 46201st record. Run 210855, Event 77267252, LumiSection 130 at 28-Apr-2014 18:44:38.654 CDT
Begin processing the 46301st record. Run 210855, Event 76430438, LumiSection 130 at 28-Apr-2014 18:44:38.758 CDT
Begin processing the 46401st record. Run 210855, Event 76715566, LumiSection 130 at 28-Apr-2014 18:44:38.863 CDT
Begin processing the 46501st record. Run 210855, Event 77020462, LumiSection 130 at 28-Apr-2014 18:44:38.968 CDT
Begin processing the 46601st record. Run 210855, Event 77230038, LumiSection 130 at 28-Apr-2014 18:44:39.073 CDT
Begin processing the 46701st record. Run 210855, Event 77486334, LumiSection 130 at 28-Apr-2014 18:44:39.178 CDT
Begin processing the 46801st record. Run 210855, Event 76635191, LumiSection 130 at 28-Apr-2014 18:44:39.282 CDT
Begin processing the 46901st record. Run 210855, Event 76940815, LumiSection 130 at 28-Apr-2014 18:44:39.387 CDT
Begin processing the 47001st record. Run 210855, Event 77230751, LumiSection 130 at 28-Apr-2014 18:44:39.492 CDT
Begin processing the 47101st record. Run 210855, Event 76429248, LumiSection 130 at 28-Apr-2014 18:44:39.597 CDT
Begin processing the 47201st record. Run 210855, Event 76696968, LumiSection 130 at 28-Apr-2014 18:44:39.702 CDT
Begin processing the 47301st record. Run 210855, Event 77054544, LumiSection 130 at 28-Apr-2014 18:44:39.806 CDT
Begin processing the 47401st record. Run 210855, Event 77325680, LumiSection 130 at 28-Apr-2014 18:44:39.911 CDT
Begin processing the 47501st record. Run 210855, Event 76510527, LumiSection 130 at 28-Apr-2014 18:44:40.016 CDT
Begin processing the 47601st record. Run 210855, Event 76769783, LumiSection 130 at 28-Apr-2014 18:44:40.121 CDT
Begin processing the 47701st record. Run 210855, Event 77028183, LumiSection 130 at 28-Apr-2014 18:44:40.226 CDT
Begin processing the 47801st record. Run 210855, Event 77318863, LumiSection 130 at 28-Apr-2014 18:44:40.332 CDT
Begin processing the 47901st record. Run 210855, Event 76442581, LumiSection 130 at 28-Apr-2014 18:44:40.439 CDT
Begin processing the 48001st record. Run 210855, Event 76687861, LumiSection 130 at 28-Apr-2014 18:44:40.546 CDT
Begin processing the 48101st record. Run 210855, Event 76990221, LumiSection 130 at 28-Apr-2014 18:44:40.652 CDT
Begin processing the 48201st record. Run 210855, Event 77304797, LumiSection 130 at 28-Apr-2014 18:44:40.759 CDT
Begin processing the 48301st record. Run 210855, Event 76446698, LumiSection 130 at 28-Apr-2014 18:44:40.865 CDT
Begin processing the 48401st record. Run 210855, Event 76799186, LumiSection 130 at 28-Apr-2014 18:44:40.972 CDT
Begin processing the 48501st record. Run 210855, Event 77035754, LumiSection 130 at 28-Apr-2014 18:44:41.078 CDT
Begin processing the 48601st record. Run 210855, Event 77337298, LumiSection 130 at 28-Apr-2014 18:44:41.186 CDT
Begin processing the 48701st record. Run 210855, Event 76496875, LumiSection 130 at 28-Apr-2014 18:44:41.293 CDT
Begin processing the 48801st record. Run 210855, Event 76758907, LumiSection 130 at 28-Apr-2014 18:44:41.400 CDT
Begin processing the 48901st record. Run 210855, Event 77028411, LumiSection 130 at 28-Apr-2014 18:44:41.506 CDT
Begin processing the 49001st record. Run 210855, Event 77299475, LumiSection 130 at 28-Apr-2014 18:44:41.613 CDT
Begin processing the 49101st record. Run 210855, Event 76456315, LumiSection 130 at 28-Apr-2014 18:44:41.719 CDT
Begin processing the 49201st record. Run 210855, Event 76699067, LumiSection 130 at 28-Apr-2014 18:44:41.826 CDT
Begin processing the 49301st record. Run 210855, Event 77007203, LumiSection 130 at 28-Apr-2014 18:44:41.933 CDT
Begin processing the 49401st record. Run 210855, Event 77342019, LumiSection 130 at 28-Apr-2014 18:44:42.039 CDT
Begin processing the 49501st record. Run 210855, Event 76465758, LumiSection 130 at 28-Apr-2014 18:44:42.146 CDT
Begin processing the 49601st record. Run 210855, Event 76780878, LumiSection 130 at 28-Apr-2014 18:44:42.253 CDT
Begin processing the 49701st record. Run 210855, Event 77023974, LumiSection 130 at 28-Apr-2014 18:44:42.359 CDT
Begin processing the 49801st record. Run 210855, Event 77279070, LumiSection 130 at 28-Apr-2014 18:44:42.466 CDT
Begin processing the 49901st record. Run 210855, Event 76413173, LumiSection 130 at 28-Apr-2014 18:44:42.573 CDT
Begin processing the 50001st record. Run 210855, Event 76655869, LumiSection 130 at 28-Apr-2014 18:44:42.679 CDT
Begin processing the 50101st record. Run 210855, Event 76964453, LumiSection 130 at 28-Apr-2014 18:44:42.786 CDT
Begin processing the 50201st record. Run 210855, Event 77232685, LumiSection 130 at 28-Apr-2014 18:44:42.892 CDT
Begin processing the 50301st record. Run 210855, Event 76462034, LumiSection 130 at 28-Apr-2014 18:44:42.999 CDT
Begin processing the 50401st record. Run 210855, Event 76701970, LumiSection 130 at 28-Apr-2014 18:44:43.106 CDT
Begin processing the 50501st record. Run 210855, Event 76987642, LumiSection 130 at 28-Apr-2014 18:44:43.213 CDT
Begin processing the 50601st record. Run 210855, Event 77295234, LumiSection 130 at 28-Apr-2014 18:44:43.319 CDT
Begin processing the 50701st record. Run 210855, Event 77552335, LumiSection 131 at 28-Apr-2014 18:44:43.431 CDT
Begin processing the 50801st record. Run 210855, Event 77843927, LumiSection 131 at 28-Apr-2014 18:44:43.569 CDT
Begin processing the 50901st record. Run 210855, Event 78111775, LumiSection 131 at 28-Apr-2014 18:44:43.676 CDT
Begin processing the 51001st record. Run 210855, Event 78351263, LumiSection 131 at 28-Apr-2014 18:44:43.784 CDT
Begin processing the 51101st record. Run 210855, Event 78564911, LumiSection 131 at 28-Apr-2014 18:44:43.890 CDT
Begin processing the 51201st record. Run 210855, Event 77760649, LumiSection 131 at 28-Apr-2014 18:44:43.995 CDT
Begin processing the 51301st record. Run 210855, Event 78047697, LumiSection 131 at 28-Apr-2014 18:44:44.356 CDT
Begin processing the 51401st record. Run 210855, Event 78283145, LumiSection 131 at 28-Apr-2014 18:44:44.464 CDT
Begin processing the 51501st record. Run 210855, Event 78590129, LumiSection 131 at 28-Apr-2014 18:44:44.571 CDT
Begin processing the 51601st record. Run 210855, Event 77778977, LumiSection 131 at 28-Apr-2014 18:44:44.677 CDT
Begin processing the 51701st record. Run 210855, Event 78065769, LumiSection 131 at 28-Apr-2014 18:44:44.782 CDT
Begin processing the 51801st record. Run 210855, Event 78342145, LumiSection 131 at 28-Apr-2014 18:44:44.887 CDT
Begin processing the 51901st record. Run 210855, Event 78571841, LumiSection 131 at 28-Apr-2014 18:44:44.992 CDT
Begin processing the 52001st record. Run 210855, Event 77728560, LumiSection 131 at 28-Apr-2014 18:44:45.097 CDT
Begin processing the 52101st record. Run 210855, Event 78032280, LumiSection 131 at 28-Apr-2014 18:44:45.202 CDT
Begin processing the 52201st record. Run 210855, Event 78293040, LumiSection 131 at 28-Apr-2014 18:44:45.307 CDT
Begin processing the 52301st record. Run 210855, Event 78605424, LumiSection 131 at 28-Apr-2014 18:44:45.412 CDT
Begin processing the 52401st record. Run 210855, Event 77771711, LumiSection 131 at 28-Apr-2014 18:44:45.518 CDT
Begin processing the 52501st record. Run 210855, Event 78063695, LumiSection 131 at 28-Apr-2014 18:44:45.623 CDT
Begin processing the 52601st record. Run 210855, Event 78357407, LumiSection 131 at 28-Apr-2014 18:44:45.728 CDT
Begin processing the 52701st record. Run 210855, Event 77503302, LumiSection 131 at 28-Apr-2014 18:44:45.832 CDT
Begin processing the 52801st record. Run 210855, Event 77758790, LumiSection 131 at 28-Apr-2014 18:44:45.937 CDT
Begin processing the 52901st record. Run 210855, Event 78052774, LumiSection 131 at 28-Apr-2014 18:44:46.042 CDT
Begin processing the 53001st record. Run 210855, Event 78285502, LumiSection 131 at 28-Apr-2014 18:44:46.147 CDT
Begin processing the 53101st record. Run 210855, Event 78532662, LumiSection 131 at 28-Apr-2014 18:44:46.254 CDT
Begin processing the 53201st record. Run 210855, Event 77701656, LumiSection 131 at 28-Apr-2014 18:44:46.362 CDT
Begin processing the 53301st record. Run 210855, Event 78014328, LumiSection 131 at 28-Apr-2014 18:44:46.469 CDT
Begin processing the 53401st record. Run 210855, Event 78314384, LumiSection 131 at 28-Apr-2014 18:44:46.574 CDT
Begin processing the 53501st record. Run 210855, Event 78561792, LumiSection 131 at 28-Apr-2014 18:44:46.679 CDT
Begin processing the 53601st record. Run 210855, Event 77726923, LumiSection 131 at 28-Apr-2014 18:44:46.784 CDT
Begin processing the 53701st record. Run 210855, Event 78015539, LumiSection 131 at 28-Apr-2014 18:44:46.889 CDT
Begin processing the 53801st record. Run 210855, Event 78278459, LumiSection 131 at 28-Apr-2014 18:44:46.993 CDT
Begin processing the 53901st record. Run 210855, Event 78568947, LumiSection 131 at 28-Apr-2014 18:44:47.208 CDT
Begin processing the 54001st record. Run 210855, Event 77713852, LumiSection 131 at 28-Apr-2014 18:44:47.315 CDT
Begin processing the 54101st record. Run 210855, Event 77993348, LumiSection 131 at 28-Apr-2014 18:44:47.423 CDT
Begin processing the 54201st record. Run 210855, Event 78292548, LumiSection 131 at 28-Apr-2014 18:44:47.531 CDT
Begin processing the 54301st record. Run 210855, Event 78616460, LumiSection 131 at 28-Apr-2014 18:44:47.636 CDT
Begin processing the 54401st record. Run 210855, Event 77775059, LumiSection 131 at 28-Apr-2014 18:44:47.741 CDT
Begin processing the 54501st record. Run 210855, Event 78049467, LumiSection 131 at 28-Apr-2014 18:44:47.847 CDT
Begin processing the 54601st record. Run 210855, Event 78328915, LumiSection 131 at 28-Apr-2014 18:44:47.952 CDT
Begin processing the 54701st record. Run 210855, Event 78566043, LumiSection 131 at 28-Apr-2014 18:44:48.057 CDT
Begin processing the 54801st record. Run 210855, Event 77702714, LumiSection 131 at 28-Apr-2014 18:44:48.163 CDT
Begin processing the 54901st record. Run 210855, Event 78027626, LumiSection 131 at 28-Apr-2014 18:44:48.268 CDT
Begin processing the 55001st record. Run 210855, Event 78289522, LumiSection 131 at 28-Apr-2014 18:44:48.373 CDT
Begin processing the 55101st record. Run 210855, Event 78533338, LumiSection 131 at 28-Apr-2014 18:44:48.479 CDT
Begin processing the 55201st record. Run 210855, Event 77653194, LumiSection 131 at 28-Apr-2014 18:44:48.584 CDT
Begin processing the 55301st record. Run 210855, Event 77897754, LumiSection 131 at 28-Apr-2014 18:44:48.690 CDT
Begin processing the 55401st record. Run 210855, Event 78227322, LumiSection 131 at 28-Apr-2014 18:44:48.795 CDT
Begin processing the 55501st record. Run 210855, Event 78493322, LumiSection 131 at 28-Apr-2014 18:44:48.900 CDT
Begin processing the 55601st record. Run 210855, Event 77604838, LumiSection 131 at 28-Apr-2014 18:44:49.005 CDT
Begin processing the 55701st record. Run 210855, Event 77899038, LumiSection 131 at 28-Apr-2014 18:44:49.111 CDT
Begin processing the 55801st record. Run 210855, Event 78176166, LumiSection 131 at 28-Apr-2014 18:44:49.222 CDT
Begin processing the 55901st record. Run 210855, Event 78454326, LumiSection 131 at 28-Apr-2014 18:44:49.327 CDT
Begin processing the 56001st record. Run 210855, Event 77726101, LumiSection 131 at 28-Apr-2014 18:44:49.432 CDT
Begin processing the 56101st record. Run 210855, Event 77961133, LumiSection 131 at 28-Apr-2014 18:44:49.537 CDT
Begin processing the 56201st record. Run 210855, Event 78197245, LumiSection 131 at 28-Apr-2014 18:44:49.643 CDT
Begin processing the 56301st record. Run 210855, Event 78569269, LumiSection 131 at 28-Apr-2014 18:44:49.748 CDT
Begin processing the 56401st record. Run 210855, Event 77728444, LumiSection 131 at 28-Apr-2014 18:44:49.853 CDT
Begin processing the 56501st record. Run 210855, Event 78035148, LumiSection 131 at 28-Apr-2014 18:44:49.958 CDT
Begin processing the 56601st record. Run 210855, Event 78327996, LumiSection 131 at 28-Apr-2014 18:44:50.064 CDT
Begin processing the 56701st record. Run 210855, Event 77504189, LumiSection 131 at 28-Apr-2014 18:44:50.169 CDT
Begin processing the 56801st record. Run 210855, Event 77758365, LumiSection 131 at 28-Apr-2014 18:44:50.275 CDT
Begin processing the 56901st record. Run 210855, Event 78048325, LumiSection 131 at 28-Apr-2014 18:44:50.380 CDT
Begin processing the 57001st record. Run 210855, Event 78275989, LumiSection 131 at 28-Apr-2014 18:44:50.485 CDT
Begin processing the 57101st record. Run 210855, Event 78543773, LumiSection 131 at 28-Apr-2014 18:44:50.591 CDT
28-Apr-2014 18:44:50 CDT  Closed file /store//hidata/HIRun2013/PAMuon/RECO/PromptReco-v1/000/210/855/00000/B26CF596-B169-E211-82AC-5404A63886A0.root


 EcalFlowNTP::endJob() <I>  nevttotal_trg = 13,  nevttotal_ass = 13
 Will check the Z-vertex differences

 Number of trigger events with at least one partner event = 10

--- RESULTS ---

  Currently with pi0 mixed event entries = 4141,  mixed clusters examined 27033,  events containing at least one cluster 13
 Number of hot channel seed crystals that were discarded 6
 Number of hot channel satellite crystals that were discarded 3
 Maximum number of HI tracks for run 210855 is 263 at event 77920977
 Maximum number clusters found for run 210837 is 94 at event 770018997
 Maximum number crystals found for run 210837 is 653 at event 770018997
 Total events this run = 20 with accumulated events for all runs = 20
 Number of events with trigger particle (nevttotal_trg) = 13
 Number of events with associated particle (nevttotal_ass) = 13
 Number of background fills = 10
 Total of takeAssociated events = 28
 Minimum number of associated events for any trigger event = 1

=============================================

MessageLogger Summary

 type     category        sev    module        subroutine        count    total
 ---- -------------------- -- ---------------- ----------------  -----    -----
    1 fileAction           -s file_close                             3        3
    2 fileAction           -s file_open                              6        6

 type    category    Examples: run/evt        run/evt          run/evt
 ---- -------------------- ---------------- ---------------- ----------------
    1 fileAction           PostProcessEvent PostBeginLumi    PostEndRun
    2 fileAction           pre-events       pre-events       PostBeginLumi

Severity    # Occurrences   Total Occurrences
--------    -------------   -----------------
System                  9                   9
>>> END OF printout of 672 lines from stdout+stderr
>>> Parse FrameworkJobReport crab_fjr.xml
Result of parsing the FrameworkJobReport crab_fjr.xml: Popularity start
lumisRange : 210837::1041-1050::1;210837::1051-1062::2;210855::129-131::3;
lumisParentRange : 
Basename : /store/hidata/HIRun2013/PAMuon/RECO/PromptReco-v1/000/210/8
BasenameParent : 
parentFiles : 
inputBlocks : /PAMuon/HIRun2013-PromptReco-v1/RECO#0c035bca-68ec-11e2-9d3b-003048caaace
inputFiles : 37/00000/9AB6A4E6-5869-E211-A438-001D09F2525D.root::1::EDM::Local::1;37/00000/789ACBAD-5869-E211-8F6F-BCAEC5329701.root::1::EDM::Local::2;55/00000/B26CF596-B169-E211-82AC-5404A63886A0.root::1::EDM::Local::3;
Popularity stop
Extracted ExitStatus from FrameworkJobReport parsing output: 0
>>> Executable succeded  0
ExeExitCode=0
EXECUTABLE_EXIT_STATUS = 0
>>> current directory /tmp/1144086.vmpsched/glide_3Bhlcb/execute/dir_21998/cms_cht6lrT97o8G/CMSSW_5_3_8_HI_patch2
>>>  (SOFTWARE_DIR): /tmp/1144086.vmpsched/glide_3Bhlcb/execute/dir_21998/cms_cht6lrT97o8G/CMSSW_5_3_8_HI_patch2
>>> (WORKING_DIR): /tmp/1144086.vmpsched/glide_3Bhlcb/execute/dir_21998/cms_cht6lrT97o8G
>>> current directory content:
total 2868
drwxr-xr-x 3 uscms4054 cms    4096 Apr 28 18:36 .SCRAM
-rw------- 1 uscms4054 cms 1311770 Apr 28 18:36 CMSSW.py.pkl
drwxr-xr-x 3 uscms4054 cms    4096 Apr 28 18:36 bin
drwxr-xr-x 3 uscms4054 cms    4096 Apr 28 18:36 cfipython
drwxr-xr-x 5 uscms4054 cms    4096 Apr 28 18:36 config
-rw------- 1 uscms4054 cms      15 Apr 28 18:44 cpu_timing.txt
drwxr-xr-x 2 uscms4054 cms    4096 Apr 28 18:36 doc
-rw------- 1 uscms4054 cms   72323 Apr 28 18:44 executable.out
drwxr-xr-x 2 uscms4054 cms    4096 Apr 28 18:36 include
drwx------ 3 uscms4054 cms    4096 Jan 14 17:06 lib
drwxr-xr-x 3 uscms4054 cms    4096 Apr 28 18:36 logs
drwxr-xr-x 3 uscms4054 cms    4096 Apr 28 18:36 objs
-rw------- 1 uscms4054 cms  162864 Apr 28 18:44 pPbMuon_S49-74_28April2014V2.root
-rw------- 1 uscms4054 cms     104 Apr 28 18:36 pset.py
-rw------- 1 uscms4054 cms 1310886 Apr 28 18:36 pset.py.pkl
-rw------- 1 uscms4054 cms     289 Apr 28 18:36 pset.pyc
drwxr-xr-x 2 uscms4054 cms    4096 Apr 28 18:36 python
-rw------- 1 uscms4054 cms     401 Apr 28 18:44 report.log
drwx------ 5 uscms4054 cms    4096 Apr 28 18:36 src
drwxr-xr-x 3 uscms4054 cms    4096 Apr 28 18:36 test
drwxr-xr-x 3 uscms4054 cms    4096 Apr 28 18:36 tmp
>>> current directory /tmp/1144086.vmpsched/glide_3Bhlcb/execute/dir_21998/cms_cht6lrT97o8G/CMSSW_5_3_8_HI_patch2
>>> (SOFTWARE_DIR): /tmp/1144086.vmpsched/glide_3Bhlcb/execute/dir_21998/cms_cht6lrT97o8G/CMSSW_5_3_8_HI_patch2
>>> (WORKING_DIR): /tmp/1144086.vmpsched/glide_3Bhlcb/execute/dir_21998/cms_cht6lrT97o8G
>>> current directory content:
total 2868
drwxr-xr-x 3 uscms4054 cms    4096 Apr 28 18:36 .SCRAM
-rw------- 1 uscms4054 cms 1311770 Apr 28 18:36 CMSSW.py.pkl
drwxr-xr-x 3 uscms4054 cms    4096 Apr 28 18:36 bin
drwxr-xr-x 3 uscms4054 cms    4096 Apr 28 18:36 cfipython
drwxr-xr-x 5 uscms4054 cms    4096 Apr 28 18:36 config
-rw------- 1 uscms4054 cms      15 Apr 28 18:44 cpu_timing.txt
drwxr-xr-x 2 uscms4054 cms    4096 Apr 28 18:36 doc
-rw------- 1 uscms4054 cms   72323 Apr 28 18:44 executable.out
drwxr-xr-x 2 uscms4054 cms    4096 Apr 28 18:36 include
drwx------ 3 uscms4054 cms    4096 Jan 14 17:06 lib
drwxr-xr-x 3 uscms4054 cms    4096 Apr 28 18:36 logs
drwxr-xr-x 3 uscms4054 cms    4096 Apr 28 18:36 objs
-rw------- 1 uscms4054 cms  162864 Apr 28 18:44 pPbMuon_S49-74_28April2014V2_61_1_tub.root
-rw------- 1 uscms4054 cms     104 Apr 28 18:36 pset.py
-rw------- 1 uscms4054 cms 1310886 Apr 28 18:36 pset.py.pkl
-rw------- 1 uscms4054 cms     289 Apr 28 18:36 pset.pyc
drwxr-xr-x 2 uscms4054 cms    4096 Apr 28 18:36 python
-rw------- 1 uscms4054 cms     401 Apr 28 18:44 report.log
drwx------ 5 uscms4054 cms    4096 Apr 28 18:36 src
drwxr-xr-x 3 uscms4054 cms    4096 Apr 28 18:36 test
drwxr-xr-x 3 uscms4054 cms    4096 Apr 28 18:36 tmp
>>> current directory (RUNTIME_AREA):  /tmp/1144086.vmpsched/glide_3Bhlcb/execute/dir_21998
SE = se1.accre.vanderbilt.edu
SE_PATH = /srm/v2/server?SFN=/store/user/maguire/hiRun2013pPb/
LFNBaseName = /store/user/maguire/hiRun2013pPb/
USER = maguire
endpoint = srm://se1.accre.vanderbilt.edu:6288/srm/v2/server?SFN=/store/user/maguire/hiRun2013pPb/
>>> Copy output files from WN = vmp147 to /srm/v2/server?SFN=/store/user/maguire/hiRun2013pPb/ :
python cmscp.py  --destination srm://se1.accre.vanderbilt.edu:6288/srm/v2/server?SFN=/store/user/maguire/hiRun2013pPb/ --inputFileList /tmp/1144086.vmpsched/glide_3Bhlcb/execute/dir_21998/cms_cht6lrT97o8G/CMSSW_5_3_8_HI_patch2/pPbMuon_S49-74_28April2014V2_61_1_tub.root --middleware OSG --se_name se1.accre.vanderbilt.edu --for_lfn /store/user/maguire/hiRun2013pPb/    
******************************************************
localSeName  =  se1.accre.vanderbilt.edu
remoteSeName =  se1.accre.vanderbilt.edu
******************************************************
*** I am at, and writing-to, Vanderbilt. Try lstore first ***
directory/store/user/maguire/hiRun2013pPb/already exists
executing /usr/local/cms-stageout/vandyCpv2.sh /tmp/1144086.vmpsched/glide_3Bhlcb/execute/dir_21998/cms_cht6lrT97o8G/CMSSW_5_3_8_HI_patch2/pPbMuon_S49-74_28April2014V2_61_1_tub.root /store/user/maguire/hiRun2013pPb/pPbMuon_S49-74_28April2014V2_61_1_tub.root

{"/tmp/1144086.vmpsched/glide_3Bhlcb/execute/dir_21998/cms_cht6lrT97o8G/CMSSW_5_3_8_HI_patch2/pPbMuon_S49-74_28April2014V2_61_1_tub.root": {"endpoint": "srm://se1.accre.vanderbilt.edu:6288/srm/v2/server?SFN=/store/user/maguire/hiRun2013pPb/", "surl_for_grid": "", "reason": "Copy succedeed with lstore utils", "erCode": "0", "se_name": "se1.accre.vanderbilt.edu", "for_lfn": "/store/user/maguire/hiRun2013pPb/"}}/tmp/1144086.vmpsched/glide_3Bhlcb/execute/dir_21998
-------- cat /tmp/1144086.vmpsched/glide_3Bhlcb/execute/dir_21998/cmscpReport.sh 
#!/bin/bash
echo "Report for File: /tmp/1144086.vmpsched/glide_3Bhlcb/execute/dir_21998/cms_cht6lrT97o8G/CMSSW_5_3_8_HI_patch2/pPbMuon_S49-74_28April2014V2_61_1_tub.root"
echo "LFN: /store/user/maguire/hiRun2013pPb/pPbMuon_S49-74_28April2014V2_61_1_tub.root"
echo "StorageElement: se1.accre.vanderbilt.edu"
echo "StageOutExitStatusReason = 'Copy succedeed with lstore utils'" | tee -a $RUNTIME_AREA/$repo
echo "StageOutSE = se1.accre.vanderbilt.edu" >> $RUNTIME_AREA/$repo

export StageOutExitStatus=0
echo "StageOutExitStatus = 0" | tee -a $RUNTIME_AREA/$repo
-------- end of /tmp/1144086.vmpsched/glide_3Bhlcb/execute/dir_21998/cmscpReport.sh 
Report for File: /tmp/1144086.vmpsched/glide_3Bhlcb/execute/dir_21998/cms_cht6lrT97o8G/CMSSW_5_3_8_HI_patch2/pPbMuon_S49-74_28April2014V2_61_1_tub.root
LFN: /store/user/maguire/hiRun2013pPb/pPbMuon_S49-74_28April2014V2_61_1_tub.root
StorageElement: se1.accre.vanderbilt.edu
StageOutExitStatusReason = 'Copy succedeed with lstore utils'
StageOutExitStatus = 0
>>> current dir: /tmp/1144086.vmpsched/glide_3Bhlcb/execute/dir_21998
>>> current dir content:
total 3984
-rw------- 1 uscms4054 cms     323 Apr 28 18:45 .SEinteraction.log
-rwx------ 1 uscms4054 cms    6671 Apr 28 18:36 .job.ad
-rwx------ 1 uscms4054 cms   14028 Apr 28 18:36 .machine.ad
-rw------- 1 uscms4054 cms     105 Apr 28 15:44 CMSSW.py
-rw------- 1 uscms4054 cms 1311770 Apr 28 15:44 CMSSW.py.pkl
-rwx------ 1 uscms4054 cms   28577 Apr 28 18:36 CMSSW.sh
-rw------- 1 uscms4054 cms     146 Apr 28 18:36 CacheEnv.sh
-rw------- 1 uscms4054 cms    7291 Apr  4 04:04 DashboardAPI.py
-rw------- 1 uscms4054 cms    6478 Apr 28 18:36 DashboardAPI.pyc
drwx------ 2 uscms4054 cms    4096 Apr 28 18:44 IMProv
-rw------- 1 uscms4054 cms    2748 Apr  4 04:04 Logger.py
-rw------- 1 uscms4054 cms    3218 Apr 28 18:36 Logger.pyc
-rw------- 1 uscms4054 cms   24524 Apr  4 04:04 ProcInfo.py
-rw------- 1 uscms4054 cms   22822 Apr 28 18:36 ProcInfo.pyc
drwx------ 7 uscms4054 cms    4096 Apr 28 18:36 ProdCommon
drwx------ 3 uscms4054 cms    4096 Apr 28 18:36 WMCore
-rw------- 1 uscms4054 cms    2443 Apr 28 18:45 Watchdog_61.log
-rwx------ 1 uscms4054 cms       0 Apr 28 18:36 _condor_stderr
-rwx---r-- 1 uscms4054 cms   87898 Apr 28 18:45 _condor_stdout
-rw------- 1 uscms4054 cms   32895 Apr  4 04:04 apmon.py
-rw------- 1 uscms4054 cms   28091 Apr 28 18:36 apmon.pyc
-rwx------ 1 uscms4054 cms  289691 Apr 28 18:36 arguments.xml
-rwx------ 1 uscms4054 cms  145992 Dec 18  2012 cmsRun
drwx------ 3 uscms4054 cms    4096 Apr 28 18:36 cms_cht6lrT97o8G
-rwx------ 1 uscms4054 cms   38515 Apr  4 04:04 cmscp.py
-rw------- 1 uscms4054 cms     561 Apr 28 18:45 cmscpReport.sh
-rwx------ 1 uscms4054 cms   28577 Apr 28 18:36 condor_exec.exe
-rw------- 1 uscms4054 cms     422 Apr 28 15:43 crab.cfg
-rwx------ 1 uscms4054 cms    8610 Apr  4 04:04 crabWatchdog.sh
-rwx---r-- 1 uscms4054 cms  124741 Apr 28 18:44 crab_fjr_61.xml
-rwx------ 1 uscms4054 cms 1715325 Apr 28 18:36 default.tgz
-rwx------ 1 uscms4054 cms    4488 Apr  4 04:04 fillCrabFjr.py
-rw------- 1 uscms4054 cms     497 Apr 28 18:36 inputsReport.txt
-rw------- 1 uscms4054 cms     259 Apr 28 18:45 jobreport.txt
lrwxrwxrwx 1 uscms4054 cms     134 Apr 28 18:44 pPbMuon_S49-74_28April2014V2.root -> /tmp/1144086.vmpsched/glide_3Bhlcb/execute/dir_21998/cms_cht6lrT97o8G/CMSSW_5_3_8_HI_patch2/pPbMuon_S49-74_28April2014V2_61_1_tub.root
-rw------- 1 uscms4054 cms   17352 Apr  4 04:04 parseCrabFjr.py
-rw------- 1 uscms4054 cms     318 Apr 28 18:36 report.log
-rwx--x--x 1 uscms4054 cms    1497 Apr  4 04:04 report.py
-rw------- 1 uscms4054 cms     412 Apr 28 18:45 resultCopyFile
-rwx------ 1 uscms4054 cms    8387 Apr  4 04:04 writeCfg.py
-rw------- 1 uscms4054 cms    9557 Apr 28 18:36 x509up_u28075
>>> Modify Job Report:
CMSSW_VERSION = CMSSW_5_3_8_HI_patch2
/tmp/1144086.vmpsched/glide_3Bhlcb/execute/dir_21998/ProdCommon/FwkJobRep/ModifyJobReport.py fjr /tmp/1144086.vmpsched/glide_3Bhlcb/execute/dir_21998/crab_fjr_61.xml json /tmp/1144086.vmpsched/glide_3Bhlcb/execute/dir_21998/resultCopyFile n_job 61_1_tub PrimaryDataset PAMuon  ApplicationFamily cmsRun ApplicationName cmsRun cmssw_version CMSSW_5_3_8_HI_patch2 psethash ac52e357badcb671e8469e91a82c520a
inputDict =  {u'/tmp/1144086.vmpsched/glide_3Bhlcb/execute/dir_21998/cms_cht6lrT97o8G/CMSSW_5_3_8_HI_patch2/pPbMuon_S49-74_28April2014V2_61_1_tub.root': {u'endpoint': u'srm://se1.accre.vanderbilt.edu:6288/srm/v2/server?SFN=/store/user/maguire/hiRun2013pPb/', u'surl_for_grid': u'', u'reason': u'Copy succedeed with lstore utils', u'erCode': u'0', u'se_name': u'se1.accre.vanderbilt.edu', u'for_lfn': u'/store/user/maguire/hiRun2013pPb/'}}
UserProcessedDataset =  
    file =  pPbMuon_S49-74_28April2014V2_61_1_tub.root
    newPfn =  srm://se1.accre.vanderbilt.edu:6288/srm/v2/server?SFN=/store/user/maguire/hiRun2013pPb/pPbMuon_S49-74_28April2014V2_61_1_tub.root
    newLfn =  /store/user/maguire/hiRun2013pPb/pPbMuon_S49-74_28April2014V2_61_1_tub.root
>>> crab_fjr_*.xml  permission set to 0704
CrabWrapper EXIT_FUNC entered at Mon Apr 28 18:45:32 CDT 2014   -  Mon Apr 28 23:45:32 UTC 2014
Checking output files:  
will tar file crab_fjr_61.xml in  out_files_61
WARNING: output file CMSSW_61.stdout not found!
WARNING: output file CMSSW_61.stderr not found!
WARNING: output file Watchdog_61.log.gz not found!
>>> working dir = /tmp/1144086.vmpsched/glide_3Bhlcb/execute/dir_21998/cms_cht6lrT97o8G
>>> current directory (RUNTIME_AREA): /tmp/1144086.vmpsched/glide_3Bhlcb/execute/dir_21998
>>> Remove working directory: /tmp/1144086.vmpsched/glide_3Bhlcb/execute/dir_21998/cms_cht6lrT97o8G
dangling: /tmp/1144086.vmpsched/glide_3Bhlcb/execute/dir_21998/pPbMuon_S49-74_28April2014V2.root -> /tmp/1144086.vmpsched/glide_3Bhlcb/execute/dir_21998/cms_cht6lrT97o8G/CMSSW_5_3_8_HI_patch2/pPbMuon_S49-74_28April2014V2_61_1_tub.root
deleted:  /tmp/1144086.vmpsched/glide_3Bhlcb/execute/dir_21998/pPbMuon_S49-74_28April2014V2.root -> /tmp/1144086.vmpsched/glide_3Bhlcb/execute/dir_21998/cms_cht6lrT97o8G/CMSSW_5_3_8_HI_patch2/pPbMuon_S49-74_28April2014V2_61_1_tub.root
>>> padding time: Sleeping the wrapper for 43 seconds
STOPPING WATCHDOG. CrabWatchdog PID is 22230
********** LAST 50 LINES OF WATCHDOG LOG
# RESOURCE USAGE SUMMARY FOR PROCESS ID 22025
USER       PID %CPU %MEM    VSZ   RSS TTY      STAT START   TIME COMMAND
59942    22025  1.2  0.0   9492  1532 ?        S    18:36   0:00 /bin/sh /tmp/1144086.vmpsched/glide_3Bhlcb/execute/dir_21998/condor_exec.exe 61 1
 
# LIMITS USED BY CRAB WATCHDOG:
# RSS  (KBytes)   : 2300000
# VSZ  (KBytes)   : 100000000
# DISK (MBytes)   : 19000
# CPU TIME        : 720h:0m:0s
# WALL CLOCK TIME : 21h:50m:0s
 
# FOLLOWING PRINTOUT TRACKS MAXIMUM VALUES OF RESOURCES USE
# ONE LINE IS PRINTED EACH TIME A MAXIMUM CHANGES
# IF CHANGE WAS IN RSS OR VSZ ALSO PROCID AND COMMAND ARE PRINTED
# THERE IS NO PRINTOUT FOR CPU/WALL TIME INCREASE
 
# TIME			PID	RSS(KB)	VSZ(KB)	Dsk(MB)	tCPU(s)	tWALL(s)	COMMAND
 Apr 28 18:36:22 CDT	6093	1480	108204	0	0	0	-sh          
 Apr 28 18:36:22 CDT	6163	1732	108204	0	0	0	/bin/bash /home/uscms4265/.globus/.gass_cache/local/md5/7a/e4/75/fe44734a00be18f5bbed0223ca/md5/1c/8e/6b/bb171e99de304c1de5de0e5185/data -v std -name v1_3 -entry CMS_T2_US_Vanderbilt_ce2 -clientname UCSD-v6_0.main -schedd
 Apr 28 18:36:22 CDT	11394	7972	108204	0	0	0	/tmp/1144086.vmpsched/glide_3Bhlcb/main/condor/sbin/condor_master -f -pidfile /tmp/1144086.vmpsched/glide_3Bhlcb/condor_master2.pid       
 Apr 28 18:36:22 CDT	11397	8708	108204	0	2	0	condor_startd -f         
 Apr 28 18:36:22 CDT	22242	31376	108204	0	0	0	edmConfigHash pset.py         
 Apr 28 18:36:22 CDT	---	31376	108204	9	----	----	----
 Apr 28 18:37:22 CDT	22585	471724	641528	9	15	60	cmsRun -j /tmp/1144086.vmpsched/glide_3Bhlcb/execute/dir_21998/crab_fjr_61.xml -p pset.py      
 Apr 28 18:37:22 CDT	---	471724	641528	10	----	----	----
 Apr 28 18:38:22 CDT	22585	510244	712396	10	16	121	cmsRun -j /tmp/1144086.vmpsched/glide_3Bhlcb/execute/dir_21998/crab_fjr_61.xml -p pset.py      
 Apr 28 18:40:23 CDT	22585	561012	745388	10	45	242	cmsRun -j /tmp/1144086.vmpsched/glide_3Bhlcb/execute/dir_21998/crab_fjr_61.xml -p pset.py      
 Apr 28 18:41:24 CDT	22585	577596	780972	10	46	302	cmsRun -j /tmp/1144086.vmpsched/glide_3Bhlcb/execute/dir_21998/crab_fjr_61.xml -p pset.py      
 Apr 28 18:42:24 CDT	22585	581060	780972	10	59	362	cmsRun -j /tmp/1144086.vmpsched/glide_3Bhlcb/execute/dir_21998/crab_fjr_61.xml -p pset.py      
 Apr 28 18:43:24 CDT	22585	589704	794284	10	60	423	cmsRun -j /tmp/1144086.vmpsched/glide_3Bhlcb/execute/dir_21998/crab_fjr_61.xml -p pset.py      
 Apr 28 18:45:25 CDT	---	589704	794284	11	----	----	----
********** WATCHDOG LOG ENDED
ZIPPING WATCHDOG LOG
Disk space used:
du -sh /tmp/1144086.vmpsched/glide_3Bhlcb/execute/dir_21998
5.3M	/tmp/1144086.vmpsched/glide_3Bhlcb/execute/dir_21998
Found unusual stdout, rename for OSB
`/tmp/1144086.vmpsched/glide_3Bhlcb/execute/dir_21998/_condor_stdout' -> `CMSSW_61.stdout'
Found unusual stderr, rename for OSB
`/tmp/1144086.vmpsched/glide_3Bhlcb/execute/dir_21998/_condor_stdout' -> `CMSSW_61.stderr'
crab_fjr_61.xml
CMSSW_61.stdout
CMSSW_61.stderr
Watchdog_61.log.gz
Total Output dimension: 48128
WARNING: output files size limit is set to: 50000000
Total Output dimension 48128 is fine.
JOB_EXIT_STATUS = 0
>>> info for dashboard:
***** Cat /tmp/1144086.vmpsched/glide_3Bhlcb/execute/dir_21998/jobreport.txt *****
MonitorJobID=61_https://submit-6.t2.ucsd.edu//140428//136965.59
MonitorID=maguire_crab_0_140428_154345_yt8b07
ExeTime=504
ExeExitCode=0
StageOutExitStatusReason = 'Copy succedeed with lstore utils'
StageOutSE = se1.accre.vanderbilt.edu
StageOutExitStatus = 0
CrabUserCpuTime=80.21
CrabSysCpuTime=1.85
CrabCpuPercentage=16%
CrabWrapperTime=600
CrabStageoutTime=37
JobExitCode=0
***** End Cat jobreport *****
Parameters sent to Dashboard.
EXITING at Mon Apr 28 18:46:18 CDT 2014  -  Mon Apr 28 23:46:18 UTC 2014
