This script was generated by crab (version 2.10.5_patch1).
Running /condor/execute/dir_23000/glide_DIj3tt/execute/dir_7798/condor_exec.exe with 2 positional parameters: 354 1
Today is Mon Apr 28 17:36:46 EDT 2014 - Mon Apr 28 21:36:46 UTC 2014
Job submitted on host t2bat0174.cmsaf.mit.edu
Linux t2bat0174.cmsaf.mit.edu 2.6.32-358.el6.x86_64 #1 SMP Fri Feb 22 20:37:17 CST 2013 x86_64 x86_64 x86_64 GNU/Linux
>>> current directory (RUNTIME_AREA): /export/data1/condor/execute/dir_23000/glide_DIj3tt/execute/dir_7798
>>> current user: uid=10139(cmsuxxxx) gid=10139(cmsuxxxx) groups=10139(cmsuxxxx),10005(osg),65009(glexec9)
>>> directory permission set to 0700
>>> umask set to:  u=rwx,g=,o=
>>> stdout stderr permission set to 0704
>>> voms proxy information:
subject   : /DC=ch/DC=cern/OU=Organic Units/OU=Users/CN=maguire/CN=671063/CN=Charles Felix Maguire/CN=594726435/CN=1675041143
issuer    : /DC=ch/DC=cern/OU=Organic Units/OU=Users/CN=maguire/CN=671063/CN=Charles Felix Maguire/CN=594726435
identity  : /DC=ch/DC=cern/OU=Organic Units/OU=Users/CN=maguire/CN=671063/CN=Charles Felix Maguire/CN=594726435
type      : RFC compliant proxy
strength  : 1024 bits
path      : /condor/execute/dir_23000/glide_DIj3tt/execute/dir_7798/x509up_u28075
timeleft  : 23:59:57
key usage : Digital Signature, Key Encipherment
=== VO cms extension information ===
VO        : cms
subject   : /DC=ch/DC=cern/OU=Organic Units/OU=Users/CN=maguire/CN=671063/CN=Charles Felix Maguire
issuer    : /DC=ch/DC=cern/OU=computers/CN=lcg-voms.cern.ch
attribute : /cms/Role=NULL/Capability=NULL
attribute : /cms/uscms/Role=NULL/Capability=NULL
timeleft  : 189:33:15
uri       : lcg-voms.cern.ch:15002
WNHostName=t2bat0174.cmsaf.mit.edu
>>> tar --no-same-permissions -xf /export/data1/condor/execute/dir_23000/glide_DIj3tt/execute/dir_7798/default.tgz :
Successful untar
>>> Include /export/data1/condor/execute/dir_23000/glide_DIj3tt/execute/dir_7798 in PYTHONPATH:
strip arguments
env var CRAB_UNIQUE_JOB_ID set to: maguire_crab_0_140428_154345_yt8b07_354_1_2AD
out_files_354
>>> list of expected files on output sandbox
output files: crab_fjr_354.xml CMSSW_354.stdout CMSSW_354.stderr Watchdog_354.log.gz
>>> GridFlavour discovery: 
source OSG GRID setup script
GridFlavour=OSG
>>> SyncSite discovery: 
SyncSite=T2_US_MIT
>>> SyncCE discovery: 
getting SyncCE from OSG_JOB_CONTACT
SyncCE=ce01.cmsaf.mit.edu/jobmanager-condor
>>> info for dashboard:
***** Cat /export/data1/condor/execute/dir_23000/glide_DIj3tt/execute/dir_7798/jobreport.txt *****
WNHostName=t2bat0174.cmsaf.mit.edu
MonitorJobID=354_https://submit-6.t2.ucsd.edu//140428//136964.178
SyncGridJobId=https://submit-6.t2.ucsd.edu//140428//136964.178
MonitorID=maguire_crab_0_140428_154345_yt8b07
GridFlavour=OSG
SyncSite=T2_US_MIT
SyncCE=ce01.cmsaf.mit.edu/jobmanager-condor
***** End Cat jobreport *****
Parameters sent to Dashboard.
>>> setup environment
set SCRAM ARCH to slc5_amd64_gcc462
SCRAM_ARCH = slc5_amd64_gcc462
>>> Created working directory: /export/data1/condor/execute/dir_23000/glide_DIj3tt/execute/dir_7798/cms_uffiUbdWg55Z
Change to working directory: /export/data1/condor/execute/dir_23000/glide_DIj3tt/execute/dir_7798/cms_uffiUbdWg55Z
>>> current directory (WORKING_DIR): /export/data1/condor/execute/dir_23000/glide_DIj3tt/execute/dir_7798/cms_uffiUbdWg55Z
>>> setup CMS OSG environment:
set SCRAM ARCH to slc5_amd64_gcc462
SCRAM_ARCH = slc5_amd64_gcc462
OSG_APP is /osg/app
sourcing /osg/app/cmssoft/cms/cmsset_default.sh ...
==> setup cms environment ok
SCRAM_ARCH = slc5_amd64_gcc462
>>> specific cmssw setup environment:
CMSSW_VERSION =  CMSSW_5_3_8_HI_patch2
>>> current directory (SOFTWARE_DIR): /export/data1/condor/execute/dir_23000/glide_DIj3tt/execute/dir_7798/cms_uffiUbdWg55Z/CMSSW_5_3_8_HI_patch2
PreserveSeeds: <>
IncrementSeeds:<>
>>> info for dashboard:
***** Cat /export/data1/condor/execute/dir_23000/glide_DIj3tt/execute/dir_7798/jobreport.txt *****
MonitorJobID=354_https://submit-6.t2.ucsd.edu//140428//136964.178
MonitorID=maguire_crab_0_140428_154345_yt8b07
***** End Cat jobreport *****
Parameters sent to Dashboard.
crabWatchdog started as process 8092
>>> moving CMSSW software directories in /export/data1/condor/execute/dir_23000/glide_DIj3tt/execute/dir_7798/cms_uffiUbdWg55Z/CMSSW_5_3_8_HI_patch2
mv: cannot stat `/export/data1/condor/execute/dir_23000/glide_DIj3tt/execute/dir_7798/module/': No such file or directory
>>> Include /export/data1/condor/execute/dir_23000/glide_DIj3tt/execute/dir_7798 in PYTHONPATH:
PYTHONPATH=/export/data1/condor/execute/dir_23000/glide_DIj3tt/execute/dir_7798/:/export/data1/condor/execute/dir_23000/glide_DIj3tt/execute/dir_7798/cms_uffiUbdWg55Z/CMSSW_5_3_8_HI_patch2/python:/export/data1/condor/execute/dir_23000/glide_DIj3tt/execute/dir_7798/cms_uffiUbdWg55Z/CMSSW_5_3_8_HI_patch2/lib/slc5_amd64_gcc462:/cvmfs/cms.cern.ch/slc5_amd64_gcc462/cms/cmssw-patch/CMSSW_5_3_8_HI_patch2/python:/cvmfs/cms.cern.ch/slc5_amd64_gcc462/cms/cmssw-patch/CMSSW_5_3_8_HI_patch2/lib/slc5_amd64_gcc462:/cvmfs/cms.cern.ch/slc5_amd64_gcc462/cms/cmssw/CMSSW_5_3_8_HI/bin/slc5_amd64_gcc462:/cvmfs/cms.cern.ch/slc5_amd64_gcc462/cms/cmssw/CMSSW_5_3_8_HI/lib/slc5_amd64_gcc462:/cvmfs/cms.cern.ch/slc5_amd64_gcc462/cms/coral/CORAL_2_3_21-cms31/slc5_amd64_gcc462/python:/cvmfs/cms.cern.ch/slc5_amd64_gcc462/cms/coral/CORAL_2_3_21-cms31/slc5_amd64_gcc462/lib:/cvmfs/cms.cern.ch/slc5_amd64_gcc462/external/pyqt/4.8.1/lib/python2.6/site-packages:/cvmfs/cms.cern.ch/slc5_amd64_gcc462/external/py2-scipy/0.8.0/lib/python2.6/site-packages:/cvmfs/cms.cern.ch/slc5_amd64_gcc462/external/py2-matplotlib/1.0.1/lib/python2.6/site-packages:/cvmfs/cms.cern.ch/slc5_amd64_gcc462/external/python-ldap/2.3.5/lib/python2.6/site-packages:/cvmfs/cms.cern.ch/slc5_amd64_gcc462/external/sip/4.11.2/lib/python2.6/site-packages:/cvmfs/cms.cern.ch/slc5_amd64_gcc462/external/py2-pycurl/7.19.0/lib/python2.6/site-packages:/cvmfs/cms.cern.ch/slc5_amd64_gcc462/external/py2-numpy/1.6.1/lib/python2.6/site-packages:/cvmfs/cms.cern.ch/slc5_amd64_gcc462/external/py2-ipython/0.10/lib/python2.6/site-packages:/cvmfs/cms.cern.ch/slc5_amd64_gcc462/external/py2-cx-oracle/5.1-cms11/lib/python2.6/site-packages:/cvmfs/cms.cern.ch/slc5_amd64_gcc462/external/py2-cjson/1.0.5/lib/python2.6/site-packages:/cvmfs/cms.cern.ch/slc5_amd64_gcc462/cms/das-client/1.4.1-cms8/bin:/cvmfs/cms.cern.ch/slc5_amd64_gcc462/external/elementtree/1.2.6/share/lib/python2.6/site-packages:/cvmfs/cms.cern.ch/slc5_amd64_gcc462/external/rivet/1.5.1-cms10/lib/python2.6/site-packages:/cvmfs/cms.cern.ch/slc5_amd64_gcc462/external/pyminuit2/0.0.1-cms39/lib/python2.6/site-packages:/cvmfs/cms.cern.ch/slc5_amd64_gcc462/external/professor/1.0.0-cms40/lib/python2.6/site-packages:/cvmfs/cms.cern.ch/slc5_amd64_gcc462/lcg/root/5.32.00-cms21/lib:/cvmfs/cms.cern.ch/slc5_amd64_gcc462/cms/dbs-client/DBS_2_1_1_patch1_1/lib:/cvmfs/cms.cern.ch/slc5_amd64_gcc462/cms/dbs-client/DBS_2_1_1_patch1_1/lib/DBSAPI:/export/data1/condor/execute/dir_23000/glide_DIj3tt/execute/dir_7798/
 
# LIMITS USED BY CRAB WATCHDOG:
# RSS  (KBytes)   : 2300000
# VSZ  (KBytes)   : 100000000
# DISK (MBytes)   : 19000
# CPU TIME        : 720h:0m:0s
# WALL CLOCK TIME : 21h:50m:0s
 
ac52e357badcb671e8469e91a82c520a
PSETHASH = ac52e357badcb671e8469e91a82c520a
/export/data1/condor/execute/dir_23000/glide_DIj3tt/execute/dir_7798/writeCfg.py pset.py pset.py
Importing .py file
Setting parameters
RandomNumberGeneratorService found, will attempt to change seeds
inputBlocks=/PAMuon/HIRun2013-PromptReco-v1/RECO#c1227d52-6b07-11e2-9b6e-003048caaace
inputFiles=/store/hidata/HIRun2013/PAMuon/RECO/PromptReco-v1/000/210/986/00000/0813DDF9-8B6B-E211-AA81-003048D2BA82.root;/store/hidata/HIRun2013/PAMuon/RECO/PromptReco-v1/000/210/998/00000/D0453EC3-BB6B-E211-9629-0025901D6268.root;/store/hidata/HIRun2013/PAMuon/RECO/PromptReco-v1/000/210/998/00000/B0089F09-B86B-E211-B3BF-003048D2BED6.root
parentFiles=
lumisRange=210986:1164-210986:1182;210998:129-210998:135
>>> Executable cmsRun
/cvmfs/cms.cern.ch/slc5_amd64_gcc462/cms/cmssw/CMSSW_5_3_8_HI/bin/slc5_amd64_gcc462/cmsRun
ok executable found
>>> info for dashboard:
***** Cat /export/data1/condor/execute/dir_23000/glide_DIj3tt/execute/dir_7798/jobreport.txt *****
MonitorJobID=354_https://submit-6.t2.ucsd.edu//140428//136964.178
MonitorID=maguire_crab_0_140428_154345_yt8b07
ExeStart=cmsRun
***** End Cat jobreport *****
Parameters sent to Dashboard.
>>> cmsRun started at Mon Apr 28 21:36:56 UTC 2014
>>> cmsRun ended at Mon Apr 28 21:39:58 UTC 2014
>>> crab_fjr_*.xml  permission set to 0704
>>> info for dashboard:
***** Cat /export/data1/condor/execute/dir_23000/glide_DIj3tt/execute/dir_7798/jobreport.txt *****
MonitorJobID=354_https://submit-6.t2.ucsd.edu//140428//136964.178
MonitorID=maguire_crab_0_140428_154345_yt8b07
ExeEnd=cmsRun
***** End Cat jobreport *****
Parameters sent to Dashboard.
TIME_EXE = 182 sec
>>> cmsRun wrote 585 lines of stdout+stderr
>>> START OF printout of 585 lines from stdout+stderr
28-Apr-2014 17:37:07 EDT  Initiating request to open file file:/mnt/hadoop/cms/store/hidata/HIRun2013/PAMuon/RECO/PromptReco-v1/000/210/986/00000/0813DDF9-8B6B-E211-AA81-003048D2BA82.root
28-Apr-2014 17:37:08 EDT  Successfully opened file file:/mnt/hadoop/cms/store/hidata/HIRun2013/PAMuon/RECO/PromptReco-v1/000/210/986/00000/0813DDF9-8B6B-E211-AA81-003048D2BA82.root

 The low invariant mass cut is 0.095 GeV/c^2
 The high invariant mass cut is 0.175 GeV/c^2
The pT bin width used are: 16	1.6	12
pT bins used for the histogram: 8	1	6

 Using a pT dependent separation cut parameterization 35.657/pT - 4.1995/pT^2,  with a rescale factor 0.7

 The goodAngleMatch opening angle criterion for reco track-cluster matching is 0.03 radians

 The goodPhiMatch residual angle criterion for reco track-cluster matching is 0.03 radians

 The goodThetaMatch residual angle criterion for reco track-cluster matching is 0.03 radians

 Cluster energy value will be recalibrated according to number of crystals in the cluster

 There is no check on the number of crystals in a cluster

 Cluster with a charged particle tracking match will not be used

 An output tree will be generated according to the xxxStore parameters


  Attempt to create m_tree object 


 Return from m_tree creation attempt, with m_tree value 0x2baa5b7c7900

 No crystal information is being stored in the hTree for this job
 The basic cluster information is being stored in the hTree for this job
 No reco track-cluster information is being stored in the hTree for this job
 No reco tracks information is being stored in the hTree for this job
 No mcParticle information is being stored in the hTree for this job
 No simTrack information is being stored in the hTree for this job
 No mergedTrackTruth information is being stored in the hTree for this job
 No genParticle information is being stored in the hTree for this job
 No generator meson and reco truth information is being stored in the hTree for this job
 No generator photon and reco truth information is being stored in the hTree for this job

 Completed set up for the hTree contents (photon component is the last check)

Begin processing the 1st record. Run 210986, Event 569694556, LumiSection 1164 at 28-Apr-2014 17:37:26.597 EDT
Begin processing the 101st record. Run 210986, Event 570033900, LumiSection 1164 at 28-Apr-2014 17:37:38.720 EDT
Begin processing the 201st record. Run 210986, Event 569872761, LumiSection 1164 at 28-Apr-2014 17:37:38.788 EDT
Begin processing the 301st record. Run 210986, Event 569754678, LumiSection 1164 at 28-Apr-2014 17:37:38.856 EDT
Begin processing the 401st record. Run 210986, Event 570135294, LumiSection 1164 at 28-Apr-2014 17:37:38.923 EDT
Begin processing the 501st record. Run 210986, Event 570031539, LumiSection 1164 at 28-Apr-2014 17:37:38.991 EDT
Begin processing the 601st record. Run 210986, Event 569905111, LumiSection 1164 at 28-Apr-2014 17:37:39.059 EDT
Begin processing the 701st record. Run 210986, Event 569740704, LumiSection 1164 at 28-Apr-2014 17:37:39.127 EDT
Begin processing the 801st record. Run 210986, Event 570166352, LumiSection 1164 at 28-Apr-2014 17:37:39.195 EDT
Begin processing the 901st record. Run 210986, Event 569986902, LumiSection 1164 at 28-Apr-2014 17:37:39.263 EDT
Begin processing the 1001st record. Run 210986, Event 569795706, LumiSection 1164 at 28-Apr-2014 17:37:39.331 EDT
Begin processing the 1101st record. Run 210986, Event 570175586, LumiSection 1164 at 28-Apr-2014 17:37:39.399 EDT
Begin processing the 1201st record. Run 210986, Event 570083677, LumiSection 1164 at 28-Apr-2014 17:37:39.468 EDT
Begin processing the 1301st record. Run 210986, Event 569925607, LumiSection 1164 at 28-Apr-2014 17:37:39.536 EDT
Begin processing the 1401st record. Run 210986, Event 569781273, LumiSection 1164 at 28-Apr-2014 17:37:39.604 EDT
Begin processing the 1501st record. Run 210986, Event 570102257, LumiSection 1164 at 28-Apr-2014 17:37:39.673 EDT
Begin processing the 1601st record. Run 210986, Event 569935524, LumiSection 1164 at 28-Apr-2014 17:37:39.741 EDT
Begin processing the 1701st record. Run 210986, Event 569724043, LumiSection 1164 at 28-Apr-2014 17:37:39.809 EDT
Begin processing the 1801st record. Run 210986, Event 570061539, LumiSection 1164 at 28-Apr-2014 17:37:39.878 EDT
Begin processing the 1901st record. Run 210986, Event 569823568, LumiSection 1164 at 28-Apr-2014 17:37:39.946 EDT
Begin processing the 2001st record. Run 210986, Event 570159224, LumiSection 1164 at 28-Apr-2014 17:37:40.014 EDT
Begin processing the 2101st record. Run 210986, Event 570065386, LumiSection 1164 at 28-Apr-2014 17:37:40.083 EDT
Begin processing the 2201st record. Run 210986, Event 569918733, LumiSection 1164 at 28-Apr-2014 17:37:40.151 EDT
Begin processing the 2301st record. Run 210986, Event 570309985, LumiSection 1165 at 28-Apr-2014 17:37:40.223 EDT
Begin processing the 2401st record. Run 210986, Event 570234263, LumiSection 1165 at 28-Apr-2014 17:37:40.291 EDT
Begin processing the 2501st record. Run 210986, Event 570520167, LumiSection 1165 at 28-Apr-2014 17:37:40.358 EDT
Begin processing the 2601st record. Run 210986, Event 570324119, LumiSection 1165 at 28-Apr-2014 17:37:40.426 EDT
Begin processing the 2701st record. Run 210986, Event 570647207, LumiSection 1165 at 28-Apr-2014 17:37:40.494 EDT
Begin processing the 2801st record. Run 210986, Event 570452436, LumiSection 1165 at 28-Apr-2014 17:37:40.562 EDT
Begin processing the 2901st record. Run 210986, Event 570254542, LumiSection 1165 at 28-Apr-2014 17:37:40.629 EDT
Begin processing the 3001st record. Run 210986, Event 570559510, LumiSection 1165 at 28-Apr-2014 17:37:40.697 EDT
Begin processing the 3101st record. Run 210986, Event 570417907, LumiSection 1165 at 28-Apr-2014 17:37:40.765 EDT
Begin processing the 3201st record. Run 210986, Event 570301962, LumiSection 1165 at 28-Apr-2014 17:37:40.832 EDT
Begin processing the 3301st record. Run 210986, Event 570675890, LumiSection 1165 at 28-Apr-2014 17:37:40.900 EDT
Begin processing the 3401st record. Run 210986, Event 570477653, LumiSection 1165 at 28-Apr-2014 17:37:40.968 EDT
Begin processing the 3501st record. Run 210986, Event 570336253, LumiSection 1165 at 28-Apr-2014 17:37:41.035 EDT
Begin processing the 3601st record. Run 210986, Event 570648821, LumiSection 1165 at 28-Apr-2014 17:37:41.102 EDT
Begin processing the 3701st record. Run 210986, Event 570540564, LumiSection 1165 at 28-Apr-2014 17:37:41.169 EDT
Begin processing the 3801st record. Run 210986, Event 570415155, LumiSection 1165 at 28-Apr-2014 17:37:41.236 EDT
Begin processing the 3901st record. Run 210986, Event 570287096, LumiSection 1165 at 28-Apr-2014 17:37:41.303 EDT
Begin processing the 4001st record. Run 210986, Event 570607768, LumiSection 1165 at 28-Apr-2014 17:37:41.371 EDT
Begin processing the 4101st record. Run 210986, Event 570437610, LumiSection 1165 at 28-Apr-2014 17:37:41.439 EDT
Begin processing the 4201st record. Run 210986, Event 570245782, LumiSection 1165 at 28-Apr-2014 17:37:41.507 EDT
Begin processing the 4301st record. Run 210986, Event 570638054, LumiSection 1165 at 28-Apr-2014 17:37:41.574 EDT
Begin processing the 4401st record. Run 210986, Event 570505161, LumiSection 1165 at 28-Apr-2014 17:37:41.641 EDT
Begin processing the 4501st record. Run 210986, Event 570376800, LumiSection 1165 at 28-Apr-2014 17:37:41.709 EDT
Begin processing the 4601st record. Run 210986, Event 570706517, LumiSection 1166 at 28-Apr-2014 17:37:41.780 EDT
Begin processing the 4701st record. Run 210986, Event 570997893, LumiSection 1166 at 28-Apr-2014 17:37:41.848 EDT
Begin processing the 4801st record. Run 210986, Event 570752866, LumiSection 1166 at 28-Apr-2014 17:37:41.915 EDT
Begin processing the 4901st record. Run 210986, Event 571049178, LumiSection 1166 at 28-Apr-2014 17:37:41.983 EDT
Begin processing the 5001st record. Run 210986, Event 570852219, LumiSection 1166 at 28-Apr-2014 17:37:42.051 EDT
Begin processing the 5101st record. Run 210986, Event 571179435, LumiSection 1166 at 28-Apr-2014 17:37:42.118 EDT
Begin processing the 5201st record. Run 210986, Event 571036231, LumiSection 1166 at 28-Apr-2014 17:37:42.186 EDT
Begin processing the 5301st record. Run 210986, Event 570854796, LumiSection 1166 at 28-Apr-2014 17:37:42.253 EDT
Begin processing the 5401st record. Run 210986, Event 571166628, LumiSection 1166 at 28-Apr-2014 17:37:42.321 EDT
Begin processing the 5501st record. Run 210986, Event 571001001, LumiSection 1166 at 28-Apr-2014 17:37:42.389 EDT
Begin processing the 5601st record. Run 210986, Event 570913572, LumiSection 1166 at 28-Apr-2014 17:37:42.457 EDT
Begin processing the 5701st record. Run 210986, Event 570716990, LumiSection 1166 at 28-Apr-2014 17:37:42.524 EDT
Begin processing the 5801st record. Run 210986, Event 571041798, LumiSection 1166 at 28-Apr-2014 17:37:42.592 EDT
Begin processing the 5901st record. Run 210986, Event 570899976, LumiSection 1166 at 28-Apr-2014 17:37:42.659 EDT
Begin processing the 6001st record. Run 210986, Event 570739760, LumiSection 1166 at 28-Apr-2014 17:37:42.727 EDT
Begin processing the 6101st record. Run 210986, Event 571082240, LumiSection 1166 at 28-Apr-2014 17:37:42.794 EDT
Begin processing the 6201st record. Run 210986, Event 570919778, LumiSection 1166 at 28-Apr-2014 17:37:42.862 EDT
Begin processing the 6301st record. Run 210986, Event 570741245, LumiSection 1166 at 28-Apr-2014 17:37:42.930 EDT
Begin processing the 6401st record. Run 210986, Event 571080853, LumiSection 1166 at 28-Apr-2014 17:37:42.998 EDT
Begin processing the 6501st record. Run 210986, Event 570912665, LumiSection 1166 at 28-Apr-2014 17:37:43.066 EDT
Begin processing the 6601st record. Run 210986, Event 570758843, LumiSection 1166 at 28-Apr-2014 17:37:43.133 EDT
Begin processing the 6701st record. Run 210986, Event 571053875, LumiSection 1166 at 28-Apr-2014 17:37:43.201 EDT
Begin processing the 6801st record. Run 210986, Event 570868358, LumiSection 1166 at 28-Apr-2014 17:37:43.269 EDT
Begin processing the 6901st record. Run 210986, Event 570734855, LumiSection 1166 at 28-Apr-2014 17:37:43.337 EDT
Begin processing the 7001st record. Run 210986, Event 571039655, LumiSection 1166 at 28-Apr-2014 17:37:43.404 EDT
Begin processing the 7101st record. Run 210986, Event 571427694, LumiSection 1167 at 28-Apr-2014 17:37:43.476 EDT
Begin processing the 7201st record. Run 210986, Event 571269744, LumiSection 1167 at 28-Apr-2014 17:37:43.543 EDT
Begin processing the 7301st record. Run 210986, Event 571619976, LumiSection 1167 at 28-Apr-2014 17:37:43.611 EDT
Begin processing the 7401st record. Run 210986, Event 571475395, LumiSection 1167 at 28-Apr-2014 17:37:43.678 EDT
Begin processing the 7501st record. Run 210986, Event 571338788, LumiSection 1167 at 28-Apr-2014 17:37:43.745 EDT
Begin processing the 7601st record. Run 210986, Event 571644668, LumiSection 1167 at 28-Apr-2014 17:37:43.813 EDT
Begin processing the 7701st record. Run 210986, Event 571422651, LumiSection 1167 at 28-Apr-2014 17:37:43.880 EDT
Begin processing the 7801st record. Run 210986, Event 571329101, LumiSection 1167 at 28-Apr-2014 17:37:43.947 EDT
Begin processing the 7901st record. Run 210986, Event 571669845, LumiSection 1167 at 28-Apr-2014 17:37:44.014 EDT
Begin processing the 8001st record. Run 210986, Event 571443554, LumiSection 1167 at 28-Apr-2014 17:37:44.082 EDT
Begin processing the 8101st record. Run 210986, Event 571658850, LumiSection 1167 at 28-Apr-2014 17:37:44.149 EDT
Begin processing the 8201st record. Run 210986, Event 571595450, LumiSection 1167 at 28-Apr-2014 17:37:44.216 EDT
Begin processing the 8301st record. Run 210986, Event 571445016, LumiSection 1167 at 28-Apr-2014 17:37:44.283 EDT
Begin processing the 8401st record. Run 210986, Event 571291041, LumiSection 1167 at 28-Apr-2014 17:37:44.350 EDT
Begin processing the 8501st record. Run 210986, Event 571622785, LumiSection 1167 at 28-Apr-2014 17:37:44.418 EDT
Begin processing the 8601st record. Run 210986, Event 571496521, LumiSection 1167 at 28-Apr-2014 17:37:44.485 EDT
Begin processing the 8701st record. Run 210986, Event 571305717, LumiSection 1167 at 28-Apr-2014 17:37:44.552 EDT
Begin processing the 8801st record. Run 210986, Event 571622701, LumiSection 1167 at 28-Apr-2014 17:37:44.620 EDT
Begin processing the 8901st record. Run 210986, Event 571453895, LumiSection 1167 at 28-Apr-2014 17:37:44.687 EDT
Begin processing the 9001st record. Run 210986, Event 571280671, LumiSection 1167 at 28-Apr-2014 17:37:44.754 EDT
Begin processing the 9101st record. Run 210986, Event 571573759, LumiSection 1167 at 28-Apr-2014 17:37:44.822 EDT
Begin processing the 9201st record. Run 210986, Event 571444988, LumiSection 1167 at 28-Apr-2014 17:37:44.889 EDT
Begin processing the 9301st record. Run 210986, Event 571339830, LumiSection 1167 at 28-Apr-2014 17:37:44.956 EDT
Begin processing the 9401st record. Run 210986, Event 571637350, LumiSection 1167 at 28-Apr-2014 17:37:45.024 EDT
Begin processing the 9501st record. Run 210986, Event 571936549, LumiSection 1168 at 28-Apr-2014 17:37:45.095 EDT
Begin processing the 9601st record. Run 210986, Event 571776826, LumiSection 1168 at 28-Apr-2014 17:37:45.163 EDT
Begin processing the 9701st record. Run 210986, Event 572095786, LumiSection 1168 at 28-Apr-2014 17:37:45.232 EDT
Begin processing the 9801st record. Run 210986, Event 571894910, LumiSection 1168 at 28-Apr-2014 17:37:45.299 EDT
Begin processing the 9901st record. Run 210986, Event 571771687, LumiSection 1168 at 28-Apr-2014 17:37:45.367 EDT
Begin processing the 10001st record. Run 210986, Event 572116967, LumiSection 1168 at 28-Apr-2014 17:37:45.435 EDT
Begin processing the 10101st record. Run 210986, Event 571953726, LumiSection 1168 at 28-Apr-2014 17:37:45.503 EDT
Begin processing the 10201st record. Run 210986, Event 571791610, LumiSection 1168 at 28-Apr-2014 17:37:45.571 EDT
Begin processing the 10301st record. Run 210986, Event 572088122, LumiSection 1168 at 28-Apr-2014 17:37:45.639 EDT
Begin processing the 10401st record. Run 210986, Event 571927672, LumiSection 1168 at 28-Apr-2014 17:37:45.706 EDT
Begin processing the 10501st record. Run 210986, Event 571774084, LumiSection 1168 at 28-Apr-2014 17:37:45.777 EDT
Begin processing the 10601st record. Run 210986, Event 571711256, LumiSection 1168 at 28-Apr-2014 17:37:45.847 EDT
Begin processing the 10701st record. Run 210986, Event 572033152, LumiSection 1168 at 28-Apr-2014 17:37:45.917 EDT
Begin processing the 10801st record. Run 210986, Event 571850155, LumiSection 1168 at 28-Apr-2014 17:37:45.987 EDT
Begin processing the 10901st record. Run 210986, Event 571715537, LumiSection 1168 at 28-Apr-2014 17:37:46.057 EDT
Begin processing the 11001st record. Run 210986, Event 572120233, LumiSection 1168 at 28-Apr-2014 17:37:46.126 EDT
Begin processing the 11101st record. Run 210986, Event 571896149, LumiSection 1168 at 28-Apr-2014 17:37:46.196 EDT
Begin processing the 11201st record. Run 210986, Event 571783729, LumiSection 1168 at 28-Apr-2014 17:37:46.265 EDT
Begin processing the 11301st record. Run 210986, Event 572126993, LumiSection 1168 at 28-Apr-2014 17:37:46.332 EDT
Begin processing the 11401st record. Run 210986, Event 571944964, LumiSection 1168 at 28-Apr-2014 17:37:46.400 EDT
Begin processing the 11501st record. Run 210986, Event 571757831, LumiSection 1168 at 28-Apr-2014 17:37:46.468 EDT
Begin processing the 11601st record. Run 210986, Event 572182167, LumiSection 1168 at 28-Apr-2014 17:37:46.536 EDT
Begin processing the 11701st record. Run 210986, Event 572039075, LumiSection 1168 at 28-Apr-2014 17:37:46.604 EDT
Begin processing the 11801st record. Run 210986, Event 572342015, LumiSection 1169 at 28-Apr-2014 17:37:46.675 EDT
Begin processing the 11901st record. Run 210986, Event 572627279, LumiSection 1169 at 28-Apr-2014 17:37:46.742 EDT
Begin processing the 12001st record. Run 210986, Event 572430531, LumiSection 1169 at 28-Apr-2014 17:37:46.810 EDT
Begin processing the 12101st record. Run 210986, Event 572275425, LumiSection 1169 at 28-Apr-2014 17:37:46.877 EDT
Begin processing the 12201st record. Run 210986, Event 572601009, LumiSection 1169 at 28-Apr-2014 17:37:46.945 EDT
Begin processing the 12301st record. Run 210986, Event 572402542, LumiSection 1169 at 28-Apr-2014 17:37:47.013 EDT
Begin processing the 12401st record. Run 210986, Event 572239150, LumiSection 1169 at 28-Apr-2014 17:37:47.081 EDT
Begin processing the 12501st record. Run 210986, Event 572590502, LumiSection 1169 at 28-Apr-2014 17:37:47.149 EDT
Begin processing the 12601st record. Run 210986, Event 572489492, LumiSection 1169 at 28-Apr-2014 17:37:47.216 EDT
Begin processing the 12701st record. Run 210986, Event 572274765, LumiSection 1169 at 28-Apr-2014 17:37:47.284 EDT
Begin processing the 12801st record. Run 210986, Event 572679341, LumiSection 1169 at 28-Apr-2014 17:37:47.352 EDT
Begin processing the 12901st record. Run 210986, Event 572467440, LumiSection 1169 at 28-Apr-2014 17:37:47.420 EDT
Begin processing the 13001st record. Run 210986, Event 572305457, LumiSection 1169 at 28-Apr-2014 17:37:47.487 EDT
Begin processing the 13101st record. Run 210986, Event 572613489, LumiSection 1169 at 28-Apr-2014 17:37:47.555 EDT
Begin processing the 13201st record. Run 210986, Event 572463074, LumiSection 1169 at 28-Apr-2014 17:37:47.622 EDT
Begin processing the 13301st record. Run 210986, Event 572393159, LumiSection 1169 at 28-Apr-2014 17:37:47.690 EDT
Begin processing the 13401st record. Run 210986, Event 572258364, LumiSection 1169 at 28-Apr-2014 17:37:47.757 EDT
Begin processing the 13501st record. Run 210986, Event 572610380, LumiSection 1169 at 28-Apr-2014 17:37:47.824 EDT
Begin processing the 13601st record. Run 210986, Event 572435370, LumiSection 1169 at 28-Apr-2014 17:37:47.892 EDT
Begin processing the 13701st record. Run 210986, Event 572249971, LumiSection 1169 at 28-Apr-2014 17:37:47.959 EDT
Begin processing the 13801st record. Run 210986, Event 572568115, LumiSection 1169 at 28-Apr-2014 17:37:48.027 EDT
Begin processing the 13901st record. Run 210986, Event 572482384, LumiSection 1169 at 28-Apr-2014 17:37:48.095 EDT
Begin processing the 14001st record. Run 210986, Event 572288429, LumiSection 1169 at 28-Apr-2014 17:37:48.162 EDT
Begin processing the 14101st record. Run 210986, Event 572591661, LumiSection 1169 at 28-Apr-2014 17:37:48.229 EDT
Begin processing the 14201st record. Run 210986, Event 572921111, LumiSection 1170 at 28-Apr-2014 17:37:48.300 EDT
Begin processing the 14301st record. Run 210986, Event 572820785, LumiSection 1170 at 28-Apr-2014 17:37:48.368 EDT
Begin processing the 14401st record. Run 210986, Event 572716314, LumiSection 1170 at 28-Apr-2014 17:37:48.436 EDT
Begin processing the 14501st record. Run 210986, Event 573048826, LumiSection 1170 at 28-Apr-2014 17:37:48.505 EDT
Begin processing the 14601st record. Run 210986, Event 572948320, LumiSection 1170 at 28-Apr-2014 17:37:48.573 EDT
Begin processing the 14701st record. Run 210986, Event 572796032, LumiSection 1170 at 28-Apr-2014 17:37:48.641 EDT
Begin processing the 14801st record. Run 210986, Event 572712965, LumiSection 1170 at 28-Apr-2014 17:37:48.708 EDT
Begin processing the 14901st record. Run 210986, Event 572996965, LumiSection 1170 at 28-Apr-2014 17:37:48.776 EDT
Begin processing the 15001st record. Run 210986, Event 572875868, LumiSection 1170 at 28-Apr-2014 17:37:48.845 EDT
Begin processing the 15101st record. Run 210986, Event 573160212, LumiSection 1170 at 28-Apr-2014 17:37:48.915 EDT
Begin processing the 15201st record. Run 210986, Event 573010155, LumiSection 1170 at 28-Apr-2014 17:37:48.984 EDT
Begin processing the 15301st record. Run 210986, Event 572833732, LumiSection 1170 at 28-Apr-2014 17:37:49.053 EDT
Begin processing the 15401st record. Run 210986, Event 572724014, LumiSection 1170 at 28-Apr-2014 17:37:49.120 EDT
Begin processing the 15501st record. Run 210986, Event 573058894, LumiSection 1170 at 28-Apr-2014 17:37:49.189 EDT
Begin processing the 15601st record. Run 210986, Event 572925999, LumiSection 1170 at 28-Apr-2014 17:37:49.257 EDT
Begin processing the 15701st record. Run 210986, Event 572758321, LumiSection 1170 at 28-Apr-2014 17:37:49.324 EDT
Begin processing the 15801st record. Run 210986, Event 573132729, LumiSection 1170 at 28-Apr-2014 17:37:49.392 EDT
Begin processing the 15901st record. Run 210986, Event 572962109, LumiSection 1170 at 28-Apr-2014 17:37:49.460 EDT
Begin processing the 16001st record. Run 210986, Event 572810178, LumiSection 1170 at 28-Apr-2014 17:37:49.528 EDT
Begin processing the 16101st record. Run 210986, Event 573078922, LumiSection 1170 at 28-Apr-2014 17:37:49.595 EDT

 First pass: zVertexEventSelected = 0.0317703, zAtECal = -2.49571, zCorrected = -2.52748, thetaForZEqualsZero = 2.66453, thetaCorrected = 2.66967, zCorrectedEta = -1.42528, uncorrected Eta = -1.41403
 First pass: zVertexEventSelected = 0.0317703, zAtECal = -2.58984, zCorrected = -2.62161, thetaForZEqualsZero = 2.67947, thetaCorrected = 2.68431, zCorrectedEta = -1.45797, uncorrected Eta = -1.44704
 First pass: zVertexEventSelected = 0.0317703, zAtECal = -2.62536, zCorrected = -2.65713, thetaForZEqualsZero = 2.68488, thetaCorrected = 2.68962, zCorrectedEta = -1.47006, uncorrected Eta = -1.45925
 First pass: zVertexEventSelected = 0.0317703, zAtECal = -2.6276, zCorrected = -2.65937, thetaForZEqualsZero = 2.68522, thetaCorrected = 2.68995, zCorrectedEta = -1.47082, uncorrected Eta = -1.46002
 First pass: zVertexEventSelected = 0.0317703, zAtECal = -2.0493, zCorrected = -2.08107, thetaForZEqualsZero = 2.57978, thetaCorrected = 2.58669, zCorrectedEta = -1.25598, uncorrected Eta = -1.24293
 First pass: zVertexEventSelected = 0.0317703, zAtECal = -1.4838, zCorrected = -1.51557, thetaForZEqualsZero = 2.42595, thetaCorrected = 2.43642, zCorrectedEta = -0.999781, uncorrected Eta = -0.983721
 First pass: zVertexEventSelected = 0.0317703, zAtECal = -1.16258, zCorrected = -1.19435, thetaForZEqualsZero = 2.30429, thetaCorrected = 2.31771, zCorrectedEta = -0.827962, uncorrected Eta = -0.809778
 First pass: zVertexEventSelected = 0.0317703, zAtECal = 1.49696, zCorrected = 1.46519, thetaForZEqualsZero = 0.711274, thetaCorrected = 0.721899, zCorrectedEta = 0.974219, uncorrected Eta = 0.990395
 First pass: zVertexEventSelected = 0.0317703, zAtECal = -1.98973, zCorrected = -2.0215, thetaForZEqualsZero = 2.56639, thetaCorrected = 2.5736, zCorrectedEta = -1.23139, uncorrected Eta = -1.21807
 First pass: zVertexEventSelected = 0.0317703, zAtECal = -0.694867, zCorrected = -0.726637, thetaForZEqualsZero = 2.06489, thetaCorrected = 2.08378, zCorrectedEta = -0.537088, uncorrected Eta = -0.515518
Begin processing the 16201st record. Run 210986, Event 572862710, LumiSection 1170 at 28-Apr-2014 17:37:51.419 EDT
Begin processing the 16301st record. Run 210986, Event 572730987, LumiSection 1170 at 28-Apr-2014 17:37:51.487 EDT
Begin processing the 16401st record. Run 210986, Event 573072675, LumiSection 1170 at 28-Apr-2014 17:37:51.555 EDT
28-Apr-2014 17:37:51 EDT  Closed file file:/mnt/hadoop/cms/store/hidata/HIRun2013/PAMuon/RECO/PromptReco-v1/000/210/986/00000/0813DDF9-8B6B-E211-AA81-003048D2BA82.root
28-Apr-2014 17:37:51 EDT  Initiating request to open file file:/mnt/hadoop/cms/store/hidata/HIRun2013/PAMuon/RECO/PromptReco-v1/000/210/998/00000/D0453EC3-BB6B-E211-9629-0025901D6268.root
28-Apr-2014 17:37:56 EDT  Successfully opened file file:/mnt/hadoop/cms/store/hidata/HIRun2013/PAMuon/RECO/PromptReco-v1/000/210/998/00000/D0453EC3-BB6B-E211-9629-0025901D6268.root
Begin processing the 16501st record. Run 210998, Event 27844290, LumiSection 129 at 28-Apr-2014 17:39:01.823 EDT
Begin processing the 16601st record. Run 210998, Event 28167874, LumiSection 129 at 28-Apr-2014 17:39:01.890 EDT
Begin processing the 16701st record. Run 210998, Event 27940270, LumiSection 129 at 28-Apr-2014 17:39:01.957 EDT
Begin processing the 16801st record. Run 210998, Event 27662767, LumiSection 129 at 28-Apr-2014 17:39:02.023 EDT
Begin processing the 16901st record. Run 210998, Event 27958991, LumiSection 129 at 28-Apr-2014 17:39:02.090 EDT
Begin processing the 17001st record. Run 210998, Event 27763455, LumiSection 129 at 28-Apr-2014 17:39:02.739 EDT
Begin processing the 17101st record. Run 210998, Event 27991367, LumiSection 129 at 28-Apr-2014 17:39:02.805 EDT
Begin processing the 17201st record. Run 210998, Event 27778803, LumiSection 129 at 28-Apr-2014 17:39:02.872 EDT
Begin processing the 17301st record. Run 210998, Event 28014779, LumiSection 129 at 28-Apr-2014 17:39:02.938 EDT
Begin processing the 17401st record. Run 210998, Event 27826580, LumiSection 129 at 28-Apr-2014 17:39:03.005 EDT
Begin processing the 17501st record. Run 210998, Event 28132620, LumiSection 129 at 28-Apr-2014 17:39:03.071 EDT
Begin processing the 17601st record. Run 210998, Event 27886533, LumiSection 129 at 28-Apr-2014 17:39:03.137 EDT
Begin processing the 17701st record. Run 210998, Event 28107805, LumiSection 129 at 28-Apr-2014 17:39:03.204 EDT
Begin processing the 17801st record. Run 210998, Event 27848108, LumiSection 129 at 28-Apr-2014 17:39:03.270 EDT
Begin processing the 17901st record. Run 210998, Event 28087516, LumiSection 129 at 28-Apr-2014 17:39:03.338 EDT
Begin processing the 18001st record. Run 210998, Event 27861200, LumiSection 129 at 28-Apr-2014 17:39:03.407 EDT
Begin processing the 18101st record. Run 210998, Event 27663617, LumiSection 129 at 28-Apr-2014 17:39:03.476 EDT
Begin processing the 18201st record. Run 210998, Event 27997465, LumiSection 129 at 28-Apr-2014 17:39:03.545 EDT
Begin processing the 18301st record. Run 210998, Event 27773694, LumiSection 129 at 28-Apr-2014 17:39:03.614 EDT
Begin processing the 18401st record. Run 210998, Event 28069278, LumiSection 129 at 28-Apr-2014 17:39:03.683 EDT
Begin processing the 18501st record. Run 210998, Event 27823992, LumiSection 129 at 28-Apr-2014 17:39:03.751 EDT
Begin processing the 18601st record. Run 210998, Event 28132032, LumiSection 129 at 28-Apr-2014 17:39:03.817 EDT
Begin processing the 18701st record. Run 210998, Event 27927833, LumiSection 129 at 28-Apr-2014 17:39:03.884 EDT
Begin processing the 18801st record. Run 210998, Event 27671570, LumiSection 129 at 28-Apr-2014 17:39:03.952 EDT
Begin processing the 18901st record. Run 210998, Event 27937210, LumiSection 129 at 28-Apr-2014 17:39:04.019 EDT
Begin processing the 19001st record. Run 210998, Event 27705421, LumiSection 129 at 28-Apr-2014 17:39:04.087 EDT
Begin processing the 19101st record. Run 210998, Event 28030813, LumiSection 129 at 28-Apr-2014 17:39:04.154 EDT
Begin processing the 19201st record. Run 210998, Event 27872467, LumiSection 129 at 28-Apr-2014 17:39:04.220 EDT
Begin processing the 19301st record. Run 210998, Event 28159443, LumiSection 129 at 28-Apr-2014 17:39:04.287 EDT
Begin processing the 19401st record. Run 210998, Event 28414888, LumiSection 130 at 28-Apr-2014 17:39:04.359 EDT
Begin processing the 19501st record. Run 210998, Event 28725048, LumiSection 130 at 28-Apr-2014 17:39:04.427 EDT
Begin processing the 19601st record. Run 210998, Event 29034304, LumiSection 130 at 28-Apr-2014 17:39:04.493 EDT
Begin processing the 19701st record. Run 210998, Event 28409039, LumiSection 130 at 28-Apr-2014 17:39:04.559 EDT
Begin processing the 19801st record. Run 210998, Event 28686839, LumiSection 130 at 28-Apr-2014 17:39:04.627 EDT
Begin processing the 19901st record. Run 210998, Event 29051631, LumiSection 130 at 28-Apr-2014 17:39:04.693 EDT
Begin processing the 20001st record. Run 210998, Event 28470403, LumiSection 130 at 28-Apr-2014 17:39:04.759 EDT
Begin processing the 20101st record. Run 210998, Event 28790371, LumiSection 130 at 28-Apr-2014 17:39:04.829 EDT
Begin processing the 20201st record. Run 210998, Event 29039803, LumiSection 130 at 28-Apr-2014 17:39:04.895 EDT
Begin processing the 20301st record. Run 210998, Event 28458192, LumiSection 130 at 28-Apr-2014 17:39:04.961 EDT
Begin processing the 20401st record. Run 210998, Event 28740824, LumiSection 130 at 28-Apr-2014 17:39:05.027 EDT
Begin processing the 20501st record. Run 210998, Event 28197809, LumiSection 130 at 28-Apr-2014 17:39:05.094 EDT
Begin processing the 20601st record. Run 210998, Event 28480697, LumiSection 130 at 28-Apr-2014 17:39:05.162 EDT
Begin processing the 20701st record. Run 210998, Event 28738857, LumiSection 130 at 28-Apr-2014 17:39:05.231 EDT
Begin processing the 20801st record. Run 210998, Event 28232477, LumiSection 130 at 28-Apr-2014 17:39:05.419 EDT
Begin processing the 20901st record. Run 210998, Event 28526237, LumiSection 130 at 28-Apr-2014 17:39:05.485 EDT
Begin processing the 21001st record. Run 210998, Event 28798501, LumiSection 130 at 28-Apr-2014 17:39:05.551 EDT
Begin processing the 21101st record. Run 210998, Event 28223955, LumiSection 130 at 28-Apr-2014 17:39:05.617 EDT
Begin processing the 21201st record. Run 210998, Event 28441323, LumiSection 130 at 28-Apr-2014 17:39:05.683 EDT
Begin processing the 21301st record. Run 210998, Event 28682915, LumiSection 130 at 28-Apr-2014 17:39:05.749 EDT
Begin processing the 21401st record. Run 210998, Event 28963859, LumiSection 130 at 28-Apr-2014 17:39:05.815 EDT
Begin processing the 21501st record. Run 210998, Event 28416010, LumiSection 130 at 28-Apr-2014 17:39:05.882 EDT
Begin processing the 21601st record. Run 210998, Event 28766162, LumiSection 130 at 28-Apr-2014 17:39:05.948 EDT
Begin processing the 21701st record. Run 210998, Event 29019226, LumiSection 130 at 28-Apr-2014 17:39:06.014 EDT
Begin processing the 21801st record. Run 210998, Event 28431900, LumiSection 130 at 28-Apr-2014 17:39:06.080 EDT
Begin processing the 21901st record. Run 210998, Event 28744556, LumiSection 130 at 28-Apr-2014 17:39:06.146 EDT
Begin processing the 22001st record. Run 210998, Event 29012404, LumiSection 130 at 28-Apr-2014 17:39:06.212 EDT
Begin processing the 22101st record. Run 210998, Event 28473526, LumiSection 130 at 28-Apr-2014 17:39:06.278 EDT
Begin processing the 22201st record. Run 210998, Event 28752046, LumiSection 130 at 28-Apr-2014 17:39:06.344 EDT
Begin processing the 22301st record. Run 210998, Event 29031262, LumiSection 130 at 28-Apr-2014 17:39:06.411 EDT
Begin processing the 22401st record. Run 210998, Event 28502957, LumiSection 130 at 28-Apr-2014 17:39:06.477 EDT
Begin processing the 22501st record. Run 210998, Event 28742293, LumiSection 130 at 28-Apr-2014 17:39:06.543 EDT
Begin processing the 22601st record. Run 210998, Event 28992301, LumiSection 130 at 28-Apr-2014 17:39:06.609 EDT
Begin processing the 22701st record. Run 210998, Event 28446921, LumiSection 130 at 28-Apr-2014 17:39:06.675 EDT
Begin processing the 22801st record. Run 210998, Event 28746817, LumiSection 130 at 28-Apr-2014 17:39:06.741 EDT
Begin processing the 22901st record. Run 210998, Event 28984241, LumiSection 130 at 28-Apr-2014 17:39:06.807 EDT
Begin processing the 23001st record. Run 210998, Event 28383396, LumiSection 130 at 28-Apr-2014 17:39:06.873 EDT
Begin processing the 23101st record. Run 210998, Event 28678196, LumiSection 130 at 28-Apr-2014 17:39:06.939 EDT
Begin processing the 23201st record. Run 210998, Event 28920220, LumiSection 130 at 28-Apr-2014 17:39:07.005 EDT
Begin processing the 23301st record. Run 210998, Event 28332970, LumiSection 130 at 28-Apr-2014 17:39:07.072 EDT
Begin processing the 23401st record. Run 210998, Event 28614426, LumiSection 130 at 28-Apr-2014 17:39:07.138 EDT
Begin processing the 23501st record. Run 210998, Event 28864466, LumiSection 130 at 28-Apr-2014 17:39:07.204 EDT
Begin processing the 23601st record. Run 210998, Event 28361383, LumiSection 130 at 28-Apr-2014 17:39:07.271 EDT
Begin processing the 23701st record. Run 210998, Event 28621743, LumiSection 130 at 28-Apr-2014 17:39:07.337 EDT
Begin processing the 23801st record. Run 210998, Event 28912175, LumiSection 130 at 28-Apr-2014 17:39:07.403 EDT
Begin processing the 23901st record. Run 210998, Event 28263406, LumiSection 130 at 28-Apr-2014 17:39:07.470 EDT
Begin processing the 24001st record. Run 210998, Event 28596102, LumiSection 130 at 28-Apr-2014 17:39:07.536 EDT
Begin processing the 24101st record. Run 210998, Event 28881678, LumiSection 130 at 28-Apr-2014 17:39:07.602 EDT
Begin processing the 24201st record. Run 210998, Event 29118899, LumiSection 131 at 28-Apr-2014 17:39:07.672 EDT
Begin processing the 24301st record. Run 210998, Event 29352547, LumiSection 131 at 28-Apr-2014 17:39:07.738 EDT
Begin processing the 24401st record. Run 210998, Event 29702467, LumiSection 131 at 28-Apr-2014 17:39:07.804 EDT
Begin processing the 24501st record. Run 210998, Event 29087984, LumiSection 131 at 28-Apr-2014 17:39:07.870 EDT
Begin processing the 24601st record. Run 210998, Event 29361368, LumiSection 131 at 28-Apr-2014 17:39:07.936 EDT
Begin processing the 24701st record. Run 210998, Event 29674744, LumiSection 131 at 28-Apr-2014 17:39:08.002 EDT
Begin processing the 24801st record. Run 210998, Event 29106525, LumiSection 131 at 28-Apr-2014 17:39:08.068 EDT
Begin processing the 24901st record. Run 210998, Event 29387589, LumiSection 131 at 28-Apr-2014 17:39:08.134 EDT
Begin processing the 25001st record. Run 210998, Event 29672853, LumiSection 131 at 28-Apr-2014 17:39:08.200 EDT
Begin processing the 25101st record. Run 210998, Event 29923005, LumiSection 131 at 28-Apr-2014 17:39:08.266 EDT
Begin processing the 25201st record. Run 210998, Event 29388628, LumiSection 131 at 28-Apr-2014 17:39:08.332 EDT
Begin processing the 25301st record. Run 210998, Event 29667060, LumiSection 131 at 28-Apr-2014 17:39:08.398 EDT
Begin processing the 25401st record. Run 210998, Event 29060621, LumiSection 131 at 28-Apr-2014 17:39:08.464 EDT
Begin processing the 25501st record. Run 210998, Event 29312069, LumiSection 131 at 28-Apr-2014 17:39:08.530 EDT
Begin processing the 25601st record. Run 210998, Event 29560541, LumiSection 131 at 28-Apr-2014 17:39:08.597 EDT
Begin processing the 25701st record. Run 210998, Event 29874453, LumiSection 131 at 28-Apr-2014 17:39:08.663 EDT
Begin processing the 25801st record. Run 210998, Event 29321342, LumiSection 131 at 28-Apr-2014 17:39:08.729 EDT
Begin processing the 25901st record. Run 210998, Event 29601598, LumiSection 131 at 28-Apr-2014 17:39:08.795 EDT
Begin processing the 26001st record. Run 210998, Event 29895414, LumiSection 131 at 28-Apr-2014 17:39:08.862 EDT
Begin processing the 26101st record. Run 210998, Event 29272046, LumiSection 131 at 28-Apr-2014 17:39:08.927 EDT
Begin processing the 26201st record. Run 210998, Event 29516750, LumiSection 131 at 28-Apr-2014 17:39:08.994 EDT
Begin processing the 26301st record. Run 210998, Event 29844230, LumiSection 131 at 28-Apr-2014 17:39:09.060 EDT
Begin processing the 26401st record. Run 210998, Event 29236000, LumiSection 131 at 28-Apr-2014 17:39:09.314 EDT
Begin processing the 26501st record. Run 210998, Event 29514376, LumiSection 131 at 28-Apr-2014 17:39:09.381 EDT
Begin processing the 26601st record. Run 210998, Event 29827496, LumiSection 131 at 28-Apr-2014 17:39:09.447 EDT
Begin processing the 26701st record. Run 210998, Event 29214738, LumiSection 131 at 28-Apr-2014 17:39:09.514 EDT
Begin processing the 26801st record. Run 210998, Event 29458266, LumiSection 131 at 28-Apr-2014 17:39:09.581 EDT
Begin processing the 26901st record. Run 210998, Event 29723898, LumiSection 131 at 28-Apr-2014 17:39:09.648 EDT
Begin processing the 27001st record. Run 210998, Event 29227714, LumiSection 131 at 28-Apr-2014 17:39:09.714 EDT
Begin processing the 27101st record. Run 210998, Event 29504418, LumiSection 131 at 28-Apr-2014 17:39:09.781 EDT
Begin processing the 27201st record. Run 210998, Event 29787858, LumiSection 131 at 28-Apr-2014 17:39:09.847 EDT
Begin processing the 27301st record. Run 210998, Event 29229919, LumiSection 131 at 28-Apr-2014 17:39:09.914 EDT
Begin processing the 27401st record. Run 210998, Event 29536631, LumiSection 131 at 28-Apr-2014 17:39:09.980 EDT
Begin processing the 27501st record. Run 210998, Event 29850255, LumiSection 131 at 28-Apr-2014 17:39:10.049 EDT
Begin processing the 27601st record. Run 210998, Event 29282585, LumiSection 131 at 28-Apr-2014 17:39:10.115 EDT
Begin processing the 27701st record. Run 210998, Event 29600129, LumiSection 131 at 28-Apr-2014 17:39:10.182 EDT
Begin processing the 27801st record. Run 210998, Event 29898361, LumiSection 131 at 28-Apr-2014 17:39:10.249 EDT
Begin processing the 27901st record. Run 210998, Event 29238905, LumiSection 131 at 28-Apr-2014 17:39:10.315 EDT
Begin processing the 28001st record. Run 210998, Event 29516529, LumiSection 131 at 28-Apr-2014 17:39:10.382 EDT
Begin processing the 28101st record. Run 210998, Event 29792569, LumiSection 131 at 28-Apr-2014 17:39:10.449 EDT
Begin processing the 28201st record. Run 210998, Event 29182251, LumiSection 131 at 28-Apr-2014 17:39:10.516 EDT
Begin processing the 28301st record. Run 210998, Event 29469731, LumiSection 131 at 28-Apr-2014 17:39:10.583 EDT
Begin processing the 28401st record. Run 210998, Event 29791587, LumiSection 131 at 28-Apr-2014 17:39:10.651 EDT
Begin processing the 28501st record. Run 210998, Event 29214828, LumiSection 131 at 28-Apr-2014 17:39:10.720 EDT
Begin processing the 28601st record. Run 210998, Event 29458772, LumiSection 131 at 28-Apr-2014 17:39:10.788 EDT
Begin processing the 28701st record. Run 210998, Event 29744756, LumiSection 131 at 28-Apr-2014 17:39:10.855 EDT
Begin processing the 28801st record. Run 210998, Event 29140823, LumiSection 131 at 28-Apr-2014 17:39:11.027 EDT
Begin processing the 28901st record. Run 210998, Event 29422207, LumiSection 131 at 28-Apr-2014 17:39:11.094 EDT
Begin processing the 29001st record. Run 210998, Event 29715735, LumiSection 131 at 28-Apr-2014 17:39:11.160 EDT
28-Apr-2014 17:39:11 EDT  Closed file file:/mnt/hadoop/cms/store/hidata/HIRun2013/PAMuon/RECO/PromptReco-v1/000/210/998/00000/D0453EC3-BB6B-E211-9629-0025901D6268.root
28-Apr-2014 17:39:11 EDT  Initiating request to open file file:/mnt/hadoop/cms/store/hidata/HIRun2013/PAMuon/RECO/PromptReco-v1/000/210/998/00000/B0089F09-B86B-E211-B3BF-003048D2BED6.root
28-Apr-2014 17:39:11 EDT  Successfully opened file file:/mnt/hadoop/cms/store/hidata/HIRun2013/PAMuon/RECO/PromptReco-v1/000/210/998/00000/B0089F09-B86B-E211-B3BF-003048D2BED6.root
Begin processing the 29101st record. Run 210998, Event 29987861, LumiSection 132 at 28-Apr-2014 17:39:32.615 EDT
Begin processing the 29201st record. Run 210998, Event 30306477, LumiSection 132 at 28-Apr-2014 17:39:44.281 EDT
Begin processing the 29301st record. Run 210998, Event 30575933, LumiSection 132 at 28-Apr-2014 17:39:44.349 EDT
Begin processing the 29401st record. Run 210998, Event 29991717, LumiSection 132 at 28-Apr-2014 17:39:44.417 EDT
Begin processing the 29501st record. Run 210998, Event 30239453, LumiSection 132 at 28-Apr-2014 17:39:44.485 EDT
Begin processing the 29601st record. Run 210998, Event 30534189, LumiSection 132 at 28-Apr-2014 17:39:44.553 EDT
Begin processing the 29701st record. Run 210998, Event 30799117, LumiSection 132 at 28-Apr-2014 17:39:44.622 EDT
Begin processing the 29801st record. Run 210998, Event 30219201, LumiSection 132 at 28-Apr-2014 17:39:44.690 EDT
Begin processing the 29901st record. Run 210998, Event 30572601, LumiSection 132 at 28-Apr-2014 17:39:44.758 EDT
Begin processing the 30001st record. Run 210998, Event 29957899, LumiSection 132 at 28-Apr-2014 17:39:44.826 EDT
Begin processing the 30101st record. Run 210998, Event 30276883, LumiSection 132 at 28-Apr-2014 17:39:44.894 EDT
Begin processing the 30201st record. Run 210998, Event 30570411, LumiSection 132 at 28-Apr-2014 17:39:44.962 EDT
Begin processing the 30301st record. Run 210998, Event 29964099, LumiSection 132 at 28-Apr-2014 17:39:45.030 EDT
Begin processing the 30401st record. Run 210998, Event 30191875, LumiSection 132 at 28-Apr-2014 17:39:45.098 EDT
Begin processing the 30501st record. Run 210998, Event 30553347, LumiSection 132 at 28-Apr-2014 17:39:45.166 EDT
Begin processing the 30601st record. Run 210998, Event 29938658, LumiSection 132 at 28-Apr-2014 17:39:45.235 EDT
Begin processing the 30701st record. Run 210998, Event 30206090, LumiSection 132 at 28-Apr-2014 17:39:45.302 EDT
Begin processing the 30801st record. Run 210998, Event 30472098, LumiSection 132 at 28-Apr-2014 17:39:45.370 EDT
Begin processing the 30901st record. Run 210998, Event 30745290, LumiSection 132 at 28-Apr-2014 17:39:45.550 EDT
Begin processing the 31001st record. Run 210998, Event 30155976, LumiSection 132 at 28-Apr-2014 17:39:45.618 EDT
Begin processing the 31101st record. Run 210998, Event 30386472, LumiSection 132 at 28-Apr-2014 17:39:45.686 EDT
Begin processing the 31201st record. Run 210998, Event 30698824, LumiSection 132 at 28-Apr-2014 17:39:45.754 EDT
Begin processing the 31301st record. Run 210998, Event 30105103, LumiSection 132 at 28-Apr-2014 17:39:45.822 EDT
Begin processing the 31401st record. Run 210998, Event 30355215, LumiSection 132 at 28-Apr-2014 17:39:45.889 EDT
Begin processing the 31501st record. Run 210998, Event 30644727, LumiSection 132 at 28-Apr-2014 17:39:45.957 EDT
Begin processing the 31601st record. Run 210998, Event 30021200, LumiSection 132 at 28-Apr-2014 17:39:46.025 EDT
Begin processing the 31701st record. Run 210998, Event 30272120, LumiSection 132 at 28-Apr-2014 17:39:46.092 EDT
Begin processing the 31801st record. Run 210998, Event 30671840, LumiSection 132 at 28-Apr-2014 17:39:46.160 EDT
Begin processing the 31901st record. Run 210998, Event 30092702, LumiSection 132 at 28-Apr-2014 17:39:46.227 EDT
Begin processing the 32001st record. Run 210998, Event 30375134, LumiSection 132 at 28-Apr-2014 17:39:46.295 EDT
Begin processing the 32101st record. Run 210998, Event 30640182, LumiSection 132 at 28-Apr-2014 17:39:46.363 EDT
Begin processing the 32201st record. Run 210998, Event 30054540, LumiSection 132 at 28-Apr-2014 17:39:46.431 EDT
Begin processing the 32301st record. Run 210998, Event 30347524, LumiSection 132 at 28-Apr-2014 17:39:46.499 EDT
Begin processing the 32401st record. Run 210998, Event 30596268, LumiSection 132 at 28-Apr-2014 17:39:46.569 EDT
Begin processing the 32501st record. Run 210998, Event 30021546, LumiSection 132 at 28-Apr-2014 17:39:46.639 EDT
Begin processing the 32601st record. Run 210998, Event 30325826, LumiSection 132 at 28-Apr-2014 17:39:46.709 EDT
Begin processing the 32701st record. Run 210998, Event 30620034, LumiSection 132 at 28-Apr-2014 17:39:46.779 EDT
Begin processing the 32801st record. Run 210998, Event 30000732, LumiSection 132 at 28-Apr-2014 17:39:46.849 EDT
Begin processing the 32901st record. Run 210998, Event 30318452, LumiSection 132 at 28-Apr-2014 17:39:46.920 EDT
Begin processing the 33001st record. Run 210998, Event 30611468, LumiSection 132 at 28-Apr-2014 17:39:46.990 EDT
Begin processing the 33101st record. Run 210998, Event 30067574, LumiSection 132 at 28-Apr-2014 17:39:47.059 EDT
Begin processing the 33201st record. Run 210998, Event 30316126, LumiSection 132 at 28-Apr-2014 17:39:47.127 EDT
Begin processing the 33301st record. Run 210998, Event 30617078, LumiSection 132 at 28-Apr-2014 17:39:47.195 EDT
Begin processing the 33401st record. Run 210998, Event 30074041, LumiSection 132 at 28-Apr-2014 17:39:47.263 EDT
Begin processing the 33501st record. Run 210998, Event 30349505, LumiSection 132 at 28-Apr-2014 17:39:47.331 EDT
Begin processing the 33601st record. Run 210998, Event 30617833, LumiSection 132 at 28-Apr-2014 17:39:47.399 EDT
Begin processing the 33701st record. Run 210998, Event 30059607, LumiSection 132 at 28-Apr-2014 17:39:47.466 EDT
Begin processing the 33801st record. Run 210998, Event 30340191, LumiSection 132 at 28-Apr-2014 17:39:47.534 EDT
Begin processing the 33901st record. Run 210998, Event 30624127, LumiSection 132 at 28-Apr-2014 17:39:47.602 EDT
Begin processing the 34001st record. Run 210998, Event 30900418, LumiSection 133 at 28-Apr-2014 17:39:47.673 EDT
Begin processing the 34101st record. Run 210998, Event 31207666, LumiSection 133 at 28-Apr-2014 17:39:47.740 EDT
Begin processing the 34201st record. Run 210998, Event 31499834, LumiSection 133 at 28-Apr-2014 17:39:47.917 EDT
Begin processing the 34301st record. Run 210998, Event 30895602, LumiSection 133 at 28-Apr-2014 17:39:47.983 EDT
Begin processing the 34401st record. Run 210998, Event 31174626, LumiSection 133 at 28-Apr-2014 17:39:48.050 EDT
Begin processing the 34501st record. Run 210998, Event 31439042, LumiSection 133 at 28-Apr-2014 17:39:48.117 EDT
Begin processing the 34601st record. Run 210998, Event 30852110, LumiSection 133 at 28-Apr-2014 17:39:48.183 EDT
Begin processing the 34701st record. Run 210998, Event 31103782, LumiSection 133 at 28-Apr-2014 17:39:48.250 EDT
Begin processing the 34801st record. Run 210998, Event 31365134, LumiSection 133 at 28-Apr-2014 17:39:48.316 EDT
Begin processing the 34901st record. Run 210998, Event 31643390, LumiSection 133 at 28-Apr-2014 17:39:48.383 EDT
Begin processing the 35001st record. Run 210998, Event 31054273, LumiSection 133 at 28-Apr-2014 17:39:48.449 EDT
Begin processing the 35101st record. Run 210998, Event 31276369, LumiSection 133 at 28-Apr-2014 17:39:48.516 EDT
Begin processing the 35201st record. Run 210998, Event 31563937, LumiSection 133 at 28-Apr-2014 17:39:48.582 EDT
Begin processing the 35301st record. Run 210998, Event 30976504, LumiSection 133 at 28-Apr-2014 17:39:48.649 EDT
Begin processing the 35401st record. Run 210998, Event 31249064, LumiSection 133 at 28-Apr-2014 17:39:48.716 EDT
Begin processing the 35501st record. Run 210998, Event 31544600, LumiSection 133 at 28-Apr-2014 17:39:48.782 EDT
Begin processing the 35601st record. Run 210998, Event 30939431, LumiSection 133 at 28-Apr-2014 17:39:48.849 EDT
Begin processing the 35701st record. Run 210998, Event 31251751, LumiSection 133 at 28-Apr-2014 17:39:48.916 EDT
Begin processing the 35801st record. Run 210998, Event 31538655, LumiSection 133 at 28-Apr-2014 17:39:48.983 EDT
Begin processing the 35901st record. Run 210998, Event 30999980, LumiSection 133 at 28-Apr-2014 17:39:49.050 EDT
Begin processing the 36001st record. Run 210998, Event 31290004, LumiSection 133 at 28-Apr-2014 17:39:49.116 EDT
Begin processing the 36101st record. Run 210998, Event 31556116, LumiSection 133 at 28-Apr-2014 17:39:49.183 EDT
Begin processing the 36201st record. Run 210998, Event 30977345, LumiSection 133 at 28-Apr-2014 17:39:49.250 EDT
Begin processing the 36301st record. Run 210998, Event 31280825, LumiSection 133 at 28-Apr-2014 17:39:49.317 EDT
Begin processing the 36401st record. Run 210998, Event 31531849, LumiSection 133 at 28-Apr-2014 17:39:49.384 EDT
Begin processing the 36501st record. Run 210998, Event 30930293, LumiSection 133 at 28-Apr-2014 17:39:49.452 EDT
Begin processing the 36601st record. Run 210998, Event 31180605, LumiSection 133 at 28-Apr-2014 17:39:49.518 EDT
Begin processing the 36701st record. Run 210998, Event 31473437, LumiSection 133 at 28-Apr-2014 17:39:49.587 EDT
Begin processing the 36801st record. Run 210998, Event 30809024, LumiSection 133 at 28-Apr-2014 17:39:49.654 EDT
Begin processing the 36901st record. Run 210998, Event 31138192, LumiSection 133 at 28-Apr-2014 17:39:49.722 EDT
Begin processing the 37001st record. Run 210998, Event 31412688, LumiSection 133 at 28-Apr-2014 17:39:49.791 EDT
Begin processing the 37101st record. Run 210998, Event 30823566, LumiSection 133 at 28-Apr-2014 17:39:49.860 EDT
Begin processing the 37201st record. Run 210998, Event 31143846, LumiSection 133 at 28-Apr-2014 17:39:49.928 EDT
Begin processing the 37301st record. Run 210998, Event 31419798, LumiSection 133 at 28-Apr-2014 17:39:49.995 EDT
Begin processing the 37401st record. Run 210998, Event 30845755, LumiSection 133 at 28-Apr-2014 17:39:50.062 EDT
Begin processing the 37501st record. Run 210998, Event 31087859, LumiSection 133 at 28-Apr-2014 17:39:50.129 EDT
Begin processing the 37601st record. Run 210998, Event 31426667, LumiSection 133 at 28-Apr-2014 17:39:50.195 EDT
Begin processing the 37701st record. Run 210998, Event 30835755, LumiSection 133 at 28-Apr-2014 17:39:50.262 EDT
Begin processing the 37801st record. Run 210998, Event 31163123, LumiSection 133 at 28-Apr-2014 17:39:50.328 EDT
Begin processing the 37901st record. Run 210998, Event 31417579, LumiSection 133 at 28-Apr-2014 17:39:50.395 EDT
Begin processing the 38001st record. Run 210998, Event 30860405, LumiSection 133 at 28-Apr-2014 17:39:50.464 EDT
Begin processing the 38101st record. Run 210998, Event 31158285, LumiSection 133 at 28-Apr-2014 17:39:50.531 EDT
Begin processing the 38201st record. Run 210998, Event 31468189, LumiSection 133 at 28-Apr-2014 17:39:50.599 EDT
Begin processing the 38301st record. Run 210998, Event 30840455, LumiSection 133 at 28-Apr-2014 17:39:50.667 EDT
Begin processing the 38401st record. Run 210998, Event 31117375, LumiSection 133 at 28-Apr-2014 17:39:50.735 EDT
Begin processing the 38501st record. Run 210998, Event 31450527, LumiSection 133 at 28-Apr-2014 17:39:50.803 EDT
Begin processing the 38601st record. Run 210998, Event 30869556, LumiSection 133 at 28-Apr-2014 17:39:50.871 EDT
Begin processing the 38701st record. Run 210998, Event 31178428, LumiSection 133 at 28-Apr-2014 17:39:50.939 EDT
Begin processing the 38801st record. Run 210998, Event 31400860, LumiSection 133 at 28-Apr-2014 17:39:51.007 EDT
Begin processing the 38901st record. Run 210998, Event 31672411, LumiSection 134 at 28-Apr-2014 17:39:51.078 EDT
Begin processing the 39001st record. Run 210998, Event 32009675, LumiSection 134 at 28-Apr-2014 17:39:51.145 EDT
Begin processing the 39101st record. Run 210998, Event 32358187, LumiSection 134 at 28-Apr-2014 17:39:51.212 EDT
Begin processing the 39201st record. Run 210998, Event 31789366, LumiSection 134 at 28-Apr-2014 17:39:51.278 EDT
Begin processing the 39301st record. Run 210998, Event 32105462, LumiSection 134 at 28-Apr-2014 17:39:51.345 EDT
Begin processing the 39401st record. Run 210998, Event 32390694, LumiSection 134 at 28-Apr-2014 17:39:51.561 EDT
Begin processing the 39501st record. Run 210998, Event 31832899, LumiSection 134 at 28-Apr-2014 17:39:51.628 EDT
Begin processing the 39601st record. Run 210998, Event 32161195, LumiSection 134 at 28-Apr-2014 17:39:51.696 EDT
Begin processing the 39701st record. Run 210998, Event 32426603, LumiSection 134 at 28-Apr-2014 17:39:51.762 EDT
Begin processing the 39801st record. Run 210998, Event 31805440, LumiSection 134 at 28-Apr-2014 17:39:51.829 EDT
Begin processing the 39901st record. Run 210998, Event 32104792, LumiSection 134 at 28-Apr-2014 17:39:51.896 EDT
Begin processing the 40001st record. Run 210998, Event 32380896, LumiSection 134 at 28-Apr-2014 17:39:51.963 EDT
Begin processing the 40101st record. Run 210998, Event 31807420, LumiSection 134 at 28-Apr-2014 17:39:52.030 EDT
Begin processing the 40201st record. Run 210998, Event 32108900, LumiSection 134 at 28-Apr-2014 17:39:52.097 EDT
Begin processing the 40301st record. Run 210998, Event 32402628, LumiSection 134 at 28-Apr-2014 17:39:52.163 EDT
Begin processing the 40401st record. Run 210998, Event 31763510, LumiSection 134 at 28-Apr-2014 17:39:52.230 EDT
Begin processing the 40501st record. Run 210998, Event 32085246, LumiSection 134 at 28-Apr-2014 17:39:52.297 EDT
Begin processing the 40601st record. Run 210998, Event 32302358, LumiSection 134 at 28-Apr-2014 17:39:52.364 EDT
Begin processing the 40701st record. Run 210998, Event 31711632, LumiSection 134 at 28-Apr-2014 17:39:52.430 EDT
Begin processing the 40801st record. Run 210998, Event 31994000, LumiSection 134 at 28-Apr-2014 17:39:52.497 EDT
Begin processing the 40901st record. Run 210998, Event 32297928, LumiSection 134 at 28-Apr-2014 17:39:52.564 EDT
Begin processing the 41001st record. Run 210998, Event 31718930, LumiSection 134 at 28-Apr-2014 17:39:52.632 EDT
Begin processing the 41101st record. Run 210998, Event 32033010, LumiSection 134 at 28-Apr-2014 17:39:52.701 EDT
Begin processing the 41201st record. Run 210998, Event 32304730, LumiSection 134 at 28-Apr-2014 17:39:52.770 EDT
Begin processing the 41301st record. Run 210998, Event 31785418, LumiSection 134 at 28-Apr-2014 17:39:52.839 EDT
Begin processing the 41401st record. Run 210998, Event 32086866, LumiSection 134 at 28-Apr-2014 17:39:52.908 EDT
Begin processing the 41501st record. Run 210998, Event 32358554, LumiSection 134 at 28-Apr-2014 17:39:52.975 EDT
Begin processing the 41601st record. Run 210998, Event 31811925, LumiSection 134 at 28-Apr-2014 17:39:53.043 EDT
Begin processing the 41701st record. Run 210998, Event 32057653, LumiSection 134 at 28-Apr-2014 17:39:53.110 EDT
Begin processing the 41801st record. Run 210998, Event 32335093, LumiSection 134 at 28-Apr-2014 17:39:53.177 EDT
Begin processing the 41901st record. Run 210998, Event 31723001, LumiSection 134 at 28-Apr-2014 17:39:53.244 EDT
Begin processing the 42001st record. Run 210998, Event 32024025, LumiSection 134 at 28-Apr-2014 17:39:53.311 EDT
Begin processing the 42101st record. Run 210998, Event 32298401, LumiSection 134 at 28-Apr-2014 17:39:53.378 EDT
Begin processing the 42201st record. Run 210998, Event 31690052, LumiSection 134 at 28-Apr-2014 17:39:53.446 EDT
Begin processing the 42301st record. Run 210998, Event 31941692, LumiSection 134 at 28-Apr-2014 17:39:53.513 EDT
Begin processing the 42401st record. Run 210998, Event 32241612, LumiSection 134 at 28-Apr-2014 17:39:53.580 EDT
Begin processing the 42501st record. Run 210998, Event 32534644, LumiSection 134 at 28-Apr-2014 17:39:53.647 EDT
Begin processing the 42601st record. Run 210998, Event 31965567, LumiSection 134 at 28-Apr-2014 17:39:53.714 EDT
Begin processing the 42701st record. Run 210998, Event 32219759, LumiSection 134 at 28-Apr-2014 17:39:53.782 EDT
Begin processing the 42801st record. Run 210998, Event 32535823, LumiSection 134 at 28-Apr-2014 17:39:53.849 EDT
Begin processing the 42901st record. Run 210998, Event 32024471, LumiSection 134 at 28-Apr-2014 17:39:53.916 EDT
Begin processing the 43001st record. Run 210998, Event 32273591, LumiSection 134 at 28-Apr-2014 17:39:53.983 EDT
Begin processing the 43101st record. Run 210998, Event 31684169, LumiSection 134 at 28-Apr-2014 17:39:54.050 EDT
Begin processing the 43201st record. Run 210998, Event 31934825, LumiSection 134 at 28-Apr-2014 17:39:54.118 EDT
Begin processing the 43301st record. Run 210998, Event 32212761, LumiSection 134 at 28-Apr-2014 17:39:54.185 EDT
Begin processing the 43401st record. Run 210998, Event 31671421, LumiSection 134 at 28-Apr-2014 17:39:54.252 EDT
Begin processing the 43501st record. Run 210998, Event 31987077, LumiSection 134 at 28-Apr-2014 17:39:54.319 EDT
Begin processing the 43601st record. Run 210998, Event 32326653, LumiSection 134 at 28-Apr-2014 17:39:54.386 EDT
Begin processing the 43701st record. Run 210998, Event 32622836, LumiSection 135 at 28-Apr-2014 17:39:54.457 EDT
Begin processing the 43801st record. Run 210998, Event 32892708, LumiSection 135 at 28-Apr-2014 17:39:54.524 EDT
Begin processing the 43901st record. Run 210998, Event 33167492, LumiSection 135 at 28-Apr-2014 17:39:54.592 EDT
Begin processing the 44001st record. Run 210998, Event 32592481, LumiSection 135 at 28-Apr-2014 17:39:54.659 EDT
Begin processing the 44101st record. Run 210998, Event 32860345, LumiSection 135 at 28-Apr-2014 17:39:54.854 EDT
Begin processing the 44201st record. Run 210998, Event 33192001, LumiSection 135 at 28-Apr-2014 17:39:54.921 EDT
Begin processing the 44301st record. Run 210998, Event 32582528, LumiSection 135 at 28-Apr-2014 17:39:54.988 EDT
Begin processing the 44401st record. Run 210998, Event 32826824, LumiSection 135 at 28-Apr-2014 17:39:55.055 EDT
Begin processing the 44501st record. Run 210998, Event 33081184, LumiSection 135 at 28-Apr-2014 17:39:55.121 EDT
Begin processing the 44601st record. Run 210998, Event 33376704, LumiSection 135 at 28-Apr-2014 17:39:55.188 EDT
Begin processing the 44701st record. Run 210998, Event 32801429, LumiSection 135 at 28-Apr-2014 17:39:55.255 EDT
Begin processing the 44801st record. Run 210998, Event 33085685, LumiSection 135 at 28-Apr-2014 17:39:55.322 EDT
Begin processing the 44901st record. Run 210998, Event 33370877, LumiSection 135 at 28-Apr-2014 17:39:55.389 EDT
Begin processing the 45001st record. Run 210998, Event 32783270, LumiSection 135 at 28-Apr-2014 17:39:55.456 EDT
Begin processing the 45101st record. Run 210998, Event 33047086, LumiSection 135 at 28-Apr-2014 17:39:55.523 EDT
Begin processing the 45201st record. Run 210998, Event 33360622, LumiSection 135 at 28-Apr-2014 17:39:55.589 EDT
Begin processing the 45301st record. Run 210998, Event 32856989, LumiSection 135 at 28-Apr-2014 17:39:55.657 EDT
Begin processing the 45401st record. Run 210998, Event 33115869, LumiSection 135 at 28-Apr-2014 17:39:55.724 EDT
Begin processing the 45501st record. Run 210998, Event 32579992, LumiSection 135 at 28-Apr-2014 17:39:55.791 EDT
Begin processing the 45601st record. Run 210998, Event 32866960, LumiSection 135 at 28-Apr-2014 17:39:55.857 EDT
Begin processing the 45701st record. Run 210998, Event 33101104, LumiSection 135 at 28-Apr-2014 17:39:55.924 EDT
Begin processing the 45801st record. Run 210998, Event 33356376, LumiSection 135 at 28-Apr-2014 17:39:55.991 EDT
Begin processing the 45901st record. Run 210998, Event 32753386, LumiSection 135 at 28-Apr-2014 17:39:56.058 EDT
Begin processing the 46001st record. Run 210998, Event 33059506, LumiSection 135 at 28-Apr-2014 17:39:56.125 EDT
Begin processing the 46101st record. Run 210998, Event 33359842, LumiSection 135 at 28-Apr-2014 17:39:56.192 EDT
Begin processing the 46201st record. Run 210998, Event 32765903, LumiSection 135 at 28-Apr-2014 17:39:56.259 EDT
Begin processing the 46301st record. Run 210998, Event 33052399, LumiSection 135 at 28-Apr-2014 17:39:56.325 EDT
Begin processing the 46401st record. Run 210998, Event 33313327, LumiSection 135 at 28-Apr-2014 17:39:56.392 EDT
Begin processing the 46501st record. Run 210998, Event 32768860, LumiSection 135 at 28-Apr-2014 17:39:56.459 EDT
Begin processing the 46601st record. Run 210998, Event 33073700, LumiSection 135 at 28-Apr-2014 17:39:56.526 EDT
Begin processing the 46701st record. Run 210998, Event 33363740, LumiSection 135 at 28-Apr-2014 17:39:56.593 EDT
Begin processing the 46801st record. Run 210998, Event 32788567, LumiSection 135 at 28-Apr-2014 17:39:56.660 EDT
Begin processing the 46901st record. Run 210998, Event 33071447, LumiSection 135 at 28-Apr-2014 17:39:56.727 EDT
Begin processing the 47001st record. Run 210998, Event 33383575, LumiSection 135 at 28-Apr-2014 17:39:56.794 EDT
Begin processing the 47101st record. Run 210998, Event 32819843, LumiSection 135 at 28-Apr-2014 17:39:56.861 EDT
Begin processing the 47201st record. Run 210998, Event 33096211, LumiSection 135 at 28-Apr-2014 17:39:56.928 EDT
Begin processing the 47301st record. Run 210998, Event 33366899, LumiSection 135 at 28-Apr-2014 17:39:56.995 EDT
Begin processing the 47401st record. Run 210998, Event 32814649, LumiSection 135 at 28-Apr-2014 17:39:57.062 EDT
Begin processing the 47501st record. Run 210998, Event 33078473, LumiSection 135 at 28-Apr-2014 17:39:57.129 EDT
Begin processing the 47601st record. Run 210998, Event 33353065, LumiSection 135 at 28-Apr-2014 17:39:57.196 EDT
Begin processing the 47701st record. Run 210998, Event 32805714, LumiSection 135 at 28-Apr-2014 17:39:57.263 EDT
Begin processing the 47801st record. Run 210998, Event 33106074, LumiSection 135 at 28-Apr-2014 17:39:57.330 EDT
Begin processing the 47901st record. Run 210998, Event 33387258, LumiSection 135 at 28-Apr-2014 17:39:57.533 EDT
Begin processing the 48001st record. Run 210998, Event 32838387, LumiSection 135 at 28-Apr-2014 17:39:57.600 EDT
Begin processing the 48101st record. Run 210998, Event 33145323, LumiSection 135 at 28-Apr-2014 17:39:57.667 EDT
Begin processing the 48201st record. Run 210998, Event 32552902, LumiSection 135 at 28-Apr-2014 17:39:57.734 EDT
Begin processing the 48301st record. Run 210998, Event 32845182, LumiSection 135 at 28-Apr-2014 17:39:57.801 EDT
Begin processing the 48401st record. Run 210998, Event 33190950, LumiSection 135 at 28-Apr-2014 17:39:57.868 EDT
28-Apr-2014 17:39:58 EDT  Closed file file:/mnt/hadoop/cms/store/hidata/HIRun2013/PAMuon/RECO/PromptReco-v1/000/210/998/00000/B0089F09-B86B-E211-B3BF-003048D2BED6.root


 EcalFlowNTP::endJob() <I>  nevttotal_trg = 8,  nevttotal_ass = 8
 Will check the Z-vertex differences

 Number of trigger events with at least one partner event = 6

--- RESULTS ---

  Currently with pi0 mixed event entries = 2249,  mixed clusters examined 16720,  events containing at least one cluster 8
 Number of hot channel seed crystals that were discarded 2
 Number of hot channel satellite crystals that were discarded 0
 Maximum number of HI tracks for run 210998 is 261 at event 32299886
 Maximum number clusters found for run 210986 is 102 at event 573149666
 Maximum number crystals found for run 210986 is 561 at event 573149666
 Total events this run = 10 with accumulated events for all runs = 10
 Number of events with trigger particle (nevttotal_trg) = 8
 Number of events with associated particle (nevttotal_ass) = 8
 Number of background fills = 6
 Total of takeAssociated events = 10
 Minimum number of associated events for any trigger event = 1

=============================================

MessageLogger Summary

 type     category        sev    module        subroutine        count    total
 ---- -------------------- -- ---------------- ----------------  -----    -----
    1 fileAction           -s file_close                             3        3
    2 fileAction           -s file_open                              6        6

 type    category    Examples: run/evt        run/evt          run/evt
 ---- -------------------- ---------------- ---------------- ----------------
    1 fileAction           PostBeginLumi    PostProcessEvent PostEndRun
    2 fileAction           pre-events       pre-events       PostProcessEvent

Severity    # Occurrences   Total Occurrences
--------    -------------   -----------------
System                  9                   9
>>> END OF printout of 585 lines from stdout+stderr
>>> Parse FrameworkJobReport crab_fjr.xml
Result of parsing the FrameworkJobReport crab_fjr.xml: Popularity start
lumisRange : 210986::1164-1182::1;210998::129-131::2;210998::132-135::3;
lumisParentRange : 
Basename : /store/hidata/HIRun2013/PAMuon/RECO/PromptReco-v1/000/210/9
BasenameParent : 
parentFiles : 
inputBlocks : /PAMuon/HIRun2013-PromptReco-v1/RECO#c1227d52-6b07-11e2-9b6e-003048caaace
inputFiles : 86/00000/0813DDF9-8B6B-E211-AA81-003048D2BA82.root::1::EDM::Local::1;98/00000/D0453EC3-BB6B-E211-9629-0025901D6268.root::1::EDM::Local::2;98/00000/B0089F09-B86B-E211-B3BF-003048D2BED6.root::1::EDM::Local::3;
Popularity stop
Extracted ExitStatus from FrameworkJobReport parsing output: 0
>>> Executable succeded  0
ExeExitCode=0
EXECUTABLE_EXIT_STATUS = 0
>>> current directory /export/data1/condor/execute/dir_23000/glide_DIj3tt/execute/dir_7798/cms_uffiUbdWg55Z/CMSSW_5_3_8_HI_patch2
>>>  (SOFTWARE_DIR): /export/data1/condor/execute/dir_23000/glide_DIj3tt/execute/dir_7798/cms_uffiUbdWg55Z/CMSSW_5_3_8_HI_patch2
>>> (WORKING_DIR): /export/data1/condor/execute/dir_23000/glide_DIj3tt/execute/dir_7798/cms_uffiUbdWg55Z
>>> current directory content:
total 2840
drwxr-xr-x 3 cmsuxxxx cmsuxxxx    4096 Apr 28 17:36 .SCRAM
-rw------- 1 cmsuxxxx cmsuxxxx 1311770 Apr 28 17:36 CMSSW.py.pkl
drwxr-xr-x 3 cmsuxxxx cmsuxxxx    4096 Apr 28 17:36 bin
drwxr-xr-x 3 cmsuxxxx cmsuxxxx    4096 Apr 28 17:36 cfipython
drwxr-xr-x 5 cmsuxxxx cmsuxxxx    4096 Apr 28 17:36 config
-rw------- 1 cmsuxxxx cmsuxxxx      15 Apr 28 17:39 cpu_timing.txt
drwxr-xr-x 2 cmsuxxxx cmsuxxxx    4096 Apr 28 17:36 doc
-rw------- 1 cmsuxxxx cmsuxxxx   62216 Apr 28 17:39 executable.out
drwxr-xr-x 2 cmsuxxxx cmsuxxxx    4096 Apr 28 17:36 include
drwx------ 3 cmsuxxxx cmsuxxxx    4096 Jan 14 18:06 lib
drwxr-xr-x 3 cmsuxxxx cmsuxxxx    4096 Apr 28 17:36 logs
drwxr-xr-x 3 cmsuxxxx cmsuxxxx    4096 Apr 28 17:36 objs
-rw------- 1 cmsuxxxx cmsuxxxx  141599 Apr 28 17:39 pPbMuon_S49-74_28April2014V2.root
-rw------- 1 cmsuxxxx cmsuxxxx     104 Apr 28 17:36 pset.py
-rw------- 1 cmsuxxxx cmsuxxxx 1310888 Apr 28 17:36 pset.py.pkl
-rw------- 1 cmsuxxxx cmsuxxxx     289 Apr 28 17:36 pset.pyc
drwxr-xr-x 2 cmsuxxxx cmsuxxxx    4096 Apr 28 17:36 python
-rw------- 1 cmsuxxxx cmsuxxxx     407 Apr 28 17:39 report.log
drwx------ 5 cmsuxxxx cmsuxxxx    4096 Apr 28 17:36 src
drwxr-xr-x 3 cmsuxxxx cmsuxxxx    4096 Apr 28 17:36 test
drwxr-xr-x 3 cmsuxxxx cmsuxxxx    4096 Apr 28 17:36 tmp
>>> current directory /export/data1/condor/execute/dir_23000/glide_DIj3tt/execute/dir_7798/cms_uffiUbdWg55Z/CMSSW_5_3_8_HI_patch2
>>> (SOFTWARE_DIR): /export/data1/condor/execute/dir_23000/glide_DIj3tt/execute/dir_7798/cms_uffiUbdWg55Z/CMSSW_5_3_8_HI_patch2
>>> (WORKING_DIR): /export/data1/condor/execute/dir_23000/glide_DIj3tt/execute/dir_7798/cms_uffiUbdWg55Z
>>> current directory content:
total 2840
drwxr-xr-x 3 cmsuxxxx cmsuxxxx    4096 Apr 28 17:36 .SCRAM
-rw------- 1 cmsuxxxx cmsuxxxx 1311770 Apr 28 17:36 CMSSW.py.pkl
drwxr-xr-x 3 cmsuxxxx cmsuxxxx    4096 Apr 28 17:36 bin
drwxr-xr-x 3 cmsuxxxx cmsuxxxx    4096 Apr 28 17:36 cfipython
drwxr-xr-x 5 cmsuxxxx cmsuxxxx    4096 Apr 28 17:36 config
-rw------- 1 cmsuxxxx cmsuxxxx      15 Apr 28 17:39 cpu_timing.txt
drwxr-xr-x 2 cmsuxxxx cmsuxxxx    4096 Apr 28 17:36 doc
-rw------- 1 cmsuxxxx cmsuxxxx   62216 Apr 28 17:39 executable.out
drwxr-xr-x 2 cmsuxxxx cmsuxxxx    4096 Apr 28 17:36 include
drwx------ 3 cmsuxxxx cmsuxxxx    4096 Jan 14 18:06 lib
drwxr-xr-x 3 cmsuxxxx cmsuxxxx    4096 Apr 28 17:36 logs
drwxr-xr-x 3 cmsuxxxx cmsuxxxx    4096 Apr 28 17:36 objs
-rw------- 1 cmsuxxxx cmsuxxxx  141599 Apr 28 17:39 pPbMuon_S49-74_28April2014V2_354_1_2AD.root
-rw------- 1 cmsuxxxx cmsuxxxx     104 Apr 28 17:36 pset.py
-rw------- 1 cmsuxxxx cmsuxxxx 1310888 Apr 28 17:36 pset.py.pkl
-rw------- 1 cmsuxxxx cmsuxxxx     289 Apr 28 17:36 pset.pyc
drwxr-xr-x 2 cmsuxxxx cmsuxxxx    4096 Apr 28 17:36 python
-rw------- 1 cmsuxxxx cmsuxxxx     407 Apr 28 17:39 report.log
drwx------ 5 cmsuxxxx cmsuxxxx    4096 Apr 28 17:36 src
drwxr-xr-x 3 cmsuxxxx cmsuxxxx    4096 Apr 28 17:36 test
drwxr-xr-x 3 cmsuxxxx cmsuxxxx    4096 Apr 28 17:36 tmp
>>> current directory (RUNTIME_AREA):  /export/data1/condor/execute/dir_23000/glide_DIj3tt/execute/dir_7798
SE = se1.accre.vanderbilt.edu
SE_PATH = /srm/v2/server?SFN=/store/user/maguire/hiRun2013pPb/
LFNBaseName = /store/user/maguire/hiRun2013pPb/
USER = maguire
endpoint = srm://se1.accre.vanderbilt.edu:6288/srm/v2/server?SFN=/store/user/maguire/hiRun2013pPb/
>>> Copy output files from WN = t2bat0174.cmsaf.mit.edu to /srm/v2/server?SFN=/store/user/maguire/hiRun2013pPb/ :
python cmscp.py  --destination srm://se1.accre.vanderbilt.edu:6288/srm/v2/server?SFN=/store/user/maguire/hiRun2013pPb/ --inputFileList /export/data1/condor/execute/dir_23000/glide_DIj3tt/execute/dir_7798/cms_uffiUbdWg55Z/CMSSW_5_3_8_HI_patch2/pPbMuon_S49-74_28April2014V2_354_1_2AD.root --middleware OSG --se_name se1.accre.vanderbilt.edu --for_lfn /store/user/maguire/hiRun2013pPb/    
******************************************************
localSeName  =  se01.cmsaf.mit.edu
remoteSeName =  se1.accre.vanderbilt.edu
******************************************************
{"/export/data1/condor/execute/dir_23000/glide_DIj3tt/execute/dir_7798/cms_uffiUbdWg55Z/CMSSW_5_3_8_HI_patch2/pPbMuon_S49-74_28April2014V2_354_1_2AD.root": {"endpoint": "srm://se1.accre.vanderbilt.edu:6288/srm/v2/server?SFN=/store/user/maguire/hiRun2013pPb/", "surl_for_grid": "", "reason": "Copy succedeed with srm-lcg utils", "erCode": "0", "se_name": "se1.accre.vanderbilt.edu", "for_lfn": "/store/user/maguire/hiRun2013pPb/"}}/export/data1/condor/execute/dir_23000/glide_DIj3tt/execute/dir_7798
-------- cat /export/data1/condor/execute/dir_23000/glide_DIj3tt/execute/dir_7798/cmscpReport.sh 
#!/bin/bash
echo "Report for File: /export/data1/condor/execute/dir_23000/glide_DIj3tt/execute/dir_7798/cms_uffiUbdWg55Z/CMSSW_5_3_8_HI_patch2/pPbMuon_S49-74_28April2014V2_354_1_2AD.root"
echo "LFN: /store/user/maguire/hiRun2013pPb/pPbMuon_S49-74_28April2014V2_354_1_2AD.root"
echo "StorageElement: se1.accre.vanderbilt.edu"
echo "StageOutExitStatusReason = 'Copy succedeed with srm-lcg utils'" | tee -a $RUNTIME_AREA/$repo
echo "StageOutSE = se1.accre.vanderbilt.edu" >> $RUNTIME_AREA/$repo

export StageOutExitStatus=0
echo "StageOutExitStatus = 0" | tee -a $RUNTIME_AREA/$repo
-------- end of /export/data1/condor/execute/dir_23000/glide_DIj3tt/execute/dir_7798/cmscpReport.sh 
Report for File: /export/data1/condor/execute/dir_23000/glide_DIj3tt/execute/dir_7798/cms_uffiUbdWg55Z/CMSSW_5_3_8_HI_patch2/pPbMuon_S49-74_28April2014V2_354_1_2AD.root
LFN: /store/user/maguire/hiRun2013pPb/pPbMuon_S49-74_28April2014V2_354_1_2AD.root
StorageElement: se1.accre.vanderbilt.edu
StageOutExitStatusReason = 'Copy succedeed with srm-lcg utils'
StageOutExitStatus = 0
>>> current dir: /export/data1/condor/execute/dir_23000/glide_DIj3tt/execute/dir_7798
>>> current dir content:
total 3976
-rw------- 1 cmsuxxxx cmsuxxxx    2828 Apr 28 17:41 .SEinteraction.log
-rwx------ 1 cmsuxxxx cmsuxxxx    6650 Apr 28 17:36 .job.ad
-rwx------ 1 cmsuxxxx cmsuxxxx   14123 Apr 28 17:36 .machine.ad
-rw------- 1 cmsuxxxx cmsuxxxx     105 Apr 28 16:44 CMSSW.py
-rw------- 1 cmsuxxxx cmsuxxxx 1311770 Apr 28 16:44 CMSSW.py.pkl
-rwx------ 1 cmsuxxxx cmsuxxxx   28577 Apr 28 17:36 CMSSW.sh
-rw------- 1 cmsuxxxx cmsuxxxx     186 Apr 28 17:36 CacheEnv.sh
-rw------- 1 cmsuxxxx cmsuxxxx    7291 Apr  4 05:04 DashboardAPI.py
-rw------- 1 cmsuxxxx cmsuxxxx    6718 Apr 28 17:36 DashboardAPI.pyc
drwx------ 2 cmsuxxxx cmsuxxxx    4096 Apr 28 17:39 IMProv
-rw------- 1 cmsuxxxx cmsuxxxx    2748 Apr  4 05:04 Logger.py
-rw------- 1 cmsuxxxx cmsuxxxx    3298 Apr 28 17:36 Logger.pyc
-rw------- 1 cmsuxxxx cmsuxxxx   24524 Apr  4 05:04 ProcInfo.py
-rw------- 1 cmsuxxxx cmsuxxxx   23206 Apr 28 17:36 ProcInfo.pyc
drwx------ 7 cmsuxxxx cmsuxxxx    4096 Apr 28 17:36 ProdCommon
drwx------ 3 cmsuxxxx cmsuxxxx    4096 Apr 28 17:36 WMCore
-rw------- 1 cmsuxxxx cmsuxxxx    1633 Apr 28 17:40 Watchdog_354.log
-rwx------ 1 cmsuxxxx cmsuxxxx       0 Apr 28 17:36 _condor_stderr
-rwx---r-- 1 cmsuxxxx cmsuxxxx   78214 Apr 28 17:41 _condor_stdout
-rw------- 1 cmsuxxxx cmsuxxxx   32895 Apr  4 05:04 apmon.py
-rw------- 1 cmsuxxxx cmsuxxxx   28555 Apr 28 17:36 apmon.pyc
-rwx------ 1 cmsuxxxx cmsuxxxx  289691 Apr 28 17:36 arguments.xml
-rwx------ 1 cmsuxxxx cmsuxxxx  145992 Dec 18  2012 cmsRun
drwx------ 3 cmsuxxxx cmsuxxxx    4096 Apr 28 17:36 cms_uffiUbdWg55Z
-rwx------ 1 cmsuxxxx cmsuxxxx   38515 Apr  4 05:04 cmscp.py
-rw------- 1 cmsuxxxx cmsuxxxx     580 Apr 28 17:41 cmscpReport.sh
-rwx------ 1 cmsuxxxx cmsuxxxx   28577 Apr 28 17:36 condor_exec.exe
-rw------- 1 cmsuxxxx cmsuxxxx     422 Apr 28 16:43 crab.cfg
-rwx------ 1 cmsuxxxx cmsuxxxx    8610 Apr  4 05:04 crabWatchdog.sh
-rwx---r-- 1 cmsuxxxx cmsuxxxx  124820 Apr 28 17:39 crab_fjr_354.xml
-rwx------ 1 cmsuxxxx cmsuxxxx 1715325 Apr 28 17:36 default.tgz
-rwx------ 1 cmsuxxxx cmsuxxxx    4488 Apr  4 05:04 fillCrabFjr.py
-rw------- 1 cmsuxxxx cmsuxxxx     497 Apr 28 17:36 inputsReport.txt
-rw------- 1 cmsuxxxx cmsuxxxx     262 Apr 28 17:41 jobreport.txt
lrwxrwxrwx 1 cmsuxxxx cmsuxxxx     151 Apr 28 17:40 pPbMuon_S49-74_28April2014V2.root -> /export/data1/condor/execute/dir_23000/glide_DIj3tt/execute/dir_7798/cms_uffiUbdWg55Z/CMSSW_5_3_8_HI_patch2/pPbMuon_S49-74_28April2014V2_354_1_2AD.root
-rw------- 1 cmsuxxxx cmsuxxxx   17352 Apr  4 05:04 parseCrabFjr.py
-rw------- 1 cmsuxxxx cmsuxxxx     328 Apr 28 17:36 report.log
-rwx--x--x 1 cmsuxxxx cmsuxxxx    1497 Apr  4 05:04 report.py
-rw------- 1 cmsuxxxx cmsuxxxx     430 Apr 28 17:41 resultCopyFile
-rwx------ 1 cmsuxxxx cmsuxxxx    8387 Apr  4 05:04 writeCfg.py
-rw------- 1 cmsuxxxx cmsuxxxx    9557 Apr 28 17:36 x509up_u28075
>>> Modify Job Report:
CMSSW_VERSION = CMSSW_5_3_8_HI_patch2
/export/data1/condor/execute/dir_23000/glide_DIj3tt/execute/dir_7798/ProdCommon/FwkJobRep/ModifyJobReport.py fjr /export/data1/condor/execute/dir_23000/glide_DIj3tt/execute/dir_7798/crab_fjr_354.xml json /export/data1/condor/execute/dir_23000/glide_DIj3tt/execute/dir_7798/resultCopyFile n_job 354_1_2AD PrimaryDataset PAMuon  ApplicationFamily cmsRun ApplicationName cmsRun cmssw_version CMSSW_5_3_8_HI_patch2 psethash ac52e357badcb671e8469e91a82c520a
inputDict =  {u'/export/data1/condor/execute/dir_23000/glide_DIj3tt/execute/dir_7798/cms_uffiUbdWg55Z/CMSSW_5_3_8_HI_patch2/pPbMuon_S49-74_28April2014V2_354_1_2AD.root': {u'endpoint': u'srm://se1.accre.vanderbilt.edu:6288/srm/v2/server?SFN=/store/user/maguire/hiRun2013pPb/', u'surl_for_grid': u'', u'reason': u'Copy succedeed with srm-lcg utils', u'erCode': u'0', u'se_name': u'se1.accre.vanderbilt.edu', u'for_lfn': u'/store/user/maguire/hiRun2013pPb/'}}
UserProcessedDataset =  
    file =  pPbMuon_S49-74_28April2014V2_354_1_2AD.root
    newPfn =  srm://se1.accre.vanderbilt.edu:6288/srm/v2/server?SFN=/store/user/maguire/hiRun2013pPb/pPbMuon_S49-74_28April2014V2_354_1_2AD.root
    newLfn =  /store/user/maguire/hiRun2013pPb/pPbMuon_S49-74_28April2014V2_354_1_2AD.root
>>> crab_fjr_*.xml  permission set to 0704
CrabWrapper EXIT_FUNC entered at Mon Apr 28 17:41:39 EDT 2014   -  Mon Apr 28 21:41:39 UTC 2014
Checking output files:  
will tar file crab_fjr_354.xml in  out_files_354
WARNING: output file CMSSW_354.stdout not found!
WARNING: output file CMSSW_354.stderr not found!
WARNING: output file Watchdog_354.log.gz not found!
>>> working dir = /export/data1/condor/execute/dir_23000/glide_DIj3tt/execute/dir_7798/cms_uffiUbdWg55Z
>>> current directory (RUNTIME_AREA): /export/data1/condor/execute/dir_23000/glide_DIj3tt/execute/dir_7798
>>> Remove working directory: /export/data1/condor/execute/dir_23000/glide_DIj3tt/execute/dir_7798/cms_uffiUbdWg55Z
/condor/execute/dir_23000/glide_DIj3tt/execute/dir_7798/condor_exec.exe: line 140: symlinks: command not found
>>> padding time: Sleeping the wrapper for 307 seconds
STOPPING WATCHDOG. CrabWatchdog PID is 8092
********** LAST 50 LINES OF WATCHDOG LOG
# RESOURCE USAGE SUMMARY FOR PROCESS ID  7925
USER       PID %CPU %MEM    VSZ   RSS TTY      STAT START   TIME COMMAND
cmsuxxxx  7925  0.8  0.0   9712  1572 ?        SN   17:36   0:00 /bin/sh /condor/execute/dir_23000/glide_DIj3tt/execute/dir_7798/condor_exec.exe 354 1
 
# LIMITS USED BY CRAB WATCHDOG:
# RSS  (KBytes)   : 2300000
# VSZ  (KBytes)   : 100000000
# DISK (MBytes)   : 19000
# CPU TIME        : 720h:0m:0s
# WALL CLOCK TIME : 21h:50m:0s
 
# FOLLOWING PRINTOUT TRACKS MAXIMUM VALUES OF RESOURCES USE
# ONE LINE IS PRINTED EACH TIME A MAXIMUM CHANGES
# IF CHANGE WAS IN RSS OR VSZ ALSO PROCID AND COMMAND ARE PRINTED
# THERE IS NO PRINTOUT FOR CPU/WALL TIME INCREASE
 
# TIME			PID	RSS(KB)	VSZ(KB)	Dsk(MB)	tCPU(s)	tWALL(s)	COMMAND
 Apr 28 17:36:51 EDT	7798	8112	89196	0	0	0	condor_starter -f submit-6.t2.ucsd.edu        
 Apr 28 17:36:51 EDT	8104	24096	89196	0	0	0	edmConfigHash pset.py         
 Apr 28 17:36:51 EDT	28093	24096	89404	0	0	0	condor_startd -f         
 Apr 28 17:36:51 EDT	---	24096	89404	9	----	----	----
 Apr 28 17:37:51 EDT	8399	518392	685992	9	24	61	cmsRun -j /export/data1/condor/execute/dir_23000/glide_DIj3tt/execute/dir_7798/crab_fjr_354.xml -p pset.py      
 Apr 28 17:37:51 EDT	---	518392	685992	10	----	----	----
 Apr 28 17:38:52 EDT	8399	574572	763816	10	24	121	cmsRun -j /export/data1/condor/execute/dir_23000/glide_DIj3tt/execute/dir_7798/crab_fjr_354.xml -p pset.py      
 Apr 28 17:39:52 EDT	8399	585660	801192	10	43	181	cmsRun -j /export/data1/condor/execute/dir_23000/glide_DIj3tt/execute/dir_7798/crab_fjr_354.xml -p pset.py      
 Apr 28 17:40:52 EDT	---	585660	801192	11	----	----	----
********** WATCHDOG LOG ENDED
ZIPPING WATCHDOG LOG
Disk space used:
du -sh /export/data1/condor/execute/dir_23000/glide_DIj3tt/execute/dir_7798
5.3M	/export/data1/condor/execute/dir_23000/glide_DIj3tt/execute/dir_7798
Found unusual stdout, rename for OSB
`/export/data1/condor/execute/dir_23000/glide_DIj3tt/execute/dir_7798/_condor_stdout' -> `CMSSW_354.stdout'
Found unusual stderr, rename for OSB
`/export/data1/condor/execute/dir_23000/glide_DIj3tt/execute/dir_7798/_condor_stdout' -> `CMSSW_354.stderr'
crab_fjr_354.xml
CMSSW_354.stdout
CMSSW_354.stderr
Watchdog_354.log.gz
Total Output dimension: 44292
WARNING: output files size limit is set to: 50000000
Total Output dimension 44292 is fine.
JOB_EXIT_STATUS = 0
>>> info for dashboard:
***** Cat /export/data1/condor/execute/dir_23000/glide_DIj3tt/execute/dir_7798/jobreport.txt *****
MonitorJobID=354_https://submit-6.t2.ucsd.edu//140428//136964.178
MonitorID=maguire_crab_0_140428_154345_yt8b07
ExeTime=182
ExeExitCode=0
StageOutExitStatusReason = 'Copy succedeed with srm-lcg utils'
StageOutSE = se1.accre.vanderbilt.edu
StageOutExitStatus = 0
CrabUserCpuTime=47.13
CrabSysCpuTime=1.75
CrabCpuPercentage=26%
CrabWrapperTime=600
CrabStageoutTime=97
JobExitCode=0
***** End Cat jobreport *****
Parameters sent to Dashboard.
EXITING at Mon Apr 28 17:46:48 EDT 2014  -  Mon Apr 28 21:46:48 UTC 2014
