This script was generated by crab (version 2.10.5_patch1).
Running /tmp/1144209.vmpsched/glide_DwPDI4/execute/dir_28935/condor_exec.exe with 2 positional parameters: 113 1
Today is Mon Apr 28 19:27:07 CDT 2014 - Tue Apr 29 00:27:07 UTC 2014
Job submitted on host vmp614
Linux vmp614 2.6.32-358.14.1.el6.x86_64 #1 SMP Tue Jul 16 23:51:20 UTC 2013 x86_64 x86_64 x86_64 GNU/Linux
>>> current directory (RUNTIME_AREA): /tmp/1144209.vmpsched/glide_DwPDI4/execute/dir_28935
>>> current user: uid=59942(uscms4054) gid=31000(cms) groups=31000(cms),65001(glexec001)
>>> directory permission set to 0700
>>> umask set to:  u=rwx,g=,o=
>>> stdout stderr permission set to 0704
>>> voms proxy information:
subject   : /DC=ch/DC=cern/OU=Organic Units/OU=Users/CN=maguire/CN=671063/CN=Charles Felix Maguire/CN=594726435/CN=2008714389
issuer    : /DC=ch/DC=cern/OU=Organic Units/OU=Users/CN=maguire/CN=671063/CN=Charles Felix Maguire/CN=594726435
identity  : /DC=ch/DC=cern/OU=Organic Units/OU=Users/CN=maguire/CN=671063/CN=Charles Felix Maguire/CN=594726435
type      : RFC compliant proxy
strength  : 1024 bits
path      : /tmp/1144209.vmpsched/glide_DwPDI4/execute/dir_28935/x509up_u28075
timeleft  : 23:59:57
key usage : Digital Signature, Key Encipherment
=== VO cms extension information ===
VO        : cms
subject   : /DC=ch/DC=cern/OU=Organic Units/OU=Users/CN=maguire/CN=671063/CN=Charles Felix Maguire
issuer    : /DC=ch/DC=cern/OU=computers/CN=lcg-voms.cern.ch
attribute : /cms/Role=NULL/Capability=NULL
attribute : /cms/uscms/Role=NULL/Capability=NULL
timeleft  : 186:42:54
uri       : lcg-voms.cern.ch:15002
WNHostName=vmp614
>>> tar --no-same-permissions -xf /tmp/1144209.vmpsched/glide_DwPDI4/execute/dir_28935/default.tgz :
Successful untar
>>> Include /tmp/1144209.vmpsched/glide_DwPDI4/execute/dir_28935 in PYTHONPATH:
strip arguments
env var CRAB_UNIQUE_JOB_ID set to: maguire_crab_0_140428_154345_yt8b07_113_1_fkz
out_files_113
>>> list of expected files on output sandbox
output files: crab_fjr_113.xml CMSSW_113.stdout CMSSW_113.stderr Watchdog_113.log.gz
>>> GridFlavour discovery: 
source OSG GRID setup script
GridFlavour=OSG
>>> SyncSite discovery: 
SyncSite=T2_US_Vanderbilt
>>> SyncCE discovery: 
getting SyncCE from OSG_JOB_CONTACT
SyncCE=ce1.accre.vanderbilt.edu/jobmanager-pbs
>>> info for dashboard:
***** Cat /tmp/1144209.vmpsched/glide_DwPDI4/execute/dir_28935/jobreport.txt *****
WNHostName=vmp614
MonitorJobID=113_https://submit-6.t2.ucsd.edu//140428//136965.111
SyncGridJobId=https://submit-6.t2.ucsd.edu//140428//136965.111
MonitorID=maguire_crab_0_140428_154345_yt8b07
GridFlavour=OSG
SyncSite=T2_US_Vanderbilt
SyncCE=ce1.accre.vanderbilt.edu/jobmanager-pbs
***** End Cat jobreport *****
Parameters sent to Dashboard.
>>> setup environment
set SCRAM ARCH to slc5_amd64_gcc462
SCRAM_ARCH = slc5_amd64_gcc462
>>> Created working directory: /tmp/1144209.vmpsched/glide_DwPDI4/execute/dir_28935/cms_uFop9IGSUaVx
Change to working directory: /tmp/1144209.vmpsched/glide_DwPDI4/execute/dir_28935/cms_uFop9IGSUaVx
>>> current directory (WORKING_DIR): /tmp/1144209.vmpsched/glide_DwPDI4/execute/dir_28935/cms_uFop9IGSUaVx
>>> setup CMS OSG environment:
set SCRAM ARCH to slc5_amd64_gcc462
SCRAM_ARCH = slc5_amd64_gcc462
OSG_APP is /home/grid-app
sourcing /home/grid-app/cmssoft/cms/cmsset_default.sh ...
==> setup cms environment ok
SCRAM_ARCH = slc5_amd64_gcc462
>>> specific cmssw setup environment:
CMSSW_VERSION =  CMSSW_5_3_8_HI_patch2
>>> current directory (SOFTWARE_DIR): /tmp/1144209.vmpsched/glide_DwPDI4/execute/dir_28935/cms_uFop9IGSUaVx/CMSSW_5_3_8_HI_patch2
PreserveSeeds: <>
IncrementSeeds:<>
>>> info for dashboard:
***** Cat /tmp/1144209.vmpsched/glide_DwPDI4/execute/dir_28935/jobreport.txt *****
MonitorJobID=113_https://submit-6.t2.ucsd.edu//140428//136965.111
MonitorID=maguire_crab_0_140428_154345_yt8b07
***** End Cat jobreport *****
Parameters sent to Dashboard.
crabWatchdog started as process 29180
>>> moving CMSSW software directories in /tmp/1144209.vmpsched/glide_DwPDI4/execute/dir_28935/cms_uFop9IGSUaVx/CMSSW_5_3_8_HI_patch2
mv: cannot stat `/tmp/1144209.vmpsched/glide_DwPDI4/execute/dir_28935/module/': No such file or directory
>>> Include /tmp/1144209.vmpsched/glide_DwPDI4/execute/dir_28935 in PYTHONPATH:
PYTHONPATH=/tmp/1144209.vmpsched/glide_DwPDI4/execute/dir_28935/:/tmp/1144209.vmpsched/glide_DwPDI4/execute/dir_28935/cms_uFop9IGSUaVx/CMSSW_5_3_8_HI_patch2/python:/tmp/1144209.vmpsched/glide_DwPDI4/execute/dir_28935/cms_uFop9IGSUaVx/CMSSW_5_3_8_HI_patch2/lib/slc5_amd64_gcc462:/cvmfs/cms.cern.ch/slc5_amd64_gcc462/cms/cmssw-patch/CMSSW_5_3_8_HI_patch2/python:/cvmfs/cms.cern.ch/slc5_amd64_gcc462/cms/cmssw-patch/CMSSW_5_3_8_HI_patch2/lib/slc5_amd64_gcc462:/cvmfs/cms.cern.ch/slc5_amd64_gcc462/cms/cmssw/CMSSW_5_3_8_HI/bin/slc5_amd64_gcc462:/cvmfs/cms.cern.ch/slc5_amd64_gcc462/cms/cmssw/CMSSW_5_3_8_HI/lib/slc5_amd64_gcc462:/cvmfs/cms.cern.ch/slc5_amd64_gcc462/cms/coral/CORAL_2_3_21-cms31/slc5_amd64_gcc462/python:/cvmfs/cms.cern.ch/slc5_amd64_gcc462/cms/coral/CORAL_2_3_21-cms31/slc5_amd64_gcc462/lib:/cvmfs/cms.cern.ch/slc5_amd64_gcc462/external/pyqt/4.8.1/lib/python2.6/site-packages:/cvmfs/cms.cern.ch/slc5_amd64_gcc462/external/py2-scipy/0.8.0/lib/python2.6/site-packages:/cvmfs/cms.cern.ch/slc5_amd64_gcc462/external/py2-matplotlib/1.0.1/lib/python2.6/site-packages:/cvmfs/cms.cern.ch/slc5_amd64_gcc462/external/python-ldap/2.3.5/lib/python2.6/site-packages:/cvmfs/cms.cern.ch/slc5_amd64_gcc462/external/sip/4.11.2/lib/python2.6/site-packages:/cvmfs/cms.cern.ch/slc5_amd64_gcc462/external/py2-pycurl/7.19.0/lib/python2.6/site-packages:/cvmfs/cms.cern.ch/slc5_amd64_gcc462/external/py2-numpy/1.6.1/lib/python2.6/site-packages:/cvmfs/cms.cern.ch/slc5_amd64_gcc462/external/py2-ipython/0.10/lib/python2.6/site-packages:/cvmfs/cms.cern.ch/slc5_amd64_gcc462/external/py2-cx-oracle/5.1-cms11/lib/python2.6/site-packages:/cvmfs/cms.cern.ch/slc5_amd64_gcc462/external/py2-cjson/1.0.5/lib/python2.6/site-packages:/cvmfs/cms.cern.ch/slc5_amd64_gcc462/cms/das-client/1.4.1-cms8/bin:/cvmfs/cms.cern.ch/slc5_amd64_gcc462/external/elementtree/1.2.6/share/lib/python2.6/site-packages:/cvmfs/cms.cern.ch/slc5_amd64_gcc462/external/rivet/1.5.1-cms10/lib/python2.6/site-packages:/cvmfs/cms.cern.ch/slc5_amd64_gcc462/external/pyminuit2/0.0.1-cms39/lib/python2.6/site-packages:/cvmfs/cms.cern.ch/slc5_amd64_gcc462/external/professor/1.0.0-cms40/lib/python2.6/site-packages:/cvmfs/cms.cern.ch/slc5_amd64_gcc462/lcg/root/5.32.00-cms21/lib:/cvmfs/cms.cern.ch/slc5_amd64_gcc462/cms/dbs-client/DBS_2_1_1_patch1_1/lib:/cvmfs/cms.cern.ch/slc5_amd64_gcc462/cms/dbs-client/DBS_2_1_1_patch1_1/lib/DBSAPI:/tmp/1144209.vmpsched/glide_DwPDI4/execute/dir_28935/
 
# LIMITS USED BY CRAB WATCHDOG:
# RSS  (KBytes)   : 2300000
# VSZ  (KBytes)   : 100000000
# DISK (MBytes)   : 19000
# CPU TIME        : 720h:0m:0s
# WALL CLOCK TIME : 21h:50m:0s
 
ac52e357badcb671e8469e91a82c520a
PSETHASH = ac52e357badcb671e8469e91a82c520a
/tmp/1144209.vmpsched/glide_DwPDI4/execute/dir_28935/writeCfg.py pset.py pset.py
Importing .py file
Setting parameters
RandomNumberGeneratorService found, will attempt to change seeds
inputBlocks=/PAMuon/HIRun2013-PromptReco-v1/RECO#1e7edd32-6bd1-11e2-9eda-003048caaace
inputFiles=/store/hidata/HIRun2013/PAMuon/RECO/PromptReco-v1/000/211/001/00000/D8341EAC-D86B-E211-B8AE-0025901D631E.root;/store/hidata/HIRun2013/PAMuon/RECO/PromptReco-v1/000/211/001/00000/50C3D6BC-D66B-E211-A394-003048F11114.root;/store/hidata/HIRun2013/PAMuon/RECO/PromptReco-v1/000/211/001/00000/B8A6CDE2-D76B-E211-AAEE-001D09F25267.root
parentFiles=
lumisRange=211001:127-211001:153
>>> Executable cmsRun
/cvmfs/cms.cern.ch/slc5_amd64_gcc462/cms/cmssw/CMSSW_5_3_8_HI/bin/slc5_amd64_gcc462/cmsRun
ok executable found
>>> info for dashboard:
***** Cat /tmp/1144209.vmpsched/glide_DwPDI4/execute/dir_28935/jobreport.txt *****
MonitorJobID=113_https://submit-6.t2.ucsd.edu//140428//136965.111
MonitorID=maguire_crab_0_140428_154345_yt8b07
ExeStart=cmsRun
***** End Cat jobreport *****
Parameters sent to Dashboard.
>>> cmsRun started at Tue Apr 29 00:27:16 UTC 2014
>>> cmsRun ended at Tue Apr 29 00:41:30 UTC 2014
>>> crab_fjr_*.xml  permission set to 0704
>>> info for dashboard:
***** Cat /tmp/1144209.vmpsched/glide_DwPDI4/execute/dir_28935/jobreport.txt *****
MonitorJobID=113_https://submit-6.t2.ucsd.edu//140428//136965.111
MonitorID=maguire_crab_0_140428_154345_yt8b07
ExeEnd=cmsRun
***** End Cat jobreport *****
Parameters sent to Dashboard.
TIME_EXE = 854 sec
>>> cmsRun wrote 700 lines of stdout+stderr
>>> START OF printout of 700 lines from stdout+stderr
28-Apr-2014 19:27:29 CDT  Initiating request to open file /store//hidata/HIRun2013/PAMuon/RECO/PromptReco-v1/000/211/001/00000/D8341EAC-D86B-E211-B8AE-0025901D631E.root
28-Apr-2014 19:27:32 CDT  Successfully opened file /store//hidata/HIRun2013/PAMuon/RECO/PromptReco-v1/000/211/001/00000/D8341EAC-D86B-E211-B8AE-0025901D631E.root

 The low invariant mass cut is 0.095 GeV/c^2
 The high invariant mass cut is 0.175 GeV/c^2
The pT bin width used are: 16	1.6	12
pT bins used for the histogram: 8	1	6

 Using a pT dependent separation cut parameterization 35.657/pT - 4.1995/pT^2,  with a rescale factor 0.7

 The goodAngleMatch opening angle criterion for reco track-cluster matching is 0.03 radians

 The goodPhiMatch residual angle criterion for reco track-cluster matching is 0.03 radians

 The goodThetaMatch residual angle criterion for reco track-cluster matching is 0.03 radians

 Cluster energy value will be recalibrated according to number of crystals in the cluster

 There is no check on the number of crystals in a cluster

 Cluster with a charged particle tracking match will not be used

 An output tree will be generated according to the xxxStore parameters


  Attempt to create m_tree object 


 Return from m_tree creation attempt, with m_tree value 0x2b58d9908300

 No crystal information is being stored in the hTree for this job
 The basic cluster information is being stored in the hTree for this job
 No reco track-cluster information is being stored in the hTree for this job
 No reco tracks information is being stored in the hTree for this job
 No mcParticle information is being stored in the hTree for this job
 No simTrack information is being stored in the hTree for this job
 No mergedTrackTruth information is being stored in the hTree for this job
 No genParticle information is being stored in the hTree for this job
 No generator meson and reco truth information is being stored in the hTree for this job
 No generator photon and reco truth information is being stored in the hTree for this job

 Completed set up for the hTree contents (photon component is the last check)

Begin processing the 1st record. Run 211001, Event 62859126, LumiSection 127 at 28-Apr-2014 19:28:35.547 CDT
Begin processing the 101st record. Run 211001, Event 63235958, LumiSection 127 at 28-Apr-2014 19:30:56.582 CDT
Begin processing the 201st record. Run 211001, Event 63036827, LumiSection 127 at 28-Apr-2014 19:30:56.666 CDT
Begin processing the 301st record. Run 211001, Event 62939868, LumiSection 127 at 28-Apr-2014 19:30:56.751 CDT
Begin processing the 401st record. Run 211001, Event 63270324, LumiSection 127 at 28-Apr-2014 19:30:56.835 CDT
Begin processing the 501st record. Run 211001, Event 63167871, LumiSection 127 at 28-Apr-2014 19:30:56.919 CDT
Begin processing the 601st record. Run 211001, Event 63034629, LumiSection 127 at 28-Apr-2014 19:30:57.004 CDT
Begin processing the 701st record. Run 211001, Event 62918586, LumiSection 127 at 28-Apr-2014 19:30:57.088 CDT
Begin processing the 801st record. Run 211001, Event 63240298, LumiSection 127 at 28-Apr-2014 19:30:57.172 CDT
Begin processing the 901st record. Run 211001, Event 63095877, LumiSection 127 at 28-Apr-2014 19:30:57.256 CDT
Begin processing the 1001st record. Run 211001, Event 62973273, LumiSection 127 at 28-Apr-2014 19:30:57.342 CDT
Begin processing the 1101st record. Run 211001, Event 62922562, LumiSection 127 at 28-Apr-2014 19:30:57.426 CDT
Begin processing the 1201st record. Run 211001, Event 63231786, LumiSection 127 at 28-Apr-2014 19:30:57.511 CDT
Begin processing the 1301st record. Run 211001, Event 63130151, LumiSection 127 at 28-Apr-2014 19:30:57.595 CDT
Begin processing the 1401st record. Run 211001, Event 63030710, LumiSection 127 at 28-Apr-2014 19:30:57.679 CDT
Begin processing the 1501st record. Run 211001, Event 62934656, LumiSection 127 at 28-Apr-2014 19:30:57.764 CDT
Begin processing the 1601st record. Run 211001, Event 63305552, LumiSection 127 at 28-Apr-2014 19:30:57.849 CDT
Begin processing the 1701st record. Run 211001, Event 63132723, LumiSection 127 at 28-Apr-2014 19:30:57.934 CDT
Begin processing the 1801st record. Run 211001, Event 62994232, LumiSection 127 at 28-Apr-2014 19:30:58.020 CDT
Begin processing the 1901st record. Run 211001, Event 63329640, LumiSection 127 at 28-Apr-2014 19:30:58.104 CDT
Begin processing the 2001st record. Run 211001, Event 63136596, LumiSection 127 at 28-Apr-2014 19:30:58.189 CDT
Begin processing the 2101st record. Run 211001, Event 63038769, LumiSection 127 at 28-Apr-2014 19:30:58.273 CDT
Begin processing the 2201st record. Run 211001, Event 63473312, LumiSection 128 at 28-Apr-2014 19:30:58.363 CDT
Begin processing the 2301st record. Run 211001, Event 63780112, LumiSection 128 at 28-Apr-2014 19:30:58.447 CDT
Begin processing the 2401st record. Run 211001, Event 63676994, LumiSection 128 at 28-Apr-2014 19:30:58.533 CDT
Begin processing the 2501st record. Run 211001, Event 63514892, LumiSection 128 at 28-Apr-2014 19:30:58.616 CDT
Begin processing the 2601st record. Run 211001, Event 63395398, LumiSection 128 at 28-Apr-2014 19:30:58.700 CDT
Begin processing the 2701st record. Run 211001, Event 63762134, LumiSection 128 at 28-Apr-2014 19:30:58.784 CDT
Begin processing the 2801st record. Run 211001, Event 63667661, LumiSection 128 at 28-Apr-2014 19:30:58.868 CDT
Begin processing the 2901st record. Run 211001, Event 63565119, LumiSection 128 at 28-Apr-2014 19:30:58.952 CDT
Begin processing the 3001st record. Run 211001, Event 63424182, LumiSection 128 at 28-Apr-2014 19:30:59.036 CDT
Begin processing the 3101st record. Run 211001, Event 63799294, LumiSection 128 at 28-Apr-2014 19:30:59.119 CDT
Begin processing the 3201st record. Run 211001, Event 63692692, LumiSection 128 at 28-Apr-2014 19:30:59.204 CDT
Begin processing the 3301st record. Run 211001, Event 63544229, LumiSection 128 at 28-Apr-2014 19:30:59.287 CDT
Begin processing the 3401st record. Run 211001, Event 63355496, LumiSection 128 at 28-Apr-2014 19:30:59.371 CDT
Begin processing the 3501st record. Run 211001, Event 63681824, LumiSection 128 at 28-Apr-2014 19:30:59.456 CDT
Begin processing the 3601st record. Run 211001, Event 63529731, LumiSection 128 at 28-Apr-2014 19:30:59.541 CDT
Begin processing the 3701st record. Run 211001, Event 63432530, LumiSection 128 at 28-Apr-2014 19:30:59.625 CDT
Begin processing the 3801st record. Run 211001, Event 63755722, LumiSection 128 at 28-Apr-2014 19:30:59.710 CDT
Begin processing the 3901st record. Run 211001, Event 63588851, LumiSection 128 at 28-Apr-2014 19:30:59.793 CDT
Begin processing the 4001st record. Run 211001, Event 63420393, LumiSection 128 at 28-Apr-2014 19:30:59.878 CDT
Begin processing the 4101st record. Run 211001, Event 63752825, LumiSection 128 at 28-Apr-2014 19:30:59.962 CDT
Begin processing the 4201st record. Run 211001, Event 63605641, LumiSection 128 at 28-Apr-2014 19:31:00.047 CDT
Begin processing the 4301st record. Run 211001, Event 63424895, LumiSection 128 at 28-Apr-2014 19:31:00.131 CDT
Begin processing the 4401st record. Run 211001, Event 63785111, LumiSection 128 at 28-Apr-2014 19:31:00.215 CDT
Begin processing the 4501st record. Run 211001, Event 64126013, LumiSection 129 at 28-Apr-2014 19:31:00.304 CDT
Begin processing the 4601st record. Run 211001, Event 64024372, LumiSection 129 at 28-Apr-2014 19:31:00.389 CDT
Begin processing the 4701st record. Run 211001, Event 63851304, LumiSection 129 at 28-Apr-2014 19:31:00.473 CDT
Begin processing the 4801st record. Run 211001, Event 64202464, LumiSection 129 at 28-Apr-2014 19:31:00.558 CDT
Begin processing the 4901st record. Run 211001, Event 64117564, LumiSection 129 at 28-Apr-2014 19:31:00.642 CDT
Begin processing the 5001st record. Run 211001, Event 63924923, LumiSection 129 at 28-Apr-2014 19:31:00.726 CDT
Begin processing the 5101st record. Run 211001, Event 64292739, LumiSection 129 at 28-Apr-2014 19:31:00.810 CDT
Begin processing the 5201st record. Run 211001, Event 64180327, LumiSection 129 at 28-Apr-2014 19:31:00.894 CDT
Begin processing the 5301st record. Run 211001, Event 64023853, LumiSection 129 at 28-Apr-2014 19:31:00.982 CDT
Begin processing the 5401st record. Run 211001, Event 63862985, LumiSection 129 at 28-Apr-2014 19:31:01.066 CDT
Begin processing the 5501st record. Run 211001, Event 64158241, LumiSection 129 at 28-Apr-2014 19:31:01.151 CDT
Begin processing the 5601st record. Run 211001, Event 64024712, LumiSection 129 at 28-Apr-2014 19:31:01.235 CDT
Begin processing the 5701st record. Run 211001, Event 63904218, LumiSection 129 at 28-Apr-2014 19:31:01.319 CDT
Begin processing the 5801st record. Run 211001, Event 64271058, LumiSection 129 at 28-Apr-2014 19:31:01.404 CDT
Begin processing the 5901st record. Run 211001, Event 64160294, LumiSection 129 at 28-Apr-2014 19:31:01.488 CDT
Begin processing the 6001st record. Run 211001, Event 64035070, LumiSection 129 at 28-Apr-2014 19:31:01.573 CDT
Begin processing the 6101st record. Run 211001, Event 63855954, LumiSection 129 at 28-Apr-2014 19:31:01.658 CDT
Begin processing the 6201st record. Run 211001, Event 64243458, LumiSection 129 at 28-Apr-2014 19:31:01.743 CDT
Begin processing the 6301st record. Run 211001, Event 64029329, LumiSection 129 at 28-Apr-2014 19:31:01.828 CDT
Begin processing the 6401st record. Run 211001, Event 63871547, LumiSection 129 at 28-Apr-2014 19:31:01.913 CDT
Begin processing the 6501st record. Run 211001, Event 64217323, LumiSection 129 at 28-Apr-2014 19:31:01.998 CDT
Begin processing the 6601st record. Run 211001, Event 64099039, LumiSection 129 at 28-Apr-2014 19:31:02.083 CDT
Begin processing the 6701st record. Run 211001, Event 64455849, LumiSection 130 at 28-Apr-2014 19:31:02.173 CDT
Begin processing the 6801st record. Run 211001, Event 64746761, LumiSection 130 at 28-Apr-2014 19:31:02.257 CDT
Begin processing the 6901st record. Run 211001, Event 64699500, LumiSection 130 at 28-Apr-2014 19:31:02.341 CDT
Begin processing the 7001st record. Run 211001, Event 64662690, LumiSection 130 at 28-Apr-2014 19:31:02.426 CDT
Begin processing the 7101st record. Run 211001, Event 64488584, LumiSection 130 at 28-Apr-2014 19:31:02.510 CDT
Begin processing the 7201st record. Run 211001, Event 64335855, LumiSection 130 at 28-Apr-2014 19:31:02.595 CDT
Begin processing the 7301st record. Run 211001, Event 64690359, LumiSection 130 at 28-Apr-2014 19:31:02.678 CDT
Begin processing the 7401st record. Run 211001, Event 64549831, LumiSection 130 at 28-Apr-2014 19:31:02.762 CDT
Begin processing the 7501st record. Run 211001, Event 64353245, LumiSection 130 at 28-Apr-2014 19:31:02.846 CDT
Begin processing the 7601st record. Run 211001, Event 64680613, LumiSection 130 at 28-Apr-2014 19:31:02.930 CDT
Begin processing the 7701st record. Run 211001, Event 64569313, LumiSection 130 at 28-Apr-2014 19:31:03.014 CDT
Begin processing the 7801st record. Run 211001, Event 64487886, LumiSection 130 at 28-Apr-2014 19:31:03.098 CDT
Begin processing the 7901st record. Run 211001, Event 64403454, LumiSection 130 at 28-Apr-2014 19:31:03.181 CDT
Begin processing the 8001st record. Run 211001, Event 64735974, LumiSection 130 at 28-Apr-2014 19:31:03.265 CDT
Begin processing the 8101st record. Run 211001, Event 64603282, LumiSection 130 at 28-Apr-2014 19:31:03.349 CDT
Begin processing the 8201st record. Run 211001, Event 64493760, LumiSection 130 at 28-Apr-2014 19:31:03.433 CDT
Begin processing the 8301st record. Run 211001, Event 64313724, LumiSection 130 at 28-Apr-2014 19:31:03.517 CDT
Begin processing the 8401st record. Run 211001, Event 64661212, LumiSection 130 at 28-Apr-2014 19:31:03.602 CDT
Begin processing the 8501st record. Run 211001, Event 64522741, LumiSection 130 at 28-Apr-2014 19:31:03.686 CDT
Begin processing the 8601st record. Run 211001, Event 64402075, LumiSection 130 at 28-Apr-2014 19:31:03.770 CDT
Begin processing the 8701st record. Run 211001, Event 64329427, LumiSection 130 at 28-Apr-2014 19:31:03.854 CDT
Begin processing the 8801st record. Run 211001, Event 64691419, LumiSection 130 at 28-Apr-2014 19:31:03.937 CDT
Begin processing the 8901st record. Run 211001, Event 65003489, LumiSection 131 at 28-Apr-2014 19:31:04.026 CDT
Begin processing the 9001st record. Run 211001, Event 64889505, LumiSection 131 at 28-Apr-2014 19:31:04.110 CDT
Begin processing the 9101st record. Run 211001, Event 65180921, LumiSection 131 at 28-Apr-2014 19:31:04.194 CDT
Begin processing the 9201st record. Run 211001, Event 65019523, LumiSection 131 at 28-Apr-2014 19:31:04.278 CDT
Begin processing the 9301st record. Run 211001, Event 64881455, LumiSection 131 at 28-Apr-2014 19:31:04.363 CDT
Begin processing the 9401st record. Run 211001, Event 65229351, LumiSection 131 at 28-Apr-2014 19:31:04.447 CDT
Begin processing the 9501st record. Run 211001, Event 65030276, LumiSection 131 at 28-Apr-2014 19:31:04.532 CDT
Begin processing the 9601st record. Run 211001, Event 64906003, LumiSection 131 at 28-Apr-2014 19:31:04.616 CDT
Begin processing the 9701st record. Run 211001, Event 64791071, LumiSection 131 at 28-Apr-2014 19:31:04.701 CDT
Begin processing the 9801st record. Run 211001, Event 65135423, LumiSection 131 at 28-Apr-2014 19:31:04.785 CDT
Begin processing the 9901st record. Run 211001, Event 64990702, LumiSection 131 at 28-Apr-2014 19:31:04.869 CDT
Begin processing the 10001st record. Run 211001, Event 64859520, LumiSection 131 at 28-Apr-2014 19:31:04.954 CDT
Begin processing the 10101st record. Run 211001, Event 64781122, LumiSection 131 at 28-Apr-2014 19:31:05.038 CDT
Begin processing the 10201st record. Run 211001, Event 65127514, LumiSection 131 at 28-Apr-2014 19:31:05.123 CDT
Begin processing the 10301st record. Run 211001, Event 65016038, LumiSection 131 at 28-Apr-2014 19:31:05.207 CDT
Begin processing the 10401st record. Run 211001, Event 64829762, LumiSection 131 at 28-Apr-2014 19:31:05.291 CDT
Begin processing the 10501st record. Run 211001, Event 65213290, LumiSection 131 at 28-Apr-2014 19:31:07.845 CDT
Begin processing the 10601st record. Run 211001, Event 65079445, LumiSection 131 at 28-Apr-2014 19:31:07.929 CDT
Begin processing the 10701st record. Run 211001, Event 64962797, LumiSection 131 at 28-Apr-2014 19:31:08.013 CDT
Begin processing the 10801st record. Run 211001, Event 65253701, LumiSection 131 at 28-Apr-2014 19:31:08.097 CDT
Begin processing the 10901st record. Run 211001, Event 65181496, LumiSection 131 at 28-Apr-2014 19:31:08.181 CDT
Begin processing the 11001st record. Run 211001, Event 65003924, LumiSection 131 at 28-Apr-2014 19:31:08.265 CDT
Begin processing the 11101st record. Run 211001, Event 65336173, LumiSection 132 at 28-Apr-2014 19:31:08.354 CDT
Begin processing the 11201st record. Run 211001, Event 65676277, LumiSection 132 at 28-Apr-2014 19:31:08.437 CDT
Begin processing the 11301st record. Run 211001, Event 65540127, LumiSection 132 at 28-Apr-2014 19:31:08.521 CDT
Begin processing the 11401st record. Run 211001, Event 65294132, LumiSection 132 at 28-Apr-2014 19:31:08.604 CDT
Begin processing the 11501st record. Run 211001, Event 65657004, LumiSection 132 at 28-Apr-2014 19:31:08.687 CDT
Begin processing the 11601st record. Run 211001, Event 65509857, LumiSection 132 at 28-Apr-2014 19:31:08.771 CDT
Begin processing the 11701st record. Run 211001, Event 65278922, LumiSection 132 at 28-Apr-2014 19:31:08.854 CDT
Begin processing the 11801st record. Run 211001, Event 65659578, LumiSection 132 at 28-Apr-2014 19:31:08.937 CDT
Begin processing the 11901st record. Run 211001, Event 65621920, LumiSection 132 at 28-Apr-2014 19:31:09.020 CDT

 First pass: zVertexEventSelected = -0.010919, zAtECal = 1.02022, zCorrected = 1.03114, thetaForZEqualsZero = 0.901647, thetaCorrected = 0.896461, zCorrectedEta = 0.732149, uncorrected Eta = 0.725524
 First pass: zVertexEventSelected = -0.010919, zAtECal = 1.37927, zCorrected = 1.39019, thetaForZEqualsZero = 0.751968, thetaCorrected = 0.748035, zCorrectedEta = 0.935238, uncorrected Eta = 0.929469
 First pass: zVertexEventSelected = -0.010919, zAtECal = -0.319426, zCorrected = -0.308507, thetaForZEqualsZero = 1.81353, thetaCorrected = 1.80554, zCorrectedEta = -0.236929, uncorrected Eta = -0.245154
 First pass: zVertexEventSelected = -0.010919, zAtECal = -1.62031, zCorrected = -1.60939, thetaForZEqualsZero = 2.46921, thetaCorrected = 2.46591, zCorrectedEta = -1.04609, uncorrected Eta = -1.05137
 First pass: zVertexEventSelected = -0.010919, zAtECal = 1.2742, zCorrected = 1.28512, thetaForZEqualsZero = 0.791558, thetaCorrected = 0.787292, zCorrectedEta = 0.878698, uncorrected Eta = 0.872689
 First pass: zVertexEventSelected = -0.010919, zAtECal = 1.46064, zCorrected = 1.47156, thetaForZEqualsZero = 0.72344, thetaCorrected = 0.719747, zCorrectedEta = 0.977479, uncorrected Eta = 0.971888
 First pass: zVertexEventSelected = -0.010919, zAtECal = -1.10262, zCorrected = -1.0917, thetaForZEqualsZero = 2.27804, thetaCorrected = 2.27313, zCorrectedEta = -0.7684, uncorrected Eta = -0.774848
 First pass: zVertexEventSelected = -0.010919, zAtECal = 1.60293, zCorrected = 1.61385, thetaForZEqualsZero = 0.677646, thetaCorrected = 0.674333, zCorrectedEta = 1.04825, uncorrected Eta = 1.04295
 First pass: zVertexEventSelected = -0.010919, zAtECal = -1.04098, zCorrected = -1.03006, thetaForZEqualsZero = 2.24977, thetaCorrected = 2.24462, zCorrectedEta = -0.731493, uncorrected Eta = -0.738094
 First pass: zVertexEventSelected = -0.010919, zAtECal = 0.997479, zCorrected = 1.0084, thetaForZEqualsZero = 0.912587, thetaCorrected = 0.907311, zCorrectedEta = 0.718318, uncorrected Eta = 0.711635
Begin processing the 12001st record. Run 211001, Event 65486155, LumiSection 132 at 28-Apr-2014 19:31:10.151 CDT
Begin processing the 12101st record. Run 211001, Event 65406113, LumiSection 132 at 28-Apr-2014 19:31:10.235 CDT
Begin processing the 12201st record. Run 211001, Event 65300707, LumiSection 132 at 28-Apr-2014 19:31:10.318 CDT
Begin processing the 12301st record. Run 211001, Event 65596139, LumiSection 132 at 28-Apr-2014 19:31:10.401 CDT
Begin processing the 12401st record. Run 211001, Event 65443558, LumiSection 132 at 28-Apr-2014 19:31:10.484 CDT
Begin processing the 12501st record. Run 211001, Event 65278829, LumiSection 132 at 28-Apr-2014 19:31:10.567 CDT
Begin processing the 12601st record. Run 211001, Event 65598325, LumiSection 132 at 28-Apr-2014 19:31:10.650 CDT
Begin processing the 12701st record. Run 211001, Event 65474638, LumiSection 132 at 28-Apr-2014 19:31:10.733 CDT
Begin processing the 12801st record. Run 211001, Event 65313128, LumiSection 132 at 28-Apr-2014 19:31:10.815 CDT
Begin processing the 12901st record. Run 211001, Event 65279122, LumiSection 132 at 28-Apr-2014 19:31:10.898 CDT
Begin processing the 13001st record. Run 211001, Event 65593138, LumiSection 132 at 28-Apr-2014 19:31:10.981 CDT
Begin processing the 13101st record. Run 211001, Event 65500543, LumiSection 132 at 28-Apr-2014 19:31:11.063 CDT
Begin processing the 13201st record. Run 211001, Event 65393180, LumiSection 132 at 28-Apr-2014 19:31:11.146 CDT
Begin processing the 13301st record. Run 211001, Event 65771290, LumiSection 133 at 28-Apr-2014 19:31:11.233 CDT
Begin processing the 13401st record. Run 211001, Event 66052938, LumiSection 133 at 28-Apr-2014 19:31:11.316 CDT
Begin processing the 13501st record. Run 211001, Event 65910772, LumiSection 133 at 28-Apr-2014 19:31:11.399 CDT
Begin processing the 13601st record. Run 211001, Event 65772660, LumiSection 133 at 28-Apr-2014 19:31:11.482 CDT
Begin processing the 13701st record. Run 211001, Event 66210340, LumiSection 133 at 28-Apr-2014 19:31:11.566 CDT
Begin processing the 13801st record. Run 211001, Event 66032631, LumiSection 133 at 28-Apr-2014 19:31:11.649 CDT
Begin processing the 13901st record. Run 211001, Event 65923656, LumiSection 133 at 28-Apr-2014 19:31:11.732 CDT
Begin processing the 14001st record. Run 211001, Event 65766507, LumiSection 133 at 28-Apr-2014 19:31:11.815 CDT
Begin processing the 14101st record. Run 211001, Event 66084539, LumiSection 133 at 28-Apr-2014 19:31:11.898 CDT
Begin processing the 14201st record. Run 211001, Event 65956135, LumiSection 133 at 28-Apr-2014 19:31:11.981 CDT
Begin processing the 14301st record. Run 211001, Event 65780453, LumiSection 133 at 28-Apr-2014 19:31:12.064 CDT
Begin processing the 14401st record. Run 211001, Event 66175397, LumiSection 133 at 28-Apr-2014 19:31:12.147 CDT
Begin processing the 14501st record. Run 211001, Event 66081393, LumiSection 133 at 28-Apr-2014 19:31:12.230 CDT
Begin processing the 14601st record. Run 211001, Event 65920211, LumiSection 133 at 28-Apr-2014 19:31:12.313 CDT
Begin processing the 14701st record. Run 211001, Event 65749421, LumiSection 133 at 28-Apr-2014 19:31:12.396 CDT
Begin processing the 14801st record. Run 211001, Event 66076517, LumiSection 133 at 28-Apr-2014 19:31:12.480 CDT
Begin processing the 14901st record. Run 211001, Event 65938032, LumiSection 133 at 28-Apr-2014 19:31:12.564 CDT
Begin processing the 15001st record. Run 211001, Event 65823990, LumiSection 133 at 28-Apr-2014 19:31:12.648 CDT
Begin processing the 15101st record. Run 211001, Event 66163942, LumiSection 133 at 28-Apr-2014 19:31:12.731 CDT
Begin processing the 15201st record. Run 211001, Event 66015354, LumiSection 133 at 28-Apr-2014 19:31:12.814 CDT
Begin processing the 15301st record. Run 211001, Event 65824609, LumiSection 133 at 28-Apr-2014 19:31:12.898 CDT
Begin processing the 15401st record. Run 211001, Event 66183713, LumiSection 133 at 28-Apr-2014 19:31:12.981 CDT
Begin processing the 15501st record. Run 211001, Event 66048134, LumiSection 133 at 28-Apr-2014 19:31:13.064 CDT
Begin processing the 15601st record. Run 211001, Event 66377062, LumiSection 134 at 28-Apr-2014 19:31:13.151 CDT
Begin processing the 15701st record. Run 211001, Event 66638558, LumiSection 134 at 28-Apr-2014 19:31:13.234 CDT
Begin processing the 15801st record. Run 211001, Event 66532824, LumiSection 134 at 28-Apr-2014 19:31:13.317 CDT
Begin processing the 15901st record. Run 211001, Event 66418306, LumiSection 134 at 28-Apr-2014 19:31:13.400 CDT
Begin processing the 16001st record. Run 211001, Event 66264394, LumiSection 134 at 28-Apr-2014 19:31:13.482 CDT
Begin processing the 16101st record. Run 211001, Event 66562114, LumiSection 134 at 28-Apr-2014 19:31:13.566 CDT
Begin processing the 16201st record. Run 211001, Event 66445393, LumiSection 134 at 28-Apr-2014 19:31:13.650 CDT
Begin processing the 16301st record. Run 211001, Event 66320065, LumiSection 134 at 28-Apr-2014 19:31:13.733 CDT
Begin processing the 16401st record. Run 211001, Event 66608977, LumiSection 134 at 28-Apr-2014 19:31:13.816 CDT
Begin processing the 16501st record. Run 211001, Event 66455439, LumiSection 134 at 28-Apr-2014 19:31:13.898 CDT
Begin processing the 16601st record. Run 211001, Event 66299972, LumiSection 134 at 28-Apr-2014 19:31:13.981 CDT
Begin processing the 16701st record. Run 211001, Event 66596916, LumiSection 134 at 28-Apr-2014 19:31:14.064 CDT
Begin processing the 16801st record. Run 211001, Event 66437163, LumiSection 134 at 28-Apr-2014 19:31:14.147 CDT
Begin processing the 16901st record. Run 211001, Event 66356901, LumiSection 134 at 28-Apr-2014 19:31:14.229 CDT
Begin processing the 17001st record. Run 211001, Event 66681813, LumiSection 134 at 28-Apr-2014 19:31:14.312 CDT
Begin processing the 17101st record. Run 211001, Event 66516590, LumiSection 134 at 28-Apr-2014 19:31:14.395 CDT
Begin processing the 17201st record. Run 211001, Event 66418213, LumiSection 134 at 28-Apr-2014 19:31:14.478 CDT
Begin processing the 17301st record. Run 211001, Event 66325855, LumiSection 134 at 28-Apr-2014 19:31:14.561 CDT
Begin processing the 17401st record. Run 211001, Event 66688615, LumiSection 134 at 28-Apr-2014 19:31:14.644 CDT
Begin processing the 17501st record. Run 211001, Event 66610220, LumiSection 134 at 28-Apr-2014 19:31:14.727 CDT
Begin processing the 17601st record. Run 211001, Event 66462232, LumiSection 134 at 28-Apr-2014 19:31:14.810 CDT
Begin processing the 17701st record. Run 211001, Event 66357771, LumiSection 134 at 28-Apr-2014 19:31:14.892 CDT
Begin processing the 17801st record. Run 211001, Event 66735508, LumiSection 135 at 28-Apr-2014 19:31:14.980 CDT
Begin processing the 17901st record. Run 211001, Event 67123692, LumiSection 135 at 28-Apr-2014 19:31:15.063 CDT
Begin processing the 18001st record. Run 211001, Event 66992992, LumiSection 135 at 28-Apr-2014 19:31:15.146 CDT
Begin processing the 18101st record. Run 211001, Event 66817052, LumiSection 135 at 28-Apr-2014 19:31:15.229 CDT
Begin processing the 18201st record. Run 211001, Event 67121452, LumiSection 135 at 28-Apr-2014 19:31:15.313 CDT
Begin processing the 18301st record. Run 211001, Event 66987279, LumiSection 135 at 28-Apr-2014 19:31:15.396 CDT
Begin processing the 18401st record. Run 211001, Event 66863087, LumiSection 135 at 28-Apr-2014 19:31:15.480 CDT
Begin processing the 18501st record. Run 211001, Event 66743497, LumiSection 135 at 28-Apr-2014 19:31:15.564 CDT
Begin processing the 18601st record. Run 211001, Event 67143153, LumiSection 135 at 28-Apr-2014 19:31:15.647 CDT
Begin processing the 18701st record. Run 211001, Event 66937653, LumiSection 135 at 28-Apr-2014 19:31:15.730 CDT
Begin processing the 18801st record. Run 211001, Event 66811709, LumiSection 135 at 28-Apr-2014 19:31:15.813 CDT
Begin processing the 18901st record. Run 211001, Event 67139837, LumiSection 135 at 28-Apr-2014 19:31:15.896 CDT
Begin processing the 19001st record. Run 211001, Event 67017102, LumiSection 135 at 28-Apr-2014 19:31:15.979 CDT
Begin processing the 19101st record. Run 211001, Event 66851118, LumiSection 135 at 28-Apr-2014 19:31:16.063 CDT
Begin processing the 19201st record. Run 211001, Event 66731707, LumiSection 135 at 28-Apr-2014 19:31:16.146 CDT
Begin processing the 19301st record. Run 211001, Event 67109035, LumiSection 135 at 28-Apr-2014 19:31:16.230 CDT
Begin processing the 19401st record. Run 211001, Event 66956296, LumiSection 135 at 28-Apr-2014 19:31:16.313 CDT
Begin processing the 19501st record. Run 211001, Event 66812602, LumiSection 135 at 28-Apr-2014 19:31:16.396 CDT
Begin processing the 19601st record. Run 211001, Event 66709595, LumiSection 135 at 28-Apr-2014 19:31:16.479 CDT
Begin processing the 19701st record. Run 211001, Event 67071395, LumiSection 135 at 28-Apr-2014 19:31:16.564 CDT
Begin processing the 19801st record. Run 211001, Event 66947753, LumiSection 135 at 28-Apr-2014 19:31:16.647 CDT
Begin processing the 19901st record. Run 211001, Event 66833306, LumiSection 135 at 28-Apr-2014 19:31:16.730 CDT
28-Apr-2014 19:31:16 CDT  Closed file /store//hidata/HIRun2013/PAMuon/RECO/PromptReco-v1/000/211/001/00000/D8341EAC-D86B-E211-B8AE-0025901D631E.root
28-Apr-2014 19:31:16 CDT  Initiating request to open file /store//hidata/HIRun2013/PAMuon/RECO/PromptReco-v1/000/211/001/00000/50C3D6BC-D66B-E211-A394-003048F11114.root
28-Apr-2014 19:31:17 CDT  Successfully opened file /store//hidata/HIRun2013/PAMuon/RECO/PromptReco-v1/000/211/001/00000/50C3D6BC-D66B-E211-A394-003048F11114.root
Begin processing the 20001st record. Run 211001, Event 67185825, LumiSection 136 at 28-Apr-2014 19:33:05.904 CDT
Begin processing the 20101st record. Run 211001, Event 67521545, LumiSection 136 at 28-Apr-2014 19:35:42.802 CDT
Begin processing the 20201st record. Run 211001, Event 67387669, LumiSection 136 at 28-Apr-2014 19:35:42.884 CDT
Begin processing the 20301st record. Run 211001, Event 67261242, LumiSection 136 at 28-Apr-2014 19:35:42.966 CDT
Begin processing the 20401st record. Run 211001, Event 67622234, LumiSection 136 at 28-Apr-2014 19:35:43.049 CDT
Begin processing the 20501st record. Run 211001, Event 67532547, LumiSection 136 at 28-Apr-2014 19:35:43.131 CDT
Begin processing the 20601st record. Run 211001, Event 67421783, LumiSection 136 at 28-Apr-2014 19:35:43.213 CDT
Begin processing the 20701st record. Run 211001, Event 67244157, LumiSection 136 at 28-Apr-2014 19:35:43.295 CDT
Begin processing the 20801st record. Run 211001, Event 67473197, LumiSection 136 at 28-Apr-2014 19:35:43.377 CDT
Begin processing the 20901st record. Run 211001, Event 67376580, LumiSection 136 at 28-Apr-2014 19:35:43.459 CDT
Begin processing the 21001st record. Run 211001, Event 67273278, LumiSection 136 at 28-Apr-2014 19:35:43.541 CDT
Begin processing the 21101st record. Run 211001, Event 67657430, LumiSection 136 at 28-Apr-2014 19:35:43.623 CDT
Begin processing the 21201st record. Run 211001, Event 67510838, LumiSection 136 at 28-Apr-2014 19:35:43.706 CDT
Begin processing the 21301st record. Run 211001, Event 67389603, LumiSection 136 at 28-Apr-2014 19:35:43.788 CDT
Begin processing the 21401st record. Run 211001, Event 67195368, LumiSection 136 at 28-Apr-2014 19:35:43.870 CDT
Begin processing the 21501st record. Run 211001, Event 67535928, LumiSection 136 at 28-Apr-2014 19:35:43.952 CDT
Begin processing the 21601st record. Run 211001, Event 67377151, LumiSection 136 at 28-Apr-2014 19:35:44.034 CDT
Begin processing the 21701st record. Run 211001, Event 67659975, LumiSection 136 at 28-Apr-2014 19:35:44.116 CDT
Begin processing the 21801st record. Run 211001, Event 67578193, LumiSection 136 at 28-Apr-2014 19:35:44.198 CDT
Begin processing the 21901st record. Run 211001, Event 67440088, LumiSection 136 at 28-Apr-2014 19:35:44.280 CDT
Begin processing the 22001st record. Run 211001, Event 67273836, LumiSection 136 at 28-Apr-2014 19:35:44.362 CDT
Begin processing the 22101st record. Run 211001, Event 67607580, LumiSection 136 at 28-Apr-2014 19:35:44.444 CDT
Begin processing the 22201st record. Run 211001, Event 67469962, LumiSection 136 at 28-Apr-2014 19:35:44.526 CDT
Begin processing the 22301st record. Run 211001, Event 67804848, LumiSection 137 at 28-Apr-2014 19:35:44.613 CDT
Begin processing the 22401st record. Run 211001, Event 67703569, LumiSection 137 at 28-Apr-2014 19:35:44.695 CDT
Begin processing the 22501st record. Run 211001, Event 68012857, LumiSection 137 at 28-Apr-2014 19:35:44.778 CDT
Begin processing the 22601st record. Run 211001, Event 67863099, LumiSection 137 at 28-Apr-2014 19:35:44.860 CDT
Begin processing the 22701st record. Run 211001, Event 67804249, LumiSection 137 at 28-Apr-2014 19:35:44.942 CDT
Begin processing the 22801st record. Run 211001, Event 67703422, LumiSection 137 at 28-Apr-2014 19:35:45.024 CDT
Begin processing the 22901st record. Run 211001, Event 68001110, LumiSection 137 at 28-Apr-2014 19:35:45.106 CDT
Begin processing the 23001st record. Run 211001, Event 67887725, LumiSection 137 at 28-Apr-2014 19:35:45.188 CDT
Begin processing the 23101st record. Run 211001, Event 67807030, LumiSection 137 at 28-Apr-2014 19:35:45.270 CDT
Begin processing the 23201st record. Run 211001, Event 67699100, LumiSection 137 at 28-Apr-2014 19:35:45.352 CDT
Begin processing the 23301st record. Run 211001, Event 68057484, LumiSection 137 at 28-Apr-2014 19:35:45.434 CDT
Begin processing the 23401st record. Run 211001, Event 67886655, LumiSection 137 at 28-Apr-2014 19:35:45.516 CDT
Begin processing the 23501st record. Run 211001, Event 67756269, LumiSection 137 at 28-Apr-2014 19:35:45.598 CDT
Begin processing the 23601st record. Run 211001, Event 68093133, LumiSection 137 at 28-Apr-2014 19:35:45.680 CDT
Begin processing the 23701st record. Run 211001, Event 67947823, LumiSection 137 at 28-Apr-2014 19:35:45.762 CDT
Begin processing the 23801st record. Run 211001, Event 67830562, LumiSection 137 at 28-Apr-2014 19:35:45.844 CDT
Begin processing the 23901st record. Run 211001, Event 67681483, LumiSection 137 at 28-Apr-2014 19:35:45.927 CDT
Begin processing the 24001st record. Run 211001, Event 67966411, LumiSection 137 at 28-Apr-2014 19:35:46.009 CDT
Begin processing the 24101st record. Run 211001, Event 67910298, LumiSection 137 at 28-Apr-2014 19:35:46.091 CDT
Begin processing the 24201st record. Run 211001, Event 67749804, LumiSection 137 at 28-Apr-2014 19:35:46.173 CDT
Begin processing the 24301st record. Run 211001, Event 68085652, LumiSection 137 at 28-Apr-2014 19:35:46.255 CDT
Begin processing the 24401st record. Run 211001, Event 67931936, LumiSection 137 at 28-Apr-2014 19:35:46.337 CDT
Begin processing the 24501st record. Run 211001, Event 68224756, LumiSection 138 at 28-Apr-2014 19:35:46.424 CDT
Begin processing the 24601st record. Run 211001, Event 68154193, LumiSection 138 at 28-Apr-2014 19:35:46.506 CDT
Begin processing the 24701st record. Run 211001, Event 68499169, LumiSection 138 at 28-Apr-2014 19:35:46.588 CDT
Begin processing the 24801st record. Run 211001, Event 68344075, LumiSection 138 at 28-Apr-2014 19:35:46.670 CDT
Begin processing the 24901st record. Run 211001, Event 68256568, LumiSection 138 at 28-Apr-2014 19:35:46.752 CDT
Begin processing the 25001st record. Run 211001, Event 68572872, LumiSection 138 at 28-Apr-2014 19:35:46.834 CDT
Begin processing the 25101st record. Run 211001, Event 68391047, LumiSection 138 at 28-Apr-2014 19:35:46.916 CDT
Begin processing the 25201st record. Run 211001, Event 68303378, LumiSection 138 at 28-Apr-2014 19:35:46.999 CDT
Begin processing the 25301st record. Run 211001, Event 68199048, LumiSection 138 at 28-Apr-2014 19:35:47.276 CDT
Begin processing the 25401st record. Run 211001, Event 68534544, LumiSection 138 at 28-Apr-2014 19:35:47.361 CDT
Begin processing the 25501st record. Run 211001, Event 68423796, LumiSection 138 at 28-Apr-2014 19:35:47.446 CDT
Begin processing the 25601st record. Run 211001, Event 68280546, LumiSection 138 at 28-Apr-2014 19:35:47.531 CDT
Begin processing the 25701st record. Run 211001, Event 68216270, LumiSection 138 at 28-Apr-2014 19:35:47.616 CDT
Begin processing the 25801st record. Run 211001, Event 68580262, LumiSection 138 at 28-Apr-2014 19:35:47.702 CDT
Begin processing the 25901st record. Run 211001, Event 68445291, LumiSection 138 at 28-Apr-2014 19:35:47.786 CDT
Begin processing the 26001st record. Run 211001, Event 68227078, LumiSection 138 at 28-Apr-2014 19:35:47.872 CDT
Begin processing the 26101st record. Run 211001, Event 68568942, LumiSection 138 at 28-Apr-2014 19:35:47.957 CDT
Begin processing the 26201st record. Run 211001, Event 68372013, LumiSection 138 at 28-Apr-2014 19:35:48.042 CDT
Begin processing the 26301st record. Run 211001, Event 68222853, LumiSection 138 at 28-Apr-2014 19:35:48.127 CDT
Begin processing the 26401st record. Run 211001, Event 68621157, LumiSection 138 at 28-Apr-2014 19:35:48.212 CDT
Begin processing the 26501st record. Run 211001, Event 68509495, LumiSection 138 at 28-Apr-2014 19:35:48.297 CDT
Begin processing the 26601st record. Run 211001, Event 68347569, LumiSection 138 at 28-Apr-2014 19:35:48.383 CDT
Begin processing the 26701st record. Run 211001, Event 68744100, LumiSection 139 at 28-Apr-2014 19:35:48.473 CDT
Begin processing the 26801st record. Run 211001, Event 68679743, LumiSection 139 at 28-Apr-2014 19:35:48.558 CDT
Begin processing the 26901st record. Run 211001, Event 69038127, LumiSection 139 at 28-Apr-2014 19:35:48.643 CDT
Begin processing the 27001st record. Run 211001, Event 68889977, LumiSection 139 at 28-Apr-2014 19:35:48.728 CDT
Begin processing the 27101st record. Run 211001, Event 68736779, LumiSection 139 at 28-Apr-2014 19:35:48.813 CDT
Begin processing the 27201st record. Run 211001, Event 69073651, LumiSection 139 at 28-Apr-2014 19:35:48.898 CDT
Begin processing the 27301st record. Run 211001, Event 68910688, LumiSection 139 at 28-Apr-2014 19:35:48.983 CDT
Begin processing the 27401st record. Run 211001, Event 68783693, LumiSection 139 at 28-Apr-2014 19:35:49.068 CDT
Begin processing the 27501st record. Run 211001, Event 68697742, LumiSection 139 at 28-Apr-2014 19:35:49.153 CDT
Begin processing the 27601st record. Run 211001, Event 68932982, LumiSection 139 at 28-Apr-2014 19:35:49.238 CDT
Begin processing the 27701st record. Run 211001, Event 68837061, LumiSection 139 at 28-Apr-2014 19:35:49.323 CDT
Begin processing the 27801st record. Run 211001, Event 68700514, LumiSection 139 at 28-Apr-2014 19:35:49.408 CDT
Begin processing the 27901st record. Run 211001, Event 69076690, LumiSection 139 at 28-Apr-2014 19:35:49.493 CDT
Begin processing the 28001st record. Run 211001, Event 68935907, LumiSection 139 at 28-Apr-2014 19:35:49.578 CDT
Begin processing the 28101st record. Run 211001, Event 68890239, LumiSection 139 at 28-Apr-2014 19:35:49.663 CDT
Begin processing the 28201st record. Run 211001, Event 68716610, LumiSection 139 at 28-Apr-2014 19:35:49.748 CDT
Begin processing the 28301st record. Run 211001, Event 69059210, LumiSection 139 at 28-Apr-2014 19:35:49.834 CDT
Begin processing the 28401st record. Run 211001, Event 68898625, LumiSection 139 at 28-Apr-2014 19:35:49.919 CDT
Begin processing the 28501st record. Run 211001, Event 68744612, LumiSection 139 at 28-Apr-2014 19:35:50.004 CDT
Begin processing the 28601st record. Run 211001, Event 69007500, LumiSection 139 at 28-Apr-2014 19:35:50.089 CDT
Begin processing the 28701st record. Run 211001, Event 68889624, LumiSection 139 at 28-Apr-2014 19:35:50.174 CDT
Begin processing the 28801st record. Run 211001, Event 68750846, LumiSection 139 at 28-Apr-2014 19:35:50.259 CDT
Begin processing the 28901st record. Run 211001, Event 69077270, LumiSection 139 at 28-Apr-2014 19:35:50.344 CDT
Begin processing the 29001st record. Run 211001, Event 69325178, LumiSection 140 at 28-Apr-2014 19:35:50.434 CDT
Begin processing the 29101st record. Run 211001, Event 69141796, LumiSection 140 at 28-Apr-2014 19:35:50.519 CDT
Begin processing the 29201st record. Run 211001, Event 69553076, LumiSection 140 at 28-Apr-2014 19:35:50.605 CDT
Begin processing the 29301st record. Run 211001, Event 69458543, LumiSection 140 at 28-Apr-2014 19:35:50.690 CDT
Begin processing the 29401st record. Run 211001, Event 69374863, LumiSection 140 at 28-Apr-2014 19:35:50.775 CDT
Begin processing the 29501st record. Run 211001, Event 69310349, LumiSection 140 at 28-Apr-2014 19:35:50.860 CDT
Begin processing the 29601st record. Run 211001, Event 69224809, LumiSection 140 at 28-Apr-2014 19:35:50.945 CDT
Begin processing the 29701st record. Run 211001, Event 69106166, LumiSection 140 at 28-Apr-2014 19:35:51.030 CDT
Begin processing the 29801st record. Run 211001, Event 69475566, LumiSection 140 at 28-Apr-2014 19:35:51.115 CDT
Begin processing the 29901st record. Run 211001, Event 69411704, LumiSection 140 at 28-Apr-2014 19:35:51.200 CDT
Begin processing the 30001st record. Run 211001, Event 69305078, LumiSection 140 at 28-Apr-2014 19:35:51.285 CDT
Begin processing the 30101st record. Run 211001, Event 69103251, LumiSection 140 at 28-Apr-2014 19:35:51.370 CDT
Begin processing the 30201st record. Run 211001, Event 69453555, LumiSection 140 at 28-Apr-2014 19:35:51.455 CDT
Begin processing the 30301st record. Run 211001, Event 69325392, LumiSection 140 at 28-Apr-2014 19:35:51.540 CDT
Begin processing the 30401st record. Run 211001, Event 69208394, LumiSection 140 at 28-Apr-2014 19:35:51.625 CDT
Begin processing the 30501st record. Run 211001, Event 69113771, LumiSection 140 at 28-Apr-2014 19:35:51.710 CDT
Begin processing the 30601st record. Run 211001, Event 69445587, LumiSection 140 at 28-Apr-2014 19:35:51.795 CDT
Begin processing the 30701st record. Run 211001, Event 69325561, LumiSection 140 at 28-Apr-2014 19:35:51.880 CDT
Begin processing the 30801st record. Run 211001, Event 69170613, LumiSection 140 at 28-Apr-2014 19:35:51.965 CDT
Begin processing the 30901st record. Run 211001, Event 69496341, LumiSection 140 at 28-Apr-2014 19:35:52.050 CDT
Begin processing the 31001st record. Run 211001, Event 69389852, LumiSection 140 at 28-Apr-2014 19:35:52.134 CDT
Begin processing the 31101st record. Run 211001, Event 69713394, LumiSection 141 at 28-Apr-2014 19:35:52.224 CDT
Begin processing the 31201st record. Run 211001, Event 69596467, LumiSection 141 at 28-Apr-2014 19:35:52.309 CDT
Begin processing the 31301st record. Run 211001, Event 69964683, LumiSection 141 at 28-Apr-2014 19:35:52.394 CDT
Begin processing the 31401st record. Run 211001, Event 69857527, LumiSection 141 at 28-Apr-2014 19:35:52.479 CDT
Begin processing the 31501st record. Run 211001, Event 69788113, LumiSection 141 at 28-Apr-2014 19:35:52.564 CDT
Begin processing the 31601st record. Run 211001, Event 69643244, LumiSection 141 at 28-Apr-2014 19:35:52.649 CDT
Begin processing the 31701st record. Run 211001, Event 69963852, LumiSection 141 at 28-Apr-2014 19:35:52.734 CDT
Begin processing the 31801st record. Run 211001, Event 69885232, LumiSection 141 at 28-Apr-2014 19:35:52.819 CDT
Begin processing the 31901st record. Run 211001, Event 69724834, LumiSection 141 at 28-Apr-2014 19:35:52.904 CDT
Begin processing the 32001st record. Run 211001, Event 69669596, LumiSection 141 at 28-Apr-2014 19:35:52.989 CDT
Begin processing the 32101st record. Run 211001, Event 70032308, LumiSection 141 at 28-Apr-2014 19:35:53.074 CDT
Begin processing the 32201st record. Run 211001, Event 69865557, LumiSection 141 at 28-Apr-2014 19:35:53.159 CDT
Begin processing the 32301st record. Run 211001, Event 69738270, LumiSection 141 at 28-Apr-2014 19:35:53.243 CDT
Begin processing the 32401st record. Run 211001, Event 70015886, LumiSection 141 at 28-Apr-2014 19:35:53.329 CDT
Begin processing the 32501st record. Run 211001, Event 69898533, LumiSection 141 at 28-Apr-2014 19:35:53.414 CDT
Begin processing the 32601st record. Run 211001, Event 69776969, LumiSection 141 at 28-Apr-2014 19:35:53.499 CDT
Begin processing the 32701st record. Run 211001, Event 69652255, LumiSection 141 at 28-Apr-2014 19:35:53.584 CDT
Begin processing the 32801st record. Run 211001, Event 70038535, LumiSection 141 at 28-Apr-2014 19:35:53.818 CDT
Begin processing the 32901st record. Run 211001, Event 69887958, LumiSection 141 at 28-Apr-2014 19:35:53.908 CDT
Begin processing the 33001st record. Run 211001, Event 69730123, LumiSection 141 at 28-Apr-2014 19:35:55.608 CDT
Begin processing the 33101st record. Run 211001, Event 70047331, LumiSection 141 at 28-Apr-2014 19:35:55.694 CDT
Begin processing the 33201st record. Run 211001, Event 69965376, LumiSection 141 at 28-Apr-2014 19:35:55.779 CDT
Begin processing the 33301st record. Run 211001, Event 70259151, LumiSection 142 at 28-Apr-2014 19:35:55.870 CDT
Begin processing the 33401st record. Run 211001, Event 70092725, LumiSection 142 at 28-Apr-2014 19:35:55.955 CDT
Begin processing the 33501st record. Run 211001, Event 70493021, LumiSection 142 at 28-Apr-2014 19:35:56.041 CDT
Begin processing the 33601st record. Run 211001, Event 70409839, LumiSection 142 at 28-Apr-2014 19:35:56.127 CDT
Begin processing the 33701st record. Run 211001, Event 70356026, LumiSection 142 at 28-Apr-2014 19:35:56.212 CDT
Begin processing the 33801st record. Run 211001, Event 70209315, LumiSection 142 at 28-Apr-2014 19:35:56.298 CDT
Begin processing the 33901st record. Run 211001, Event 70488971, LumiSection 142 at 28-Apr-2014 19:35:56.383 CDT
Begin processing the 34001st record. Run 211001, Event 70316010, LumiSection 142 at 28-Apr-2014 19:35:56.469 CDT
Begin processing the 34101st record. Run 211001, Event 70127080, LumiSection 142 at 28-Apr-2014 19:35:56.554 CDT
Begin processing the 34201st record. Run 211001, Event 70466696, LumiSection 142 at 28-Apr-2014 19:35:56.640 CDT
Begin processing the 34301st record. Run 211001, Event 70243212, LumiSection 142 at 28-Apr-2014 19:35:56.725 CDT
Begin processing the 34401st record. Run 211001, Event 70123120, LumiSection 142 at 28-Apr-2014 19:35:56.811 CDT
Begin processing the 34501st record. Run 211001, Event 70512568, LumiSection 142 at 28-Apr-2014 19:35:56.896 CDT
Begin processing the 34601st record. Run 211001, Event 70402025, LumiSection 142 at 28-Apr-2014 19:35:56.982 CDT
Begin processing the 34701st record. Run 211001, Event 70300851, LumiSection 142 at 28-Apr-2014 19:35:57.067 CDT
Begin processing the 34801st record. Run 211001, Event 70237265, LumiSection 142 at 28-Apr-2014 19:35:57.153 CDT
Begin processing the 34901st record. Run 211001, Event 70072366, LumiSection 142 at 28-Apr-2014 19:35:57.238 CDT
Begin processing the 35001st record. Run 211001, Event 70419550, LumiSection 142 at 28-Apr-2014 19:35:57.616 CDT
Begin processing the 35101st record. Run 211001, Event 70316661, LumiSection 142 at 28-Apr-2014 19:35:57.701 CDT
Begin processing the 35201st record. Run 211001, Event 70201462, LumiSection 142 at 28-Apr-2014 19:35:57.786 CDT
Begin processing the 35301st record. Run 211001, Event 70118044, LumiSection 142 at 28-Apr-2014 19:35:57.871 CDT
Begin processing the 35401st record. Run 211001, Event 70477908, LumiSection 142 at 28-Apr-2014 19:35:57.956 CDT
Begin processing the 35501st record. Run 211001, Event 70847179, LumiSection 143 at 28-Apr-2014 19:35:58.045 CDT
Begin processing the 35601st record. Run 211001, Event 70753386, LumiSection 143 at 28-Apr-2014 19:35:58.130 CDT
Begin processing the 35701st record. Run 211001, Event 70647262, LumiSection 143 at 28-Apr-2014 19:35:58.215 CDT
Begin processing the 35801st record. Run 211001, Event 70963230, LumiSection 143 at 28-Apr-2014 19:35:58.300 CDT
Begin processing the 35901st record. Run 211001, Event 70832128, LumiSection 143 at 28-Apr-2014 19:35:58.385 CDT
Begin processing the 36001st record. Run 211001, Event 70672252, LumiSection 143 at 28-Apr-2014 19:35:58.471 CDT
Begin processing the 36101st record. Run 211001, Event 70555312, LumiSection 143 at 28-Apr-2014 19:35:58.556 CDT
Begin processing the 36201st record. Run 211001, Event 70940880, LumiSection 143 at 28-Apr-2014 19:35:58.641 CDT
Begin processing the 36301st record. Run 211001, Event 70766241, LumiSection 143 at 28-Apr-2014 19:35:58.725 CDT
Begin processing the 36401st record. Run 211001, Event 70597603, LumiSection 143 at 28-Apr-2014 19:35:58.810 CDT
Begin processing the 36501st record. Run 211001, Event 70971307, LumiSection 143 at 28-Apr-2014 19:35:58.895 CDT
Begin processing the 36601st record. Run 211001, Event 70817505, LumiSection 143 at 28-Apr-2014 19:35:59.195 CDT
Begin processing the 36701st record. Run 211001, Event 70680743, LumiSection 143 at 28-Apr-2014 19:35:59.281 CDT
Begin processing the 36801st record. Run 211001, Event 70583996, LumiSection 143 at 28-Apr-2014 19:35:59.366 CDT
Begin processing the 36901st record. Run 211001, Event 70926164, LumiSection 143 at 28-Apr-2014 19:35:59.452 CDT
Begin processing the 37001st record. Run 211001, Event 70781518, LumiSection 143 at 28-Apr-2014 19:35:59.537 CDT
Begin processing the 37101st record. Run 211001, Event 70659437, LumiSection 143 at 28-Apr-2014 19:35:59.622 CDT
Begin processing the 37201st record. Run 211001, Event 70967133, LumiSection 143 at 28-Apr-2014 19:35:59.708 CDT
Begin processing the 37301st record. Run 211001, Event 70831439, LumiSection 143 at 28-Apr-2014 19:35:59.793 CDT
Begin processing the 37401st record. Run 211001, Event 70656909, LumiSection 143 at 28-Apr-2014 19:35:59.879 CDT
Begin processing the 37501st record. Run 211001, Event 70574682, LumiSection 143 at 28-Apr-2014 19:35:59.964 CDT
Begin processing the 37601st record. Run 211001, Event 70882050, LumiSection 143 at 28-Apr-2014 19:36:00.050 CDT
Begin processing the 37701st record. Run 211001, Event 71250280, LumiSection 144 at 28-Apr-2014 19:36:00.141 CDT
Begin processing the 37801st record. Run 211001, Event 71107729, LumiSection 144 at 28-Apr-2014 19:36:00.226 CDT
Begin processing the 37901st record. Run 211001, Event 71397577, LumiSection 144 at 28-Apr-2014 19:36:00.312 CDT
Begin processing the 38001st record. Run 211001, Event 71244407, LumiSection 144 at 28-Apr-2014 19:36:00.398 CDT
Begin processing the 38101st record. Run 211001, Event 71117463, LumiSection 144 at 28-Apr-2014 19:36:00.483 CDT
Begin processing the 38201st record. Run 211001, Event 71454703, LumiSection 144 at 28-Apr-2014 19:36:00.568 CDT
Begin processing the 38301st record. Run 211001, Event 71319092, LumiSection 144 at 28-Apr-2014 19:36:00.654 CDT
Begin processing the 38401st record. Run 211001, Event 71174133, LumiSection 144 at 28-Apr-2014 19:36:00.739 CDT
Begin processing the 38501st record. Run 211001, Event 71125740, LumiSection 144 at 28-Apr-2014 19:36:00.824 CDT
Begin processing the 38601st record. Run 211001, Event 71456084, LumiSection 144 at 28-Apr-2014 19:36:00.910 CDT
Begin processing the 38701st record. Run 211001, Event 71400282, LumiSection 144 at 28-Apr-2014 19:36:00.995 CDT
Begin processing the 38801st record. Run 211001, Event 71251042, LumiSection 144 at 28-Apr-2014 19:36:01.080 CDT
Begin processing the 38901st record. Run 211001, Event 71050864, LumiSection 144 at 28-Apr-2014 19:36:01.166 CDT
Begin processing the 39001st record. Run 211001, Event 71404048, LumiSection 144 at 28-Apr-2014 19:36:01.252 CDT
Begin processing the 39101st record. Run 211001, Event 71314869, LumiSection 144 at 28-Apr-2014 19:36:01.338 CDT
Begin processing the 39201st record. Run 211001, Event 71145259, LumiSection 144 at 28-Apr-2014 19:36:01.424 CDT
Begin processing the 39301st record. Run 211001, Event 71454867, LumiSection 144 at 28-Apr-2014 19:36:01.510 CDT
Begin processing the 39401st record. Run 211001, Event 71353443, LumiSection 144 at 28-Apr-2014 19:36:01.595 CDT
Begin processing the 39501st record. Run 211001, Event 71181262, LumiSection 144 at 28-Apr-2014 19:36:01.680 CDT
Begin processing the 39601st record. Run 211001, Event 71015761, LumiSection 144 at 28-Apr-2014 19:36:03.693 CDT
Begin processing the 39701st record. Run 211001, Event 71378489, LumiSection 144 at 28-Apr-2014 19:36:03.777 CDT
Begin processing the 39801st record. Run 211001, Event 71238030, LumiSection 144 at 28-Apr-2014 19:36:03.861 CDT
28-Apr-2014 19:36:03 CDT  Closed file /store//hidata/HIRun2013/PAMuon/RECO/PromptReco-v1/000/211/001/00000/50C3D6BC-D66B-E211-A394-003048F11114.root
28-Apr-2014 19:36:03 CDT  Initiating request to open file /store//hidata/HIRun2013/PAMuon/RECO/PromptReco-v1/000/211/001/00000/B8A6CDE2-D76B-E211-AAEE-001D09F25267.root
28-Apr-2014 19:36:04 CDT  Successfully opened file /store//hidata/HIRun2013/PAMuon/RECO/PromptReco-v1/000/211/001/00000/B8A6CDE2-D76B-E211-AAEE-001D09F25267.root
Begin processing the 39901st record. Run 211001, Event 71590518, LumiSection 145 at 28-Apr-2014 19:37:56.222 CDT
Begin processing the 40001st record. Run 211001, Event 71500194, LumiSection 145 at 28-Apr-2014 19:41:08.860 CDT
Begin processing the 40101st record. Run 211001, Event 71815466, LumiSection 145 at 28-Apr-2014 19:41:08.943 CDT
Begin processing the 40201st record. Run 211001, Event 71719168, LumiSection 145 at 28-Apr-2014 19:41:09.029 CDT
Begin processing the 40301st record. Run 211001, Event 71608123, LumiSection 145 at 28-Apr-2014 19:41:09.111 CDT
Begin processing the 40401st record. Run 211001, Event 71509669, LumiSection 145 at 28-Apr-2014 19:41:09.194 CDT
Begin processing the 40501st record. Run 211001, Event 71846997, LumiSection 145 at 28-Apr-2014 19:41:09.278 CDT
Begin processing the 40601st record. Run 211001, Event 71696227, LumiSection 145 at 28-Apr-2014 19:41:09.360 CDT
Begin processing the 40701st record. Run 211001, Event 71548505, LumiSection 145 at 28-Apr-2014 19:41:09.443 CDT
Begin processing the 40801st record. Run 211001, Event 71931553, LumiSection 145 at 28-Apr-2014 19:41:09.525 CDT
Begin processing the 40901st record. Run 211001, Event 71792616, LumiSection 145 at 28-Apr-2014 19:41:09.608 CDT
Begin processing the 41001st record. Run 211001, Event 71671351, LumiSection 145 at 28-Apr-2014 19:41:09.691 CDT
Begin processing the 41101st record. Run 211001, Event 71952607, LumiSection 145 at 28-Apr-2014 19:41:09.773 CDT
Begin processing the 41201st record. Run 211001, Event 71786055, LumiSection 145 at 28-Apr-2014 19:41:09.856 CDT
Begin processing the 41301st record. Run 211001, Event 71595493, LumiSection 145 at 28-Apr-2014 19:41:09.938 CDT
Begin processing the 41401st record. Run 211001, Event 71958029, LumiSection 145 at 28-Apr-2014 19:41:10.020 CDT
Begin processing the 41501st record. Run 211001, Event 71865921, LumiSection 145 at 28-Apr-2014 19:41:10.102 CDT
Begin processing the 41601st record. Run 211001, Event 71712700, LumiSection 145 at 28-Apr-2014 19:41:10.184 CDT
Begin processing the 41701st record. Run 211001, Event 71578334, LumiSection 145 at 28-Apr-2014 19:41:10.267 CDT
Begin processing the 41801st record. Run 211001, Event 71902966, LumiSection 145 at 28-Apr-2014 19:41:10.349 CDT
Begin processing the 41901st record. Run 211001, Event 71800132, LumiSection 145 at 28-Apr-2014 19:41:10.432 CDT
Begin processing the 42001st record. Run 211001, Event 71662954, LumiSection 145 at 28-Apr-2014 19:41:10.514 CDT
Begin processing the 42101st record. Run 211001, Event 71942330, LumiSection 145 at 28-Apr-2014 19:41:10.597 CDT
Begin processing the 42201st record. Run 211001, Event 72265025, LumiSection 146 at 28-Apr-2014 19:41:10.683 CDT
Begin processing the 42301st record. Run 211001, Event 72098076, LumiSection 146 at 28-Apr-2014 19:41:10.765 CDT
Begin processing the 42401st record. Run 211001, Event 72430476, LumiSection 146 at 28-Apr-2014 19:41:10.847 CDT
Begin processing the 42501st record. Run 211001, Event 72273178, LumiSection 146 at 28-Apr-2014 19:41:10.929 CDT
Begin processing the 42601st record. Run 211001, Event 72084974, LumiSection 146 at 28-Apr-2014 19:41:11.011 CDT
Begin processing the 42701st record. Run 211001, Event 71973656, LumiSection 146 at 28-Apr-2014 19:41:11.362 CDT
Begin processing the 42801st record. Run 211001, Event 72364512, LumiSection 146 at 28-Apr-2014 19:41:11.446 CDT
Begin processing the 42901st record. Run 211001, Event 72293139, LumiSection 146 at 28-Apr-2014 19:41:11.531 CDT
Begin processing the 43001st record. Run 211001, Event 72161657, LumiSection 146 at 28-Apr-2014 19:41:12.024 CDT
Begin processing the 43101st record. Run 211001, Event 72024731, LumiSection 146 at 28-Apr-2014 19:41:12.109 CDT
Begin processing the 43201st record. Run 211001, Event 72433115, LumiSection 146 at 28-Apr-2014 19:41:12.194 CDT
Begin processing the 43301st record. Run 211001, Event 72293813, LumiSection 146 at 28-Apr-2014 19:41:12.279 CDT
Begin processing the 43401st record. Run 211001, Event 72248450, LumiSection 146 at 28-Apr-2014 19:41:12.368 CDT
Begin processing the 43501st record. Run 211001, Event 72114400, LumiSection 146 at 28-Apr-2014 19:41:12.452 CDT
Begin processing the 43601st record. Run 211001, Event 72010510, LumiSection 146 at 28-Apr-2014 19:41:12.537 CDT
Begin processing the 43701st record. Run 211001, Event 72340566, LumiSection 146 at 28-Apr-2014 19:41:12.623 CDT
Begin processing the 43801st record. Run 211001, Event 72214935, LumiSection 146 at 28-Apr-2014 19:41:12.708 CDT
Begin processing the 43901st record. Run 211001, Event 72052823, LumiSection 146 at 28-Apr-2014 19:41:12.793 CDT
Begin processing the 44001st record. Run 211001, Event 72404671, LumiSection 146 at 28-Apr-2014 19:41:12.878 CDT
Begin processing the 44101st record. Run 211001, Event 72298117, LumiSection 146 at 28-Apr-2014 19:41:12.963 CDT
Begin processing the 44201st record. Run 211001, Event 72141548, LumiSection 146 at 28-Apr-2014 19:41:13.048 CDT
Begin processing the 44301st record. Run 211001, Event 72472085, LumiSection 147 at 28-Apr-2014 19:41:13.138 CDT
Begin processing the 44401st record. Run 211001, Event 72809085, LumiSection 147 at 28-Apr-2014 19:41:13.226 CDT
Begin processing the 44501st record. Run 211001, Event 72668250, LumiSection 147 at 28-Apr-2014 19:41:13.319 CDT
Begin processing the 44601st record. Run 211001, Event 72537334, LumiSection 147 at 28-Apr-2014 19:41:13.404 CDT
Begin processing the 44701st record. Run 211001, Event 72902518, LumiSection 147 at 28-Apr-2014 19:41:13.489 CDT
Begin processing the 44801st record. Run 211001, Event 72722888, LumiSection 147 at 28-Apr-2014 19:41:13.578 CDT
Begin processing the 44901st record. Run 211001, Event 72573862, LumiSection 147 at 28-Apr-2014 19:41:13.663 CDT
Begin processing the 45001st record. Run 211001, Event 72505188, LumiSection 147 at 28-Apr-2014 19:41:13.748 CDT
Begin processing the 45101st record. Run 211001, Event 72760260, LumiSection 147 at 28-Apr-2014 19:41:13.834 CDT
Begin processing the 45201st record. Run 211001, Event 72554377, LumiSection 147 at 28-Apr-2014 19:41:13.919 CDT
Begin processing the 45301st record. Run 211001, Event 72898313, LumiSection 147 at 28-Apr-2014 19:41:14.014 CDT
Begin processing the 45401st record. Run 211001, Event 72773556, LumiSection 147 at 28-Apr-2014 19:41:14.105 CDT
Begin processing the 45501st record. Run 211001, Event 72627479, LumiSection 147 at 28-Apr-2014 19:41:14.197 CDT
Begin processing the 45601st record. Run 211001, Event 72857671, LumiSection 147 at 28-Apr-2014 19:41:14.282 CDT
Begin processing the 45701st record. Run 211001, Event 72754370, LumiSection 147 at 28-Apr-2014 19:41:14.367 CDT
Begin processing the 45801st record. Run 211001, Event 72608541, LumiSection 147 at 28-Apr-2014 19:41:14.452 CDT
Begin processing the 45901st record. Run 211001, Event 72557959, LumiSection 147 at 28-Apr-2014 19:41:14.537 CDT
Begin processing the 46001st record. Run 211001, Event 72479184, LumiSection 147 at 28-Apr-2014 19:41:14.634 CDT
Begin processing the 46101st record. Run 211001, Event 72768992, LumiSection 147 at 28-Apr-2014 19:41:14.718 CDT
Begin processing the 46201st record. Run 211001, Event 72667843, LumiSection 147 at 28-Apr-2014 19:41:14.805 CDT
Begin processing the 46301st record. Run 211001, Event 72559545, LumiSection 147 at 28-Apr-2014 19:41:14.900 CDT
Begin processing the 46401st record. Run 211001, Event 72883329, LumiSection 147 at 28-Apr-2014 19:41:14.985 CDT
Begin processing the 46501st record. Run 211001, Event 72766723, LumiSection 147 at 28-Apr-2014 19:41:15.070 CDT
Begin processing the 46601st record. Run 211001, Event 73111295, LumiSection 148 at 28-Apr-2014 19:41:15.160 CDT
Begin processing the 46701st record. Run 211001, Event 72950940, LumiSection 148 at 28-Apr-2014 19:41:15.245 CDT
Begin processing the 46801st record. Run 211001, Event 73259020, LumiSection 148 at 28-Apr-2014 19:41:15.330 CDT
Begin processing the 46901st record. Run 211001, Event 73116550, LumiSection 148 at 28-Apr-2014 19:41:15.415 CDT
Begin processing the 47001st record. Run 211001, Event 73024071, LumiSection 148 at 28-Apr-2014 19:41:15.500 CDT
Begin processing the 47101st record. Run 211001, Event 72967281, LumiSection 148 at 28-Apr-2014 19:41:15.591 CDT
Begin processing the 47201st record. Run 211001, Event 73264673, LumiSection 148 at 28-Apr-2014 19:41:15.677 CDT
Begin processing the 47301st record. Run 211001, Event 73162849, LumiSection 148 at 28-Apr-2014 19:41:15.762 CDT
Begin processing the 47401st record. Run 211001, Event 73073746, LumiSection 148 at 28-Apr-2014 19:41:15.847 CDT
Begin processing the 47501st record. Run 211001, Event 72949171, LumiSection 148 at 28-Apr-2014 19:41:15.932 CDT
Begin processing the 47601st record. Run 211001, Event 73339139, LumiSection 148 at 28-Apr-2014 19:41:16.017 CDT
Begin processing the 47701st record. Run 211001, Event 73186048, LumiSection 148 at 28-Apr-2014 19:41:16.103 CDT
Begin processing the 47801st record. Run 211001, Event 73071002, LumiSection 148 at 28-Apr-2014 19:41:16.188 CDT
Begin processing the 47901st record. Run 211001, Event 73393122, LumiSection 148 at 28-Apr-2014 19:41:16.273 CDT
Begin processing the 48001st record. Run 211001, Event 73247148, LumiSection 148 at 28-Apr-2014 19:41:16.359 CDT
Begin processing the 48101st record. Run 211001, Event 73130424, LumiSection 148 at 28-Apr-2014 19:41:16.443 CDT
Begin processing the 48201st record. Run 211001, Event 72958822, LumiSection 148 at 28-Apr-2014 19:41:16.528 CDT
Begin processing the 48301st record. Run 211001, Event 73330622, LumiSection 148 at 28-Apr-2014 19:41:16.614 CDT
Begin processing the 48401st record. Run 211001, Event 73189163, LumiSection 148 at 28-Apr-2014 19:41:16.702 CDT
Begin processing the 48501st record. Run 211001, Event 73058301, LumiSection 148 at 28-Apr-2014 19:41:16.793 CDT
Begin processing the 48601st record. Run 211001, Event 72924597, LumiSection 148 at 28-Apr-2014 19:41:16.878 CDT
Begin processing the 48701st record. Run 211001, Event 73254685, LumiSection 148 at 28-Apr-2014 19:41:16.963 CDT
Begin processing the 48801st record. Run 211001, Event 73586936, LumiSection 149 at 28-Apr-2014 19:41:17.052 CDT
Begin processing the 48901st record. Run 211001, Event 73487075, LumiSection 149 at 28-Apr-2014 19:41:17.138 CDT
Begin processing the 49001st record. Run 211001, Event 73824587, LumiSection 149 at 28-Apr-2014 19:41:17.223 CDT
Begin processing the 49101st record. Run 211001, Event 73771207, LumiSection 149 at 28-Apr-2014 19:41:17.309 CDT
Begin processing the 49201st record. Run 211001, Event 73644487, LumiSection 149 at 28-Apr-2014 19:41:17.394 CDT
Begin processing the 49301st record. Run 211001, Event 73491386, LumiSection 149 at 28-Apr-2014 19:41:17.481 CDT
Begin processing the 49401st record. Run 211001, Event 73849546, LumiSection 149 at 28-Apr-2014 19:41:17.581 CDT
Begin processing the 49501st record. Run 211001, Event 73705637, LumiSection 149 at 28-Apr-2014 19:41:17.683 CDT
Begin processing the 49601st record. Run 211001, Event 73635602, LumiSection 149 at 28-Apr-2014 19:41:17.784 CDT
Begin processing the 49701st record. Run 211001, Event 73515132, LumiSection 149 at 28-Apr-2014 19:41:17.886 CDT
Begin processing the 49801st record. Run 211001, Event 73853756, LumiSection 149 at 28-Apr-2014 19:41:17.984 CDT
Begin processing the 49901st record. Run 211001, Event 73701588, LumiSection 149 at 28-Apr-2014 19:41:18.069 CDT
Begin processing the 50001st record. Run 211001, Event 73549629, LumiSection 149 at 28-Apr-2014 19:41:18.154 CDT
Begin processing the 50101st record. Run 211001, Event 73869229, LumiSection 149 at 28-Apr-2014 19:41:18.239 CDT
Begin processing the 50201st record. Run 211001, Event 73708329, LumiSection 149 at 28-Apr-2014 19:41:18.324 CDT
Begin processing the 50301st record. Run 211001, Event 73502673, LumiSection 149 at 28-Apr-2014 19:41:18.410 CDT
Begin processing the 50401st record. Run 211001, Event 73828345, LumiSection 149 at 28-Apr-2014 19:41:18.495 CDT
Begin processing the 50501st record. Run 211001, Event 73728926, LumiSection 149 at 28-Apr-2014 19:41:18.581 CDT
Begin processing the 50601st record. Run 211001, Event 73670331, LumiSection 149 at 28-Apr-2014 19:41:18.666 CDT
Begin processing the 50701st record. Run 211001, Event 73548752, LumiSection 149 at 28-Apr-2014 19:41:18.751 CDT
Begin processing the 50801st record. Run 211001, Event 73865088, LumiSection 149 at 28-Apr-2014 19:41:18.835 CDT
Begin processing the 50901st record. Run 211001, Event 73694462, LumiSection 149 at 28-Apr-2014 19:41:18.920 CDT
Begin processing the 51001st record. Run 211001, Event 74033223, LumiSection 150 at 28-Apr-2014 19:41:20.945 CDT
Begin processing the 51101st record. Run 211001, Event 73952900, LumiSection 150 at 28-Apr-2014 19:41:21.029 CDT
Begin processing the 51201st record. Run 211001, Event 74267828, LumiSection 150 at 28-Apr-2014 19:41:21.114 CDT
Begin processing the 51301st record. Run 211001, Event 74101166, LumiSection 150 at 28-Apr-2014 19:41:21.199 CDT
Begin processing the 51401st record. Run 211001, Event 74033709, LumiSection 150 at 28-Apr-2014 19:41:21.283 CDT
Begin processing the 51501st record. Run 211001, Event 73897303, LumiSection 150 at 28-Apr-2014 19:41:21.369 CDT
Begin processing the 51601st record. Run 211001, Event 74236623, LumiSection 150 at 28-Apr-2014 19:41:21.455 CDT
Begin processing the 51701st record. Run 211001, Event 74046813, LumiSection 150 at 28-Apr-2014 19:41:21.540 CDT
Begin processing the 51801st record. Run 211001, Event 73886282, LumiSection 150 at 28-Apr-2014 19:41:21.624 CDT
Begin processing the 51901st record. Run 211001, Event 74205922, LumiSection 150 at 28-Apr-2014 19:41:21.826 CDT
Begin processing the 52001st record. Run 211001, Event 74016395, LumiSection 150 at 28-Apr-2014 19:41:21.911 CDT
Begin processing the 52101st record. Run 211001, Event 73930514, LumiSection 150 at 28-Apr-2014 19:41:21.996 CDT
Begin processing the 52201st record. Run 211001, Event 74279274, LumiSection 150 at 28-Apr-2014 19:41:22.081 CDT
Begin processing the 52301st record. Run 211001, Event 74090510, LumiSection 150 at 28-Apr-2014 19:41:22.166 CDT
Begin processing the 52401st record. Run 211001, Event 73976736, LumiSection 150 at 28-Apr-2014 19:41:22.251 CDT
Begin processing the 52501st record. Run 211001, Event 74306480, LumiSection 150 at 28-Apr-2014 19:41:22.336 CDT
Begin processing the 52601st record. Run 211001, Event 74227684, LumiSection 150 at 28-Apr-2014 19:41:22.427 CDT
Begin processing the 52701st record. Run 211001, Event 74036248, LumiSection 150 at 28-Apr-2014 19:41:22.513 CDT
Begin processing the 52801st record. Run 211001, Event 73887169, LumiSection 150 at 28-Apr-2014 19:41:22.598 CDT
Begin processing the 52901st record. Run 211001, Event 74199449, LumiSection 150 at 28-Apr-2014 19:41:22.683 CDT
Begin processing the 53001st record. Run 211001, Event 74045651, LumiSection 150 at 28-Apr-2014 19:41:22.768 CDT
Begin processing the 53101st record. Run 211001, Event 73970033, LumiSection 150 at 28-Apr-2014 19:41:22.853 CDT
Begin processing the 53201st record. Run 211001, Event 74349273, LumiSection 150 at 28-Apr-2014 19:41:22.937 CDT
Begin processing the 53301st record. Run 211001, Event 74687185, LumiSection 151 at 28-Apr-2014 19:41:23.029 CDT
Begin processing the 53401st record. Run 211001, Event 74563515, LumiSection 151 at 28-Apr-2014 19:41:23.114 CDT
Begin processing the 53501st record. Run 211001, Event 74405489, LumiSection 151 at 28-Apr-2014 19:41:23.199 CDT
Begin processing the 53601st record. Run 211001, Event 74752649, LumiSection 151 at 28-Apr-2014 19:41:23.283 CDT
Begin processing the 53701st record. Run 211001, Event 74594782, LumiSection 151 at 28-Apr-2014 19:41:23.368 CDT
Begin processing the 53801st record. Run 211001, Event 74488533, LumiSection 151 at 28-Apr-2014 19:41:23.453 CDT
Begin processing the 53901st record. Run 211001, Event 74804653, LumiSection 151 at 28-Apr-2014 19:41:23.538 CDT
Begin processing the 54001st record. Run 211001, Event 74682886, LumiSection 151 at 28-Apr-2014 19:41:23.622 CDT
Begin processing the 54101st record. Run 211001, Event 74497404, LumiSection 151 at 28-Apr-2014 19:41:23.707 CDT
Begin processing the 54201st record. Run 211001, Event 74798580, LumiSection 151 at 28-Apr-2014 19:41:23.792 CDT
Begin processing the 54301st record. Run 211001, Event 74769727, LumiSection 151 at 28-Apr-2014 19:41:23.876 CDT
Begin processing the 54401st record. Run 211001, Event 74589973, LumiSection 151 at 28-Apr-2014 19:41:23.962 CDT
Begin processing the 54501st record. Run 211001, Event 74517983, LumiSection 151 at 28-Apr-2014 19:41:24.048 CDT
Begin processing the 54601st record. Run 211001, Event 74368826, LumiSection 151 at 28-Apr-2014 19:41:24.133 CDT
Begin processing the 54701st record. Run 211001, Event 74737970, LumiSection 151 at 28-Apr-2014 19:41:24.219 CDT
Begin processing the 54801st record. Run 211001, Event 74607139, LumiSection 151 at 28-Apr-2014 19:41:24.306 CDT
Begin processing the 54901st record. Run 211001, Event 74478114, LumiSection 151 at 28-Apr-2014 19:41:24.394 CDT
Begin processing the 55001st record. Run 211001, Event 74363488, LumiSection 151 at 28-Apr-2014 19:41:24.481 CDT
Begin processing the 55101st record. Run 211001, Event 74681728, LumiSection 151 at 28-Apr-2014 19:41:24.566 CDT
Begin processing the 55201st record. Run 211001, Event 74559772, LumiSection 151 at 28-Apr-2014 19:41:24.652 CDT
Begin processing the 55301st record. Run 211001, Event 74476464, LumiSection 151 at 28-Apr-2014 19:41:24.738 CDT
Begin processing the 55401st record. Run 211001, Event 74793744, LumiSection 151 at 28-Apr-2014 19:41:24.824 CDT
Begin processing the 55501st record. Run 211001, Event 75090534, LumiSection 152 at 28-Apr-2014 19:41:24.916 CDT
Begin processing the 55601st record. Run 211001, Event 74974901, LumiSection 152 at 28-Apr-2014 19:41:25.002 CDT
Begin processing the 55701st record. Run 211001, Event 75216037, LumiSection 152 at 28-Apr-2014 19:41:25.090 CDT
Begin processing the 55801st record. Run 211001, Event 75076505, LumiSection 152 at 28-Apr-2014 19:41:25.176 CDT
Begin processing the 55901st record. Run 211001, Event 74945871, LumiSection 152 at 28-Apr-2014 19:41:25.262 CDT
Begin processing the 56001st record. Run 211001, Event 75300863, LumiSection 152 at 28-Apr-2014 19:41:25.346 CDT
Begin processing the 56101st record. Run 211001, Event 75174590, LumiSection 152 at 28-Apr-2014 19:41:25.432 CDT
Begin processing the 56201st record. Run 211001, Event 75046995, LumiSection 152 at 28-Apr-2014 19:41:25.517 CDT
Begin processing the 56301st record. Run 211001, Event 74963048, LumiSection 152 at 28-Apr-2014 19:41:25.602 CDT
Begin processing the 56401st record. Run 211001, Event 75264944, LumiSection 152 at 28-Apr-2014 19:41:25.686 CDT
Begin processing the 56501st record. Run 211001, Event 75082578, LumiSection 152 at 28-Apr-2014 19:41:25.771 CDT
Begin processing the 56601st record. Run 211001, Event 74944995, LumiSection 152 at 28-Apr-2014 19:41:25.856 CDT
Begin processing the 56701st record. Run 211001, Event 75272003, LumiSection 152 at 28-Apr-2014 19:41:25.941 CDT
Begin processing the 56801st record. Run 211001, Event 75130655, LumiSection 152 at 28-Apr-2014 19:41:27.151 CDT
Begin processing the 56901st record. Run 211001, Event 74998545, LumiSection 152 at 28-Apr-2014 19:41:27.237 CDT
Begin processing the 57001st record. Run 211001, Event 74875084, LumiSection 152 at 28-Apr-2014 19:41:27.322 CDT
Begin processing the 57101st record. Run 211001, Event 75210660, LumiSection 152 at 28-Apr-2014 19:41:27.410 CDT
Begin processing the 57201st record. Run 211001, Event 75098128, LumiSection 152 at 28-Apr-2014 19:41:27.496 CDT
Begin processing the 57301st record. Run 211001, Event 74976730, LumiSection 152 at 28-Apr-2014 19:41:27.584 CDT
Begin processing the 57401st record. Run 211001, Event 74883964, LumiSection 152 at 28-Apr-2014 19:41:27.670 CDT
Begin processing the 57501st record. Run 211001, Event 75182292, LumiSection 152 at 28-Apr-2014 19:41:27.756 CDT
Begin processing the 57601st record. Run 211001, Event 75061245, LumiSection 152 at 28-Apr-2014 19:41:27.842 CDT
Begin processing the 57701st record. Run 211001, Event 75383894, LumiSection 153 at 28-Apr-2014 19:41:27.932 CDT
Begin processing the 57801st record. Run 211001, Event 75716766, LumiSection 153 at 28-Apr-2014 19:41:28.389 CDT
Begin processing the 57901st record. Run 211001, Event 75567979, LumiSection 153 at 28-Apr-2014 19:41:28.474 CDT
Begin processing the 58001st record. Run 211001, Event 75477648, LumiSection 153 at 28-Apr-2014 19:41:28.559 CDT
Begin processing the 58101st record. Run 211001, Event 75426994, LumiSection 153 at 28-Apr-2014 19:41:28.644 CDT
Begin processing the 58201st record. Run 211001, Event 75317507, LumiSection 153 at 28-Apr-2014 19:41:28.730 CDT
Begin processing the 58301st record. Run 211001, Event 75594099, LumiSection 153 at 28-Apr-2014 19:41:28.814 CDT
Begin processing the 58401st record. Run 211001, Event 75448177, LumiSection 153 at 28-Apr-2014 19:41:28.899 CDT
Begin processing the 58501st record. Run 211001, Event 75765049, LumiSection 153 at 28-Apr-2014 19:41:28.984 CDT
Begin processing the 58601st record. Run 211001, Event 75643621, LumiSection 153 at 28-Apr-2014 19:41:29.069 CDT
Begin processing the 58701st record. Run 211001, Event 75482596, LumiSection 153 at 28-Apr-2014 19:41:29.154 CDT
Begin processing the 58801st record. Run 211001, Event 75408674, LumiSection 153 at 28-Apr-2014 19:41:29.239 CDT
Begin processing the 58901st record. Run 211001, Event 75722162, LumiSection 153 at 28-Apr-2014 19:41:29.324 CDT
Begin processing the 59001st record. Run 211001, Event 75616188, LumiSection 153 at 28-Apr-2014 19:41:29.409 CDT
Begin processing the 59101st record. Run 211001, Event 75476703, LumiSection 153 at 28-Apr-2014 19:41:29.493 CDT
Begin processing the 59201st record. Run 211001, Event 75329487, LumiSection 153 at 28-Apr-2014 19:41:29.582 CDT
Begin processing the 59301st record. Run 211001, Event 75618375, LumiSection 153 at 28-Apr-2014 19:41:29.670 CDT
Begin processing the 59401st record. Run 211001, Event 75513965, LumiSection 153 at 28-Apr-2014 19:41:29.759 CDT
Begin processing the 59501st record. Run 211001, Event 75356249, LumiSection 153 at 28-Apr-2014 19:41:29.848 CDT
Begin processing the 59601st record. Run 211001, Event 75686353, LumiSection 153 at 28-Apr-2014 19:41:29.934 CDT
Begin processing the 59701st record. Run 211001, Event 75573086, LumiSection 153 at 28-Apr-2014 19:41:30.022 CDT
Begin processing the 59801st record. Run 211001, Event 75403568, LumiSection 153 at 28-Apr-2014 19:41:30.108 CDT
Begin processing the 59901st record. Run 211001, Event 75741024, LumiSection 153 at 28-Apr-2014 19:41:30.193 CDT
28-Apr-2014 19:41:30 CDT  Closed file /store//hidata/HIRun2013/PAMuon/RECO/PromptReco-v1/000/211/001/00000/B8A6CDE2-D76B-E211-AAEE-001D09F25267.root


 EcalFlowNTP::endJob() <I>  nevttotal_trg = 12,  nevttotal_ass = 12
 Will check the Z-vertex differences

 Number of trigger events with at least one partner event = 11

--- RESULTS ---

  Currently with pi0 mixed event entries = 3216,  mixed clusters examined 21906,  events containing at least one cluster 12
 Number of hot channel seed crystals that were discarded 3
 Number of hot channel satellite crystals that were discarded 0
 Maximum number of HI tracks for run 211001 is 222 at event 65364651
 Maximum number clusters found for run 211001 is 91 at event 65364651
 Maximum number crystals found for run 211001 is 527 at event 65364651
 Total events this run = 14 with accumulated events for all runs = 14
 Number of events with trigger particle (nevttotal_trg) = 12
 Number of events with associated particle (nevttotal_ass) = 12
 Number of background fills = 11
 Total of takeAssociated events = 18
 Minimum number of associated events for any trigger event = 1

=============================================

MessageLogger Summary

 type     category        sev    module        subroutine        count    total
 ---- -------------------- -- ---------------- ----------------  -----    -----
    1 fileAction           -s file_close                             3        3
    2 fileAction           -s file_open                              6        6

 type    category    Examples: run/evt        run/evt          run/evt
 ---- -------------------- ---------------- ---------------- ----------------
    1 fileAction           PostProcessEvent PostProcessEvent PostEndRun
    2 fileAction           pre-events       pre-events       PostProcessEvent

Severity    # Occurrences   Total Occurrences
--------    -------------   -----------------
System                  9                   9
>>> END OF printout of 700 lines from stdout+stderr
>>> Parse FrameworkJobReport crab_fjr.xml
Result of parsing the FrameworkJobReport crab_fjr.xml: Popularity start
lumisRange : 211001::136-144::1;211001::127-135::2;211001::145-153::3;
lumisParentRange : 
Basename : /store/hidata/HIRun2013/PAMuon/RECO/PromptReco-v1/000/211/001/00000/
BasenameParent : 
parentFiles : 
inputBlocks : /PAMuon/HIRun2013-PromptReco-v1/RECO#1e7edd32-6bd1-11e2-9eda-003048caaace
inputFiles : 50C3D6BC-D66B-E211-A394-003048F11114.root::1::EDM::Local::1;D8341EAC-D86B-E211-B8AE-0025901D631E.root::1::EDM::Local::2;B8A6CDE2-D76B-E211-AAEE-001D09F25267.root::1::EDM::Local::3;
Popularity stop
Extracted ExitStatus from FrameworkJobReport parsing output: 0
>>> Executable succeded  0
ExeExitCode=0
EXECUTABLE_EXIT_STATUS = 0
>>> current directory /tmp/1144209.vmpsched/glide_DwPDI4/execute/dir_28935/cms_uFop9IGSUaVx/CMSSW_5_3_8_HI_patch2
>>>  (SOFTWARE_DIR): /tmp/1144209.vmpsched/glide_DwPDI4/execute/dir_28935/cms_uFop9IGSUaVx/CMSSW_5_3_8_HI_patch2
>>> (WORKING_DIR): /tmp/1144209.vmpsched/glide_DwPDI4/execute/dir_28935/cms_uFop9IGSUaVx
>>> current directory content:
total 2868
drwxr-xr-x 3 uscms4054 cms    4096 Apr 28 19:27 .SCRAM
-rw------- 1 uscms4054 cms 1311770 Apr 28 19:27 CMSSW.py.pkl
drwxr-xr-x 3 uscms4054 cms    4096 Apr 28 19:27 bin
drwxr-xr-x 3 uscms4054 cms    4096 Apr 28 19:27 cfipython
drwxr-xr-x 5 uscms4054 cms    4096 Apr 28 19:27 config
-rw------- 1 uscms4054 cms      14 Apr 28 19:41 cpu_timing.txt
drwxr-xr-x 2 uscms4054 cms    4096 Apr 28 19:27 doc
-rw------- 1 uscms4054 cms   74712 Apr 28 19:41 executable.out
drwxr-xr-x 2 uscms4054 cms    4096 Apr 28 19:27 include
drwx------ 3 uscms4054 cms    4096 Jan 14 17:06 lib
drwxr-xr-x 3 uscms4054 cms    4096 Apr 28 19:27 logs
drwxr-xr-x 3 uscms4054 cms    4096 Apr 28 19:27 objs
-rw------- 1 uscms4054 cms  158612 Apr 28 19:41 pPbMuon_S49-74_28April2014V2.root
-rw------- 1 uscms4054 cms     104 Apr 28 19:27 pset.py
-rw------- 1 uscms4054 cms 1310853 Apr 28 19:27 pset.py.pkl
-rw------- 1 uscms4054 cms     289 Apr 28 19:27 pset.pyc
drwxr-xr-x 2 uscms4054 cms    4096 Apr 28 19:27 python
-rw------- 1 uscms4054 cms     407 Apr 28 19:41 report.log
drwx------ 5 uscms4054 cms    4096 Apr 28 19:27 src
drwxr-xr-x 3 uscms4054 cms    4096 Apr 28 19:27 test
drwxr-xr-x 3 uscms4054 cms    4096 Apr 28 19:27 tmp
>>> current directory /tmp/1144209.vmpsched/glide_DwPDI4/execute/dir_28935/cms_uFop9IGSUaVx/CMSSW_5_3_8_HI_patch2
>>> (SOFTWARE_DIR): /tmp/1144209.vmpsched/glide_DwPDI4/execute/dir_28935/cms_uFop9IGSUaVx/CMSSW_5_3_8_HI_patch2
>>> (WORKING_DIR): /tmp/1144209.vmpsched/glide_DwPDI4/execute/dir_28935/cms_uFop9IGSUaVx
>>> current directory content:
total 2868
drwxr-xr-x 3 uscms4054 cms    4096 Apr 28 19:27 .SCRAM
-rw------- 1 uscms4054 cms 1311770 Apr 28 19:27 CMSSW.py.pkl
drwxr-xr-x 3 uscms4054 cms    4096 Apr 28 19:27 bin
drwxr-xr-x 3 uscms4054 cms    4096 Apr 28 19:27 cfipython
drwxr-xr-x 5 uscms4054 cms    4096 Apr 28 19:27 config
-rw------- 1 uscms4054 cms      14 Apr 28 19:41 cpu_timing.txt
drwxr-xr-x 2 uscms4054 cms    4096 Apr 28 19:27 doc
-rw------- 1 uscms4054 cms   74712 Apr 28 19:41 executable.out
drwxr-xr-x 2 uscms4054 cms    4096 Apr 28 19:27 include
drwx------ 3 uscms4054 cms    4096 Jan 14 17:06 lib
drwxr-xr-x 3 uscms4054 cms    4096 Apr 28 19:27 logs
drwxr-xr-x 3 uscms4054 cms    4096 Apr 28 19:27 objs
-rw------- 1 uscms4054 cms  158612 Apr 28 19:41 pPbMuon_S49-74_28April2014V2_113_1_fkz.root
-rw------- 1 uscms4054 cms     104 Apr 28 19:27 pset.py
-rw------- 1 uscms4054 cms 1310853 Apr 28 19:27 pset.py.pkl
-rw------- 1 uscms4054 cms     289 Apr 28 19:27 pset.pyc
drwxr-xr-x 2 uscms4054 cms    4096 Apr 28 19:27 python
-rw------- 1 uscms4054 cms     407 Apr 28 19:41 report.log
drwx------ 5 uscms4054 cms    4096 Apr 28 19:27 src
drwxr-xr-x 3 uscms4054 cms    4096 Apr 28 19:27 test
drwxr-xr-x 3 uscms4054 cms    4096 Apr 28 19:27 tmp
>>> current directory (RUNTIME_AREA):  /tmp/1144209.vmpsched/glide_DwPDI4/execute/dir_28935
SE = se1.accre.vanderbilt.edu
SE_PATH = /srm/v2/server?SFN=/store/user/maguire/hiRun2013pPb/
LFNBaseName = /store/user/maguire/hiRun2013pPb/
USER = maguire
endpoint = srm://se1.accre.vanderbilt.edu:6288/srm/v2/server?SFN=/store/user/maguire/hiRun2013pPb/
>>> Copy output files from WN = vmp614 to /srm/v2/server?SFN=/store/user/maguire/hiRun2013pPb/ :
python cmscp.py  --destination srm://se1.accre.vanderbilt.edu:6288/srm/v2/server?SFN=/store/user/maguire/hiRun2013pPb/ --inputFileList /tmp/1144209.vmpsched/glide_DwPDI4/execute/dir_28935/cms_uFop9IGSUaVx/CMSSW_5_3_8_HI_patch2/pPbMuon_S49-74_28April2014V2_113_1_fkz.root --middleware OSG --se_name se1.accre.vanderbilt.edu --for_lfn /store/user/maguire/hiRun2013pPb/    
******************************************************
localSeName  =  se1.accre.vanderbilt.edu
remoteSeName =  se1.accre.vanderbilt.edu
******************************************************
*** I am at, and writing-to, Vanderbilt. Try lstore first ***
directory/store/user/maguire/hiRun2013pPb/already exists
executing /usr/local/cms-stageout/vandyCpv2.sh /tmp/1144209.vmpsched/glide_DwPDI4/execute/dir_28935/cms_uFop9IGSUaVx/CMSSW_5_3_8_HI_patch2/pPbMuon_S49-74_28April2014V2_113_1_fkz.root /store/user/maguire/hiRun2013pPb/pPbMuon_S49-74_28April2014V2_113_1_fkz.root

{"/tmp/1144209.vmpsched/glide_DwPDI4/execute/dir_28935/cms_uFop9IGSUaVx/CMSSW_5_3_8_HI_patch2/pPbMuon_S49-74_28April2014V2_113_1_fkz.root": {"endpoint": "srm://se1.accre.vanderbilt.edu:6288/srm/v2/server?SFN=/store/user/maguire/hiRun2013pPb/", "surl_for_grid": "", "reason": "Copy succedeed with lstore utils", "erCode": "0", "se_name": "se1.accre.vanderbilt.edu", "for_lfn": "/store/user/maguire/hiRun2013pPb/"}}/tmp/1144209.vmpsched/glide_DwPDI4/execute/dir_28935
-------- cat /tmp/1144209.vmpsched/glide_DwPDI4/execute/dir_28935/cmscpReport.sh 
#!/bin/bash
echo "Report for File: /tmp/1144209.vmpsched/glide_DwPDI4/execute/dir_28935/cms_uFop9IGSUaVx/CMSSW_5_3_8_HI_patch2/pPbMuon_S49-74_28April2014V2_113_1_fkz.root"
echo "LFN: /store/user/maguire/hiRun2013pPb/pPbMuon_S49-74_28April2014V2_113_1_fkz.root"
echo "StorageElement: se1.accre.vanderbilt.edu"
echo "StageOutExitStatusReason = 'Copy succedeed with lstore utils'" | tee -a $RUNTIME_AREA/$repo
echo "StageOutSE = se1.accre.vanderbilt.edu" >> $RUNTIME_AREA/$repo

export StageOutExitStatus=0
echo "StageOutExitStatus = 0" | tee -a $RUNTIME_AREA/$repo
-------- end of /tmp/1144209.vmpsched/glide_DwPDI4/execute/dir_28935/cmscpReport.sh 
Report for File: /tmp/1144209.vmpsched/glide_DwPDI4/execute/dir_28935/cms_uFop9IGSUaVx/CMSSW_5_3_8_HI_patch2/pPbMuon_S49-74_28April2014V2_113_1_fkz.root
LFN: /store/user/maguire/hiRun2013pPb/pPbMuon_S49-74_28April2014V2_113_1_fkz.root
StorageElement: se1.accre.vanderbilt.edu
StageOutExitStatusReason = 'Copy succedeed with lstore utils'
StageOutExitStatus = 0
>>> current dir: /tmp/1144209.vmpsched/glide_DwPDI4/execute/dir_28935
>>> current dir content:
total 3988
-rw------- 1 uscms4054 cms     325 Apr 28 19:42 .SEinteraction.log
-rwx------ 1 uscms4054 cms    6655 Apr 28 19:27 .job.ad
-rwx------ 1 uscms4054 cms   13848 Apr 28 19:27 .machine.ad
-rw------- 1 uscms4054 cms     105 Apr 28 15:44 CMSSW.py
-rw------- 1 uscms4054 cms 1311770 Apr 28 15:44 CMSSW.py.pkl
-rwx------ 1 uscms4054 cms   28577 Apr 28 19:27 CMSSW.sh
-rw------- 1 uscms4054 cms     146 Apr 28 19:27 CacheEnv.sh
-rw------- 1 uscms4054 cms    7291 Apr  4 04:04 DashboardAPI.py
-rw------- 1 uscms4054 cms    6478 Apr 28 19:27 DashboardAPI.pyc
drwx------ 2 uscms4054 cms    4096 Apr 28 19:41 IMProv
-rw------- 1 uscms4054 cms    2748 Apr  4 04:04 Logger.py
-rw------- 1 uscms4054 cms    3218 Apr 28 19:27 Logger.pyc
-rw------- 1 uscms4054 cms   24524 Apr  4 04:04 ProcInfo.py
-rw------- 1 uscms4054 cms   22822 Apr 28 19:27 ProcInfo.pyc
drwx------ 7 uscms4054 cms    4096 Apr 28 19:27 ProdCommon
drwx------ 3 uscms4054 cms    4096 Apr 28 19:27 WMCore
-rw------- 1 uscms4054 cms    2304 Apr 28 19:42 Watchdog_113.log
-rwx------ 1 uscms4054 cms       0 Apr 28 19:27 _condor_stderr
-rwx---r-- 1 uscms4054 cms   90266 Apr 28 19:42 _condor_stdout
-rw------- 1 uscms4054 cms   32895 Apr  4 04:04 apmon.py
-rw------- 1 uscms4054 cms   28091 Apr 28 19:27 apmon.pyc
-rwx------ 1 uscms4054 cms  289691 Apr 28 19:27 arguments.xml
-rwx------ 1 uscms4054 cms  145992 Dec 18  2012 cmsRun
drwx------ 3 uscms4054 cms    4096 Apr 28 19:27 cms_uFop9IGSUaVx
-rwx------ 1 uscms4054 cms   38515 Apr  4 04:04 cmscp.py
-rw------- 1 uscms4054 cms     563 Apr 28 19:42 cmscpReport.sh
-rwx------ 1 uscms4054 cms   28577 Apr 28 19:27 condor_exec.exe
-rw------- 1 uscms4054 cms     422 Apr 28 15:43 crab.cfg
-rwx------ 1 uscms4054 cms    8610 Apr  4 04:04 crabWatchdog.sh
-rwx---r-- 1 uscms4054 cms  124780 Apr 28 19:41 crab_fjr_113.xml
-rwx------ 1 uscms4054 cms 1715325 Apr 28 19:27 default.tgz
-rwx------ 1 uscms4054 cms    4488 Apr  4 04:04 fillCrabFjr.py
-rw------- 1 uscms4054 cms     473 Apr 28 19:27 inputsReport.txt
-rw------- 1 uscms4054 cms     261 Apr 28 19:42 jobreport.txt
lrwxrwxrwx 1 uscms4054 cms     135 Apr 28 19:41 pPbMuon_S49-74_28April2014V2.root -> /tmp/1144209.vmpsched/glide_DwPDI4/execute/dir_28935/cms_uFop9IGSUaVx/CMSSW_5_3_8_HI_patch2/pPbMuon_S49-74_28April2014V2_113_1_fkz.root
-rw------- 1 uscms4054 cms   17352 Apr  4 04:04 parseCrabFjr.py
-rw------- 1 uscms4054 cms     321 Apr 28 19:27 report.log
-rwx--x--x 1 uscms4054 cms    1497 Apr  4 04:04 report.py
-rw------- 1 uscms4054 cms     413 Apr 28 19:42 resultCopyFile
-rwx------ 1 uscms4054 cms    8387 Apr  4 04:04 writeCfg.py
-rw------- 1 uscms4054 cms    9557 Apr 28 19:27 x509up_u28075
>>> Modify Job Report:
CMSSW_VERSION = CMSSW_5_3_8_HI_patch2
/tmp/1144209.vmpsched/glide_DwPDI4/execute/dir_28935/ProdCommon/FwkJobRep/ModifyJobReport.py fjr /tmp/1144209.vmpsched/glide_DwPDI4/execute/dir_28935/crab_fjr_113.xml json /tmp/1144209.vmpsched/glide_DwPDI4/execute/dir_28935/resultCopyFile n_job 113_1_fkz PrimaryDataset PAMuon  ApplicationFamily cmsRun ApplicationName cmsRun cmssw_version CMSSW_5_3_8_HI_patch2 psethash ac52e357badcb671e8469e91a82c520a
inputDict =  {u'/tmp/1144209.vmpsched/glide_DwPDI4/execute/dir_28935/cms_uFop9IGSUaVx/CMSSW_5_3_8_HI_patch2/pPbMuon_S49-74_28April2014V2_113_1_fkz.root': {u'endpoint': u'srm://se1.accre.vanderbilt.edu:6288/srm/v2/server?SFN=/store/user/maguire/hiRun2013pPb/', u'surl_for_grid': u'', u'reason': u'Copy succedeed with lstore utils', u'erCode': u'0', u'se_name': u'se1.accre.vanderbilt.edu', u'for_lfn': u'/store/user/maguire/hiRun2013pPb/'}}
UserProcessedDataset =  
    file =  pPbMuon_S49-74_28April2014V2_113_1_fkz.root
    newPfn =  srm://se1.accre.vanderbilt.edu:6288/srm/v2/server?SFN=/store/user/maguire/hiRun2013pPb/pPbMuon_S49-74_28April2014V2_113_1_fkz.root
    newLfn =  /store/user/maguire/hiRun2013pPb/pPbMuon_S49-74_28April2014V2_113_1_fkz.root
>>> crab_fjr_*.xml  permission set to 0704
CrabWrapper EXIT_FUNC entered at Mon Apr 28 19:42:22 CDT 2014   -  Tue Apr 29 00:42:22 UTC 2014
Checking output files:  
will tar file crab_fjr_113.xml in  out_files_113
WARNING: output file CMSSW_113.stdout not found!
WARNING: output file CMSSW_113.stderr not found!
WARNING: output file Watchdog_113.log.gz not found!
>>> working dir = /tmp/1144209.vmpsched/glide_DwPDI4/execute/dir_28935/cms_uFop9IGSUaVx
>>> current directory (RUNTIME_AREA): /tmp/1144209.vmpsched/glide_DwPDI4/execute/dir_28935
>>> Remove working directory: /tmp/1144209.vmpsched/glide_DwPDI4/execute/dir_28935/cms_uFop9IGSUaVx
dangling: /tmp/1144209.vmpsched/glide_DwPDI4/execute/dir_28935/pPbMuon_S49-74_28April2014V2.root -> /tmp/1144209.vmpsched/glide_DwPDI4/execute/dir_28935/cms_uFop9IGSUaVx/CMSSW_5_3_8_HI_patch2/pPbMuon_S49-74_28April2014V2_113_1_fkz.root
deleted:  /tmp/1144209.vmpsched/glide_DwPDI4/execute/dir_28935/pPbMuon_S49-74_28April2014V2.root -> /tmp/1144209.vmpsched/glide_DwPDI4/execute/dir_28935/cms_uFop9IGSUaVx/CMSSW_5_3_8_HI_patch2/pPbMuon_S49-74_28April2014V2_113_1_fkz.root
>>> padding time: Wrapper lasting more than 600 seconds. No sleep required.
STOPPING WATCHDOG. CrabWatchdog PID is 29180
********** LAST 50 LINES OF WATCHDOG LOG
# RESOURCE USAGE SUMMARY FOR PROCESS ID 28963
USER       PID %CPU %MEM    VSZ   RSS TTY      STAT START   TIME COMMAND
59942    28963  2.2  0.0   9492  1560 ?        S    19:27   0:00 /bin/sh /tmp/1144209.vmpsched/glide_DwPDI4/execute/dir_28935/condor_exec.exe 113 1
 
# LIMITS USED BY CRAB WATCHDOG:
# RSS  (KBytes)   : 2300000
# VSZ  (KBytes)   : 100000000
# DISK (MBytes)   : 19000
# CPU TIME        : 720h:0m:0s
# WALL CLOCK TIME : 21h:50m:0s
 
# FOLLOWING PRINTOUT TRACKS MAXIMUM VALUES OF RESOURCES USE
# ONE LINE IS PRINTED EACH TIME A MAXIMUM CHANGES
# IF CHANGE WAS IN RSS OR VSZ ALSO PROCID AND COMMAND ARE PRINTED
# THERE IS NO PRINTOUT FOR CPU/WALL TIME INCREASE
 
# TIME			PID	RSS(KB)	VSZ(KB)	Dsk(MB)	tCPU(s)	tWALL(s)	COMMAND
 Apr 28 19:27:10 CDT	22308	1516	108204	0	0	0	-sh          
 Apr 28 19:27:10 CDT	22379	1764	108204	0	0	0	/bin/bash /home/uscms4257/.globus/.gass_cache/local/md5/bf/76/ef/c717a02d6ba7099e6bcf680170/md5/4f/0c/8f/75758b58032339d2551eecb18b/data -v std -name v1_3 -entry CMS_T2_US_Vanderbilt_ce1 -clientname UCSD-v6_0.main -schedd
 Apr 28 19:27:10 CDT	27402	8004	108204	0	0	0	/tmp/1144209.vmpsched/glide_DwPDI4/main/condor/sbin/condor_master -f -pidfile /tmp/1144209.vmpsched/glide_DwPDI4/condor_master2.pid       
 Apr 28 19:27:10 CDT	27406	8832	108204	0	0	0	condor_startd -f         
 Apr 28 19:27:10 CDT	29192	27720	108204	0	0	1	edmConfigHash pset.py         
 Apr 28 19:27:10 CDT	---	27720	108204	9	----	----	----
 Apr 28 19:28:11 CDT	29867	456160	628724	9	12	61	cmsRun -j /tmp/1144209.vmpsched/glide_DwPDI4/execute/dir_28935/crab_fjr_113.xml -p pset.py      
 Apr 28 19:28:11 CDT	---	456160	628724	10	----	----	----
 Apr 28 19:29:11 CDT	29867	493808	699592	10	14	122	cmsRun -j /tmp/1144209.vmpsched/glide_DwPDI4/execute/dir_28935/crab_fjr_113.xml -p pset.py      
 Apr 28 19:31:12 CDT	29867	525824	802728	10	29	243	cmsRun -j /tmp/1144209.vmpsched/glide_DwPDI4/execute/dir_28935/crab_fjr_113.xml -p pset.py      
 Apr 28 19:39:16 CDT	29867	535740	802728	10	52	726	cmsRun -j /tmp/1144209.vmpsched/glide_DwPDI4/execute/dir_28935/crab_fjr_113.xml -p pset.py      
 Apr 28 19:41:17 CDT	29867	538808	802728	10	61	847	cmsRun -j /tmp/1144209.vmpsched/glide_DwPDI4/execute/dir_28935/crab_fjr_113.xml -p pset.py      
 Apr 28 19:42:17 CDT	---	538808	802728	11	----	----	----
********** WATCHDOG LOG ENDED
ZIPPING WATCHDOG LOG
Disk space used:
du -sh /tmp/1144209.vmpsched/glide_DwPDI4/execute/dir_28935
5.3M	/tmp/1144209.vmpsched/glide_DwPDI4/execute/dir_28935
Found unusual stdout, rename for OSB
`/tmp/1144209.vmpsched/glide_DwPDI4/execute/dir_28935/_condor_stdout' -> `CMSSW_113.stdout'
Found unusual stderr, rename for OSB
`/tmp/1144209.vmpsched/glide_DwPDI4/execute/dir_28935/_condor_stdout' -> `CMSSW_113.stderr'
crab_fjr_113.xml
CMSSW_113.stdout
CMSSW_113.stderr
Watchdog_113.log.gz
Total Output dimension: 48092
WARNING: output files size limit is set to: 50000000
Total Output dimension 48092 is fine.
JOB_EXIT_STATUS = 0
>>> info for dashboard:
***** Cat /tmp/1144209.vmpsched/glide_DwPDI4/execute/dir_28935/jobreport.txt *****
MonitorJobID=113_https://submit-6.t2.ucsd.edu//140428//136965.111
MonitorID=maguire_crab_0_140428_154345_yt8b07
ExeTime=854
ExeExitCode=0
StageOutExitStatusReason = 'Copy succedeed with lstore utils'
StageOutSE = se1.accre.vanderbilt.edu
StageOutExitStatus = 0
CrabUserCpuTime=67.85
CrabSysCpuTime=2.53
CrabCpuPercentage=8%
CrabWrapperTime=915
CrabStageoutTime=47
JobExitCode=0
***** End Cat jobreport *****
Parameters sent to Dashboard.
EXITING at Mon Apr 28 19:42:24 CDT 2014  -  Tue Apr 29 00:42:24 UTC 2014
