2014-05-10 13:12:30,564 [DEBUG] 	/cvmfs/cms.cern.ch/crab/CRAB_2_10_5_patch1/python/crab.py -create

2014-05-10 13:12:30,564 [INFO] 	Version 2.10.5_patch1 running on Sat May 10 13:12:30 2014 CST (18:12:30 UTC)

crab. Working options:
	scheduler           remoteGlidein
	job type            CMSSW
	server              OFF
	working directory   /gpfs22/home/maguirc/CMSSW_5_3_8_HI_patch2/src/Pi0Analysis/EcalFlowNtp/eposRun2013/epos2Peak/crab_0_140510_131230/

2014-05-10 13:12:30,565 [DEBUG] 	Downloading file [http://cmsdoc.cern.ch/cms/LCG/crab/config/] to [/home/maguirc/.cms_crab/allowed_releases.conf].
2014-05-10 13:12:30,565 [DEBUG] 	Service initialised ({'endpoint': 'http://cmsdoc.cern.ch/cms/LCG/crab/config/', 'maxcachereuse': 24.0, 'cachepath': '/home/maguirc/.cms_crab', 'basepath': '/cms/LCG/crab/config/', 'method': None, 'timeout': 20, 'requests': {'endpoint': 'http://cmsdoc.cern.ch/cms/LCG/crab/config/', 'timeout': 20, 'cachepath': '/home/maguirc/.cms_crab', 'cacheduration': 0.5, 'host': 'cmsdoc.cern.ch', 'accept_type': 'text/html', 'content_type': 'application/x-www-form-urlencoded', 'logger': <logging.Logger instance at 0x16f6fdd0>, 'type': 'txt/csv', 'conn': <httplib.HTTPConnection instance at 0x16f77050>}, 'logger': <logging.Logger instance at 0x16f6fdd0>, 'cacheduration': 0.5, 'type': 'txt/csv', 'inputdata': {}}):
	 host: cmsdoc.cern.ch, basepath: /cms/LCG/crab/config/ (text/html)
	 cache: /home/maguirc/.cms_crab (duration 0.5 hours, max reuse 24.0 hours)
2014-05-10 13:12:30,719 [INFO] 	error detecting glite version 
2014-05-10 13:12:30,724 [INFO] 	error detecting glite version 
2014-05-10 13:12:30,725 [DEBUG] 	Service initialised ({'endpoint': 'https://cmsweb.cern.ch/sitedb/data/prod/', 'content_type': 'application/json', 'maxcachereuse': 24.0, 'cachepath': '/home/maguirc/.cms_sitedbcache', 'basepath': '/sitedb/data/prod/', 'method': None, 'accept_type': 'application/json', 'timeout': 30, 'requests': {'endpoint': 'https://cmsweb.cern.ch/sitedb/data/prod/', 'cachepath': '/home/maguirc/.cms_sitedbcache', 'host': 'cmsweb.cern.ch', 'accept_type': 'application/json', 'content_type': 'application/json', 'logger': <logging.Logger instance at 0x16f6fdd0>, 'conn': <httplib.HTTPSConnection instance at 0x16f8de18>}, 'logger': <logging.Logger instance at 0x16f6fdd0>, 'cacheduration': 0.5, 'inputdata': {}}):
	 host: cmsweb.cern.ch, basepath: /sitedb/data/prod/ (application/json)
	 cache: /home/maguirc/.cms_sitedbcache (duration 0.5 hours, max reuse 24.0 hours)
2014-05-10 13:12:30,725 [DEBUG] 	Service initialised ({'endpoint': 'https://cmsweb.cern.ch/sitedb/data/prod/', 'content_type': 'application/json', 'maxcachereuse': 24.0, 'cachepath': '/home/maguirc/.cms_sitedbcache', 'basepath': '/sitedb/data/prod/', 'method': None, 'accept_type': 'application/json', 'timeout': 30, 'requests': {'endpoint': 'https://cmsweb.cern.ch/sitedb/data/prod/', 'cachepath': '/home/maguirc/.cms_sitedbcache', 'host': 'cmsweb.cern.ch', 'accept_type': 'application/json', 'content_type': 'application/json', 'logger': <logging.Logger instance at 0x16f6fdd0>, 'conn': <httplib.HTTPSConnection instance at 0x16f8dea8>}, 'logger': <logging.Logger instance at 0x16f6fdd0>, 'cacheduration': 0.5, 'inputdata': {}}):
	 host: cmsweb.cern.ch, basepath: /sitedb/data/prod/ (application/json)
	 cache: /home/maguirc/.cms_sitedbcache (duration 0.5 hours, max reuse 24.0 hours)
2014-05-10 13:12:30,725 [DEBUG] 	Input whitelist: 
2014-05-10 13:12:30,725 [DEBUG] 	Input blacklist: 
2014-05-10 13:12:30,726 [DEBUG] 	Converted whitelist: 
2014-05-10 13:12:30,726 [DEBUG] 	Converted blacklist: 
2014-05-10 13:12:30,726 [DEBUG] 	Downloading file [http://cmsdoc.cern.ch/cms/LCG/crab/config/] to [/home/maguirc/.cms_crab/myproxy_server.conf].
2014-05-10 13:12:30,726 [DEBUG] 	Service initialised ({'endpoint': 'http://cmsdoc.cern.ch/cms/LCG/crab/config/', 'maxcachereuse': 24.0, 'cachepath': '/home/maguirc/.cms_crab', 'basepath': '/cms/LCG/crab/config/', 'method': None, 'timeout': 20, 'requests': {'endpoint': 'http://cmsdoc.cern.ch/cms/LCG/crab/config/', 'timeout': 20, 'cachepath': '/home/maguirc/.cms_crab', 'cacheduration': 0.5, 'host': 'cmsdoc.cern.ch', 'accept_type': 'text/html', 'content_type': 'application/x-www-form-urlencoded', 'logger': <logging.Logger instance at 0x16f6fdd0>, 'type': 'txt/csv', 'conn': <httplib.HTTPConnection instance at 0x16f8df80>}, 'logger': <logging.Logger instance at 0x16f6fdd0>, 'cacheduration': 0.5, 'type': 'txt/csv', 'inputdata': {}}):
	 host: cmsdoc.cern.ch, basepath: /cms/LCG/crab/config/ (text/html)
	 cache: /home/maguirc/.cms_crab (duration 0.5 hours, max reuse 24.0 hours)
2014-05-10 13:12:30,727 [DEBUG] 	Downloading file [http://cmsdoc.cern.ch/cms/LCG/crab/config/] to [/home/maguirc/.cms_crab/site_black_list.conf].
2014-05-10 13:12:30,727 [DEBUG] 	Service initialised ({'endpoint': 'http://cmsdoc.cern.ch/cms/LCG/crab/config/', 'maxcachereuse': 24.0, 'cachepath': '/home/maguirc/.cms_crab', 'basepath': '/cms/LCG/crab/config/', 'method': None, 'timeout': 20, 'requests': {'endpoint': 'http://cmsdoc.cern.ch/cms/LCG/crab/config/', 'timeout': 20, 'cachepath': '/home/maguirc/.cms_crab', 'cacheduration': 0.5, 'host': 'cmsdoc.cern.ch', 'accept_type': 'text/html', 'content_type': 'application/x-www-form-urlencoded', 'logger': <logging.Logger instance at 0x16f6fdd0>, 'type': 'txt/csv', 'conn': <httplib.HTTPConnection instance at 0x16f8df80>}, 'logger': <logging.Logger instance at 0x16f6fdd0>, 'cacheduration': 0.5, 'type': 'txt/csv', 'inputdata': {}}):
	 host: cmsdoc.cern.ch, basepath: /cms/LCG/crab/config/ (text/html)
	 cache: /home/maguirc/.cms_crab (duration 0.5 hours, max reuse 24.0 hours)
2014-05-10 13:12:30,727 [DEBUG] 	Enforced black list: TAPE,srm-cms.cern.ch,cmssrm.fnal.gov,T1_FR,T1_RU,T1_TW,cmseos.fnal.gov,cmsdca2.fnal.gov,T2_PK_NCP,T3_US_Vanderbilt_EC2
 
2014-05-10 13:12:33,628 [DEBUG] 	Service initialised ({'endpoint': 'https://cmsweb.cern.ch/sitedb/data/prod/', 'content_type': 'application/json', 'maxcachereuse': 24.0, 'cachepath': '/home/maguirc/.cms_sitedbcache', 'basepath': '/sitedb/data/prod/', 'method': None, 'accept_type': 'application/json', 'timeout': 30, 'requests': {'endpoint': 'https://cmsweb.cern.ch/sitedb/data/prod/', 'cachepath': '/home/maguirc/.cms_sitedbcache', 'cacheduration': 24, 'host': 'cmsweb.cern.ch', 'accept_type': 'application/json', 'content_type': 'application/json', 'logger': <logging.Logger instance at 0x16f6fdd0>, 'conn': <httplib.HTTPSConnection instance at 0x16f83050>}, 'logger': <logging.Logger instance at 0x16f6fdd0>, 'cacheduration': 24, 'inputdata': {}}):
	 host: cmsweb.cern.ch, basepath: /sitedb/data/prod/ (application/json)
	 cache: /home/maguirc/.cms_sitedbcache (duration 24 hours, max reuse 24.0 hours)
2014-05-10 13:12:34,337 [DEBUG] 	Linux vmps10 2.6.18-194.32.1.el5 #1 SMP Wed Jan 5 17:52:25 EST 2011 x86_64 x86_64 x86_64 GNU/Linux
 
Used properties:
Linux vmps10 2.6.18-194.32.1.el5 #1 SMP Wed Jan 5 17:52:25 EST 2011 x86_64 x86_64 x86_64 GNU/Linux
 
Used properties:
   CMSSW.datasetpath : /EPOS_GEN-SIM_batch3/vzhukova-EPOS_RECO_batch5-b7d33bba7673cdb1ee6f4983c0800c79/USER
   CMSSW.dbs_url : http://cmsdbsprod.cern.ch/cms_dbs_ph_analysis_01/servlet/DBSServlet
   CMSSW.events_per_job : 3000
   CMSSW.number_of_jobs : 500
   CMSSW.output_file : pPb_EPOS_10May2014_TrueV2.root
   CMSSW.pset : ecalflowntp_simMinBiasHighMass_cfg.py
   CRAB.create : 
   CRAB.jobtype : cmssw
   CRAB.scheduler : remoteGlidein
   CRAB.use_server : 0
   USER.copy_data : 0
   USER.email : charles.f.maguire@vanderbilt.edu
   USER.publish_data : 0
   USER.return_data : 1
End of used properties.

2014-05-10 13:12:34,444 [DEBUG] 	CMSSW::__init__
2014-05-10 13:12:34,444 [DEBUG] 	Scram::Scram() version is 2
2014-05-10 13:12:34,445 [DEBUG] 	Scram::Scram() arch is slc5_amd64_gcc462
2014-05-10 13:12:34,445 [DEBUG] 	Downloading file [https://cmssdt.cern.ch/SDT/cgi-bin] to [/home/maguirc/.cms_crab/ReleasesXML?anytype=1].
2014-05-10 13:12:34,445 [DEBUG] 	Service initialised ({'endpoint': 'https://cmssdt.cern.ch/SDT/cgi-bin', 'maxcachereuse': 24.0, 'cachepath': '/home/maguirc/.cms_crab', 'basepath': '/SDT/cgi-bin/', 'method': None, 'timeout': 20, 'requests': {'endpoint': 'https://cmssdt.cern.ch/SDT/cgi-bin', 'timeout': 20, 'cachepath': '/home/maguirc/.cms_crab', 'cacheduration': 0.5, 'host': 'cmssdt.cern.ch', 'accept_type': 'text/html', 'content_type': 'application/x-www-form-urlencoded', 'logger': <logging.Logger instance at 0x16f6fdd0>, 'type': 'txt/csv', 'conn': <httplib.HTTPSConnection instance at 0x173c82d8>}, 'logger': <logging.Logger instance at 0x16f6fdd0>, 'cacheduration': 0.5, 'type': 'txt/csv', 'inputdata': {}}):
	 host: cmssdt.cern.ch, basepath: /SDT/cgi-bin/ (text/html)
	 cache: /home/maguirc/.cms_crab (duration 0.5 hours, max reuse 24.0 hours)
2014-05-10 13:12:34,537 [DEBUG] 	Service initialised ({'endpoint': 'https://cmsweb.cern.ch/sitedb/data/prod/', 'content_type': 'application/json', 'maxcachereuse': 24.0, 'cachepath': '/home/maguirc/.cms_sitedbcache', 'basepath': '/sitedb/data/prod/', 'method': None, 'accept_type': 'application/json', 'timeout': 30, 'requests': {'endpoint': 'https://cmsweb.cern.ch/sitedb/data/prod/', 'cachepath': '/home/maguirc/.cms_sitedbcache', 'host': 'cmsweb.cern.ch', 'accept_type': 'application/json', 'content_type': 'application/json', 'logger': <logging.Logger instance at 0x16f6fdd0>, 'conn': <httplib.HTTPSConnection instance at 0x172c2bd8>}, 'logger': <logging.Logger instance at 0x16f6fdd0>, 'cacheduration': 0.5, 'inputdata': {}}):
	 host: cmsweb.cern.ch, basepath: /sitedb/data/prod/ (application/json)
	 cache: /home/maguirc/.cms_sitedbcache (duration 0.5 hours, max reuse 24.0 hours)
2014-05-10 13:12:34,537 [DEBUG] 	Service initialised ({'endpoint': 'https://cmsweb.cern.ch/sitedb/data/prod/', 'content_type': 'application/json', 'maxcachereuse': 24.0, 'cachepath': '/home/maguirc/.cms_sitedbcache', 'basepath': '/sitedb/data/prod/', 'method': None, 'accept_type': 'application/json', 'timeout': 30, 'requests': {'endpoint': 'https://cmsweb.cern.ch/sitedb/data/prod/', 'cachepath': '/home/maguirc/.cms_sitedbcache', 'host': 'cmsweb.cern.ch', 'accept_type': 'application/json', 'content_type': 'application/json', 'logger': <logging.Logger instance at 0x16f6fdd0>, 'conn': <httplib.HTTPSConnection instance at 0x172c2758>}, 'logger': <logging.Logger instance at 0x16f6fdd0>, 'cacheduration': 0.5, 'inputdata': {}}):
	 host: cmsweb.cern.ch, basepath: /sitedb/data/prod/ (application/json)
	 cache: /home/maguirc/.cms_sitedbcache (duration 0.5 hours, max reuse 24.0 hours)
2014-05-10 13:12:34,537 [DEBUG] 	Input whitelist: 
2014-05-10 13:12:34,538 [DEBUG] 	Input blacklist: 
2014-05-10 13:12:34,538 [DEBUG] 	Converted whitelist: 
2014-05-10 13:12:34,538 [DEBUG] 	Converted blacklist: 
2014-05-10 13:12:34,572 [INFO] 	Contacting Data Discovery Services ...
2014-05-10 13:12:34,572 [INFO] 	Accessing DBS at: https://cmsweb.cern.ch/dbs/prod/phys01/DBSReader
2014-05-10 13:12:34,572 [INFO] 	Will do Data Discovery using  DBS3
2014-05-10 13:12:46,637 [INFO] 	DBS3 lookup took 11.96 sec
2014-05-10 13:12:46,806 [INFO] 	Datatype is mc
2014-05-10 13:12:47,912 [INFO] 	Requested dataset: /EPOS_GEN-SIM_batch3/vzhukova-EPOS_RECO_batch5-b7d33bba7673cdb1ee6f4983c0800c79/USER has 89950 events in 1 blocks.

2014-05-10 13:12:47,913 [DEBUG] 	Job splitting method: EventBased
2014-05-10 13:12:47,913 [DEBUG] 	Downloading file [http://cmsdoc.cern.ch/cms/LCG/crab/config/] to [/home/maguirc/.cms_crab/site_black_list.conf].
2014-05-10 13:12:47,913 [DEBUG] 	Service initialised ({'endpoint': 'http://cmsdoc.cern.ch/cms/LCG/crab/config/', 'maxcachereuse': 24.0, 'cachepath': '/home/maguirc/.cms_crab', 'basepath': '/cms/LCG/crab/config/', 'method': None, 'timeout': 20, 'requests': {'endpoint': 'http://cmsdoc.cern.ch/cms/LCG/crab/config/', 'timeout': 20, 'cachepath': '/home/maguirc/.cms_crab', 'cacheduration': 0.5, 'host': 'cmsdoc.cern.ch', 'accept_type': 'text/html', 'content_type': 'application/x-www-form-urlencoded', 'logger': <logging.Logger instance at 0x16f6fdd0>, 'type': 'txt/csv', 'conn': <httplib.HTTPConnection instance at 0x177415f0>}, 'logger': <logging.Logger instance at 0x16f6fdd0>, 'cacheduration': 0.5, 'type': 'txt/csv', 'inputdata': {}}):
	 host: cmsdoc.cern.ch, basepath: /cms/LCG/crab/config/ (text/html)
	 cache: /home/maguirc/.cms_crab (duration 0.5 hours, max reuse 24.0 hours)
2014-05-10 13:12:47,914 [DEBUG] 	Enforced black list: ['TAPE', 'srm-cms.cern.ch', 'cmssrm.fnal.gov', 'T1_FR', 'T1_RU', 'T1_TW', 'cmseos.fnal.gov', 'cmsdca2.fnal.gov', 'T2_PK_NCP', 'T3_US_Vanderbilt_EC2'] 
2014-05-10 13:12:47,914 [DEBUG] 	Service initialised ({'endpoint': 'https://cmsweb.cern.ch/sitedb/data/prod/', 'content_type': 'application/json', 'maxcachereuse': 24.0, 'cachepath': '/home/maguirc/.cms_sitedbcache', 'basepath': '/sitedb/data/prod/', 'method': None, 'accept_type': 'application/json', 'timeout': 30, 'requests': {'endpoint': 'https://cmsweb.cern.ch/sitedb/data/prod/', 'cachepath': '/home/maguirc/.cms_sitedbcache', 'host': 'cmsweb.cern.ch', 'accept_type': 'application/json', 'content_type': 'application/json', 'logger': <logging.Logger instance at 0x16f6fdd0>, 'conn': <httplib.HTTPSConnection instance at 0x17741680>}, 'logger': <logging.Logger instance at 0x16f6fdd0>, 'cacheduration': 0.5, 'inputdata': {}}):
	 host: cmsweb.cern.ch, basepath: /sitedb/data/prod/ (application/json)
	 cache: /home/maguirc/.cms_sitedbcache (duration 0.5 hours, max reuse 24.0 hours)
2014-05-10 13:12:47,915 [DEBUG] 	Service initialised ({'endpoint': 'https://cmsweb.cern.ch/sitedb/data/prod/', 'content_type': 'application/json', 'maxcachereuse': 24.0, 'cachepath': '/home/maguirc/.cms_sitedbcache', 'basepath': '/sitedb/data/prod/', 'method': None, 'accept_type': 'application/json', 'timeout': 30, 'requests': {'endpoint': 'https://cmsweb.cern.ch/sitedb/data/prod/', 'cachepath': '/home/maguirc/.cms_sitedbcache', 'host': 'cmsweb.cern.ch', 'accept_type': 'application/json', 'content_type': 'application/json', 'logger': <logging.Logger instance at 0x16f6fdd0>, 'conn': <httplib.HTTPSConnection instance at 0x17741758>}, 'logger': <logging.Logger instance at 0x16f6fdd0>, 'cacheduration': 0.5, 'inputdata': {}}):
	 host: cmsweb.cern.ch, basepath: /sitedb/data/prod/ (application/json)
	 cache: /home/maguirc/.cms_sitedbcache (duration 0.5 hours, max reuse 24.0 hours)
2014-05-10 13:12:47,915 [DEBUG] 	Input whitelist: 
2014-05-10 13:12:47,915 [DEBUG] 	Input blacklist: TAPE, srm-cms.cern.ch, cmssrm.fnal.gov, T1_FR, T1_RU, T1_TW, cmseos.fnal.gov, cmsdca2.fnal.gov, T2_PK_NCP, T3_US_Vanderbilt_EC2
2014-05-10 13:12:48,366 [DEBUG] 	Converted whitelist: 
2014-05-10 13:12:48,366 [DEBUG] 	Converted blacklist: pcncp22.ncp.edu.pk, brazil.accre.vanderbilt.edu, srm-cms-mss.jinr-t1.ru, srm-cms.cern.ch, cmssrm.fnal.gov, srm-cms.jinr-t1.ru, cmseos.fnal.gov, ccsrm.in2p3.fr, TAPE, cmsdca2.fnal.gov, srm2.grid.sinica.edu.tw
2014-05-10 13:12:48,366 [INFO] 	SE black list applied to data location: ['TAPE', 'srm-cms.cern.ch', 'cmssrm.fnal.gov', 'T1_FR', 'T1_RU', 'T1_TW', 'cmseos.fnal.gov', 'cmsdca2.fnal.gov', 'T2_PK_NCP', 'T3_US_Vanderbilt_EC2']
2014-05-10 13:12:48,366 [DEBUG] 	List of blocks and used locations (SE):
2014-05-10 13:12:48,372 [DEBUG] 	/EPOS_GEN-SIM_batch3/vzhukova-EPOS_RECO_batch5-b7d33bba7673cdb1ee6f4983c0800c79/USER#8b6a0ed0-f1d9-414f-a0f9-8f224b17ed9b : ['se01.cmsaf.mit.edu']
2014-05-10 13:12:48,373 [INFO] 	Requested 0 events, but only 89950 events are available.
2014-05-10 13:12:48,373 [INFO] 	May not create the exact number_of_jobs requested.
2014-05-10 13:12:48,373 [DEBUG] 	Events in Block File 89950
2014-05-10 13:12:48,788 [DEBUG] 	
Job 1 can run over 3000 events.
Job 1 Destination: ['T2_US_MIT']
Job 2 can run over 3000 events.
Job 2 Destination: ['T2_US_MIT']
Job 3 can run over 3000 events.
Job 3 Destination: ['T2_US_MIT']
Job 4 can run over 3000 events.
Job 4 Destination: ['T2_US_MIT']
Job 5 can run over 3000 events.
Job 5 Destination: ['T2_US_MIT']
Job 6 can run over 3000 events.
Job 6 Destination: ['T2_US_MIT']
Job 7 can run over 3000 events.
Job 7 Destination: ['T2_US_MIT']
Job 8 can run over 3000 events.
Job 8 Destination: ['T2_US_MIT']
Job 9 can run over 3000 events.
Job 9 Destination: ['T2_US_MIT']
Job 10 can run over 3000 events.
Job 10 Destination: ['T2_US_MIT']
Job 11 can run over 3000 events.
Job 11 Destination: ['T2_US_MIT']
Job 12 can run over 3000 events.
Job 12 Destination: ['T2_US_MIT']
Job 13 can run over 3000 events.
Job 13 Destination: ['T2_US_MIT']
Job 14 can run over 3000 events.
Job 14 Destination: ['T2_US_MIT']
Job 15 can run over 3000 events.
Job 15 Destination: ['T2_US_MIT']
Job 16 can run over 3000 events.
Job 16 Destination: ['T2_US_MIT']
Job 17 can run over 3000 events.
Job 17 Destination: ['T2_US_MIT']
Job 18 can run over 3000 events.
Job 18 Destination: ['T2_US_MIT']
Job 19 can run over 3000 events.
Job 19 Destination: ['T2_US_MIT']
Job 20 can run over 3000 events.
Job 20 Destination: ['T2_US_MIT']
Job 21 can run over 3000 events.
Job 21 Destination: ['T2_US_MIT']
Job 22 can run over 3000 events.
Job 22 Destination: ['T2_US_MIT']
Job 23 can run over 3000 events.
Job 23 Destination: ['T2_US_MIT']
Job 24 can run over 3000 events.
Job 24 Destination: ['T2_US_MIT']
Job 25 can run over 3000 events.
Job 25 Destination: ['T2_US_MIT']
Job 26 can run over 3000 events.
Job 26 Destination: ['T2_US_MIT']
Job 27 can run over 3000 events.
Job 27 Destination: ['T2_US_MIT']
Job 28 can run over 3000 events.
Job 28 Destination: ['T2_US_MIT']
Job 29 can run over 3000 events.
Job 29 Destination: ['T2_US_MIT']
Job 30 can run over 2950 events.
Job 30 Destination: ['T2_US_MIT']

2014-05-10 13:12:48,788 [INFO] 	30 job(s) can run on 89950 events.

2014-05-10 13:12:48,788 [DEBUG] 	Selected sites for block /EPOS_GEN-SIM_batch3/vzhukova-EPOS_RECO_batch5-b7d33bba7673cdb1ee6f4983c0800c79/USER#8b6a0ed0-f1d9-414f-a0f9-8f224b17ed9b via blacklist are se01.cmsaf.mit.edu.

2014-05-10 13:12:48,789 [INFO] 	List of jobs and available destination sites:

Block     1: jobs                 1-30: sites: T2_US_MIT

2014-05-10 13:12:48,834 [DEBUG] 	PsetManipulator::__init__: PSet file = ecalflowntp_simMinBiasHighMass_cfg.py
2014-05-10 13:12:53,041 [DEBUG] 	Output from TFileService pPb_EPOS_10May2014_TrueV2.root already in output files
2014-05-10 13:12:53,078 [DEBUG] 	Exe /cvmfs/cms.cern.ch/slc5_amd64_gcc462/cms/cmssw/CMSSW_5_3_8_HI/bin/slc5_amd64_gcc462/cmsRun to be tarred
2014-05-10 13:12:53,109 [DEBUG] 	lib /gpfs22/home/maguirc/CMSSW_5_3_8_HI_patch2/lib to be tarred
2014-05-10 13:12:53,924 [DEBUG] 	data HeavyIonsAnalysis/Configuration/data to be tarred
2014-05-10 13:12:53,949 [DEBUG] 	data RecoHI/HiCentralityAlgos/data to be tarred
2014-05-10 13:12:54,067 [DEBUG] 	data CmsHi/JetAnalysis/data to be tarred
2014-05-10 13:12:54,300 [DEBUG] 	data CmsHi/Analysis2010/data to be tarred
2014-05-10 13:12:54,797 [DEBUG] 	Creator: JobType CMSSW created
2014-05-10 13:12:54,797 [DEBUG] 	Creator: total # of jobs = 30
2014-05-10 13:12:54,797 [DEBUG] 	Creator constructor finished
2014-05-10 13:12:54,943 [DEBUG] 	Creator::run() called
2014-05-10 13:12:54,943 [DEBUG] 	Scram::Scram() version is 2
2014-05-10 13:12:54,943 [DEBUG] 	Scram::Scram() arch is slc5_amd64_gcc462
2014-05-10 13:12:55,266 [INFO] 	Creating 30 jobs, please wait...
2014-05-10 13:12:55,266 [DEBUG] 	Creation Time: 0.323398113251
2014-05-10 13:12:55,267 [INFO] 	Total of 30 jobs created.

2014-05-10 13:13:33,122 [DEBUG] 	/cvmfs/cms.cern.ch/crab/CRAB_2_10_5_patch1/python/crab.py -submit

2014-05-10 13:13:33,122 [INFO] 	Version 2.10.5_patch1 running on Sat May 10 13:13:33 2014 CST (18:13:33 UTC)

crab. Working options:
	scheduler           remoteGlidein
	job type            CMSSW
	server              OFF
	working directory   /gpfs22/home/maguirc/CMSSW_5_3_8_HI_patch2/src/Pi0Analysis/EcalFlowNtp/eposRun2013/epos2Peak/crab_0_140510_131230/

2014-05-10 13:13:33,122 [DEBUG] 	Downloading file [http://cmsdoc.cern.ch/cms/LCG/crab/config/] to [/home/maguirc/.cms_crab/allowed_releases.conf].
2014-05-10 13:13:33,123 [DEBUG] 	Service initialised ({'endpoint': 'http://cmsdoc.cern.ch/cms/LCG/crab/config/', 'maxcachereuse': 24.0, 'cachepath': '/home/maguirc/.cms_crab', 'basepath': '/cms/LCG/crab/config/', 'method': None, 'timeout': 20, 'requests': {'endpoint': 'http://cmsdoc.cern.ch/cms/LCG/crab/config/', 'timeout': 20, 'cachepath': '/home/maguirc/.cms_crab', 'cacheduration': 0.5, 'host': 'cmsdoc.cern.ch', 'accept_type': 'text/html', 'content_type': 'application/x-www-form-urlencoded', 'logger': <logging.Logger instance at 0x19345dd0>, 'type': 'txt/csv', 'conn': <httplib.HTTPConnection instance at 0x1934a050>}, 'logger': <logging.Logger instance at 0x19345dd0>, 'cacheduration': 0.5, 'type': 'txt/csv', 'inputdata': {}}):
	 host: cmsdoc.cern.ch, basepath: /cms/LCG/crab/config/ (text/html)
	 cache: /home/maguirc/.cms_crab (duration 0.5 hours, max reuse 24.0 hours)
2014-05-10 13:13:33,273 [INFO] 	error detecting glite version 
2014-05-10 13:13:33,277 [INFO] 	error detecting glite version 
2014-05-10 13:13:33,278 [DEBUG] 	Service initialised ({'endpoint': 'https://cmsweb.cern.ch/sitedb/data/prod/', 'content_type': 'application/json', 'maxcachereuse': 24.0, 'cachepath': '/home/maguirc/.cms_sitedbcache', 'basepath': '/sitedb/data/prod/', 'method': None, 'accept_type': 'application/json', 'timeout': 30, 'requests': {'endpoint': 'https://cmsweb.cern.ch/sitedb/data/prod/', 'cachepath': '/home/maguirc/.cms_sitedbcache', 'host': 'cmsweb.cern.ch', 'accept_type': 'application/json', 'content_type': 'application/json', 'logger': <logging.Logger instance at 0x19345dd0>, 'conn': <httplib.HTTPSConnection instance at 0x19400e18>}, 'logger': <logging.Logger instance at 0x19345dd0>, 'cacheduration': 0.5, 'inputdata': {}}):
	 host: cmsweb.cern.ch, basepath: /sitedb/data/prod/ (application/json)
	 cache: /home/maguirc/.cms_sitedbcache (duration 0.5 hours, max reuse 24.0 hours)
2014-05-10 13:13:33,279 [DEBUG] 	Service initialised ({'endpoint': 'https://cmsweb.cern.ch/sitedb/data/prod/', 'content_type': 'application/json', 'maxcachereuse': 24.0, 'cachepath': '/home/maguirc/.cms_sitedbcache', 'basepath': '/sitedb/data/prod/', 'method': None, 'accept_type': 'application/json', 'timeout': 30, 'requests': {'endpoint': 'https://cmsweb.cern.ch/sitedb/data/prod/', 'cachepath': '/home/maguirc/.cms_sitedbcache', 'host': 'cmsweb.cern.ch', 'accept_type': 'application/json', 'content_type': 'application/json', 'logger': <logging.Logger instance at 0x19345dd0>, 'conn': <httplib.HTTPSConnection instance at 0x19400ea8>}, 'logger': <logging.Logger instance at 0x19345dd0>, 'cacheduration': 0.5, 'inputdata': {}}):
	 host: cmsweb.cern.ch, basepath: /sitedb/data/prod/ (application/json)
	 cache: /home/maguirc/.cms_sitedbcache (duration 0.5 hours, max reuse 24.0 hours)
2014-05-10 13:13:33,279 [DEBUG] 	Input whitelist: 
2014-05-10 13:13:33,279 [DEBUG] 	Input blacklist: 
2014-05-10 13:13:33,279 [DEBUG] 	Converted whitelist: 
2014-05-10 13:13:33,279 [DEBUG] 	Converted blacklist: 
2014-05-10 13:13:33,279 [DEBUG] 	Downloading file [http://cmsdoc.cern.ch/cms/LCG/crab/config/] to [/home/maguirc/.cms_crab/myproxy_server.conf].
2014-05-10 13:13:33,280 [DEBUG] 	Service initialised ({'endpoint': 'http://cmsdoc.cern.ch/cms/LCG/crab/config/', 'maxcachereuse': 24.0, 'cachepath': '/home/maguirc/.cms_crab', 'basepath': '/cms/LCG/crab/config/', 'method': None, 'timeout': 20, 'requests': {'endpoint': 'http://cmsdoc.cern.ch/cms/LCG/crab/config/', 'timeout': 20, 'cachepath': '/home/maguirc/.cms_crab', 'cacheduration': 0.5, 'host': 'cmsdoc.cern.ch', 'accept_type': 'text/html', 'content_type': 'application/x-www-form-urlencoded', 'logger': <logging.Logger instance at 0x19345dd0>, 'type': 'txt/csv', 'conn': <httplib.HTTPConnection instance at 0x19400f80>}, 'logger': <logging.Logger instance at 0x19345dd0>, 'cacheduration': 0.5, 'type': 'txt/csv', 'inputdata': {}}):
	 host: cmsdoc.cern.ch, basepath: /cms/LCG/crab/config/ (text/html)
	 cache: /home/maguirc/.cms_crab (duration 0.5 hours, max reuse 24.0 hours)
2014-05-10 13:13:33,280 [DEBUG] 	Downloading file [http://cmsdoc.cern.ch/cms/LCG/crab/config/] to [/home/maguirc/.cms_crab/site_black_list.conf].
2014-05-10 13:13:33,280 [DEBUG] 	Service initialised ({'endpoint': 'http://cmsdoc.cern.ch/cms/LCG/crab/config/', 'maxcachereuse': 24.0, 'cachepath': '/home/maguirc/.cms_crab', 'basepath': '/cms/LCG/crab/config/', 'method': None, 'timeout': 20, 'requests': {'endpoint': 'http://cmsdoc.cern.ch/cms/LCG/crab/config/', 'timeout': 20, 'cachepath': '/home/maguirc/.cms_crab', 'cacheduration': 0.5, 'host': 'cmsdoc.cern.ch', 'accept_type': 'text/html', 'content_type': 'application/x-www-form-urlencoded', 'logger': <logging.Logger instance at 0x19345dd0>, 'type': 'txt/csv', 'conn': <httplib.HTTPConnection instance at 0x19400f80>}, 'logger': <logging.Logger instance at 0x19345dd0>, 'cacheduration': 0.5, 'type': 'txt/csv', 'inputdata': {}}):
	 host: cmsdoc.cern.ch, basepath: /cms/LCG/crab/config/ (text/html)
	 cache: /home/maguirc/.cms_crab (duration 0.5 hours, max reuse 24.0 hours)
2014-05-10 13:13:33,281 [DEBUG] 	Enforced black list: TAPE,srm-cms.cern.ch,cmssrm.fnal.gov,T1_FR,T1_RU,T1_TW,cmseos.fnal.gov,cmsdca2.fnal.gov,T2_PK_NCP,T3_US_Vanderbilt_EC2
 
2014-05-10 13:13:36,861 [DEBUG] 	parseRange_ None
2014-05-10 13:13:36,880 [DEBUG] 	Scram::Scram() version is 2
2014-05-10 13:13:36,880 [DEBUG] 	Scram::Scram() arch is slc5_amd64_gcc462
2014-05-10 13:13:36,896 [DEBUG] 	Submitter::run() called
2014-05-10 13:13:36,912 [DEBUG] 	Service initialised ({'endpoint': 'https://cmsweb.cern.ch/sitedb/data/prod/', 'content_type': 'application/json', 'maxcachereuse': 24.0, 'cachepath': '/home/maguirc/.cms_sitedbcache', 'basepath': '/sitedb/data/prod/', 'method': None, 'accept_type': 'application/json', 'timeout': 30, 'requests': {'endpoint': 'https://cmsweb.cern.ch/sitedb/data/prod/', 'cachepath': '/home/maguirc/.cms_sitedbcache', 'host': 'cmsweb.cern.ch', 'accept_type': 'application/json', 'content_type': 'application/json', 'logger': <logging.Logger instance at 0x19345dd0>, 'conn': <httplib.HTTPSConnection instance at 0x193f92d8>}, 'logger': <logging.Logger instance at 0x19345dd0>, 'cacheduration': 0.5, 'inputdata': {}}):
	 host: cmsweb.cern.ch, basepath: /sitedb/data/prod/ (application/json)
	 cache: /home/maguirc/.cms_sitedbcache (duration 0.5 hours, max reuse 24.0 hours)
2014-05-10 13:13:36,913 [DEBUG] 	Service initialised ({'endpoint': 'https://cmsweb.cern.ch/sitedb/data/prod/', 'content_type': 'application/json', 'maxcachereuse': 24.0, 'cachepath': '/home/maguirc/.cms_sitedbcache', 'basepath': '/sitedb/data/prod/', 'method': None, 'accept_type': 'application/json', 'timeout': 30, 'requests': {'endpoint': 'https://cmsweb.cern.ch/sitedb/data/prod/', 'cachepath': '/home/maguirc/.cms_sitedbcache', 'host': 'cmsweb.cern.ch', 'accept_type': 'application/json', 'content_type': 'application/json', 'logger': <logging.Logger instance at 0x19345dd0>, 'conn': <httplib.HTTPSConnection instance at 0x193f96c8>}, 'logger': <logging.Logger instance at 0x19345dd0>, 'cacheduration': 0.5, 'inputdata': {}}):
	 host: cmsweb.cern.ch, basepath: /sitedb/data/prod/ (application/json)
	 cache: /home/maguirc/.cms_sitedbcache (duration 0.5 hours, max reuse 24.0 hours)
2014-05-10 13:13:36,913 [DEBUG] 	Input whitelist: 
2014-05-10 13:13:36,913 [DEBUG] 	Input blacklist: 
2014-05-10 13:13:36,913 [DEBUG] 	Converted whitelist: 
2014-05-10 13:13:36,913 [DEBUG] 	Converted blacklist: 
2014-05-10 13:13:36,913 [DEBUG] 	nsjobs -1
2014-05-10 13:13:36,914 [DEBUG] 	Total jobs 30
2014-05-10 13:13:36,930 [DEBUG] 	nj_list [1, 2, 3, 4, 5, 6, 7, 8, 9, 10, 11, 12, 13, 14, 15, 16, 17, 18, 19, 20, 21, 22, 23, 24, 25, 26, 27, 28, 29, 30]
2014-05-10 13:13:36,979 [DEBUG] 	GRIDNAME: /DC=ch/DC=cern/OU=Organic Units/OU=Users/CN=maguire/CN=671063/CN=Charles Felix Maguire 
2014-05-10 13:13:36,995 [DEBUG] 	Service initialised ({'endpoint': 'https://cmsweb.cern.ch/sitedb/data/prod/', 'content_type': 'application/json', 'maxcachereuse': 24.0, 'cachepath': '/home/maguirc/.cms_sitedbcache', 'basepath': '/sitedb/data/prod/', 'method': None, 'accept_type': 'application/json', 'timeout': 30, 'requests': {'endpoint': 'https://cmsweb.cern.ch/sitedb/data/prod/', 'cachepath': '/home/maguirc/.cms_sitedbcache', 'cacheduration': 24, 'host': 'cmsweb.cern.ch', 'accept_type': 'application/json', 'content_type': 'application/json', 'logger': <logging.Logger instance at 0x19345dd0>, 'conn': <httplib.HTTPSConnection instance at 0x19482b48>}, 'logger': <logging.Logger instance at 0x19345dd0>, 'cacheduration': 24, 'inputdata': {}}):
	 host: cmsweb.cern.ch, basepath: /sitedb/data/prod/ (application/json)
	 cache: /home/maguirc/.cms_sitedbcache (duration 24 hours, max reuse 24.0 hours)
2014-05-10 13:13:37,666 [DEBUG] 	Service initialised ({'endpoint': 'https://cmsweb.cern.ch/sitedb/data/prod/', 'content_type': 'application/json', 'maxcachereuse': 24.0, 'cachepath': '/home/maguirc/.cms_sitedbcache', 'basepath': '/sitedb/data/prod/', 'method': None, 'accept_type': 'application/json', 'timeout': 30, 'requests': {'endpoint': 'https://cmsweb.cern.ch/sitedb/data/prod/', 'cachepath': '/home/maguirc/.cms_sitedbcache', 'cacheduration': 24, 'host': 'cmsweb.cern.ch', 'accept_type': 'application/json', 'content_type': 'application/json', 'logger': <logging.Logger instance at 0x19345dd0>, 'conn': <httplib.HTTPSConnection instance at 0x19482b48>}, 'logger': <logging.Logger instance at 0x19345dd0>, 'cacheduration': 24, 'inputdata': {}}):
	 host: cmsweb.cern.ch, basepath: /sitedb/data/prod/ (application/json)
	 cache: /home/maguirc/.cms_sitedbcache (duration 24 hours, max reuse 24.0 hours)
2014-05-10 13:13:38,268 [DEBUG] 	Submission DashBoard Pre-Submission report: {'ApplicationVersion': 'CMSSW_5_3_8_HI_patch2', 'taskId': 'maguire_crab_0_140510_131230_2ou06v', 'resubmitter': 'user', 'tool': 'crab', 'vo': 'cms', 'tool_ui': 'vmps10', 'JSToolVersion': '2.10.5_patch1', 'user': 'maguire', 'scheduler': 'GLIDEIN', 'taskType': 'analysis', 'CMSUser': 'maguire', 'jobId': 'TaskMeta', 'datasetFull': '/EPOS_GEN-SIM_batch3/vzhukova-EPOS_RECO_batch5-b7d33bba7673cdb1ee6f4983c0800c79/USER', 'exe': 'cmsRun', 'GridName': '/DC=ch/DC=cern/OU=Organic Units/OU=Users/CN=maguire/CN=671063/CN=Charles Felix Maguire', 'SubmissionType': 'direct'}
2014-05-10 13:13:38,269 [INFO] 	Checking available resources...
2014-05-10 13:13:38,287 [INFO] 	Found  compatible site(s) for job 1
2014-05-10 13:13:38,288 [INFO] 	1 blocks of jobs will be submitted
2014-05-10 13:13:38,288 [DEBUG] 	Delegating proxy 
2014-05-10 13:13:38,288 [DEBUG] 	Submitting jobs [1, 2, 3, 4, 5, 6, 7, 8, 9, 10, 11, 12, 13, 14, 15, 16, 17, 18, 19, 20, 21, 22, 23, 24, 25, 26, 27, 28, 29, 30]
2014-05-10 13:13:38,378 [DEBUG] 	Calling ServerConfig default
2014-05-10 13:13:38,378 [DEBUG] 	getting serverlist from web
2014-05-10 13:13:38,378 [DEBUG] 	Downloading file [http://cmsdoc.cern.ch/cms/LCG/crab/config/] to [/home/maguirc/.cms_crab/AvailableServerList].
2014-05-10 13:13:38,378 [DEBUG] 	Service initialised ({'endpoint': 'http://cmsdoc.cern.ch/cms/LCG/crab/config/', 'maxcachereuse': 24.0, 'cachepath': '/home/maguirc/.cms_crab', 'basepath': '/cms/LCG/crab/config/', 'method': None, 'timeout': 20, 'requests': {'endpoint': 'http://cmsdoc.cern.ch/cms/LCG/crab/config/', 'timeout': 20, 'cachepath': '/home/maguirc/.cms_crab', 'cacheduration': 0.5, 'host': 'cmsdoc.cern.ch', 'accept_type': 'text/html', 'content_type': 'application/x-www-form-urlencoded', 'logger': <logging.Logger instance at 0x19345dd0>, 'type': 'txt/csv', 'conn': <httplib.HTTPConnection instance at 0x19409c68>}, 'logger': <logging.Logger instance at 0x19345dd0>, 'cacheduration': 0.5, 'type': 'txt/csv', 'inputdata': {}}):
	 host: cmsdoc.cern.ch, basepath: /cms/LCG/crab/config/ (text/html)
	 cache: /home/maguirc/.cms_crab (duration 0.5 hours, max reuse 24.0 hours)
2014-05-10 13:13:38,379 [DEBUG] 	All avaialble servers: [['cern_vocms20', '2.8.4-', 'remoteGlidein'], ['cern_vocms83', '2.8.4-', 'remoteGlidein'], ['unl_hcc-crabserver', '2.8.4-', 'remoteGlidein'], ['unl_hcc-crabserver', '2.8.4-', 'remoteGlidein'], ['unl_hcc-crabserver', '2.8.4-', 'remoteGlidein'], ['ucsd_submit-4', '2.8.4-', 'remoteGlidein'], ['ucsd_submit-4', '2.8.4-', 'remoteGlidein'], ['ucsd_submit-4', '2.8.4-', 'remoteGlidein'], ['ucsd_submit-6', '2.8.4-', 'remoteGlidein'], ['ucsd_submit-6', '2.8.4-', 'remoteGlidein'], ['ucsd_submit-6', '2.8.4-', 'remoteGlidein']]
2014-05-10 13:13:38,379 [DEBUG] 	All avaialble servers compatible with 2.10.5_patch1: ['cern_vocms20', 'cern_vocms83', 'unl_hcc-crabserver', 'unl_hcc-crabserver', 'unl_hcc-crabserver', 'ucsd_submit-4', 'ucsd_submit-4', 'ucsd_submit-4', 'ucsd_submit-6', 'ucsd_submit-6', 'ucsd_submit-6']
2014-05-10 13:13:38,379 [DEBUG] 	Avaialble servers: ['cern_vocms20', 'cern_vocms83', 'unl_hcc-crabserver', 'unl_hcc-crabserver', 'unl_hcc-crabserver', 'ucsd_submit-4', 'ucsd_submit-4', 'ucsd_submit-4', 'ucsd_submit-6', 'ucsd_submit-6', 'ucsd_submit-6'] choosen: ucsd_submit-4
2014-05-10 13:13:38,379 [DEBUG] 	Downloading file [http://cmsdoc.cern.ch/cms/LCG/crab/config/] to [/home/maguirc/.cms_crab/server_ucsd_submit-4.conf].
2014-05-10 13:13:38,379 [DEBUG] 	Service initialised ({'endpoint': 'http://cmsdoc.cern.ch/cms/LCG/crab/config/', 'maxcachereuse': 24.0, 'cachepath': '/home/maguirc/.cms_crab', 'basepath': '/cms/LCG/crab/config/', 'method': None, 'timeout': 20, 'requests': {'endpoint': 'http://cmsdoc.cern.ch/cms/LCG/crab/config/', 'timeout': 20, 'cachepath': '/home/maguirc/.cms_crab', 'cacheduration': 0.5, 'host': 'cmsdoc.cern.ch', 'accept_type': 'text/html', 'content_type': 'application/x-www-form-urlencoded', 'logger': <logging.Logger instance at 0x19345dd0>, 'type': 'txt/csv', 'conn': <httplib.HTTPConnection instance at 0x19409a28>}, 'logger': <logging.Logger instance at 0x19345dd0>, 'cacheduration': 0.5, 'type': 'txt/csv', 'inputdata': {}}):
	 host: cmsdoc.cern.ch, basepath: /cms/LCG/crab/config/ (text/html)
	 cache: /home/maguirc/.cms_crab (duration 0.5 hours, max reuse 24.0 hours)
2014-05-10 13:13:38,380 [INFO] 	remotehost from Avail.List = submit-4.t2.ucsd.edu
2014-05-10 13:13:38,421 [DEBUG] 	Scram::Scram() version is 2
2014-05-10 13:13:38,421 [DEBUG] 	Scram::Scram() arch is slc5_amd64_gcc462
2014-05-10 13:13:38,439 [DEBUG] 	Service initialised ({'endpoint': 'https://cmsweb.cern.ch/sitedb/data/prod/', 'content_type': 'application/json', 'maxcachereuse': 24.0, 'cachepath': '/home/maguirc/.cms_sitedbcache', 'basepath': '/sitedb/data/prod/', 'method': None, 'accept_type': 'application/json', 'timeout': 30, 'requests': {'endpoint': 'https://cmsweb.cern.ch/sitedb/data/prod/', 'cachepath': '/home/maguirc/.cms_sitedbcache', 'cacheduration': 24, 'host': 'cmsweb.cern.ch', 'accept_type': 'application/json', 'content_type': 'application/json', 'logger': <logging.Logger instance at 0x19345dd0>, 'conn': <httplib.HTTPSConnection instance at 0x19404908>}, 'logger': <logging.Logger instance at 0x19345dd0>, 'cacheduration': 24, 'inputdata': {}}):
	 host: cmsweb.cern.ch, basepath: /sitedb/data/prod/ (application/json)
	 cache: /home/maguirc/.cms_sitedbcache (duration 24 hours, max reuse 24.0 hours)
2014-05-10 13:13:39,097 [INFO] 	contacting remote host submit-4.t2.ucsd.edu
2014-05-10 13:13:39,122 [INFO] 	COPY FILES TO REMOTE HOST
2014-05-10 13:13:39,123 [DEBUG] 	Execute command :
gsissh -o ControlMaster=auto -o ControlPath=/tmp/maguirc/.ssh/ssh-link--1336072526-submit-4.t2.ucsd.edu -o BatchMode=yes -o StrictHostKeyChecking=no -o ForwardX11=no submit-4.t2.ucsd.edu  mkdir -p maguire_crab_0_140510_131230_2ou06v
2014-05-10 13:13:39,285 [DEBUG] 	Status,output= 0,
2014-05-10 13:13:39,285 [DEBUG] 	Execute command :
gsiscp -o ControlMaster=auto -o ControlPath=/tmp/maguirc/.ssh/ssh-link--1336072526-submit-4.t2.ucsd.edu -o BatchMode=yes -o StrictHostKeyChecking=no -o ForwardX11=no /gpfs22/home/maguirc/CMSSW_5_3_8_HI_patch2/src/Pi0Analysis/EcalFlowNtp/eposRun2013/epos2Peak/crab_0_140510_131230/share/default.tgz /gpfs22/home/maguirc/CMSSW_5_3_8_HI_patch2/src/Pi0Analysis/EcalFlowNtp/eposRun2013/epos2Peak/crab_0_140510_131230/share/arguments.xml /gpfs22/home/maguirc/CMSSW_5_3_8_HI_patch2/src/Pi0Analysis/EcalFlowNtp/eposRun2013/epos2Peak/crab_0_140510_131230/job/CMSSW.sh /gpfs22/home/maguirc/CMSSW_5_3_8_HI_patch2/src/Pi0Analysis/EcalFlowNtp/eposRun2013/epos2Peak/crab_0_140510_131230/share//maguire_crab_0_140510_131230_2ou06v_job30.jdl /tmp/x509up_u28075 submit-4.t2.ucsd.edu:maguire_crab_0_140510_131230_2ou06v
2014-05-10 13:13:42,112 [DEBUG] 	Status,output= 0,
2014-05-10 13:13:42,113 [INFO] 	SUBMIT TO REMOTE GLIDEIN FRONTEND
2014-05-10 13:13:42,113 [DEBUG] 	Execute command :
gsissh -o ControlMaster=auto -o ControlPath=/tmp/maguirc/.ssh/ssh-link--1336072526-submit-4.t2.ucsd.edu -o BatchMode=yes -o StrictHostKeyChecking=no -o ForwardX11=no submit-4.t2.ucsd.edu "cd maguire_crab_0_140510_131230_2ou06v;  condor_submit  maguire_crab_0_140510_131230_2ou06v_job30.jdl; echo 'CONDOR_SUBMIT-EXIT-STATUS IS' \$?"
2014-05-10 13:13:43,082 [DEBUG] 	Status,output= 0,Submitting job(s)..............................
30 job(s) submitted to cluster 194302.
CONDOR_SUBMIT-EXIT-STATUS IS 0
2014-05-10 13:13:43,084 [DEBUG] 	Returning {u'maguire_crab_0_140510_131230_2ou06v_job6': 'submit-4.t2.ucsd.edu//140510//194302.5', u'maguire_crab_0_140510_131230_2ou06v_job7': 'submit-4.t2.ucsd.edu//140510//194302.6', u'maguire_crab_0_140510_131230_2ou06v_job4': 'submit-4.t2.ucsd.edu//140510//194302.3', u'maguire_crab_0_140510_131230_2ou06v_job5': 'submit-4.t2.ucsd.edu//140510//194302.4', u'maguire_crab_0_140510_131230_2ou06v_job2': 'submit-4.t2.ucsd.edu//140510//194302.1', u'maguire_crab_0_140510_131230_2ou06v_job3': 'submit-4.t2.ucsd.edu//140510//194302.2', u'maguire_crab_0_140510_131230_2ou06v_job1': 'submit-4.t2.ucsd.edu//140510//194302.0', u'maguire_crab_0_140510_131230_2ou06v_job8': 'submit-4.t2.ucsd.edu//140510//194302.7', u'maguire_crab_0_140510_131230_2ou06v_job9': 'submit-4.t2.ucsd.edu//140510//194302.8', u'maguire_crab_0_140510_131230_2ou06v_job29': 'submit-4.t2.ucsd.edu//140510//194302.28', u'maguire_crab_0_140510_131230_2ou06v_job28': 'submit-4.t2.ucsd.edu//140510//194302.27', u'maguire_crab_0_140510_131230_2ou06v_job25': 'submit-4.t2.ucsd.edu//140510//194302.24', u'maguire_crab_0_140510_131230_2ou06v_job24': 'submit-4.t2.ucsd.edu//140510//194302.23', u'maguire_crab_0_140510_131230_2ou06v_job27': 'submit-4.t2.ucsd.edu//140510//194302.26', u'maguire_crab_0_140510_131230_2ou06v_job26': 'submit-4.t2.ucsd.edu//140510//194302.25', u'maguire_crab_0_140510_131230_2ou06v_job21': 'submit-4.t2.ucsd.edu//140510//194302.20', u'maguire_crab_0_140510_131230_2ou06v_job20': 'submit-4.t2.ucsd.edu//140510//194302.19', u'maguire_crab_0_140510_131230_2ou06v_job23': 'submit-4.t2.ucsd.edu//140510//194302.22', u'maguire_crab_0_140510_131230_2ou06v_job22': 'submit-4.t2.ucsd.edu//140510//194302.21', u'maguire_crab_0_140510_131230_2ou06v_job14': 'submit-4.t2.ucsd.edu//140510//194302.13', u'maguire_crab_0_140510_131230_2ou06v_job15': 'submit-4.t2.ucsd.edu//140510//194302.14', u'maguire_crab_0_140510_131230_2ou06v_job16': 'submit-4.t2.ucsd.edu//140510//194302.15', u'maguire_crab_0_140510_131230_2ou06v_job17': 'submit-4.t2.ucsd.edu//140510//194302.16', u'maguire_crab_0_140510_131230_2ou06v_job10': 'submit-4.t2.ucsd.edu//140510//194302.9', u'maguire_crab_0_140510_131230_2ou06v_job11': 'submit-4.t2.ucsd.edu//140510//194302.10', u'maguire_crab_0_140510_131230_2ou06v_job12': 'submit-4.t2.ucsd.edu//140510//194302.11', u'maguire_crab_0_140510_131230_2ou06v_job13': 'submit-4.t2.ucsd.edu//140510//194302.12', u'maguire_crab_0_140510_131230_2ou06v_job18': 'submit-4.t2.ucsd.edu//140510//194302.17', u'maguire_crab_0_140510_131230_2ou06v_job19': 'submit-4.t2.ucsd.edu//140510//194302.18', u'maguire_crab_0_140510_131230_2ou06v_job30': 'submit-4.t2.ucsd.edu//140510//194302.29'}
maguire_crab_0_140510_131230_2ou06v
vmps10.vampire
2014-05-10 13:13:43,122 [DEBUG] 	WMS : vmps10.vampire
Collection ID : maguire_crab_0_140510_131230_2ou06v
2014-05-10 13:13:43,138 [DEBUG] 	Submitted job # 1
2014-05-10 13:13:43,138 [DEBUG] 	Submitted job # 2
2014-05-10 13:13:43,138 [DEBUG] 	Submitted job # 3
2014-05-10 13:13:43,139 [DEBUG] 	Submitted job # 4
2014-05-10 13:13:43,139 [DEBUG] 	Submitted job # 5
2014-05-10 13:13:43,139 [DEBUG] 	Submitted job # 6
2014-05-10 13:13:43,139 [DEBUG] 	Submitted job # 7
2014-05-10 13:13:43,139 [DEBUG] 	Submitted job # 8
2014-05-10 13:13:43,139 [DEBUG] 	Submitted job # 9
2014-05-10 13:13:43,140 [DEBUG] 	Submitted job # 10
2014-05-10 13:13:43,140 [DEBUG] 	Submitted job # 11
2014-05-10 13:13:43,140 [DEBUG] 	Submitted job # 12
2014-05-10 13:13:43,140 [DEBUG] 	Submitted job # 13
2014-05-10 13:13:43,140 [DEBUG] 	Submitted job # 14
2014-05-10 13:13:43,140 [DEBUG] 	Submitted job # 15
2014-05-10 13:13:43,140 [DEBUG] 	Submitted job # 16
2014-05-10 13:13:43,141 [DEBUG] 	Submitted job # 17
2014-05-10 13:13:43,141 [DEBUG] 	Submitted job # 18
2014-05-10 13:13:43,141 [DEBUG] 	Submitted job # 19
2014-05-10 13:13:43,141 [DEBUG] 	Submitted job # 20
2014-05-10 13:13:43,141 [DEBUG] 	Submitted job # 21
2014-05-10 13:13:43,141 [DEBUG] 	Submitted job # 22
2014-05-10 13:13:43,141 [DEBUG] 	Submitted job # 23
2014-05-10 13:13:43,142 [DEBUG] 	Submitted job # 24
2014-05-10 13:13:43,142 [DEBUG] 	Submitted job # 25
2014-05-10 13:13:43,142 [DEBUG] 	Submitted job # 26
2014-05-10 13:13:43,142 [DEBUG] 	Submitted job # 27
2014-05-10 13:13:43,142 [DEBUG] 	Submitted job # 28
2014-05-10 13:13:43,142 [DEBUG] 	Submitted job # 29
2014-05-10 13:13:43,142 [DEBUG] 	Submitted job # 30
2014-05-10 13:13:43,194 [DEBUG] 	Updating [[1, 2, 3, 4, 5, 6, 7, 8, 9, 10, 11, 12, 13, 14, 15, 16, 17, 18, 19, 20, 21, 22, 23, 24, 25, 26, 27, 28, 29, 30]] state SubSuccess
2014-05-10 13:13:43,335 [DEBUG] 	GRIDNAME: /DC=ch/DC=cern/OU=Organic Units/OU=Users/CN=maguire/CN=671063/CN=Charles Felix Maguire 
2014-05-10 13:13:43,352 [DEBUG] 	Service initialised ({'endpoint': 'https://cmsweb.cern.ch/sitedb/data/prod/', 'content_type': 'application/json', 'maxcachereuse': 24.0, 'cachepath': '/home/maguirc/.cms_sitedbcache', 'basepath': '/sitedb/data/prod/', 'method': None, 'accept_type': 'application/json', 'timeout': 30, 'requests': {'endpoint': 'https://cmsweb.cern.ch/sitedb/data/prod/', 'cachepath': '/home/maguirc/.cms_sitedbcache', 'cacheduration': 24, 'host': 'cmsweb.cern.ch', 'accept_type': 'application/json', 'content_type': 'application/json', 'logger': <logging.Logger instance at 0x19345dd0>, 'conn': <httplib.HTTPSConnection instance at 0x1989a908>}, 'logger': <logging.Logger instance at 0x19345dd0>, 'cacheduration': 24, 'inputdata': {}}):
	 host: cmsweb.cern.ch, basepath: /sitedb/data/prod/ (application/json)
	 cache: /home/maguirc/.cms_sitedbcache (duration 24 hours, max reuse 24.0 hours)
2014-05-10 13:13:44,013 [DEBUG] 	Service initialised ({'endpoint': 'https://cmsweb.cern.ch/sitedb/data/prod/', 'content_type': 'application/json', 'maxcachereuse': 24.0, 'cachepath': '/home/maguirc/.cms_sitedbcache', 'basepath': '/sitedb/data/prod/', 'method': None, 'accept_type': 'application/json', 'timeout': 30, 'requests': {'endpoint': 'https://cmsweb.cern.ch/sitedb/data/prod/', 'cachepath': '/home/maguirc/.cms_sitedbcache', 'cacheduration': 24, 'host': 'cmsweb.cern.ch', 'accept_type': 'application/json', 'content_type': 'application/json', 'logger': <logging.Logger instance at 0x19345dd0>, 'conn': <httplib.HTTPSConnection instance at 0x1970cc20>}, 'logger': <logging.Logger instance at 0x19345dd0>, 'cacheduration': 24, 'inputdata': {}}):
	 host: cmsweb.cern.ch, basepath: /sitedb/data/prod/ (application/json)
	 cache: /home/maguirc/.cms_sitedbcache (duration 24 hours, max reuse 24.0 hours)
2014-05-10 13:13:44,433 [DEBUG] 	Submission Time: 7.53653502464
2014-05-10 13:13:44,433 [INFO] 	Total of 30 jobs submitted.
2014-05-10 13:18:45,350 [DEBUG] 	/cvmfs/cms.cern.ch/crab/CRAB_2_10_5_patch1/python/crab.py -status

2014-05-10 13:18:45,350 [INFO] 	Version 2.10.5_patch1 running on Sat May 10 13:18:45 2014 CST (18:18:45 UTC)

crab. Working options:
	scheduler           remoteGlidein
	job type            CMSSW
	server              OFF
	working directory   /gpfs22/home/maguirc/CMSSW_5_3_8_HI_patch2/src/Pi0Analysis/EcalFlowNtp/eposRun2013/epos2Peak/crab_0_140510_131230/

2014-05-10 13:18:45,351 [DEBUG] 	Downloading file [http://cmsdoc.cern.ch/cms/LCG/crab/config/] to [/home/maguirc/.cms_crab/allowed_releases.conf].
2014-05-10 13:18:45,351 [DEBUG] 	Service initialised ({'endpoint': 'http://cmsdoc.cern.ch/cms/LCG/crab/config/', 'maxcachereuse': 24.0, 'cachepath': '/home/maguirc/.cms_crab', 'basepath': '/cms/LCG/crab/config/', 'method': None, 'timeout': 20, 'requests': {'endpoint': 'http://cmsdoc.cern.ch/cms/LCG/crab/config/', 'timeout': 20, 'cachepath': '/home/maguirc/.cms_crab', 'cacheduration': 0.5, 'host': 'cmsdoc.cern.ch', 'accept_type': 'text/html', 'content_type': 'application/x-www-form-urlencoded', 'logger': <logging.Logger instance at 0x14926dd0>, 'type': 'txt/csv', 'conn': <httplib.HTTPConnection instance at 0x1492b050>}, 'logger': <logging.Logger instance at 0x14926dd0>, 'cacheduration': 0.5, 'type': 'txt/csv', 'inputdata': {}}):
	 host: cmsdoc.cern.ch, basepath: /cms/LCG/crab/config/ (text/html)
	 cache: /home/maguirc/.cms_crab (duration 0.5 hours, max reuse 24.0 hours)
2014-05-10 13:18:45,474 [INFO] 	error detecting glite version 
2014-05-10 13:18:45,479 [INFO] 	error detecting glite version 
2014-05-10 13:18:45,479 [DEBUG] 	Service initialised ({'endpoint': 'https://cmsweb.cern.ch/sitedb/data/prod/', 'content_type': 'application/json', 'maxcachereuse': 24.0, 'cachepath': '/home/maguirc/.cms_sitedbcache', 'basepath': '/sitedb/data/prod/', 'method': None, 'accept_type': 'application/json', 'timeout': 30, 'requests': {'endpoint': 'https://cmsweb.cern.ch/sitedb/data/prod/', 'cachepath': '/home/maguirc/.cms_sitedbcache', 'host': 'cmsweb.cern.ch', 'accept_type': 'application/json', 'content_type': 'application/json', 'logger': <logging.Logger instance at 0x14926dd0>, 'conn': <httplib.HTTPSConnection instance at 0x149e1e18>}, 'logger': <logging.Logger instance at 0x14926dd0>, 'cacheduration': 0.5, 'inputdata': {}}):
	 host: cmsweb.cern.ch, basepath: /sitedb/data/prod/ (application/json)
	 cache: /home/maguirc/.cms_sitedbcache (duration 0.5 hours, max reuse 24.0 hours)
2014-05-10 13:18:45,480 [DEBUG] 	Service initialised ({'endpoint': 'https://cmsweb.cern.ch/sitedb/data/prod/', 'content_type': 'application/json', 'maxcachereuse': 24.0, 'cachepath': '/home/maguirc/.cms_sitedbcache', 'basepath': '/sitedb/data/prod/', 'method': None, 'accept_type': 'application/json', 'timeout': 30, 'requests': {'endpoint': 'https://cmsweb.cern.ch/sitedb/data/prod/', 'cachepath': '/home/maguirc/.cms_sitedbcache', 'host': 'cmsweb.cern.ch', 'accept_type': 'application/json', 'content_type': 'application/json', 'logger': <logging.Logger instance at 0x14926dd0>, 'conn': <httplib.HTTPSConnection instance at 0x149e1ea8>}, 'logger': <logging.Logger instance at 0x14926dd0>, 'cacheduration': 0.5, 'inputdata': {}}):
	 host: cmsweb.cern.ch, basepath: /sitedb/data/prod/ (application/json)
	 cache: /home/maguirc/.cms_sitedbcache (duration 0.5 hours, max reuse 24.0 hours)
2014-05-10 13:18:45,480 [DEBUG] 	Input whitelist: 
2014-05-10 13:18:45,480 [DEBUG] 	Input blacklist: 
2014-05-10 13:18:45,480 [DEBUG] 	Converted whitelist: 
2014-05-10 13:18:45,480 [DEBUG] 	Converted blacklist: 
2014-05-10 13:18:45,481 [DEBUG] 	Downloading file [http://cmsdoc.cern.ch/cms/LCG/crab/config/] to [/home/maguirc/.cms_crab/myproxy_server.conf].
2014-05-10 13:18:45,481 [DEBUG] 	Service initialised ({'endpoint': 'http://cmsdoc.cern.ch/cms/LCG/crab/config/', 'maxcachereuse': 24.0, 'cachepath': '/home/maguirc/.cms_crab', 'basepath': '/cms/LCG/crab/config/', 'method': None, 'timeout': 20, 'requests': {'endpoint': 'http://cmsdoc.cern.ch/cms/LCG/crab/config/', 'timeout': 20, 'cachepath': '/home/maguirc/.cms_crab', 'cacheduration': 0.5, 'host': 'cmsdoc.cern.ch', 'accept_type': 'text/html', 'content_type': 'application/x-www-form-urlencoded', 'logger': <logging.Logger instance at 0x14926dd0>, 'type': 'txt/csv', 'conn': <httplib.HTTPConnection instance at 0x149e1f80>}, 'logger': <logging.Logger instance at 0x14926dd0>, 'cacheduration': 0.5, 'type': 'txt/csv', 'inputdata': {}}):
	 host: cmsdoc.cern.ch, basepath: /cms/LCG/crab/config/ (text/html)
	 cache: /home/maguirc/.cms_crab (duration 0.5 hours, max reuse 24.0 hours)
2014-05-10 13:18:45,481 [DEBUG] 	Downloading file [http://cmsdoc.cern.ch/cms/LCG/crab/config/] to [/home/maguirc/.cms_crab/site_black_list.conf].
2014-05-10 13:18:45,482 [DEBUG] 	Service initialised ({'endpoint': 'http://cmsdoc.cern.ch/cms/LCG/crab/config/', 'maxcachereuse': 24.0, 'cachepath': '/home/maguirc/.cms_crab', 'basepath': '/cms/LCG/crab/config/', 'method': None, 'timeout': 20, 'requests': {'endpoint': 'http://cmsdoc.cern.ch/cms/LCG/crab/config/', 'timeout': 20, 'cachepath': '/home/maguirc/.cms_crab', 'cacheduration': 0.5, 'host': 'cmsdoc.cern.ch', 'accept_type': 'text/html', 'content_type': 'application/x-www-form-urlencoded', 'logger': <logging.Logger instance at 0x14926dd0>, 'type': 'txt/csv', 'conn': <httplib.HTTPConnection instance at 0x149e1f80>}, 'logger': <logging.Logger instance at 0x14926dd0>, 'cacheduration': 0.5, 'type': 'txt/csv', 'inputdata': {}}):
	 host: cmsdoc.cern.ch, basepath: /cms/LCG/crab/config/ (text/html)
	 cache: /home/maguirc/.cms_crab (duration 0.5 hours, max reuse 24.0 hours)
2014-05-10 13:18:45,482 [DEBUG] 	Enforced black list: TAPE,srm-cms.cern.ch,cmssrm.fnal.gov,T1_FR,T1_RU,T1_TW,cmseos.fnal.gov,cmsdca2.fnal.gov,T2_PK_NCP,T3_US_Vanderbilt_EC2
 
2014-05-10 13:18:48,397 [DEBUG] 	Status::run() called
2014-05-10 13:18:48,398 [INFO] 	Checking the status of all jobs: please wait
2014-05-10 13:18:48,466 [INFO] 	contacting remote host submit-4.t2.ucsd.edu
2014-05-10 13:18:48,499 [DEBUG] 	Execute command :
gsiscp -o ControlMaster=auto -o ControlPath=/tmp/maguirc/.ssh/ssh-link--1336072526-submit-4.t2.ucsd.edu -o BatchMode=yes -o StrictHostKeyChecking=no -o ForwardX11=no /tmp/x509up_u28075 submit-4.t2.ucsd.edu:maguire_crab_0_140510_131230_2ou06v
2014-05-10 13:18:48,977 [DEBUG] 	Status,output= 0,
2014-05-10 13:18:48,977 [DEBUG] 	Execute command :
gsissh -o ControlMaster=auto -o ControlPath=/tmp/maguirc/.ssh/ssh-link--1336072526-submit-4.t2.ucsd.edu -o BatchMode=yes -o StrictHostKeyChecking=no -o ForwardX11=no submit-4.t2.ucsd.edu  "condor_history -userlog maguire_crab_0_140510_131230_2ou06v/condor.log -xml"
2014-05-10 13:18:49,381 [INFO] 	
ID    END STATUS            ACTION       ExeExitCode JobExitCode E_HOST
----- --- ----------------- ------------  ---------- ----------- ---------
1     N   Submitted         SubSuccess                           
2     N   Submitted         SubSuccess                           
3     N   Submitted         SubSuccess                           
4     N   Submitted         SubSuccess                           
5     N   Submitted         SubSuccess                           
6     N   Submitted         SubSuccess                           
7     N   Submitted         SubSuccess                           
8     N   Submitted         SubSuccess                           
9     N   Submitted         SubSuccess                           
10    N   Submitted         SubSuccess                           
--------------------------------------------------------------------------------
11    N   Submitted         SubSuccess                           
12    N   Submitted         SubSuccess                           
13    N   Submitted         SubSuccess                           
14    N   Submitted         SubSuccess                           
15    N   Submitted         SubSuccess                           
16    N   Submitted         SubSuccess                           
17    N   Submitted         SubSuccess                           
18    N   Submitted         SubSuccess                           
19    N   Submitted         SubSuccess                           
20    N   Submitted         SubSuccess                           
--------------------------------------------------------------------------------
21    N   Submitted         SubSuccess                           
22    N   Submitted         SubSuccess                           
23    N   Submitted         SubSuccess                           
24    N   Submitted         SubSuccess                           
25    N   Submitted         SubSuccess                           
26    N   Submitted         SubSuccess                           
27    N   Submitted         SubSuccess                           
28    N   Submitted         SubSuccess                           
29    N   Submitted         SubSuccess                           
30    N   Submitted         SubSuccess                           

2014-05-10 13:18:49,437 [INFO] 	 30 Total Jobs 
 >>>>>>>>> 30 Jobs Submitted 
	List of jobs Submitted: 1-30 

2014-05-10 13:18:49,452 [INFO] 	You can also follow the status of this task on :
	CMS Dashboard: http://dashb-cms-job-task.cern.ch/taskmon.html#task=maguire_crab_0_140510_131230_2ou06v
	Your task name is: maguire_crab_0_140510_131230_2ou06v 

2014-05-10 13:18:49,452 [DEBUG] 	Status Time: 1.0547170639
2014-05-10 14:16:45,540 [DEBUG] 	/cvmfs/cms.cern.ch/crab/CRAB_2_10_5_patch1/python/crab.py -status

2014-05-10 14:16:45,540 [INFO] 	Version 2.10.5_patch1 running on Sat May 10 14:16:45 2014 CST (19:16:45 UTC)

crab. Working options:
	scheduler           remoteGlidein
	job type            CMSSW
	server              OFF
	working directory   /gpfs22/home/maguirc/CMSSW_5_3_8_HI_patch2/src/Pi0Analysis/EcalFlowNtp/eposRun2013/epos2Peak/crab_0_140510_131230/

2014-05-10 14:16:45,541 [DEBUG] 	Downloading file [http://cmsdoc.cern.ch/cms/LCG/crab/config/] to [/home/maguirc/.cms_crab/allowed_releases.conf].
2014-05-10 14:16:45,541 [DEBUG] 	Service initialised ({'endpoint': 'http://cmsdoc.cern.ch/cms/LCG/crab/config/', 'maxcachereuse': 24.0, 'cachepath': '/home/maguirc/.cms_crab', 'basepath': '/cms/LCG/crab/config/', 'method': None, 'timeout': 20, 'requests': {'endpoint': 'http://cmsdoc.cern.ch/cms/LCG/crab/config/', 'timeout': 20, 'cachepath': '/home/maguirc/.cms_crab', 'cacheduration': 0.5, 'host': 'cmsdoc.cern.ch', 'accept_type': 'text/html', 'content_type': 'application/x-www-form-urlencoded', 'logger': <logging.Logger instance at 0x221edd0>, 'type': 'txt/csv', 'conn': <httplib.HTTPConnection instance at 0x2223050>}, 'logger': <logging.Logger instance at 0x221edd0>, 'cacheduration': 0.5, 'type': 'txt/csv', 'inputdata': {}}):
	 host: cmsdoc.cern.ch, basepath: /cms/LCG/crab/config/ (text/html)
	 cache: /home/maguirc/.cms_crab (duration 0.5 hours, max reuse 24.0 hours)
2014-05-10 14:16:45,711 [INFO] 	error detecting glite version 
2014-05-10 14:16:45,715 [INFO] 	error detecting glite version 
2014-05-10 14:16:45,716 [DEBUG] 	Service initialised ({'endpoint': 'https://cmsweb.cern.ch/sitedb/data/prod/', 'content_type': 'application/json', 'maxcachereuse': 24.0, 'cachepath': '/home/maguirc/.cms_sitedbcache', 'basepath': '/sitedb/data/prod/', 'method': None, 'accept_type': 'application/json', 'timeout': 30, 'requests': {'endpoint': 'https://cmsweb.cern.ch/sitedb/data/prod/', 'cachepath': '/home/maguirc/.cms_sitedbcache', 'host': 'cmsweb.cern.ch', 'accept_type': 'application/json', 'content_type': 'application/json', 'logger': <logging.Logger instance at 0x221edd0>, 'conn': <httplib.HTTPSConnection instance at 0x22d9e18>}, 'logger': <logging.Logger instance at 0x221edd0>, 'cacheduration': 0.5, 'inputdata': {}}):
	 host: cmsweb.cern.ch, basepath: /sitedb/data/prod/ (application/json)
	 cache: /home/maguirc/.cms_sitedbcache (duration 0.5 hours, max reuse 24.0 hours)
2014-05-10 14:16:45,716 [DEBUG] 	Service initialised ({'endpoint': 'https://cmsweb.cern.ch/sitedb/data/prod/', 'content_type': 'application/json', 'maxcachereuse': 24.0, 'cachepath': '/home/maguirc/.cms_sitedbcache', 'basepath': '/sitedb/data/prod/', 'method': None, 'accept_type': 'application/json', 'timeout': 30, 'requests': {'endpoint': 'https://cmsweb.cern.ch/sitedb/data/prod/', 'cachepath': '/home/maguirc/.cms_sitedbcache', 'host': 'cmsweb.cern.ch', 'accept_type': 'application/json', 'content_type': 'application/json', 'logger': <logging.Logger instance at 0x221edd0>, 'conn': <httplib.HTTPSConnection instance at 0x22d9ea8>}, 'logger': <logging.Logger instance at 0x221edd0>, 'cacheduration': 0.5, 'inputdata': {}}):
	 host: cmsweb.cern.ch, basepath: /sitedb/data/prod/ (application/json)
	 cache: /home/maguirc/.cms_sitedbcache (duration 0.5 hours, max reuse 24.0 hours)
2014-05-10 14:16:45,717 [DEBUG] 	Input whitelist: 
2014-05-10 14:16:45,717 [DEBUG] 	Input blacklist: 
2014-05-10 14:16:45,717 [DEBUG] 	Converted whitelist: 
2014-05-10 14:16:45,717 [DEBUG] 	Converted blacklist: 
2014-05-10 14:16:45,717 [DEBUG] 	Downloading file [http://cmsdoc.cern.ch/cms/LCG/crab/config/] to [/home/maguirc/.cms_crab/myproxy_server.conf].
2014-05-10 14:16:45,718 [DEBUG] 	Service initialised ({'endpoint': 'http://cmsdoc.cern.ch/cms/LCG/crab/config/', 'maxcachereuse': 24.0, 'cachepath': '/home/maguirc/.cms_crab', 'basepath': '/cms/LCG/crab/config/', 'method': None, 'timeout': 20, 'requests': {'endpoint': 'http://cmsdoc.cern.ch/cms/LCG/crab/config/', 'timeout': 20, 'cachepath': '/home/maguirc/.cms_crab', 'cacheduration': 0.5, 'host': 'cmsdoc.cern.ch', 'accept_type': 'text/html', 'content_type': 'application/x-www-form-urlencoded', 'logger': <logging.Logger instance at 0x221edd0>, 'type': 'txt/csv', 'conn': <httplib.HTTPConnection instance at 0x22d9f80>}, 'logger': <logging.Logger instance at 0x221edd0>, 'cacheduration': 0.5, 'type': 'txt/csv', 'inputdata': {}}):
	 host: cmsdoc.cern.ch, basepath: /cms/LCG/crab/config/ (text/html)
	 cache: /home/maguirc/.cms_crab (duration 0.5 hours, max reuse 24.0 hours)
2014-05-10 14:16:45,718 [DEBUG] 	Downloading file [http://cmsdoc.cern.ch/cms/LCG/crab/config/] to [/home/maguirc/.cms_crab/site_black_list.conf].
2014-05-10 14:16:45,718 [DEBUG] 	Service initialised ({'endpoint': 'http://cmsdoc.cern.ch/cms/LCG/crab/config/', 'maxcachereuse': 24.0, 'cachepath': '/home/maguirc/.cms_crab', 'basepath': '/cms/LCG/crab/config/', 'method': None, 'timeout': 20, 'requests': {'endpoint': 'http://cmsdoc.cern.ch/cms/LCG/crab/config/', 'timeout': 20, 'cachepath': '/home/maguirc/.cms_crab', 'cacheduration': 0.5, 'host': 'cmsdoc.cern.ch', 'accept_type': 'text/html', 'content_type': 'application/x-www-form-urlencoded', 'logger': <logging.Logger instance at 0x221edd0>, 'type': 'txt/csv', 'conn': <httplib.HTTPConnection instance at 0x22d9f80>}, 'logger': <logging.Logger instance at 0x221edd0>, 'cacheduration': 0.5, 'type': 'txt/csv', 'inputdata': {}}):
	 host: cmsdoc.cern.ch, basepath: /cms/LCG/crab/config/ (text/html)
	 cache: /home/maguirc/.cms_crab (duration 0.5 hours, max reuse 24.0 hours)
2014-05-10 14:16:45,719 [DEBUG] 	Enforced black list: TAPE,srm-cms.cern.ch,cmssrm.fnal.gov,T1_FR,T1_RU,T1_TW,cmseos.fnal.gov,cmsdca2.fnal.gov,T2_PK_NCP,T3_US_Vanderbilt_EC2
 
2014-05-10 14:16:48,628 [DEBUG] 	Status::run() called
2014-05-10 14:16:48,628 [INFO] 	Checking the status of all jobs: please wait
2014-05-10 14:16:48,698 [INFO] 	contacting remote host submit-4.t2.ucsd.edu
2014-05-10 14:16:48,731 [DEBUG] 	Execute command :
gsiscp -o ControlMaster=auto -o ControlPath=/tmp/maguirc/.ssh/ssh-link--1336072526-submit-4.t2.ucsd.edu -o BatchMode=yes -o StrictHostKeyChecking=no -o ForwardX11=no /tmp/x509up_u28075 submit-4.t2.ucsd.edu:maguire_crab_0_140510_131230_2ou06v
2014-05-10 14:16:49,208 [DEBUG] 	Status,output= 0,
2014-05-10 14:16:49,208 [DEBUG] 	Execute command :
gsissh -o ControlMaster=auto -o ControlPath=/tmp/maguirc/.ssh/ssh-link--1336072526-submit-4.t2.ucsd.edu -o BatchMode=yes -o StrictHostKeyChecking=no -o ForwardX11=no submit-4.t2.ucsd.edu  "condor_history -userlog maguire_crab_0_140510_131230_2ou06v/condor.log -xml"
2014-05-10 14:16:49,580 [DEBUG] 	Execute command :
gsissh -o ControlMaster=auto -o ControlPath=/tmp/maguirc/.ssh/ssh-link--1336072526-submit-4.t2.ucsd.edu -o BatchMode=yes -o StrictHostKeyChecking=no -o ForwardX11=no submit-4.t2.ucsd.edu "cd maguire_crab_0_140510_131230_2ou06v; egrep -H WrapperExitCode\|ExeExitCode crab_fjr_*xml|tr '_.\t\"' ' '|awk '{print \$3\" \"\$7\" \"\$9}'"
2014-05-10 14:16:51,331 [DEBUG] 	Status,output= 0
10 0 WrapperExitCode
10 0 ExeExitCode
11 0 WrapperExitCode
11 0 ExeExitCode
12 0 WrapperExitCode
12 0 ExeExitCode
13 0 WrapperExitCode
13 0 ExeExitCode
14 0 WrapperExitCode
14 0 ExeExitCode
15 0 WrapperExitCode
15 0 ExeExitCode
16 0 WrapperExitCode
16 0 ExeExitCode
17 0 WrapperExitCode
17 0 ExeExitCode
18 0 WrapperExitCode
18 0 ExeExitCode
19 0 WrapperExitCode
19 0 ExeExitCode
1 0 WrapperExitCode
1 0 ExeExitCode
20 0 WrapperExitCode
20 0 ExeExitCode
21 0 WrapperExitCode
21 0 ExeExitCode
22 0 WrapperExitCode
22 0 ExeExitCode
23 0 WrapperExitCode
23 0 ExeExitCode
24 0 WrapperExitCode
24 0 ExeExitCode
25 0 WrapperExitCode
25 0 ExeExitCode
26 0 WrapperExitCode
26 0 ExeExitCode
27 0 WrapperExitCode
27 0 ExeExitCode
28 0 WrapperExitCode
28 0 ExeExitCode
29 0 WrapperExitCode
29 0 ExeExitCode
2 0 WrapperExitCode
2 0 ExeExitCode
30 0 WrapperExitCode
30 0 ExeExitCode
3 0 WrapperExitCode
3 0 ExeExitCode
4 0 WrapperExitCode
4 0 ExeExitCode
5 0 WrapperExitCode
5 0 ExeExitCode
6 0 WrapperExitCode
6 0 ExeExitCode
7 0 WrapperExitCode
7 0 ExeExitCode
8 0 WrapperExitCode
8 0 ExeExitCode
9 0 WrapperExitCode
9 0 ExeExitCode
2014-05-10 14:16:51,505 [INFO] 	
ID    END STATUS            ACTION       ExeExitCode JobExitCode E_HOST
----- --- ----------------- ------------  ---------- ----------- ---------
1     N   Done              Terminated    0          0           ce02.cmsaf.mit.edu
2     N   Done              Terminated    0          0           ce01.cmsaf.mit.edu
3     N   Done              Terminated    0          0           ce02.cmsaf.mit.edu
4     N   Done              Terminated    0          0           ce02.cmsaf.mit.edu
5     N   Done              Terminated    0          0           ce02.cmsaf.mit.edu
6     N   Done              Terminated    0          0           ce02.cmsaf.mit.edu
7     N   Done              Terminated    0          0           ce02.cmsaf.mit.edu
8     N   Done              Terminated    0          0           ce01.cmsaf.mit.edu
9     N   Done              Terminated    0          0           ce01.cmsaf.mit.edu
10    N   Done              Terminated    0          0           ce02.cmsaf.mit.edu
--------------------------------------------------------------------------------
11    N   Done              Terminated    0          0           ce02.cmsaf.mit.edu
12    N   Done              Terminated    0          0           ce02.cmsaf.mit.edu
13    N   Done              Terminated    0          0           ce02.cmsaf.mit.edu
14    N   Done              Terminated    0          0           ce01.cmsaf.mit.edu
15    N   Done              Terminated    0          0           ce02.cmsaf.mit.edu
16    N   Done              Terminated    0          0           ce02.cmsaf.mit.edu
17    N   Done              Terminated    0          0           ce02.cmsaf.mit.edu
18    N   Done              Terminated    0          0           ce01.cmsaf.mit.edu
19    N   Done              Terminated    0          0           ce02.cmsaf.mit.edu
20    N   Done              Terminated    0          0           ce02.cmsaf.mit.edu
--------------------------------------------------------------------------------
21    N   Done              Terminated    0          0           ce01.cmsaf.mit.edu
22    N   Done              Terminated    0          0           ce01.cmsaf.mit.edu
23    N   Done              Terminated    0          0           ce02.cmsaf.mit.edu
24    N   Done              Terminated    0          0           ce02.cmsaf.mit.edu
25    N   Done              Terminated    0          0           ce02.cmsaf.mit.edu
26    N   Done              Terminated    0          0           ce02.cmsaf.mit.edu
27    N   Done              Terminated    0          0           ce02.cmsaf.mit.edu
28    N   Done              Terminated    0          0           ce01.cmsaf.mit.edu
29    N   Done              Terminated    0          0           ce02.cmsaf.mit.edu
30    N   Done              Terminated    0          0           ce01.cmsaf.mit.edu

2014-05-10 14:16:51,547 [INFO] 	ExitCodes Summary
 >>>>>>>>> 30 Jobs with Wrapper Exit Code : 0 
	 List of jobs: 1-30 
	See https://twiki.cern.ch/twiki/bin/view/CMS/JobExitCodes for Exit Code meaning

2014-05-10 14:16:51,548 [INFO] 	 30 Total Jobs 

2014-05-10 14:16:51,562 [INFO] 	You can also follow the status of this task on :
	CMS Dashboard: http://dashb-cms-job-task.cern.ch/taskmon.html#task=maguire_crab_0_140510_131230_2ou06v
	Your task name is: maguire_crab_0_140510_131230_2ou06v 

2014-05-10 14:16:51,562 [DEBUG] 	Status Time: 2.93411803246
2014-05-10 14:17:01,978 [DEBUG] 	/cvmfs/cms.cern.ch/crab/CRAB_2_10_5_patch1/python/crab.py -get

2014-05-10 14:17:01,978 [INFO] 	Version 2.10.5_patch1 running on Sat May 10 14:17:01 2014 CST (19:17:01 UTC)

crab. Working options:
	scheduler           remoteGlidein
	job type            CMSSW
	server              OFF
	working directory   /gpfs22/home/maguirc/CMSSW_5_3_8_HI_patch2/src/Pi0Analysis/EcalFlowNtp/eposRun2013/epos2Peak/crab_0_140510_131230/

2014-05-10 14:17:01,978 [DEBUG] 	Downloading file [http://cmsdoc.cern.ch/cms/LCG/crab/config/] to [/home/maguirc/.cms_crab/allowed_releases.conf].
2014-05-10 14:17:01,979 [DEBUG] 	Service initialised ({'endpoint': 'http://cmsdoc.cern.ch/cms/LCG/crab/config/', 'maxcachereuse': 24.0, 'cachepath': '/home/maguirc/.cms_crab', 'basepath': '/cms/LCG/crab/config/', 'method': None, 'timeout': 20, 'requests': {'endpoint': 'http://cmsdoc.cern.ch/cms/LCG/crab/config/', 'timeout': 20, 'cachepath': '/home/maguirc/.cms_crab', 'cacheduration': 0.5, 'host': 'cmsdoc.cern.ch', 'accept_type': 'text/html', 'content_type': 'application/x-www-form-urlencoded', 'logger': <logging.Logger instance at 0xd49dd0>, 'type': 'txt/csv', 'conn': <httplib.HTTPConnection instance at 0xd4e050>}, 'logger': <logging.Logger instance at 0xd49dd0>, 'cacheduration': 0.5, 'type': 'txt/csv', 'inputdata': {}}):
	 host: cmsdoc.cern.ch, basepath: /cms/LCG/crab/config/ (text/html)
	 cache: /home/maguirc/.cms_crab (duration 0.5 hours, max reuse 24.0 hours)
2014-05-10 14:17:02,101 [INFO] 	error detecting glite version 
2014-05-10 14:17:02,105 [INFO] 	error detecting glite version 
2014-05-10 14:17:02,106 [DEBUG] 	Service initialised ({'endpoint': 'https://cmsweb.cern.ch/sitedb/data/prod/', 'content_type': 'application/json', 'maxcachereuse': 24.0, 'cachepath': '/home/maguirc/.cms_sitedbcache', 'basepath': '/sitedb/data/prod/', 'method': None, 'accept_type': 'application/json', 'timeout': 30, 'requests': {'endpoint': 'https://cmsweb.cern.ch/sitedb/data/prod/', 'cachepath': '/home/maguirc/.cms_sitedbcache', 'host': 'cmsweb.cern.ch', 'accept_type': 'application/json', 'content_type': 'application/json', 'logger': <logging.Logger instance at 0xd49dd0>, 'conn': <httplib.HTTPSConnection instance at 0xd5fe18>}, 'logger': <logging.Logger instance at 0xd49dd0>, 'cacheduration': 0.5, 'inputdata': {}}):
	 host: cmsweb.cern.ch, basepath: /sitedb/data/prod/ (application/json)
	 cache: /home/maguirc/.cms_sitedbcache (duration 0.5 hours, max reuse 24.0 hours)
2014-05-10 14:17:02,106 [DEBUG] 	Service initialised ({'endpoint': 'https://cmsweb.cern.ch/sitedb/data/prod/', 'content_type': 'application/json', 'maxcachereuse': 24.0, 'cachepath': '/home/maguirc/.cms_sitedbcache', 'basepath': '/sitedb/data/prod/', 'method': None, 'accept_type': 'application/json', 'timeout': 30, 'requests': {'endpoint': 'https://cmsweb.cern.ch/sitedb/data/prod/', 'cachepath': '/home/maguirc/.cms_sitedbcache', 'host': 'cmsweb.cern.ch', 'accept_type': 'application/json', 'content_type': 'application/json', 'logger': <logging.Logger instance at 0xd49dd0>, 'conn': <httplib.HTTPSConnection instance at 0xd5fea8>}, 'logger': <logging.Logger instance at 0xd49dd0>, 'cacheduration': 0.5, 'inputdata': {}}):
	 host: cmsweb.cern.ch, basepath: /sitedb/data/prod/ (application/json)
	 cache: /home/maguirc/.cms_sitedbcache (duration 0.5 hours, max reuse 24.0 hours)
2014-05-10 14:17:02,107 [DEBUG] 	Input whitelist: 
2014-05-10 14:17:02,107 [DEBUG] 	Input blacklist: 
2014-05-10 14:17:02,107 [DEBUG] 	Converted whitelist: 
2014-05-10 14:17:02,107 [DEBUG] 	Converted blacklist: 
2014-05-10 14:17:02,107 [DEBUG] 	Downloading file [http://cmsdoc.cern.ch/cms/LCG/crab/config/] to [/home/maguirc/.cms_crab/myproxy_server.conf].
2014-05-10 14:17:02,108 [DEBUG] 	Service initialised ({'endpoint': 'http://cmsdoc.cern.ch/cms/LCG/crab/config/', 'maxcachereuse': 24.0, 'cachepath': '/home/maguirc/.cms_crab', 'basepath': '/cms/LCG/crab/config/', 'method': None, 'timeout': 20, 'requests': {'endpoint': 'http://cmsdoc.cern.ch/cms/LCG/crab/config/', 'timeout': 20, 'cachepath': '/home/maguirc/.cms_crab', 'cacheduration': 0.5, 'host': 'cmsdoc.cern.ch', 'accept_type': 'text/html', 'content_type': 'application/x-www-form-urlencoded', 'logger': <logging.Logger instance at 0xd49dd0>, 'type': 'txt/csv', 'conn': <httplib.HTTPConnection instance at 0xd5ff80>}, 'logger': <logging.Logger instance at 0xd49dd0>, 'cacheduration': 0.5, 'type': 'txt/csv', 'inputdata': {}}):
	 host: cmsdoc.cern.ch, basepath: /cms/LCG/crab/config/ (text/html)
	 cache: /home/maguirc/.cms_crab (duration 0.5 hours, max reuse 24.0 hours)
2014-05-10 14:17:02,108 [DEBUG] 	Downloading file [http://cmsdoc.cern.ch/cms/LCG/crab/config/] to [/home/maguirc/.cms_crab/site_black_list.conf].
2014-05-10 14:17:02,108 [DEBUG] 	Service initialised ({'endpoint': 'http://cmsdoc.cern.ch/cms/LCG/crab/config/', 'maxcachereuse': 24.0, 'cachepath': '/home/maguirc/.cms_crab', 'basepath': '/cms/LCG/crab/config/', 'method': None, 'timeout': 20, 'requests': {'endpoint': 'http://cmsdoc.cern.ch/cms/LCG/crab/config/', 'timeout': 20, 'cachepath': '/home/maguirc/.cms_crab', 'cacheduration': 0.5, 'host': 'cmsdoc.cern.ch', 'accept_type': 'text/html', 'content_type': 'application/x-www-form-urlencoded', 'logger': <logging.Logger instance at 0xd49dd0>, 'type': 'txt/csv', 'conn': <httplib.HTTPConnection instance at 0xd5ff80>}, 'logger': <logging.Logger instance at 0xd49dd0>, 'cacheduration': 0.5, 'type': 'txt/csv', 'inputdata': {}}):
	 host: cmsdoc.cern.ch, basepath: /cms/LCG/crab/config/ (text/html)
	 cache: /home/maguirc/.cms_crab (duration 0.5 hours, max reuse 24.0 hours)
2014-05-10 14:17:02,109 [DEBUG] 	Enforced black list: TAPE,srm-cms.cern.ch,cmssrm.fnal.gov,T1_FR,T1_RU,T1_TW,cmseos.fnal.gov,cmsdca2.fnal.gov,T2_PK_NCP,T3_US_Vanderbilt_EC2
 
2014-05-10 14:17:04,570 [DEBUG] 	GetOutput::run() called
2014-05-10 14:17:04,592 [DEBUG] 	fs:'/gpfs22/home/maguirc/CMSSW_5_3_8_HI_patch2/src/Pi0Analysis/EcalFlowNtp/eposRun2013/epos2Peak/crab_0_140510_131230/res/' while checking AFS quota. Treat as check OK
2014-05-10 14:17:04,598 [DEBUG] 	fs:'/gpfs22/home/maguirc/CMSSW_5_3_8_HI_patch2/src/Pi0Analysis/EcalFlowNtp/eposRun2013/epos2Peak/crab_0_140510_131230/res/' while checking partition. Treat as check OK
2014-05-10 14:17:04,630 [INFO] 	contacting remote host submit-4.t2.ucsd.edu
2014-05-10 14:17:04,665 [INFO] 	Preparing to rsync 2 files
2014-05-10 14:17:19,940 [INFO] 	Results of Jobs # 1 are in /gpfs22/home/maguirc/CMSSW_5_3_8_HI_patch2/src/Pi0Analysis/EcalFlowNtp/eposRun2013/epos2Peak/crab_0_140510_131230/res/
2014-05-10 14:17:23,415 [DEBUG] 	fs:'/gpfs22/home/maguirc/CMSSW_5_3_8_HI_patch2/src/Pi0Analysis/EcalFlowNtp/eposRun2013/epos2Peak/crab_0_140510_131230/res/' while checking AFS quota. Treat as check OK
2014-05-10 14:17:23,423 [DEBUG] 	fs:'/gpfs22/home/maguirc/CMSSW_5_3_8_HI_patch2/src/Pi0Analysis/EcalFlowNtp/eposRun2013/epos2Peak/crab_0_140510_131230/res/' while checking partition. Treat as check OK
2014-05-10 14:17:23,453 [INFO] 	contacting remote host submit-4.t2.ucsd.edu
2014-05-10 14:17:23,495 [INFO] 	Preparing to rsync 58 files
2014-05-10 14:30:38,992 [INFO] 	Results of Jobs # 2 are in /gpfs22/home/maguirc/CMSSW_5_3_8_HI_patch2/src/Pi0Analysis/EcalFlowNtp/eposRun2013/epos2Peak/crab_0_140510_131230/res/
2014-05-10 14:30:42,897 [INFO] 	Results of Jobs # 3 are in /gpfs22/home/maguirc/CMSSW_5_3_8_HI_patch2/src/Pi0Analysis/EcalFlowNtp/eposRun2013/epos2Peak/crab_0_140510_131230/res/
2014-05-10 14:30:46,675 [INFO] 	Results of Jobs # 4 are in /gpfs22/home/maguirc/CMSSW_5_3_8_HI_patch2/src/Pi0Analysis/EcalFlowNtp/eposRun2013/epos2Peak/crab_0_140510_131230/res/
2014-05-10 14:30:50,466 [INFO] 	Results of Jobs # 5 are in /gpfs22/home/maguirc/CMSSW_5_3_8_HI_patch2/src/Pi0Analysis/EcalFlowNtp/eposRun2013/epos2Peak/crab_0_140510_131230/res/
2014-05-10 14:30:54,338 [INFO] 	Results of Jobs # 6 are in /gpfs22/home/maguirc/CMSSW_5_3_8_HI_patch2/src/Pi0Analysis/EcalFlowNtp/eposRun2013/epos2Peak/crab_0_140510_131230/res/
2014-05-10 14:30:58,056 [INFO] 	Results of Jobs # 7 are in /gpfs22/home/maguirc/CMSSW_5_3_8_HI_patch2/src/Pi0Analysis/EcalFlowNtp/eposRun2013/epos2Peak/crab_0_140510_131230/res/
2014-05-10 14:31:02,140 [INFO] 	Results of Jobs # 8 are in /gpfs22/home/maguirc/CMSSW_5_3_8_HI_patch2/src/Pi0Analysis/EcalFlowNtp/eposRun2013/epos2Peak/crab_0_140510_131230/res/
2014-05-10 14:31:05,920 [INFO] 	Results of Jobs # 9 are in /gpfs22/home/maguirc/CMSSW_5_3_8_HI_patch2/src/Pi0Analysis/EcalFlowNtp/eposRun2013/epos2Peak/crab_0_140510_131230/res/
2014-05-10 14:31:09,853 [INFO] 	Results of Jobs # 10 are in /gpfs22/home/maguirc/CMSSW_5_3_8_HI_patch2/src/Pi0Analysis/EcalFlowNtp/eposRun2013/epos2Peak/crab_0_140510_131230/res/
2014-05-10 14:31:13,611 [INFO] 	Results of Jobs # 11 are in /gpfs22/home/maguirc/CMSSW_5_3_8_HI_patch2/src/Pi0Analysis/EcalFlowNtp/eposRun2013/epos2Peak/crab_0_140510_131230/res/
2014-05-10 14:31:17,587 [INFO] 	Results of Jobs # 12 are in /gpfs22/home/maguirc/CMSSW_5_3_8_HI_patch2/src/Pi0Analysis/EcalFlowNtp/eposRun2013/epos2Peak/crab_0_140510_131230/res/
2014-05-10 14:31:21,522 [INFO] 	Results of Jobs # 13 are in /gpfs22/home/maguirc/CMSSW_5_3_8_HI_patch2/src/Pi0Analysis/EcalFlowNtp/eposRun2013/epos2Peak/crab_0_140510_131230/res/
2014-05-10 14:31:25,712 [INFO] 	Results of Jobs # 14 are in /gpfs22/home/maguirc/CMSSW_5_3_8_HI_patch2/src/Pi0Analysis/EcalFlowNtp/eposRun2013/epos2Peak/crab_0_140510_131230/res/
2014-05-10 14:31:29,706 [INFO] 	Results of Jobs # 15 are in /gpfs22/home/maguirc/CMSSW_5_3_8_HI_patch2/src/Pi0Analysis/EcalFlowNtp/eposRun2013/epos2Peak/crab_0_140510_131230/res/
2014-05-10 14:31:33,781 [INFO] 	Results of Jobs # 16 are in /gpfs22/home/maguirc/CMSSW_5_3_8_HI_patch2/src/Pi0Analysis/EcalFlowNtp/eposRun2013/epos2Peak/crab_0_140510_131230/res/
2014-05-10 14:31:37,593 [INFO] 	Results of Jobs # 17 are in /gpfs22/home/maguirc/CMSSW_5_3_8_HI_patch2/src/Pi0Analysis/EcalFlowNtp/eposRun2013/epos2Peak/crab_0_140510_131230/res/
2014-05-10 14:31:41,464 [INFO] 	Results of Jobs # 18 are in /gpfs22/home/maguirc/CMSSW_5_3_8_HI_patch2/src/Pi0Analysis/EcalFlowNtp/eposRun2013/epos2Peak/crab_0_140510_131230/res/
2014-05-10 14:31:45,511 [INFO] 	Results of Jobs # 19 are in /gpfs22/home/maguirc/CMSSW_5_3_8_HI_patch2/src/Pi0Analysis/EcalFlowNtp/eposRun2013/epos2Peak/crab_0_140510_131230/res/
2014-05-10 14:31:49,371 [INFO] 	Results of Jobs # 20 are in /gpfs22/home/maguirc/CMSSW_5_3_8_HI_patch2/src/Pi0Analysis/EcalFlowNtp/eposRun2013/epos2Peak/crab_0_140510_131230/res/
2014-05-10 14:31:53,180 [INFO] 	Results of Jobs # 21 are in /gpfs22/home/maguirc/CMSSW_5_3_8_HI_patch2/src/Pi0Analysis/EcalFlowNtp/eposRun2013/epos2Peak/crab_0_140510_131230/res/
2014-05-10 14:31:57,097 [INFO] 	Results of Jobs # 22 are in /gpfs22/home/maguirc/CMSSW_5_3_8_HI_patch2/src/Pi0Analysis/EcalFlowNtp/eposRun2013/epos2Peak/crab_0_140510_131230/res/
2014-05-10 14:32:00,977 [INFO] 	Results of Jobs # 23 are in /gpfs22/home/maguirc/CMSSW_5_3_8_HI_patch2/src/Pi0Analysis/EcalFlowNtp/eposRun2013/epos2Peak/crab_0_140510_131230/res/
2014-05-10 14:32:04,936 [INFO] 	Results of Jobs # 24 are in /gpfs22/home/maguirc/CMSSW_5_3_8_HI_patch2/src/Pi0Analysis/EcalFlowNtp/eposRun2013/epos2Peak/crab_0_140510_131230/res/
2014-05-10 14:32:08,861 [INFO] 	Results of Jobs # 25 are in /gpfs22/home/maguirc/CMSSW_5_3_8_HI_patch2/src/Pi0Analysis/EcalFlowNtp/eposRun2013/epos2Peak/crab_0_140510_131230/res/
2014-05-10 14:32:12,593 [INFO] 	Results of Jobs # 26 are in /gpfs22/home/maguirc/CMSSW_5_3_8_HI_patch2/src/Pi0Analysis/EcalFlowNtp/eposRun2013/epos2Peak/crab_0_140510_131230/res/
2014-05-10 14:32:16,393 [INFO] 	Results of Jobs # 27 are in /gpfs22/home/maguirc/CMSSW_5_3_8_HI_patch2/src/Pi0Analysis/EcalFlowNtp/eposRun2013/epos2Peak/crab_0_140510_131230/res/
2014-05-10 14:32:20,350 [INFO] 	Results of Jobs # 28 are in /gpfs22/home/maguirc/CMSSW_5_3_8_HI_patch2/src/Pi0Analysis/EcalFlowNtp/eposRun2013/epos2Peak/crab_0_140510_131230/res/
2014-05-10 14:32:24,112 [INFO] 	Results of Jobs # 29 are in /gpfs22/home/maguirc/CMSSW_5_3_8_HI_patch2/src/Pi0Analysis/EcalFlowNtp/eposRun2013/epos2Peak/crab_0_140510_131230/res/
2014-05-10 14:32:27,838 [INFO] 	Results of Jobs # 30 are in /gpfs22/home/maguirc/CMSSW_5_3_8_HI_patch2/src/Pi0Analysis/EcalFlowNtp/eposRun2013/epos2Peak/crab_0_140510_131230/res/
2014-05-10 14:32:31,057 [DEBUG] 	GetOutput Time: 926.487251997
