Warning: no access to tty (Bad file descriptor).
Thus no job control in this shell.
/home/maguirc
total 2.3G
drwxr-x--x  136 maguirc cms    32K May  7 15:54 .
drwxr-xr-x 5265 root    root  256K May  5 07:19 ..
-rw-------    1 maguirc   104 2.0M Jan  3 16:23 A9ROAIzkqn
-rw-------    1 maguirc   104  18M Jan  3 16:18 A9ROq4aILO
-rw-r--r--    1 maguirc cms   7.6K Jun 16  2012 abortCMS16June2012.txt
drwxr-xr-x    2 maguirc   104  512 Dec 10 15:30 .abrt
drwxr-xr-x    2 maguirc   104  512 Apr 13 14:48 accreShutDown
drwx------    4 maguirc   104 2.0K May 30  2013 .adobe
-rw-r--r--    1 maguirc   104 540K Feb  3 09:23 allExams226.tar
-rw-r--r--    1 maguirc   104 360K Feb  3 09:27 allExamSolutions226.tar
drwxr-xr-x    6 maguirc cms   2.0K Aug 20  2010 Analysis
-rw-r--r--    1 maguirc   104   24 Nov 19 12:18 .aspell.en.prepl
-rw-r--r--    1 maguirc   104  611 Nov 19 12:18 .aspell.en.pws
-rw-r--r--    1 maguirc cms    14K Jul 13  2012 autocmsCompletionMonitoring.pl
-rw-r--r--    1 maguirc cms    20K Feb 23  2013 autocmsRunningMonitoring.pl
-rw-r--r--    1 maguirc   104 9.8K Sep 17  2012 back.cshrc
-rw-r--r--    1 maguirc cms   5.2K Dec 17  2010 badSkimFiles.txt
-rw-------    1 maguirc cms   1.3K Apr 29 19:58 .bash_history
-rwxr-x---    1 maguirc cms     24 Oct 27  2000 .bash_logout
-rwxr-x---    1 maguirc cms    269 Apr 29 19:56 .bash_profile
-rwxr-x---    1 maguirc cms    124 Oct 27  2000 .bashrc
-r-xr-xr-x    1 maguirc cms   673K Jul 14  2005 bbftpSun
-rwxr-xr-x    1 maguirc cms   121K Apr 16  2004 bbftpTEST
-rw-r--r--    1 maguirc   104  206 Jan 29  2013 bookMarks.txt
-rw-------    1 maguirc   104 242K Jan  3 16:49 btoy_Science_January2013.pdf
-rw-r--r--    1 maguirc cms    772 Jul 13  2010 bubbleSort.cc
-rw-r--r--    1 maguirc   104 2.3M Aug 23  2013 c227FA03.tar.gz
-rw-r--r--    1 maguirc   104 789K Aug 23  2013 c227FA04.tar.gz
drwx------    3 maguirc   104  512 Feb 20 15:02 .cache
-rw-r--r--    1 maguirc cms    98K Jul 23  2011 cent20_30.txt
-rw-------    1 maguirc   104  35K Jan  9 12:24 Central
-rwxr-xr-x    1 maguirc cms   5.8K Mar  1  2013 cert2id.pl
-rw-r--r--    1 maguirc cms    43K Mar  1  2013 certMap01Mar2013.txt
-rw-r--r--    1 maguirc cms    29K Jan  9  2013 certMap08Jan2013.txt
-rw-r--r--    1 maguirc cms    18K Jan 23  2013 certMap23Jan2013.txt
-rw-r--r--    1 maguirc cms   4.8K Dec 27  2012 certMap27Dec2012.txt
-rw-r--r--    1 maguirc   104 7.7M Jan 21 15:01 Chapter_11.tar.gz
-rw-r--r--    1 maguirc cms   3.2K May  9  2012 check.out
-rw-r--r--    1 maguirc cms    102 Jun 28  2012 checkV2.txt
-rw-r--r--    1 maguirc cms   9.6K Aug 21  2012 chsrc.maguirc1
-rw-r--r--    1 maguirc cms    804 May  7  2012 closed04May2011Run152957Job39.txt
-rw-r--r--    1 maguirc cms   1.4K May  7  2012 closed19Sep2011Run152957Job39.txt
-rw-r--r--    1 maguirc cms   894K Apr  2 16:05 closeFile.txt
-rw-r--r--    1 maguirc cms   4.2K May  4 16:42 closurePlot.C
drwxr-xr-x    2 maguirc cms   2.0K May  3 15:26 .cms_crab
drwxr-xr-x    3 maguirc cms   2.0K Jul 13  2010 cmsCVS
-rw-r--r--    1 maguirc cms    12K Aug  3  2012 cmsDASClient.py
-rw-r--r--    1 maguirc cms   202K Aug  1  2011 cmsRun.txt
drwxr-xr-x    2 maguirc cms   4.0K Jan 14 17:36 .cms_sitedbcache
-rwx---r--    1 maguirc cms   134K Feb  3 11:44 CMSSW_155.stdout
-rwx---r--    1 maguirc cms   135K Feb  3 11:45 CMSSW_229.stdout
drwxr-xr-x    3 maguirc cms   2.0K Dec  9  2012 CMSSW_3_3_5
drwxr-xr-x    3 maguirc cms   2.0K Dec  9  2012 CMSSW_3_4_2
drwxr-xr-x    3 maguirc cms   2.0K Dec  9  2012 CMSSW_3_4_2Old
drwxr-xr-x   16 maguirc cms   2.0K Aug  7  2010 CMSSW_3_7_0
drwxr-xr-x   16 maguirc cms   2.0K Jul  7  2011 CMSSW_3_7_1
drwxr-xr-x   17 maguirc cms   2.0K Nov  9  2010 CMSSW_3_9_1
drwxr-xr-x   16 maguirc cms   2.0K Jul  1  2011 CMSSW_3_9_3
drwxr-xr-x   17 maguirc cms   2.0K Apr 16  2011 CMSSW_3_9_5
drwxr-xr-x   17 maguirc cms   2.0K Jul 17  2012 CMSSW_3_9_9_patch1
drwxr-xr-x   16 maguirc cms   2.0K Nov  8  2012 CMSSW_4_1_5
drwxr-xr-x   16 maguirc cms   2.0K Jan 14  2013 CMSSW_4_1_8_patch10
drwxr-xr-x   16 maguirc cms   2.0K Mar  6 23:01 CMSSW_4_4_2_patch5
drwxr-xr-x   16 maguirc cms   2.0K Nov 20  2012 CMSSW_4_4_5_patch1
drwxr-xr-x   15 maguirc cms   2.0K Jun 28  2013 CMSSW_5_3_10_patch1
drwxr-xr-x   16 maguirc cms   2.0K Jul  5  2013 CMSSW_5_3_11
drwxr-xr-x   16 maguirc cms   2.0K Sep 15  2012 CMSSW_5_3_3_patch3
drwxr-xr-x   16 maguirc cms   2.0K Apr 16 16:43 CMSSW_5_3_8_HI_patch2
drwxr-xr-x   16 maguirc cms   2.0K Jun  3  2013 CMSSW_5_3_8_patch2
drwxr-xr-x   15 maguirc cms   2.0K Jan 14 17:05 CMSSW_5_3_8_patch3
drwxr-xr-x    3 maguirc cms   2.0K Jun 16  2012 cmsTutorial
-rw-r--r--    1 maguirc   104 788K Jan  3 16:27 C:\nppdf32Log\debuglog.txt
-rw-r--r--    1 maguirc cms   5.3K Jul 19  2011 collateCentralityRuns.pl
-rw-r--r--    1 maguirc cms    17K May 24  2013 completeV0.txt
-rw-r--r--    1 maguirc cms    21K May 25  2013 completeV1.txt
-rw-r--r--    1 maguirc cms    22K Jan  4  2013 comp.txt
-rw-r--r--    1 maguirc cms   6.7K Mar 27 08:37 com.txt
drwxr-xr-x    8 maguirc cms   2.0K Dec 10 15:33 .config
-rw-r--r--    1 maguirc   104  22K Jul  2  2013 conversionPhotonDistributions_02July2013.pdf
-rw-r--r--    1 maguirc cms   1.7M Jul  8  2012 conversionsCheck.tar.gz
-r--r--r--    1 maguirc cms   1.6M Jul 18  2012 convSimul_18July2012.tar.gz
-rw-r--r--    1 maguirc cms   2.8M Jul 19  2012 convSimul19July2012.tar.gz
drwxr-xr-x    2 maguirc cms   8.0K Aug  7  2012 convSimul20July2012
-rw-r--r--    1 maguirc cms   1.5M Jul 12  2012 convSimul.tar.gz
-rwxr-xr-x    1 maguirc   104  20M Jan  7 13:03 cov_HIGroup_13September2013.pptx
-rw-r--r--    1 maguirc   104 5.7M Jan  7 12:54 COV_ResearchOverview_2013Sep13.pptx
drwxr-xr-x    2 maguirc cms   2.0K Feb  4  2010 cplus
-rw-r--r--    1 maguirc cms   9.0K Mar 27  2013 crabEfficiency.C
-rwxr-xr-x    1 maguirc cms    37K Mar 22  2013 crabEfficiency_C.so
-rw-r--r--    1 maguirc cms     61 Apr 26  2011 crab.history
-rw-r--r--    1 maguirc   104 1.2K Dec 18  2012 crabJobsReport.pl
-rw-r--r--    1 maguirc cms   8.0K Feb  3  2013 crabRunScriptMake.pl
-rw-r--r--    1 maguirc cms    16K May  4  2011 crabStatusCheck.pl
-rw-r--r--    1 maguirc cms    47K Mar 29  2013 crabStatusCheckTest.pl
-rw-r--r--    1 maguirc cms     43 May  7 15:45 .cshrc
-rw-r--r--    1 maguirc cms    18K May 24  2013 .cshrc~
-rw-r--r--    1 maguirc   104  19K Sep  3  2013 #.cshrc#
-rw-r--r--    1 maguirc cms   9.9K Sep 18  2012 cshrc.ACCRE
-rw-r--r--    1 maguirc cms    17K Dec 13  2012 .cshrcOld
-r--r--r--    1 maguirc cms    19K May  7 12:20 .cshrcSave07March2014
-rw-------    1 maguirc cms   8.6K Sep 18  2012 cshrc.VPAC
drwxr-xr-x    2 maguirc cms   2.0K Dec 14  2012 cssh
-rw-------    1 maguirc cms    154 Nov 21  2012 .cvspass
-rw-r--r--    1 maguirc cms    46K Aug 29  2010 DalitzPizeroAnalyzer.cc
-rwxr-xr-x    1 maguirc cms    16K Dec 14 11:50 das_client.py
-rw-r--r--    1 maguirc cms   7.5K Sep 26  2011 dataFit20-40_pT2.0-2.5_26Sep2011.pdf.gz
-rw-r--r--    1 maguirc cms   7.7K Sep 26  2011 dataFit20-40_pT2.5-3.0_26Sep2011.pdf.gz
-rw-r--r--    1 maguirc cms   7.4K Sep 26  2011 dataFit40-100_pT1.6-2.0_26Sep2011.pdf.gz
-rw-r--r--    1 maguirc cms   7.6K Sep 26  2011 dataFit40-100_pT2.0-2.5_26Sep2011.pdf.gz
drwx------    3 maguirc cms   2.0K Oct 26  2009 .dbus
srw-------    1 maguirc cms      0 Dec  3  2011 dd
-rw-r--r--    1 maguirc cms    246 Apr  6  2010 delem.pl
-rw-r--r--    1 maguirc cms   8.5K Apr 21  2011 delete.txt
drwxr-xr-x    2 maguirc cms   2.0K Nov 23  2012 Department
drwxr-xr-x    2 maguirc   104 2.0K Jan 27 14:36 Desktop
-rw-r--r--    1 maguirc   104 175K Feb 10 09:29 deuteronPotentialChapter12.pdf
-rw-r--r--    1 maguirc   104  34K Feb 12 09:57 deuteronRadialWaveFunction6.0.nb
-rw-r--r--    1 maguirc cms   141K Mar 22 12:53 diff.txt
-rwxr-xr-x    1 maguirc cms   2.0K Jan 12  2012 direct.csh
-rw-r--r--    1 maguirc   104   27 Apr 14 15:36 .dmrc
drwxr-xr-x    2 maguirc   104  512 Dec 10 15:30 Documents
drwx------    3 maguirc   104  512 Jan  7 15:03 docview28075
drwxr-xr-x    2 maguirc cms   2.0K Feb  4  2010 doeGrant
drwxr-xr-x    2 maguirc   104  512 Dec 10 15:30 Downloads
-rw-r--r--    1 maguirc cms    13K Apr  1 08:03 dusk01Apr2014.txt
-rw-r--r--    1 maguirc cms   7.7K Jun 22  2013 dusk_22June2013.txt
-rw-r--r--    1 maguirc cms   150K May  1 14:47 EcalFlowNtp.cc
-rw-r--r--    1 maguirc cms   162K May  2 09:28 EcalFlowNtp.cc.01May
-rw-r--r--    1 maguirc cms   137K Sep  1  2013 EcalFlowNtp.cc.01September2013
-rw-r--r--    1 maguirc cms   100K Jul  4  2013 EcalFlowNtp.cc.04July2013
-rw-r--r--    1 maguirc cms   105K Jul  5  2013 EcalFlowNtp.cc.05July2013
-rw-r--r--    1 maguirc cms   112K Jul  6  2013 EcalFlowNtp.cc.05July2013V2
-rw-r--r--    1 maguirc cms   115K Jul  6  2013 EcalFlowNtp.cc.06July
-rw-r--r--    1 maguirc cms   116K Jul 15  2013 EcalFlowNtp.cc.14July2013
-rw-r--r--    1 maguirc cms   120K Aug 21  2013 EcalFlowNtp.cc.19August2013
-rw-r--r--    1 maguirc cms   116K Jul 22  2013 EcalFlowNtp.cc.21July2013
-rw-r--r--    1 maguirc cms   124K Aug 27  2013 EcalFlowNtp.cc.27August2013
-rw-r--r--    1 maguirc cms   127K Aug 28  2013 EcalFlowNtp.cc.28August2013
-rw-r--r--    1 maguirc cms   129K Aug 29  2013 EcalFlowNtp.cc.29August2013
-rw-r--r--    1 maguirc cms   131K Aug 30  2013 EcalFlowNtp.cc.30August2013
-rw-r--r--    1 maguirc cms    85K Jun 30  2013 EcalFlowNtp.cc.30June2013
-rw-r--r--    1 maguirc cms   134K Aug 31  2013 EcalFlowNtp.cc.31August2013
-r--r--r--    1 maguirc cms   144K Feb 25 13:07 EcalFlowNtp.cc.Maguire
-rw-r--r--    1 maguirc cms   5.4K Jul  6  2013 ecalflowntp_cfi.py
-r--r--r--    1 maguirc cms   5.7K Feb 25 13:08 ecalflowntp_cfi.py.Maguire
-rw-r--r--    1 maguirc cms    26K Feb 21 15:03 EcalFlowNtp.h
-rw-r--r--    1 maguirc cms    26K Sep  1  2013 EcalFlowNtp.h.01September2013
-rw-r--r--    1 maguirc cms    21K Jul  4  2013 EcalFlowNtp.h.04July2013
-rw-r--r--    1 maguirc cms    22K Jul  5  2013 EcalFlowNtp.h.05July2013
-rw-r--r--    1 maguirc cms    23K Jul  6  2013 EcalFlowNtp.h.05July2013V2
-rw-r--r--    1 maguirc cms    23K Jul  6  2013 EcalFlowNtp.h.06July
-rw-r--r--    1 maguirc cms    23K Jul 15  2013 EcalFlowNtp.h.14July2013
-rw-r--r--    1 maguirc cms    23K Aug 21  2013 EcalFlowNtp.h.19August2013
-rw-r--r--    1 maguirc cms    23K Jul 22  2013 EcalFlowNtp.h.21July2013
-rw-r--r--    1 maguirc cms    24K Aug 27  2013 EcalFlowNtp.h.27August2013
-rw-r--r--    1 maguirc cms    24K Aug 28  2013 EcalFlowNtp.h.28August2013
-rw-r--r--    1 maguirc cms    25K Aug 29  2013 EcalFlowNtp.h.29August2013
-rw-r--r--    1 maguirc cms    25K Aug 30  2013 EcalFlowNtp.h.30August2013
-rw-r--r--    1 maguirc cms    20K Jun 30  2013 EcalFlowNtp.h.30June2013
-rw-r--r--    1 maguirc cms    25K Aug 31  2013 EcalFlowNtp.h.31August2013
-r--r--r--    1 maguirc cms    26K Feb 25 13:07 EcalFlowNtp.h.Maguire
-rw-r--r--    1 maguirc   104 4.5K Feb  4 16:54 ecalflowntp_ppMinBiasHighMass_cfg.py
-rw-r--r--    1 maguirc cms   4.2K Jul  6  2013 ecalflowntp_simMinBiasHighMass_cfg.py
-rw-------    1 maguirc   104 130K Jan 16 16:51 electricMagneticFieldChapter2.pdf
-rw-r--r--    1 maguirc cms    40K Aug 22  2010 ElectronAnalyzer.cc
-rw-r--r--    1 maguirc cms    40K Sep 15  2010 ElectronAnalyzerOriginal.cc
-rw-r--r--    1 maguirc cms    31K Aug 25  2010 electronIdentificationInPiZeroDecays25Aug2010.gif
-rw-r--r--    1 maguirc cms    33K Aug 25  2010 electronIdentificationInPiZeroDecays25Aug2010.pdf.gz
-rw-r--r--    1 maguirc   104 628K Jun 25  2013 electronID_pi0pi+pi-_25June2013.pdf
-rwxr-x---    1 maguirc cms   4.3K Oct 11  2006 .emacs
drwxr-xr-x    3 maguirc cms   2.0K Jul 12  2003 .emacs.d
-rw-------    1 maguirc   104 118K Jan 16 16:51 energyMassChapter2.pdf
drwxr-xr-x    2 maguirc cms   2.0K Nov 23  2011 eosMaintain
-rw-r--r--    1 maguirc cms   2.2K Nov 30  2012 ericCrab.csh
-rw-r--r--    1 maguirc cms   2.2K Nov 30  2012 ericCrab.sh
-rw-------    1 maguirc   104   16 Sep 18  2012 .esd_auth
-rw-r--r--    1 maguirc cms   8.9K Dec 31  2010 eventPlane.txt
-rw-r--r--    1 maguirc cms   7.4K Sep 26  2011 evtgenFit20-40_pT2.0-2.5_26Sep2011.pdf.gz
-rw-r--r--    1 maguirc cms   7.5K Sep 26  2011 evtgenFit20-40_pT2.5-3.0_26Sep2011.pdf.gz
-rw-r--r--    1 maguirc cms   7.5K Sep 26  2011 evtgenFit40-100_pT1.6-2.0_26Sep2011.pdf.gz
-rw-r--r--    1 maguirc cms   7.3K Sep 26  2011 evtgenFit40-100_pT2.0-2.5_26Sep2011.pdf.gz
-rw-r--r--    1 maguirc cms    43K Sep 26  2012 exam1Fall2012.pdf.gz
-rw-r--r--    1 maguirc   104 9.8K Feb  9  2013 exam1SolutionSpring2013.tex
-rw-r--r--    1 maguirc   104 4.8K Feb  9  2013 exam1Spring2013.tex
-rw-r--r--    1 maguirc   104  10K Feb 19  2013 exam2SolutionSpring2012.tex
-rw-r--r--    1 maguirc cms    54K Feb 28  2012 exam2Spring2012.pdf.gz
-rw-r--r--    1 maguirc cms   4.9K Feb 19  2013 exam2Spring2012.tex
-rw-r--r--    1 maguirc   104 5.3K Feb 28  2013 exam2Spring2013.tex
-rw-r--r--    1 maguirc   104 5.7K Feb 25 16:20 exam2Spring2014.tex
-rw-r--r--    1 maguirc   104 9.4K Feb 28  2013 exam2SpringSolution2013.tex
-rwxr-xr-x    1 maguirc   104 9.5K Mar  8  2013 exam2SpringSolution2013V2.tex
-rw-r--r--    1 maguirc   104  15K Apr  7  2013 exam3SolutionSpring2013.tex
-rw-r--r--    1 maguirc   104 5.5K Apr  1  2013 exam3Spring2012.tex
-rw-r--r--    1 maguirc   104 8.1K Apr  2  2013 exam3Spring2013.tex
-rw-r--r--    1 maguirc   104 8.2K Apr  7  2013 exam4SolutionSpring2010.tex
-rw-r--r--    1 maguirc   104  11K Apr 16  2013 exam4SolutionSpring2013.tex
-rw-r--r--    1 maguirc   104 8.8K Apr 14  2013 exam4Spring2009Solution.tex
-rw-r--r--    1 maguirc   104 4.6K Apr  7  2013 exam4Spring2010.tex
-rw-r--r--    1 maguirc   104 5.5K Apr 14  2013 exam4Spring2013.tex
-rw-r--r--    1 maguirc   104  12K Apr 16  2013 exam5SolutionSpring2012.tex
-rw-r--r--    1 maguirc   104 5.3K Apr 16  2013 exam5Spring2012.tex
-rw-r--r--    1 maguirc cms    840 Dec  2  2012 exitCode8_test06July2012.txt
-rw-r--r--    1 maguirc cms    612 Dec  2  2012 exitCode8_test15July2012.txt
-rw-r--r--    1 maguirc cms    18K Jun 18  2012 fail.txt
drwxr-xr-x    2 maguirc cms   2.0K Aug 24  2012 fdt
drwxr-xr-x    2 maguirc 32000 2.0K Feb 16  2011 .fdt
-rw-r--r--    1 maguirc cms   135K Mar 21 16:42 fileSet00000.txt
-rw-r--r--    1 maguirc cms   5.4K Mar 21 16:42 fileSet00001.txt
-rw-r--r--    1 maguirc cms   7.8K Mar 23 12:04 fileVerfication.pl
-rw-r--r--    1 maguirc cms    11K Mar 23 16:38 fileVerification.pl
-rw-r--r--    1 maguirc   104 4.8K Dec  6 15:58 finalExamFall2013.tex
lrwxrwxrwx    1 maguirc cms     36 Mar 22 12:46 first.root -> /tmp/maguirc/pPb_MCV3_7July2013.root
-rw-r--r--    1 maguirc cms   6.0K Apr 20  2011 first.txt
-rw-r--r--    1 maguirc cms   2.3M Apr 21  2011 flatparms.db
-rw-r--r--    1 maguirc cms   3.0K Jan  7  2011 FlatteningSetup.sh
-rwxr-xr-x    1 maguirc cms   157K Mar 31  2011 flowPi0AnalyzeBen.C
-rwxr-xr-x    1 maguirc cms   235K Jul 24  2012 flowPi0AnalyzeParallel.C
-rwxr-xr-x    1 maguirc cms   218K Aug  1  2011 flowPi0Analyze_RPGap.C
drwxr-xr-x    2 maguirc cms   8.0K Apr 14 15:36 .fontconfig
drwx------    5 maguirc cms   2.0K Apr 14 15:36 .gconf
drwx------    2 maguirc cms   2.0K Apr 15 17:20 .gconfd
drwx------    3 maguirc   104 2.0K Oct  2  2012 gconfd-maguirc
-rw-r--r--    1 maguirc cms    472 Apr  6  2010 getem.pl
-rw-r--r--    1 maguirc cms    20K Feb 19  2013 glideWait.txt
drwxr-xr-x    2 maguirc cms    512 Nov 20 15:47 .globus
drwxr-xr-x    2 maguirc cms   2.0K Dec 17  2009 .globus17Dec2009
-rw-r--r--    1 maguirc cms    13K Nov 20 15:46 globus_20Nov2013.tar
drwxr-xr-x    3 maguirc cms   2.0K Jan  8  2013 globus_23Nov2012
-rw-r--r--    1 maguirc cms    20K Apr 16 16:51 globusNov2013.tar
-rw-r--r--    1 maguirc cms    20K Nov 28 10:43 globus.tar
drwxr-xr-x    3 maguirc   104 2.0K Sep 17  2012 .gnome
drwx------    9 maguirc cms   2.0K Nov 26 17:24 .gnome2
drwx------    2 maguirc cms   2.0K Oct 26  2009 .gnome2_private
drwx------    2 maguirc   104  512 Apr 14 15:36 .gnupg
-rwxr-xr-x    1 maguirc cms    394 Apr  6  2010 gridCopyFromFirebird.csh
-rw-r--r--    1 maguirc cms   3.5K Oct 29  2011 gridSanity.txt
lrwxrwxrwx    1 maguirc cms     15 Feb  3  2013 gsiscp -> /usr/bin/gsiscp
drwxr-xr-x    2 maguirc   104 2.0K Apr 14 15:36 .gstreamer-0.10
-rw-r--r--    1 maguirc   104  147 Apr 14 15:36 .gtk-bookmarks
-rw-r--r--    1 maguirc   104   89 Sep 17  2012 .gtkrc-1.2-gnome2
drwx------    2 maguirc   104  512 Dec 10 15:30 .gvfs
-rw-r--r--    1 maguirc cms    26K Jun 20  2011 h1FilesNameList.txt
-rw-r--r--    1 maguirc   104 355K Oct  6  2013 hbtSolveMomenta.nb
-rw-r--r--    1 maguirc   104  26K Feb  4 17:18 header.tex
-rw-r--r--    1 maguirc cms    60K Dec 14  2011 hi2011RAW.txt
-rw-r--r--    1 maguirc cms   150K Mar 21 16:44 HIHighPtRECO_21March2014.tar
drwxr-xr-x    2 maguirc cms   2.0K Apr 12 17:05 HIN-14-002
-rw-r--r--    1 maguirc   104 4.7M Apr 12 16:49 HIN-14-002.tar
drwxr-xr-x    2 maguirc cms    512 Apr 23 14:25 HIN-14-011
-rw-------    1 maguirc cms    26K May  7 15:52 .history
lrwxrwxrwx    1 maguirc cms     32 May 25  2013 homeRootMap.txt -> /home/root/mapped_grid_users.txt
-rw-r--r--    1 maguirc   104 3.8M Nov 29 18:20 hp2012_25Oct2012.tar
-rw-r--r--    1 maguirc   104   68 Feb 25 16:20 .hunspell_en_US
-rw-r--r--    1 maguirc cms    12K Sep 16  2011 hydjetFlow.C
-rwxr-xr-x    1 maguirc cms   260K Jul  8  2012 hydjetFlowParallel.C
-rw-------    1 maguirc   104 6.3K Apr 14 15:36 .ICEauthority
-rw-------    1 maguirc cms    672 Feb 15  2011 id_dsa
-rw-r--r--    1 maguirc cms    615 Feb 15  2011 id_dsa.pub
-rw-r--r--    1 maguirc   104  641 Apr 14 15:36 .imsettings.log
-rw-r--r--    1 maguirc cms      0 Feb 23  2012 inputFileList.txt
lrwxrwxrwx    1   32000 cms      8 May 25  2012 intelInstall -> install/
-rw-r--r--    1 maguirc cms    13K Sep 11  2012 inventoryListHIDataHuman.pl
-rw-r--r--    1 maguirc cms   5.1K Nov 25  2011 inventoryList.pl
-rw-r--r--    1 maguirc   104  12K Dec  3 14:57 key_final_01.tex
drwx------    2 maguirc   104  512 Nov 26 17:24 keyring-7ZWHCF
drwx------    2 maguirc   104  512 Nov 20 14:39 keyring-MHM6W4
-rw-r--r--    1 maguirc cms   7.4K Jan 22  2010 .krb5.conf
-rw-r--r--    1 maguirc cms   3.1K Mar 22  2013 launchCheck.pl
-rwxr-xr-x    1 maguirc   104  20K Oct  7  2013 lect12f13.tex
-rw-r--r--    1 maguirc   104  22K Aug 28  2013 lect2F13.tex
-rw-r--r--    1 maguirc   104 327K Sep  9  2013 lect5f13.pdf
-rw-r--r--    1 maguirc   104  26K Feb 17 09:25 liquidDropNucleusBindingEnergy.pdf
-rw-r--r--    1 maguirc cms     89 Oct 29  2011 listStoreGrid.txt
-rw-r--r--    1 maguirc cms     90 Oct 29  2011 listStoreUsers.txt
-rw-r--r--    1 maguirc cms    45K Mar 13 12:33 list.txt
drwxr-xr-x    3 maguirc   104 2.0K Feb 22  2013 .local
drwxr-xr-x    2 maguirc cms    512 Mar  4 16:32 longRunning_03March2014
drwxr-xr-x    2 maguirc cms   2.0K Jan 16 12:44 lowPt2014
-rw-r--r--    1 maguirc cms   300K Jan 16 12:46 lowPt2014.tar
drwxr-xr-x    3 maguirc cms   2.0K Jul  2  2011 .lstore
-rw-r--r--    1 maguirc cms   2.2K Mar 13  2011 lstoreFilesCheck.pl
drwxr-xr-x    4 maguirc cms    16K Apr  7 16:33 lstoreMaintain
-rw-r--r--    1 maguirc cms   6.7K Apr 30  2011 mac.csv
drwx------    3 maguirc   104 2.0K May 30  2013 .macromedia
drwx------    2 maguirc cms   2.0K Jun 22  2002 Mail
-rw-r--r--    1 maguirc cms    12K Dec  5 14:41 mainStore.txt
-rw-r--r--    1 maguirc   104    8 Nov 19 15:02 maoWSU_19November2013.aux
-rw-r--r--    1 maguirc   104 2.7K Nov 19 15:02 maoWSU_19November2013.log
-rw-r--r--    1 maguirc   104  21K Nov 19 15:02 maoWSU_19November2013.pdf
-rw-r--r--    1 maguirc   104 4.4K Nov 19 15:01 maoWSU_19November2013.tex
-rw-r--r--    1 maguirc cms   7.5K Mar 11 12:01 mapped_grid_users_28Feb2014ce2.txt
srwxr-xr-x    1 maguirc   104    0 Nov 20 14:39 mapping-maguirc
-rw-r--r--    1 maguirc cms   338K Nov  2  2012 margueriteCrabJobs.txt
drwxr-xr-x    9 maguirc   104 2.0K Sep  3  2013 .Mathematica
drwxr-xr-x    3 maguirc cms   2.0K Dec 14  2012 .matplotlib
drwx------    3 maguirc   104 2.0K Sep 17  2012 .metacity
-rw-------    1 maguirc   104  91K Jan  3 16:49 michaelsonInterferometerChapter2.pdf
-rw-r--r--    1 maguirc   104  22K May 30  2013 minBiasReRecoFile1AllEvents.log
-rw-r--r--    1 maguirc cms    81K Mar  5 17:09 mixedEventPbPb_05March2014.pdf
-rw-r--r--    1 maguirc cms    12K Jun 18  2012 more.txt
-rw-r--r--    1 maguirc   104  17K Sep  7  2013 morseFunctionExpansion_Chapter3.pdf
drwx------    5 maguirc cms   2.0K Sep 18  2012 .mozilla
drwx------    2 maguirc   104 2.0K Apr 12 13:54 MozillaMailnews
-rw-r--r--    1 maguirc cms    239 Oct 13  2012 muonRecoOrig.cfg
drwxr-xr-x    2 maguirc   104  512 Dec 10 15:30 Music
-rw-r--r--    1 maguirc cms   3.9K Jun 18  2012 myMappedGridUser_18June2012.txt
-rw-r--r--    1 maguirc cms   3.8K May  4  2012 myMappedGridUser.txt
-rw-r--r--    1 maguirc cms   2.7K Nov 28  2011 my-new-cert.p12
drwxr-xr-x    3 maguirc   104 2.0K Sep 18  2012 .nautilus
-rw-r--r--    1 maguirc   104 1.6K Nov 23  2012 newcert.pem
-rw-r--r--    1 maguirc cms    37K Aug 22  2010 newElectronAnalyzer.cc
drwxr-xr-x    2 maguirc cms   2.0K Dec  7  2012 newGlobus
-rw-------    1 maguirc   104 1.8K Nov 23  2012 newkey.pem
-rw-r--r--    1 maguirc cms     41 Apr 23  2011 newList.txt
-rw-r--r--    1 maguirc cms   4.7K Feb 16  2013 newMap.txt
-rw-------    1 maguirc   104 257K Aug 19  2013 .nfs00000000002dd5ac00005043
-rw-------    1 maguirc   104 5.2K Jan 23 18:08 .nfs00000000007575f20000012a
-rw-------    1 maguirc   104 545K Aug  6  2013 .nfs000000000090286a00005023
-rw-------    1 maguirc   104   48 Jan 23 18:07 .nfs0000000000d5a8830000012d
-rw-------    1 maguirc   104  399 Jan 23 18:07 .nfs0000000000d5a8860000012c
-rw-------    1 maguirc   104  640 Jan 23 18:08 .nfs0000000000d5a8c30000012b
-rw-------    1 maguirc   104  40K Jan 23 18:13 .nfs000000000110fdaf0000011d
-rw-------    1 maguirc   104 8.0K Jan 23 18:13 .nfs000000000110fde20000011e
-rw-------    1 maguirc   104  23K Jan 23 20:26 .nfs000000000110fded0000011f
-rw-------    1 maguirc   104 7.0K Jan 23 20:26 .nfs000000000110fdee00000120
-rw-------    1 maguirc   104 3.0K Jan 23 18:15 .nfs000000000110fdf600000124
-rw-------    1 maguirc   104  576 Jan 23 11:58 .nfs000000000110fdf800000121
-rw-------    1 maguirc   104  29K Jan 24 10:28 .nfs000000000110fdfc00000126
-rw-------    1 maguirc   104 7.1K Jan 24 10:28 .nfs000000000110fdfe00000127
-rw-------    1 maguirc   104  11K Jan 23 18:15 .nfs000000000121060b00000123
-rw-------    1 maguirc   104  832 Jan 23 18:13 .nfs000000000121060c00000122
-rw-------    1 maguirc   104 2.2K Jan 23 12:04 .nfs000000000121062200000125
-rw-------    1 maguirc   104  224 Jan 23 18:15 .nfs000000000141172200000128
-rw-r--r--    1 maguirc cms    23K Jul 30  2012 noSuppressConversionsCent40_50_Pt2.5-3.0_30July2012.pdf.gz
-rw-r--r--    1 maguirc cms    68K Nov  5  2011 novList.txt
-rw-r--r--    1 maguirc   104 175K Feb 10 09:29 nuclearPotentialChapter12.pdf
-rw-r--r--    1 maguirc   104 159K Feb 11 17:06 nuclearStabilityChapter12.pdf
-rwxr--r--    1 maguirc   104  11K Feb 27  2013 nucThreeDecay.cpp
-rwxr--r--    1 maguirc   104 9.1K Feb 27  2013 nucTwoDecayRK4.cpp
drwx------    3 maguirc   104  512 Dec 10 15:33 .nv
-rwxr-xr-x    1 maguirc cms   5.6K Aug  3  2009 .odbc.ini
drwxr-xr-x    3 maguirc cms   2.0K Jun 29  2004 oldBuild
drwxr-xr-x    3 maguirc cms   2.0K Jul 12  2010 OldPizeroInJuly
drwx------    2 maguirc   104  12K Apr 15 17:19 orbit-maguirc
-rw-------    1 maguirc   104 3.5M Jan 28 15:49 p226_lecture10.pdf
-rw-------    1 maguirc   104 2.0M Jan 30 17:11 p226_lecture11.pdf
-rw-r--r--    1 maguirc   104  13K Feb  4 19:19 p226_lecture12.tex
-rw-r--r--    1 maguirc   104 797K Feb 17 09:18 p226_lecture17.pdf
-rw-r--r--    1 maguirc   104 1.1M Mar 10 09:22 p226_lecture20.pdf
-rw-r--r--    1 maguirc   104  26K Mar 10 10:03 p226_lecture22.tex
-rw-r--r--    1 maguirc   104 1.4M Mar 11 17:30 p226_lecture23.pdf
-rw-------    1 maguirc   104 108K Jan  3 16:49 p226_lecture2.pdf
-rw-r--r--    1 maguirc   104  26K Jan  8 10:20 p226_lecture2.tex
-rw-------    1 maguirc   104 558K Jan 16 16:50 p226_lecture6.pdf
-rw-------    1 maguirc   104 4.0M Jan 26 14:27 p226_lecture9-1.pdf
-rw-r--r--    1 maguirc   104 3.9M Jan 26 14:10 p226_lecture9.pdf
-rw-r--r--    1 maguirc   104  21K Jan 26 14:10 p226_lecture9.tex
-rw-r--r--    1 maguirc cms   929M Nov 19  2012 parallel_16Nov2012.tar.gz
-rw-r--r--    1 maguirc cms    61K Mar  5 17:09 parameterizedFittingPbPb_05March2014.pdf
drwxr-xr-x    2 maguirc cms   2.0K Feb 27 12:05 parametrizedFitting
-rw-r--r--    1 maguirc cms   820K Feb 27 12:05 parametrizedFitting_27Feb2014.tar
-rw-r--r--    1 maguirc   104  70K Jun 25  2013 particleIDSimulation_V1Set_25June2013.pdf
-rw-r--r--    1 maguirc   104 333K Jun 28  2013 particleIDSimulation_V1Set_28June2013.pdf
-rw-r--r--    1 maguirc   104 266K Jun 28  2013 particleIDSimulation_V2Set_28June2013.pdf
-rw-r--r--    1 maguirc   104  66K Jun 28  2013 particleIDSimulation_V2SetLinZ_28June2013.pdf
drwxr-xr-x    2 maguirc cms   2.0K Mar  6 16:59 PbPb06March2014
-rw-r--r--    1 maguirc cms   3.4M Mar  6 17:01 PbPbRun2011.tar
-rw-r--r--    1 maguirc cms    12K Jun 26  2011 pbsFlowParallel.pl
-rw-r--r--    1 maguirc   104 106K Jan 31  2013 PhEDExSanity_01February2013V1.xlsx
-rw-r--r--    1 maguirc   104  51K Jan 22  2013 PhEDExSanity_22January2013V3.xlsx
drwxr-xr-x    3 maguirc cms   2.0K Feb  4  2010 phenixMacro
drwxr-xr-x    2 maguirc cms   2.0K Feb  4  2010 phenixPerl
-rw-r--r--    1 maguirc cms    12K Jul 13  2010 photonAnalyzer.cc
-rw-r--r--    1 maguirc cms    26K Feb 20  2010 PhotonAnalyzer.cc
-rw-r--r--    1 maguirc cms   1.4K Feb 19  2010 photonanalyzer_cfg.py
-rw-r--r--    1 maguirc cms    617 Feb 19  2010 photonanalyzer_cfi.py
-rw-r--r--    1 maguirc   104  18K Feb 25  2013 physics226Chapter12Problem55V2.nb
-rw-r--r--    1 maguirc   104  94M Jan  7 13:24 Physics226SP13.tar.gz
-rw-r--r--    1 maguirc cms    21K Dec 15  2010 pi0DataTreeAnalyze.C
-rw-r--r--    1 maguirc cms    18K Oct 30  2013 pi0Efficiency2010PbPb_30October2013.pdf
-rwxr-xr-x    1 maguirc   104  14K Mar  5 10:55 pi0_HadCorrelations_3_5PtBins_Projections.C
-rw-r--r--    1 maguirc   104 8.2K Jun 10  2013 pi0HadCorrelations.C
-rwxr-xr-x    1 maguirc cms    17K Mar  6 12:47 pi0_HadCorrelations_Projections.C
-rwxr-xr-x    1 maguirc   104  27K Mar  5 17:17 pi0MassFit.C
-rw-r--r--    1 maguirc cms    11K Oct 16  2013 pi0PairsDecay.C
-rw-r--r--    1 maguirc cms   109K Jan 17  2012 pi0PtSeparationFromHydjet_17Jan2012.pdf.gz
-rw-r--r--    1 maguirc cms   8.8K Jul 28  2012 pi0v2ComparedToPHENIXFigureforthePaperNewII.C
-rw-r--r--    1 maguirc cms    18K Jul 28  2012 pi0v2PHENIXComparison.eps
drwxr-xr-x    2 maguirc   104  512 Dec 10 15:30 Pictures
-rw-r--r--    1 maguirc cms    83K Sep 29  2010 PioTool29Sep2010.cc
drwxr-xr-x    2 maguirc cms   2.0K Dec 14  2012 .pip
-rw-r--r--    1 maguirc cms    41K Sep 17  2010 Pizero3BodyHydjetAnalyzer.cc
drwxr-xr-x    7 maguirc cms   2.0K Feb  7  2010 PiZeroAnalyzer
-rw-r--r--    1 maguirc cms    33K Jul 30  2010 PizeroAnalyzer.cc
drwxr-xr-x    2 maguirc cms   2.0K Feb  7  2010 piZeroAppelt
-rw-r--r--    1 maguirc cms    67K Mar 28  2010 PizeroInHydjetAnalyzer.cc
-rw-r--r--    1 maguirc cms    41K Aug  9  2010 PizeroInJulyAnalyzer.cc
-rw-r--r--    1 maguirc cms   1.2K Jul 14  2010 pizeroinjulyanalyzer_cfiNew.py
-rw-r--r--    1 maguirc cms    34K Jul 14  2010 PizeroInJulyAnalyzerNew.cc
-rw-r--r--    1 maguirc cms    22K Feb 22  2010 plot4PionMassInCMS.C
-rw-r--r--    1 maguirc cms   8.0K Sep  5  2013 plot4PionMassInCMS_C.d
-rw-r--r--    1 maguirc cms    50K Aug  1  2012 plotConversion.C
-rw-r--r--    1 maguirc cms    40K Aug 28  2010 plotDalitzInCMS.C
-rw-r--r--    1 maguirc   104 5.8K Sep  7  2013 plotMorseFunctionSeries.C
-rw-r--r--    1 maguirc cms    58K Oct 30  2013 plotPi0Correct.C
-rw-r--r--    1 maguirc cms    58K Oct 30  2013 plotPi0Correct.C~
-rw-r--r--    1 maguirc cms   9.8K Oct 30  2013 plotPi0Correct_C.d
-rwxr-xr-x    1 maguirc cms    86K Oct 30  2013 plotPi0Correct_C.so
-rw-r--r--    1 maguirc cms   133K Jan 29  2011 plotPi0Flow.C
-rw-r--r--    1 maguirc cms   5.5K Nov 28  2011 plotPi0Peaks2011.C
-rw-r--r--    1 maguirc cms   116K Jul  4  2013 plotPi0_pPb2013_03July2013.C
-rwxr-xr-x    1 maguirc   104 500K May  6 17:33 plotPi0_pPb2013_23July2013.C
-rw-r--r--    1 maguirc cms   462K Feb 24 14:29 plotPi0_pPb2013_24Feb2013.C
lrwxrwxrwx    1 maguirc cms     28 Mar 22 12:42 plotPi0_pPb2013.C -> plotPi0_pPb2013_23July2013.C
-rw-r--r--    1 maguirc cms   370K Sep  2  2013 plotPi0_pPb2013.C.02September2013
-rw-r--r--    1 maguirc cms   301K Aug 22  2013 plotPi0_pPb2013.C.11August2013
-rw-r--r--    1 maguirc cms   191K Jul 14  2013 plotPi0_pPb2013.C.14July2013
-rw-r--r--    1 maguirc cms   340K Aug 22  2013 plotPi0_pPb2013.C.22August2013
-rw-r--r--    1 maguirc cms   225K Jul 23  2013 plotPi0_pPb2013.C.23July2013
-rw-r--r--    1 maguirc cms   374K Aug 26  2013 plotPi0_pPb2013.C.26August2013
-rw-r--r--    1 maguirc cms   9.6K Mar 22 12:46 plotPi0_pPb2013_C.d
-rwxr-xr-x    1 maguirc cms   325K Mar 22 12:47 plotPi0_pPb2013_C.so
-rw-r--r--    1 maguirc cms    38K Jul 31  2012 plotsPRL.C
-rw-r--r--    1 maguirc cms   6.8K Sep  2  2010 plotThreeBodyHydjet.C
-rw-r--r--    1 maguirc cms    54K Sep 14  2010 plotThreeBodyJuly.C
-rw-r--r--    1 maguirc cms    53K Sep 14  2010 plotThreeBodyJulyOpenAngle.C
-rw-r--r--    1 maguirc cms    54K Sep 15  2010 plotThreeBodyJulyOriginal.C
-rw-r--r--    1 maguirc cms    56K Sep 14  2010 plotThreeBodyJulyRevised.C
drwxr-xr-x    2 maguirc cms   2.0K Feb 15 15:22 pp15Feb2014
-rw-r--r--    1 maguirc cms   250K Feb 16 17:25 pp15Feb2014.tar
-rw-r--r--    1 maguirc   104  18K Jan 17 09:26 pp2013RecHitTiming_17January2014.pdf
drwxr-xr-x    2 maguirc cms   2.0K Feb  6 11:20 pPb06Feb2014
-rw-r--r--    1 maguirc   104 470K Feb  6 11:58 pPb06Feb2014.tar
drwxr-xr-x    2 maguirc cms   4.0K Feb 18 12:03 pPb15Feb2014
-rw-r--r--    1 maguirc cms   1.1M Feb 18 12:04 pPb15Feb2014.tar
drwxr-xr-x    2 maguirc cms   2.0K Feb 19 21:13 pPb18Feb2014
-rw-r--r--    1 maguirc cms   110K Feb 18 16:41 pPb18Feb2014.tar
drwxr-xr-x    2 maguirc cms   2.0K Feb 20 11:59 pPb20Feb2014
-rw-r--r--    1 maguirc cms   460K Feb 20 11:59 pPb20Feb2014.tar
-rw-r--r--    1 maguirc cms    28K Jan 31 10:53 pPb31Jan2014
drwxr-xr-x    2 maguirc cms   2.0K Jan 27 16:03 pPbData26Jan2014
drwxr-xr-x    2 maguirc   104  512 Jan 28 14:54 pPbData28Jan2014
drwxr-xr-x    2 maguirc cms   2.0K Jan 31 13:06 pPbData31Jan2014
-rw-r--r--    1 maguirc   104 410K Jan 31 13:07 pPbData31Jan2014.tar
-rw-r--r--    1 maguirc   104  13K Dec 21  2012 pPbFlowParallel.pl
drwxr-xr-x    2 maguirc cms    64K Oct 11  2013 pPbMaguire
drwxr-xr-x    2 maguirc cms   2.0K Oct 11  2013 pPbSharma
drwxr-xr-x    2 maguirc cms   2.0K Feb 19 16:30 pPbSim19Feb2014
-rw-r--r--    1 maguirc cms   140K Feb 19 16:31 pPbSim19Feb2014.tar
drwxr-xr-x    2 maguirc cms   2.0K Jan 22 17:58 pPbSim22Jan2014
drwxr-xr-x    2 maguirc cms   4.0K Jan 23 12:01 pPbSim23Jan2014
-rw-r--r--    1 maguirc cms   940K Jan 23 12:27 pPbSim23Jan2014.tar
drwxr-xr-x    2 maguirc   104 2.0K Jan 28 14:42 pPbSim28Jan2014
drwxr-xr-x    2 maguirc cms   2.0K Jan 30 18:21 pPbSim30Jan2014
-rw-r--r--    1 maguirc   104  66K Jan 20 14:09 pPbSimEvsT_18January2014.pdf
-rw-r--r--    1 maguirc   104 8.3K Jun 18  2013 pPbSimulationFiles_Appelt.txt
drwxr-xr-x    2 maguirc cms   2.0K Feb  3 16:18 ppData03Feb2014
drwxr-xr-x    2 maguirc cms   4.0K Feb  4 12:52 ppData04Feb2014
drwxr-xr-x    2 maguirc   104 4.0K Jan 26 13:11 ppData26Jan2014
drwxr-xr-x    2 maguirc   104 2.0K Jan 28 13:26 ppData28Jan2014
drwxr-xr-x    2 maguirc cms   2.0K Jan 30 13:53 ppData30Jan2014
-rw-r--r--    1 maguirc cms   113K Jul 12  2010 ppRecoAnalyzer.cc
-rw-r--r--    1 maguirc   104 3.7K Nov 25 14:54 practiceFinalExamPhysics227.tex
-rw-r--r--    1 maguirc   104 119K Jul  3  2013 ptResolution_NoCorrection_03July2013.pdf
-rw-r--r--    1 maguirc   104 115K Jul  3  2013 ptResolution_WithCorrection_03July2013.pdf
drwxr-xr-x    2 maguirc   104  512 Dec 10 15:30 Public
drwx------    2 maguirc   104 2.0K Feb 20 15:02 .pulse
drwx------    2 maguirc   104  512 Apr 13 15:17 pulse-Ac16SJ16tjVk
-rw-------    1 maguirc   104  256 Sep  3  2013 .pulse-cookie
drwx------    2 maguirc   104  512 Apr 14 15:36 pulse-jWjCucryQdZq
-rw-r--r--    1 maguirc cms    78K Apr 26  2011 purdueFileList.txt
-rw-r--r--    1 maguirc cms    471 Apr  6  2010 putem.pl
drwxr-xr-x    2 maguirc cms    64K Dec 28  2012 qsubTesting
srwxr-xr-x    1 maguirc   104    0 Apr 13 12:23 QTVD-IPC-SERVER
-rw-r--r--    1 maguirc cms    18K Apr  2 16:05 readError.txt
-rw-------    1 maguirc cms   162K Sep 15  2012 .recently-used
-rw-------    1 maguirc   104  728 Apr 13 15:16 .recently-used.xbel
drwxr-xr-x    3 maguirc   104 2.0K Sep 17  2012 .redhat
-rw-r--r--    1 maguirc   104  40K Jun 28  2013 residualsPhiTheta_MCv1_28June2013V1.pdf
-rw-r--r--    1 maguirc cms    783 Jan 10  2012 reSubmitV1.txt
-rw-r--r--    1 maguirc cms    783 Jan 10  2012 reSubmitV2.txt
-rw-------    1 maguirc cms   1.0K Nov 23  2012 .rnd
-rw-r--r--    1 maguirc cms    87K Nov 23  2011 romapi0FileList3x3.txt
-rw-r--r--    1 maguirc cms    67K Nov 23  2011 romapi0FileList5x5.txt
drwxr-xr-x    5 maguirc cms   2.0K Jun 30  2013 Rome
-rw-r--r--    1 maguirc cms   9.6K May  6 21:09 .root_hist
lrwxrwxrwx    1 maguirc   104   28 Dec 18  2012 rootlogon.C -> /home/maguirc/rootlogonCMS.C
-rw-r--r--    1 maguirc cms    643 Jun 25  2013 rootlogonCMS.C
-rwxr-xr-x    1 maguirc   104 9.8K Jan 31  2013 rootPlotHIRun.C
-rw-r--r--    1 maguirc cms     67 Jun 25  2013 .rootrc
-rw-r--r--    1 maguirc cms     67 Nov 17  2012 .rootrcSave
-rw-r--r--    1 maguirc   104 3.9K Feb 27  2013 rootThreeDecay.C
-rw-r--r--    1 maguirc   104 2.8K Feb 27  2013 rootTwoDecayRK4.C
-rw-r--r--    1 maguirc cms   6.3K Nov 29  2012 run1.txt
-rw-r--r--    1 maguirc cms    76K Dec 17  2012 run2231.txt
-rw-r--r--    1 maguirc cms    85K Mar 24 18:01 run_24Mar.txt
-rw-r--r--    1 maguirc cms    85K Mar 25 07:57 run_25March2014.txt
-rw-r--r--    1 maguirc cms   6.3K Nov 29  2012 run2.txt
-rw-r--r--    1 maguirc cms    11K Nov 29  2012 run3.txt
-rw-r--r--    1 maguirc cms    18K May 23  2013 runList.txt
drwxr-xr-x    2 maguirc cms    64K Oct 13  2012 runPBS
-rw-r--r--    1 maguirc cms    20K Mar 27 08:33 run.txt
-rw-r--r--    1 maguirc cms    22K Dec 17  2012 runV2.txt
drwxr-xr-x    3 maguirc cms   1.0M Mar 29 21:59 samTestMonitoring
-rw-r--r--    1 maguirc cms   2.7K Nov 18  2011 sanity.txt
-rw-r--r--    1 maguirc   104 9.8K Sep  2  2013 sarsourEvaluation_02September2013.tex
-rw-r--r--    1 maguirc   104  11K Sep  3  2013 sarsourEvaluation_03September2013.tex
-rw-r--r--    1 maguirc   104   56 Nov 26 17:24 saved614lTR
-rw-r--r--    1 maguirc   104   56 Jun 28  2013 savedEZW6tU
-rw-r--r--    1 maguirc   104  193 Nov 20 14:39 savedhk6hUe
-rw-r--r--    1 maguirc   104   56 Jul  5  2013 savedIT0ME3
-rw-r--r--    1 maguirc   104   56 Oct 11  2013 savedpbsFFQ
-rw-r--r--    1 maguirc   104   56 Aug 19  2013 savedykaeY2
-rw-r--r--    1 maguirc cms   4.6K Apr 23  2011 scanCrabLogFiles.pl
-rw-r--r--    1 maguirc cms    262 Feb  4  2009 setupCMS_grid.csh
-rw-r--r--    1 maguirc   104    8 Jan  9 12:21 sharmaCalPoly_09January2014.aux
-rw-r--r--    1 maguirc   104 3.1K Jan  9 12:21 sharmaCalPoly_09January2014.log
-rw-r--r--    1 maguirc   104  35K Jan  9 12:21 sharmaCalPoly_09January2014.pdf
-rw-r--r--    1 maguirc cms   9.0K Jan  9 12:20 sharmaCalPoly_09January2014.tex
-rw-r--r--    1 maguirc   104 8.7K Aug 31  2013 sharmaGeorgiaCollege_31August2013.tex
-rw-r--r--    1 maguirc   104 8.2K Nov 23  2012 sharmaKansas.tex
-rw-r--r--    1 maguirc   104 8.8K Aug 31  2013 sharmaOSU-Marion_31August2013.tex
-rw-r--r--    1 maguirc   104    8 Nov 26 16:22 sharmaOSU-Newark_26November13.aux
-rw-r--r--    1 maguirc   104 2.9K Nov 26 16:22 sharmaOSU-Newark_26November13.log
-rw-r--r--    1 maguirc   104  38K Nov 26 16:22 sharmaOSU-Newark_26November13.pdf
-rw-r--r--    1 maguirc   104 8.9K Nov 26 16:16 sharmaOSU-Newark_26November13.tex
-rw-r--r--    1 maguirc   104    8 Nov 15 12:34 sharmaRice_15November2013.aux
-rw-r--r--    1 maguirc   104 2.9K Nov 15 12:34 sharmaRice_15November2013.log
-rw-r--r--    1 maguirc   104  37K Nov 15 12:34 sharmaRice_15November2013.pdf
-rw-r--r--    1 maguirc   104 9.1K Nov 15 12:32 sharmaRice_15November2013.tex
-rw-r--r--    1 maguirc   104 9.1K Jan 24 12:11 sharmaTTech_24January2014.tex
-rw-r--r--    1 maguirc   104    8 Nov 27 13:56 sharmaUIUC_27November2013.aux
-rw-r--r--    1 maguirc   104 2.9K Nov 27 13:56 sharmaUIUC_27November2013.log
-rw-r--r--    1 maguirc   104  37K Nov 27 13:56 sharmaUIUC_27November2013.pdf
-rw-r--r--    1 maguirc   104 8.9K Nov 27 13:55 sharmaUIUC_27November2013.tex
-rw-r--r--    1 maguirc   104    8 Nov 19 13:23 sharmaUtahValley_19November13.aux
-rw-r--r--    1 maguirc   104 2.9K Nov 19 13:23 sharmaUtahValley_19November13.log
-rw-r--r--    1 maguirc   104  37K Nov 19 13:23 sharmaUtahValley_19November13.pdf
-rw-r--r--    1 maguirc   104 9.0K Nov 19 13:23 sharmaUtahValley_19November13.tex
-rw-r--r--    1 maguirc   104    8 Nov 15 12:00 sharmaWSU_15November2013.aux
-rw-r--r--    1 maguirc   104 2.9K Nov 15 12:00 sharmaWSU_15November2013.log
-rw-r--r--    1 maguirc   104  37K Nov 15 12:00 sharmaWSU_15November2013.pdf
-rw-r--r--    1 maguirc   104 9.1K Nov 15 11:59 sharmaWSU_15November2013.tex
-rwxr-xr-x    1 maguirc cms   9.7K Jun  6  2013 sheldonGridSanity.sh
-rw-r--r--    1 maguirc cms    88K Dec 18  2012 showqRunn.txt
-rw-r--r--    1 maguirc cms    50K Dec 18  2012 showqRunnV2.txt
-rw-r--r--    1 maguirc cms    43K Mar 20  2011 showq.txt
-rw-r--r--    1 maguirc cms    372 Oct 13  2012 simFlowReq2.pbs
-rw-r--r--    1 maguirc cms   4.1K Nov 28  2012 SinglePiZeroPt2_10cfi_py_GEN_MC.py
drwxr-xr-x    2 maguirc cms   2.0K Apr 17  2011 .sitedb
-rw-r--r--    1 maguirc cms   8.0K Sep 13  2011 snookHydjet.txt
drwxr-xr-x    3 maguirc cms   2.0K Nov 20  2012 snook_pPb
-rw-r--r--    1 maguirc   104  11K Dec  3 15:15 solnFinalFA03.tex
-rw-r--r--    1 maguirc   104 143K Feb  4 17:33 source.tex
-rw-r--r--    1 maguirc cms   1.7K May 14  2011 srmPurdueCopy.pl
-rw-r--r--    1 maguirc cms   1.1K Apr 26  2011 srmPurdueDelete.pl
drwx------    4 maguirc cms   2.0K Feb 26 20:24 .ssh
-rw-r--r--    1 maguirc cms    348 Nov 11  2012 stillRunning.txt
-rw-r--r--    1 maguirc cms   1.4K Jul 14  2011 storeListConvert.pl
-rw-r--r--    1 maguirc cms      0 Jul  1  2011 storeUserMaguire
-rw-r--r--    1 maguirc cms   189K Jul  1  2011 storeUserMaguire.txt
drwxr-xr-x    3 maguirc cms    512 Apr 23 14:26 .subversion
-rw-r--r--    1 maguirc cms   961K Apr  2 16:05 successOpened.txt
-rw-r--r--    1 maguirc cms    24K Jul 30  2012 suppressConversionsCent40_50_Pt2.5-3.0_30July2012.pdf.gz
drwxr-xr-x    2 maguirc cms   2.0K Feb 24 13:51 sWidth24Feb2014
-rw-r--r--    1 maguirc   104  43K Dec  4 14:50 syllabusPhysics226Spring2013.pdf
-rw-------    1 maguirc   104  41K Jan  3 16:47 syllabusPhysics226Spring2014.pdf
-rw-r--r--    1 maguirc cms   1.1K Apr 27  2007 tackett_Xdefaults
-rw-r--r--    1 maguirc   104 1.1K Jun  3  2013 tempJSON.txt
drwxr-xr-x    2 maguirc   104  512 Dec 10 15:30 Templates
drwxr-xr-x    3 maguirc cms   2.0K Feb  4  2010 testMake
drwxr-xr-x    2 maguirc cms   2.0K Mar 22  2011 testTier2
drwx------    3 maguirc cms   2.0K Dec 29  2010 .thumbnails
-rw-r--r--    1 maguirc   104 4.5K Nov 28 11:06 tier2Glossary.tex
drwxr-xr-x    2 maguirc cms   2.0K Jan 20 13:41 timing20January
-rw-r--r--    1 maguirc cms   310K Jan 20 13:41 timing20January.tar
-rw-r--r--    1 maguirc cms   1.5K Mar  1 12:15 tmp.dat
-rw-r--r--    1 maguirc   104  43K Mar  4 18:11 tmpParameterizedFittingPbPb_04March2014.pdf
-rw-r--r--    1 maguirc cms    61K Mar  5 13:00 tmpParameterizedFittingPbPb_05March2014.pdf
-rw-r--r--    1 maguirc cms    12K Apr  2 07:56 tmp.txt
-rw-r--r--    1 maguirc   104 143K Oct 20  2013 toyMesonDecayTree.C
-rw-r--r--    1 maguirc cms   102K Oct  6  2013 toyMesonDecayTree.C.06October2013
-rw-r--r--    1 maguirc cms   103K Oct  7  2013 toyMesonDecayTree.C.07October2013
-rw-r--r--    1 maguirc cms   120K Oct  8  2013 toyMesonDecayTree.C.08October2013
-rw-r--r--    1 maguirc cms    30K Sep 20  2013 toyMesonDecayTree.C.19Sep2013
-rw-r--r--    1 maguirc cms    90K Oct  3  2013 toyMesonDecayTree.C27Sep2013
-rw-r--r--    1 maguirc cms    11K Oct 11  2013 toyMesonDecayTree_C.d
-rwxr-xr-x    1 maguirc cms   250K Oct 11  2013 toyMesonDecayTree_C.so
-rw-r--r--    1 maguirc cms   6.2K Apr 26 07:47 TrackCorrections_HIJING_538_OFFICIAL_Mar24.root
-rw-r--r--    1 maguirc   104 597K Jun 27  2013 trackEcalMatchingVsClusterZ_27June2013V2.pdf
drwx------    3 maguirc   104 2.0K Oct 23  2013 .Trash
drwxr-x---    2 maguirc cms    28K May  7 14:01 undelivered
-rw-r--r--    1 maguirc cms    14K Jul 13  2012 uscms004CompletionMonitoring.pl
-rw-r--r--    1 maguirc cms   3.1K Jul 29  2012 uscms004Completions.txt
-rw-r--r--    1 maguirc cms    14K Jul 13  2012 uscms010CompletionMonitoring.pl
-rw-r--r--    1 maguirc cms    522 Jul 29  2012 uscms010Completions.txt
-rw-r--r--    1 maguirc cms   1.1K Mar 12 15:29 uscms0.txt
-rw-r--r--    1 maguirc cms    54K Dec 18  2012 uscms18Run.txt
-rw-r--r--    1 maguirc cms    16K Jul 13  2012 uscmsAllCompletionMonitoring.pl
-rw-r--r--    1 maguirc cms   3.6K Jul 29  2012 uscmsAllCompletions.txt
-rw-r--r--    1 maguirc cms    18K Jul 13  2012 uscmsAllRunningMonitoring.pl
-rw-r--r--    1 maguirc cms      0 Jul 29  2012 uscmsAllRunnings.txt
-rw-r--r--    1 maguirc cms   109K Jul  2  2011 uscmsAll.txt
-rw-r--r--    1 maguirc cms   5.8K Jun 19  2012 uscmsCompleted19June2012_1250.txt
-rw-r--r--    1 maguirc cms    14K Jun 18  2012 uscmsCompleted20_07.txt
-rw-r--r--    1 maguirc cms   238K Nov  1  2012 uscms.txt
-rw-r--r--    1 maguirc cms   333K Aug  1  2011 uscmsWait.txt
-rw-r--r--    1 maguirc cms    198 Dec 19  2012 useCMSSW399.csh
-rwxr-xr-x    1 maguirc cms    185 Jan 14  2013 useCMSSW415.csh
-rw-r--r--    1 maguirc cms    201 Jan 14  2013 useCMSSW418.csh
-rw-r--r--    1 maguirc cms    292 Mar  7 07:30 useCMSSW442.csh
-rw-r--r--    1 maguirc cms    199 Feb 20  2013 useCMSSW445.csh
-rw-r--r--    1 maguirc cms    303 Jun 28  2013 useCMSSW5310.csh
-rw-r--r--    1 maguirc cms    199 Dec 18  2012 useCMSSW533.csh
-rw-r--r--    1 maguirc cms    326 Jan 14 17:08 useCMSSW538.csh
-rw-r--r--    1 maguirc cms    408 May  7 15:46 useCMSSW538New.csh
-rw-r--r--    1 maguirc cms    320 Jan 14 17:12 useCMSSW538Old.csh
drwxr-xr-x    8 maguirc cms   2.0K Dec 29  2010 UserCode
drwxr-xr-x    4 maguirc cms   2.0K Feb  7  2011 UserCode_src
drwxr-xr-x    5 maguirc cms   2.0K Feb  4  2010 vanderbiltClasses
drwxr-xr-x    2 maguirc   104  512 Dec 10 15:30 Videos
drwxr-xr-x    3 maguirc   104  512 Feb 20 15:02 .vidyo
-rw-r--r--    1 maguirc   104   34 Nov 16 11:31 view.txt
-rw-------    1 maguirc cms    15K May  7 15:54 .viminfo
-rw-r--r--    1 maguirc cms     99 Oct 29  2012 .vimrc
drwxr-xr-x  188 maguirc   104 128K Apr 17 14:36 vpac00
-rw-------    1 maguirc   104 5.1M Nov 17 20:14 Vue_user_guide.pdf
-rw-r--r--    1 maguirc cms    16K May 24  2013 wait.txt
-rw-r--r--    1 maguirc cms    35K Dec 17  2012 waitV2.txt
lrwxrwxrwx    1 maguirc   104   10 Aug 29  2012 web -> vpac00/web
-rw-------    1 maguirc cms   4.4K May  7 15:45 .Xauthority
-rw-r--r--    1 maguirc cms   3.2K Dec 19  2012 .Xdefaults
-rw-r--r--    1 maguirc cms   2.0K Nov  1  2011 .XdefaultsNew
-rw-r--r--    1 maguirc cms   3.2K Apr 27  2007 .XdefaultsSave
-rw-r--r--    1 maguirc cms   1.6K Jan  7  2005 .XdefaultsVPAC
-rw-r--r--    1 maguirc cms     93 Jun  6  2005 .xndrc
-rw-r--r--    1 maguirc cms    127 Jun  6  2005 .xndrc.old
-rw-------    1 maguirc   104 5.8K Apr 17 17:38 .xsession-errors
-rw-------    1 maguirc   104  11K Apr 13 15:16 .xsession-errors.old
***BEGINNING PBSV2***
total 2.8M
drwxr-xr-x  2 maguirc cms  4.0K May  7 16:05 .
drwxrwxrwt 51 root    root 2.7M May  7 16:05 ..
This script was generated by crab (version 2.10.5_patch1).
Running ./CMSSW.sh with 2 positional parameters: 1 1
Today is Wed May  7 16:05:30 CDT 2014 - Wed May  7 21:05:30 UTC 2014
Job submitted on host vmp514
Linux vmp514 2.6.32-358.14.1.el6.x86_64 #1 SMP Tue Jul 16 23:51:20 UTC 2013 x86_64 x86_64 x86_64 GNU/Linux
>>> current directory (RUNTIME_AREA): /tmp/CRAB2-4D9AED4B278B2A80E03FB25CAD1F8D5D
>>> current user: uid=28075(maguirc) gid=31000(cms) groups=31000(cms)
>>> directory permission set to 0700
>>> umask set to:  u=rwx,g=,o=
>>> stdout stderr permission set to 0704
>>> voms proxy information:
subject   : /DC=ch/DC=cern/OU=Organic Units/OU=Users/CN=maguire/CN=671063/CN=Charles Felix Maguire/CN=594726435
issuer    : /DC=ch/DC=cern/OU=Organic Units/OU=Users/CN=maguire/CN=671063/CN=Charles Felix Maguire
identity  : /DC=ch/DC=cern/OU=Organic Units/OU=Users/CN=maguire/CN=671063/CN=Charles Felix Maguire
type      : RFC compliant proxy
strength  : 1024 bits
path      : /tmp/CRAB2-4D9AED4B278B2A80E03FB25CAD1F8D5D/proxy.cert
timeleft  : 191:23:45
key usage : Digital Signature, Key Encipherment
=== VO cms extension information ===
VO        : cms
subject   : /DC=ch/DC=cern/OU=Organic Units/OU=Users/CN=maguire/CN=671063/CN=Charles Felix Maguire
issuer    : /DC=ch/DC=cern/OU=computers/CN=lcg-voms.cern.ch
attribute : /cms/Role=NULL/Capability=NULL
attribute : /cms/uscms/Role=NULL/Capability=NULL
timeleft  : 191:23:45
uri       : lcg-voms.cern.ch:15002
WNHostName=vmp514
>>> tar --no-same-permissions -xf /tmp/CRAB2-4D9AED4B278B2A80E03FB25CAD1F8D5D/default.tgz :
Successful untar
>>> Include /tmp/CRAB2-4D9AED4B278B2A80E03FB25CAD1F8D5D in PYTHONPATH:
strip arguments
out_files_1
>>> list of expected files on output sandbox
output files: crab_fjr_1.xml CMSSW_1.stdout CMSSW_1.stderr Watchdog_1.log.gz
MonitorJobID=1_https://pbsv2:/284750.vmpsched-maguirc-crab-0-140507-155755-k18os3
SyncGridJobId=https://pbsv2:/284750.vmpsched-maguirc-crab-0-140507-155755-k18os3
MonitorID=maguirc_crab_0_140507_155755_k18os3
SyncCE=pbsv2.
>>> info for dashboard:
***** Cat /tmp/CRAB2-4D9AED4B278B2A80E03FB25CAD1F8D5D/jobreport.txt *****
WNHostName=vmp514
MonitorJobID=1_https://pbsv2:/284750.vmpsched-maguirc-crab-0-140507-155755-k18os3
SyncGridJobId=https://pbsv2:/284750.vmpsched-maguirc-crab-0-140507-155755-k18os3
MonitorID=maguirc_crab_0_140507_155755_k18os3
SyncCE=pbsv2.
***** End Cat jobreport *****
Parameters sent to Dashboard.
>>> setup environment
set SCRAM ARCH to slc5_amd64_gcc462
SCRAM_ARCH = slc5_amd64_gcc462
>>> setup CMS LCG environment:
set SCRAM ARCH and BUILD_ARCH to slc5_amd64_gcc462 ###
Sourcing environment... 
sourcing /cvmfs/cms.cern.ch//cmsset_default.sh
==> setup cms environment ok
>>> specific cmssw setup environment:
CMSSW_VERSION =  CMSSW_5_3_8_HI_patch2
>>> current directory (SOFTWARE_DIR): /tmp/CRAB2-4D9AED4B278B2A80E03FB25CAD1F8D5D/CMSSW_5_3_8_HI_patch2
PreserveSeeds: <>
IncrementSeeds:<>
>>> info for dashboard:
***** Cat /tmp/CRAB2-4D9AED4B278B2A80E03FB25CAD1F8D5D/jobreport.txt *****
MonitorJobID=1_https://pbsv2:/284750.vmpsched-maguirc-crab-0-140507-155755-k18os3
MonitorID=maguirc_crab_0_140507_155755_k18os3
***** End Cat jobreport *****
Parameters sent to Dashboard.
crabWatchdog started as process 10652
>>> moving CMSSW software directories in /tmp/CRAB2-4D9AED4B278B2A80E03FB25CAD1F8D5D/CMSSW_5_3_8_HI_patch2
mv: cannot stat `/tmp/CRAB2-4D9AED4B278B2A80E03FB25CAD1F8D5D/module/': No such file or directory
>>> Include /tmp/CRAB2-4D9AED4B278B2A80E03FB25CAD1F8D5D in PYTHONPATH:
PYTHONPATH=/tmp/CRAB2-4D9AED4B278B2A80E03FB25CAD1F8D5D/:/tmp/CRAB2-4D9AED4B278B2A80E03FB25CAD1F8D5D/CMSSW_5_3_8_HI_patch2/python:/tmp/CRAB2-4D9AED4B278B2A80E03FB25CAD1F8D5D/CMSSW_5_3_8_HI_patch2/lib/slc5_amd64_gcc462:/cvmfs/cms.cern.ch/slc5_amd64_gcc462/cms/cmssw-patch/CMSSW_5_3_8_HI_patch2/python:/cvmfs/cms.cern.ch/slc5_amd64_gcc462/cms/cmssw-patch/CMSSW_5_3_8_HI_patch2/lib/slc5_amd64_gcc462:/cvmfs/cms.cern.ch/slc5_amd64_gcc462/cms/cmssw/CMSSW_5_3_8_HI/bin/slc5_amd64_gcc462:/cvmfs/cms.cern.ch/slc5_amd64_gcc462/cms/cmssw/CMSSW_5_3_8_HI/lib/slc5_amd64_gcc462:/cvmfs/cms.cern.ch/slc5_amd64_gcc462/cms/coral/CORAL_2_3_21-cms31/slc5_amd64_gcc462/python:/cvmfs/cms.cern.ch/slc5_amd64_gcc462/cms/coral/CORAL_2_3_21-cms31/slc5_amd64_gcc462/lib:/cvmfs/cms.cern.ch/slc5_amd64_gcc462/external/pyqt/4.8.1/lib/python2.6/site-packages:/cvmfs/cms.cern.ch/slc5_amd64_gcc462/external/py2-scipy/0.8.0/lib/python2.6/site-packages:/cvmfs/cms.cern.ch/slc5_amd64_gcc462/external/py2-matplotlib/1.0.1/lib/python2.6/site-packages:/cvmfs/cms.cern.ch/slc5_amd64_gcc462/external/python-ldap/2.3.5/lib/python2.6/site-packages:/cvmfs/cms.cern.ch/slc5_amd64_gcc462/external/sip/4.11.2/lib/python2.6/site-packages:/cvmfs/cms.cern.ch/slc5_amd64_gcc462/external/py2-pycurl/7.19.0/lib/python2.6/site-packages:/cvmfs/cms.cern.ch/slc5_amd64_gcc462/external/py2-numpy/1.6.1/lib/python2.6/site-packages:/cvmfs/cms.cern.ch/slc5_amd64_gcc462/external/py2-ipython/0.10/lib/python2.6/site-packages:/cvmfs/cms.cern.ch/slc5_amd64_gcc462/external/py2-cx-oracle/5.1-cms11/lib/python2.6/site-packages:/cvmfs/cms.cern.ch/slc5_amd64_gcc462/external/py2-cjson/1.0.5/lib/python2.6/site-packages:/cvmfs/cms.cern.ch/slc5_amd64_gcc462/cms/das-client/1.4.1-cms8/bin:/cvmfs/cms.cern.ch/slc5_amd64_gcc462/external/elementtree/1.2.6/share/lib/python2.6/site-packages:/cvmfs/cms.cern.ch/slc5_amd64_gcc462/external/rivet/1.5.1-cms10/lib/python2.6/site-packages:/cvmfs/cms.cern.ch/slc5_amd64_gcc462/external/pyminuit2/0.0.1-cms39/lib/python2.6/site-packages:/cvmfs/cms.cern.ch/slc5_amd64_gcc462/external/professor/1.0.0-cms40/lib/python2.6/site-packages:/cvmfs/cms.cern.ch/slc5_amd64_gcc462/lcg/root/5.32.00-cms21/lib:/cvmfs/cms.cern.ch/slc5_amd64_gcc462/cms/dbs-client/DBS_2_1_1_patch1_1/lib:/cvmfs/cms.cern.ch/slc5_amd64_gcc462/cms/dbs-client/DBS_2_1_1_patch1_1/lib/DBSAPI:/tmp/CRAB2-4D9AED4B278B2A80E03FB25CAD1F8D5D/
 
# LIMITS USED BY CRAB WATCHDOG:
# RSS  (KBytes)   : 2300000
# VSZ  (KBytes)   : 100000000
# DISK (MBytes)   : 19000
# CPU TIME        : 720h:0m:0s
# WALL CLOCK TIME : 21h:50m:0s
 
76baf029c336ab3079af6f462005cd63
PSETHASH = 76baf029c336ab3079af6f462005cd63
/tmp/CRAB2-4D9AED4B278B2A80E03FB25CAD1F8D5D/writeCfg.py pset.py pset.py
Importing .py file
Setting parameters
inputBlocks=/PAMuon/HIRun2013-PromptReco-v1/RECO#84198f14-5f08-11e2-93f3-003048caaace
inputFiles=/store/hidata/HIRun2013/PAMuon/RECO/PromptReco-v1/000/209/842/00000/16882717-085F-E211-A38E-003048F24A04.root
parentFiles=
lumisRange=209842:1
>>> Executable cmsRun
/cvmfs/cms.cern.ch/slc5_amd64_gcc462/cms/cmssw/CMSSW_5_3_8_HI/bin/slc5_amd64_gcc462/cmsRun
ok executable found
>>> info for dashboard:
***** Cat /tmp/CRAB2-4D9AED4B278B2A80E03FB25CAD1F8D5D/jobreport.txt *****
MonitorJobID=1_https://pbsv2:/284750.vmpsched-maguirc-crab-0-140507-155755-k18os3
MonitorID=maguirc_crab_0_140507_155755_k18os3
ExeStart=cmsRun
***** End Cat jobreport *****
Parameters sent to Dashboard.
>>> cmsRun started at Wed May  7 21:05:38 UTC 2014
>>> cmsRun ended at Wed May  7 21:05:46 UTC 2014
>>> crab_fjr_*.xml  permission set to 0704
>>> info for dashboard:
***** Cat /tmp/CRAB2-4D9AED4B278B2A80E03FB25CAD1F8D5D/jobreport.txt *****
MonitorJobID=1_https://pbsv2:/284750.vmpsched-maguirc-crab-0-140507-155755-k18os3
MonitorID=maguirc_crab_0_140507_155755_k18os3
ExeEnd=cmsRun
***** End Cat jobreport *****
Parameters sent to Dashboard.
TIME_EXE = 8 sec
>>> cmsRun wrote 21 lines of stdout+stderr
>>> START OF printout of 21 lines from stdout+stderr
07-May-2014 16:05:39 CDT  Initiating request to open file /store//hidata/HIRun2013/PAMuon/RECO/PromptReco-v1/000/209/842/00000/16882717-085F-E211-A38E-003048F24A04.root
07-May-2014 16:05:46 CDT  Successfully opened file /store//hidata/HIRun2013/PAMuon/RECO/PromptReco-v1/000/209/842/00000/16882717-085F-E211-A38E-003048F24A04.root
07-May-2014 16:05:46 CDT  Closed file /store//hidata/HIRun2013/PAMuon/RECO/PromptReco-v1/000/209/842/00000/16882717-085F-E211-A38E-003048F24A04.root

=============================================

MessageLogger Summary

 type     category        sev    module        subroutine        count    total
 ---- -------------------- -- ---------------- ----------------  -----    -----
    1 fileAction           -s file_close                             1        1
    2 fileAction           -s file_open                              2        2

 type    category    Examples: run/evt        run/evt          run/evt
 ---- -------------------- ---------------- ---------------- ----------------
    1 fileAction           PostEndRun                        
    2 fileAction           pre-events       pre-events       

Severity    # Occurrences   Total Occurrences
--------    -------------   -----------------
System                  3                   3
>>> END OF printout of 21 lines from stdout+stderr
>>> Parse FrameworkJobReport crab_fjr.xml
Result of parsing the FrameworkJobReport crab_fjr.xml: Popularity start
lumisRange : 209842::::1;
lumisParentRange : 
Basename : /store/hidata/HIRun2013/PAMuon/RECO/PromptReco-v1/000/209/842/00000/
BasenameParent : 
parentFiles : 
inputBlocks : /PAMuon/HIRun2013-PromptReco-v1/RECO#84198f14-5f08-11e2-93f3-003048caaace
inputFiles : 16882717-085F-E211-A38E-003048F24A04.root::1::EDM::Local::1;
Popularity stop
Extracted ExitStatus from FrameworkJobReport parsing output: 0
>>> Executable succeded  0
ExeExitCode=0
EXECUTABLE_EXIT_STATUS = 0
>>> current directory /tmp/CRAB2-4D9AED4B278B2A80E03FB25CAD1F8D5D/CMSSW_5_3_8_HI_patch2
>>>  (SOFTWARE_DIR): /tmp/CRAB2-4D9AED4B278B2A80E03FB25CAD1F8D5D/CMSSW_5_3_8_HI_patch2
>>> (WORKING_DIR): 
>>> current directory content:
total 88
drwxr-xr-x 3 maguirc cms 4096 May  7 16:05 .SCRAM
-rw------- 1 maguirc cms 7807 May  7 16:05 CMSSW.py.pkl
drwxr-xr-x 3 maguirc cms 4096 May  7 16:05 bin
drwxr-xr-x 3 maguirc cms 4096 May  7 16:05 cfipython
drwxr-xr-x 5 maguirc cms 4096 May  7 16:05 config
-rw------- 1 maguirc cms   14 May  7 16:05 cpu_timing.txt
drwxr-xr-x 2 maguirc cms 4096 May  7 16:05 doc
-rw------- 1 maguirc cms 1284 May  7 16:05 executable.out
drwxr-xr-x 2 maguirc cms 4096 May  7 16:05 include
drwx------ 3 maguirc cms 4096 Jan 14 17:06 lib
drwxr-xr-x 3 maguirc cms 4096 May  7 16:05 logs
drwxr-xr-x 3 maguirc cms 4096 May  7 16:05 objs
-rw------- 1 maguirc cms  104 May  7 16:05 pset.py
-rw------- 1 maguirc cms 8116 May  7 16:05 pset.py.pkl
-rw------- 1 maguirc cms  289 May  7 16:05 pset.pyc
drwxr-xr-x 2 maguirc cms 4096 May  7 16:05 python
-rw------- 1 maguirc cms  455 May  7 16:05 report.log
drwx------ 5 maguirc cms 4096 May  7 16:05 src
drwxr-xr-x 3 maguirc cms 4096 May  7 16:05 test
drwxr-xr-x 3 maguirc cms 4096 May  7 16:05 tmp
>>> current directory /tmp/CRAB2-4D9AED4B278B2A80E03FB25CAD1F8D5D/CMSSW_5_3_8_HI_patch2
>>> (SOFTWARE_DIR): /tmp/CRAB2-4D9AED4B278B2A80E03FB25CAD1F8D5D/CMSSW_5_3_8_HI_patch2
>>> (WORKING_DIR): 
>>> current directory content:
total 88
drwxr-xr-x 3 maguirc cms 4096 May  7 16:05 .SCRAM
-rw------- 1 maguirc cms 7807 May  7 16:05 CMSSW.py.pkl
drwxr-xr-x 3 maguirc cms 4096 May  7 16:05 bin
drwxr-xr-x 3 maguirc cms 4096 May  7 16:05 cfipython
drwxr-xr-x 5 maguirc cms 4096 May  7 16:05 config
-rw------- 1 maguirc cms   14 May  7 16:05 cpu_timing.txt
drwxr-xr-x 2 maguirc cms 4096 May  7 16:05 doc
-rw------- 1 maguirc cms 1284 May  7 16:05 executable.out
drwxr-xr-x 2 maguirc cms 4096 May  7 16:05 include
drwx------ 3 maguirc cms 4096 Jan 14 17:06 lib
drwxr-xr-x 3 maguirc cms 4096 May  7 16:05 logs
drwxr-xr-x 3 maguirc cms 4096 May  7 16:05 objs
-rw------- 1 maguirc cms  104 May  7 16:05 pset.py
-rw------- 1 maguirc cms 8116 May  7 16:05 pset.py.pkl
-rw------- 1 maguirc cms  289 May  7 16:05 pset.pyc
drwxr-xr-x 2 maguirc cms 4096 May  7 16:05 python
-rw------- 1 maguirc cms  455 May  7 16:05 report.log
drwx------ 5 maguirc cms 4096 May  7 16:05 src
drwxr-xr-x 3 maguirc cms 4096 May  7 16:05 test
drwxr-xr-x 3 maguirc cms 4096 May  7 16:05 tmp
>>> current directory (RUNTIME_AREA):  /tmp/CRAB2-4D9AED4B278B2A80E03FB25CAD1F8D5D
>>> current dir: /tmp/CRAB2-4D9AED4B278B2A80E03FB25CAD1F8D5D
>>> current dir content:
total 1932
-rw-------  1 maguirc cms     105 May  7 15:58 CMSSW.py
-rw-------  1 maguirc cms    7807 May  7 15:58 CMSSW.py.pkl
-rwx------  1 maguirc cms   22691 May  7 16:05 CMSSW.sh
drwxr-xr-x 15 maguirc cms    4096 May  7 16:05 CMSSW_5_3_8_HI_patch2
-rw-------  1 maguirc cms     372 May  7 16:05 CacheEnv.sh
-rw-------  1 maguirc cms    7291 Apr  4 04:04 DashboardAPI.py
-rw-------  1 maguirc cms    6343 May  7 16:05 DashboardAPI.pyc
drwx------  2 maguirc cms    4096 May  7 16:05 IMProv
-rw-------  1 maguirc cms    2748 Apr  4 04:04 Logger.py
-rw-------  1 maguirc cms    3173 May  7 16:05 Logger.pyc
-rw-------  1 maguirc cms   24524 Apr  4 04:04 ProcInfo.py
-rw-------  1 maguirc cms   22606 May  7 16:05 ProcInfo.pyc
drwx------  7 maguirc cms    4096 May  7 16:05 ProdCommon
drwx------  3 maguirc cms    4096 May  7 16:05 WMCore
-rw-------  1 maguirc cms     873 May  7 16:05 Watchdog_1.log
-rw-------  1 maguirc cms   32895 Apr  4 04:04 apmon.py
-rw-------  1 maguirc cms   27830 May  7 16:05 apmon.pyc
-rwx------  1 maguirc cms     316 May  7 16:05 arguments.xml
-rwx------  1 maguirc cms  145992 Dec 18  2012 cmsRun
-rwx------  1 maguirc cms   38515 Apr  4 04:04 cmscp.py
-rw-------  1 maguirc cms     474 May  7 15:57 crab.cfg
-rwx------  1 maguirc cms    8610 Apr  4 04:04 crabWatchdog.sh
-rwx---r--  1 maguirc cms   21080 May  7 16:05 crab_fjr_1.xml
-rwx------  1 maguirc cms 1472979 May  7 16:05 default.tgz
-rwx------  1 maguirc cms    4488 Apr  4 04:04 fillCrabFjr.py
-rw-------  1 maguirc cms     240 May  7 16:05 inputsReport.txt
-rw-------  1 maguirc cms     152 May  7 16:05 jobreport.txt
-rw-------  1 maguirc cms   17352 Apr  4 04:04 parseCrabFjr.py
-rw-------  1 maguirc cms    8426 May  7 16:05 proxy.cert
-rw-------  1 maguirc cms     268 May  7 16:05 report.log
-rwx--x--x  1 maguirc cms    1497 Apr  4 04:04 report.py
-rwx------  1 maguirc cms    8387 Apr  4 04:04 writeCfg.py
>>> crab_fjr_*.xml  permission set to 0704
CrabWrapper EXIT_FUNC entered at Wed May  7 16:05:50 CDT 2014   -  Wed May  7 21:05:50 UTC 2014
Checking output files:  
will tar file crab_fjr_1.xml in  out_files_1
WARNING: output file CMSSW_1.stdout not found!
WARNING: output file CMSSW_1.stderr not found!
WARNING: output file Watchdog_1.log.gz not found!
>>> padding time: Wrapper lasting more than 0 seconds. No sleep required.
STOPPING WATCHDOG. CrabWatchdog PID is 10652
********** LAST 50 LINES OF WATCHDOG LOG
# RESOURCE USAGE SUMMARY FOR PROCESS ID 10281
USER       PID %CPU %MEM    VSZ   RSS TTY      STAT START   TIME COMMAND
maguirc  10281  0.4  0.0 106364  1588 ?        S    16:05   0:00 /bin/sh ./CMSSW.sh 1 1
 
# LIMITS USED BY CRAB WATCHDOG:
# RSS  (KBytes)   : 2300000
# VSZ  (KBytes)   : 100000000
# DISK (MBytes)   : 19000
# CPU TIME        : 720h:0m:0s
# WALL CLOCK TIME : 21h:50m:0s
 
# FOLLOWING PRINTOUT TRACKS MAXIMUM VALUES OF RESOURCES USE
# ONE LINE IS PRINTED EACH TIME A MAXIMUM CHANGES
# IF CHANGE WAS IN RSS OR VSZ ALSO PROCID AND COMMAND ARE PRINTED
# THERE IS NO PRINTOUT FOR CPU/WALL TIME INCREASE
 
# TIME			PID	RSS(KB)	VSZ(KB)	Dsk(MB)	tCPU(s)	tWALL(s)	COMMAND
 May 07 16:05:36 CDT	10233	1756	112940	0	0	0	-tcsh          
 May 07 16:05:36 CDT	10664	16812	112940	0	0	0	edmConfigHash pset.py         
 May 07 16:05:36 CDT	---	16812	112940	11	----	----	----
********** WATCHDOG LOG ENDED
ZIPPING WATCHDOG LOG
Disk space used:
du -sh /tmp/CRAB2-4D9AED4B278B2A80E03FB25CAD1F8D5D
11M	/tmp/CRAB2-4D9AED4B278B2A80E03FB25CAD1F8D5D
Found unusual stdout, rename for OSB
`/usr/spool/PBS/spool/284750.vmpsched.OU' -> `CMSSW_1.stdout'
Found unusual stderr, rename for OSB
`/usr/spool/PBS/spool/284750.vmpsched.OU' -> `CMSSW_1.stderr'
JOB_EXIT_STATUS = 0
>>> info for dashboard:
***** Cat /tmp/CRAB2-4D9AED4B278B2A80E03FB25CAD1F8D5D/jobreport.txt *****
MonitorJobID=1_https://pbsv2:/284750.vmpsched-maguirc-crab-0-140507-155755-k18os3
MonitorID=maguirc_crab_0_140507_155755_k18os3
ExeTime=8
ExeExitCode=0
CrabUserCpuTime=3.99
CrabSysCpuTime=0.47
CrabCpuPercentage=51%
CrabWrapperTime=20
CrabStageoutTime=NULL
JobExitCode=0
***** End Cat jobreport *****
Parameters sent to Dashboard.
EXITING at Wed May  7 16:05:51 CDT 2014  -  Wed May  7 21:05:51 UTC 2014
crab_fjr_1.xml
CMSSW_1.stdout
CMSSW_1.stderr
Watchdog_1.log.gz
crab_fjr_1.xml
CMSSW_1.stdout
CMSSW_1.stderr
Watchdog_1.log.gz
